/n/home13/kevinwu/.conda/envs/pt27/lib/python2.7/site-packages/skimage/transform/_warps.py:105: UserWarning: The default mode, 'constant', will be changed to 'reflect' in skimage 0.15.
  warn("The default mode, 'constant', will be changed to 'reflect' in "
/n/home13/kevinwu/.conda/envs/pt27/lib/python2.7/site-packages/skimage/transform/_warps.py:110: UserWarning: Anti-aliasing will be enabled by default in skimage 0.15 to avoid aliasing artifacts when down-sampling images.
  warn("Anti-aliasing will be enabled by default in skimage 0.15 to "
Namespace(batch_size=32, criteria='1/1', cuda=1, doubleq=1, eps_decay=200.0, eps_end=0.1, eps_start=1, game_name='variant_frogs_2', gamma=0.999, img_size=64, level_switch='sequential', lr=0.00025, max_mem=50000, max_steps=1000000.0, model_name='DQN', model_weight_path=None, num_episodes=20000, num_trials=1, pretrain=0, random_seed=7, target_update=100, test_mode=0, timeout=2000, trial_num='1')
Game: variant_frogs_2
Training at seed = 1
Training Starting
-------------------------
Level 0, episode reward at step 1998: -1
Level 0, episode reward at step 2035: -1
Level 0, episode reward at step 2050: -1
Level 0, episode reward at step 2065: -1
Level 0, episode reward at step 2203: -1
Level 0, episode reward at step 2218: -1
Level 0, episode reward at step 2228: -1
Level 0, episode reward at step 2367: -1
Level 0, episode reward at step 2383: -1
Level 0, episode reward at step 2399: -1
Level 0, episode reward at step 2639: -1
Level 0, episode reward at step 2702: -1
Level 0, episode reward at step 2764: -1
Level 0, episode reward at step 2781: -1
Level 0, episode reward at step 2786: -1
Level 0, episode reward at step 2791: -1
Level 0, episode reward at step 2916: -1
Level 0, episode reward at step 3081: -1
Level 0, episode reward at step 3121: -1
Level 0, episode reward at step 3172: -1
Level 0, episode reward at step 3208: -1
Level 0, episode reward at step 3268: -1
Level 0, episode reward at step 3304: -1
Level 0, episode reward at step 3313: -1
Level 0, episode reward at step 3347: -1
Level 0, episode reward at step 3367: -1
Level 0, episode reward at step 3376: -1
Level 0, episode reward at step 3550: -1
Level 0, episode reward at step 3559: -1
Level 0, episode reward at step 3594: -1
Level 0, episode reward at step 3689: -1
Level 0, episode reward at step 3702: -1
Level 0, episode reward at step 3712: -1
Level 0, episode reward at step 3723: -1
Level 0, episode reward at step 3772: -1
Level 0, episode reward at step 3780: -1
Level 0, episode reward at step 3807: -1
Level 0, episode reward at step 3821: -1
Level 0, episode reward at step 3869: -1
Level 0, episode reward at step 3878: -1
Level 0, episode reward at step 3887: -1
Level 0, episode reward at step 3897: -1
Level 0, episode reward at step 3907: -1
Level 0, episode reward at step 3957: -1
Level 0, episode reward at step 3967: -1
Level 0, episode reward at step 4003: -1
Level 0, episode reward at step 4011: -1
Level 0, episode reward at step 4021: -1
Level 0, episode reward at step 4068: -1
Level 0, episode reward at step 4100: -1
New Best Reward: -1
slurmstepd: error: *** JOB 59643779 ON aagk80gpu11 CANCELLED AT 2018-11-19T11:21:20 ***
