Namespace(batch_size=32, criteria='3/5', cuda=1, doubleq=1, eps_decay=200.0, eps_end=0.1, eps_start=1, game_name='aliens', gamma=0.999, img_size=64, level_switch='sequential', lr=0.00025, max_mem=50000, max_steps=5000000.0, model_name='DQN', model_weight_path=None, num_episodes=20000, pretrain=0, target_update=100, test_mode=0, timeout=2000, trial_num='2')
Game: aliens
Training Starting
-------------------------
FINISHED LEVEL
Episode Reward at step 533: 16
[False, 0, 0, 0, 0]
Print Current Level: 0
FINISHED LEVEL
Episode Reward at step 776: 15
[False, False, 0, 0, 0]
Print Current Level: 0
FINISHED LEVEL
Episode Reward at step 1107: 31
[False, False, False, 0, 0]
Print Current Level: 0
FINISHED LEVEL
Episode Reward at step 1362: 23
[False, False, False, False, 0]
Print Current Level: 0
FINISHED LEVEL
Episode Reward at step 1711: 33
[False, False, False, False, False]
Print Current Level: 0
FINISHED LEVEL
Episode Reward at step 2475: 53
[True, False, False, False, False]
Print Current Level: 0
FINISHED LEVEL
Episode Reward at step 2686: 21
[False, True, False, False, False]
Print Current Level: 0
FINISHED LEVEL
Episode Reward at step 3057: 37
[False, False, True, False, False]
Print Current Level: 0
FINISHED LEVEL
Episode Reward at step 3927: 55
[True, False, False, True, False]
Print Current Level: 0
FINISHED LEVEL
Episode Reward at step 4950: 55
Next Level!
[0, 0, 0, 0, 0]
Print Current Level: 1
FINISHED LEVEL
Episode Reward at step 6101: 45
[True, 0, 0, 0, 0]
Print Current Level: 1
FINISHED LEVEL
Episode Reward at step 6315: 22
[False, True, 0, 0, 0]
Print Current Level: 1
FINISHED LEVEL
Episode Reward at step 6665: 26
[False, False, True, 0, 0]
Print Current Level: 1
FINISHED LEVEL
Episode Reward at step 6767: 9
[False, False, False, True, 0]
Print Current Level: 1
FINISHED LEVEL
Episode Reward at step 8268: 54
[False, False, False, False, True]
Print Current Level: 1
FINISHED LEVEL
Episode Reward at step 8453: 13
[False, False, False, False, False]
Print Current Level: 1
FINISHED LEVEL
Episode Reward at step 8715: 14
[False, False, False, False, False]
Print Current Level: 1
FINISHED LEVEL
Episode Reward at step 9295: 41
[False, False, False, False, False]
Print Current Level: 1
FINISHED LEVEL
Episode Reward at step 9367: 12
[False, False, False, False, False]
Print Current Level: 1
FINISHED LEVEL
Episode Reward at step 9867: 20
[False, False, False, False, False]
Print Current Level: 1
FINISHED LEVEL
Episode Reward at step 10170: 24
[False, False, False, False, False]
Print Current Level: 1
FINISHED LEVEL
Episode Reward at step 11623: 43
[False, False, False, False, False]
Print Current Level: 1
FINISHED LEVEL
Episode Reward at step 11825: 16
[False, False, False, False, False]
Print Current Level: 1
FINISHED LEVEL
Episode Reward at step 12540: 44
[True, False, False, False, False]
Print Current Level: 1
FINISHED LEVEL
Episode Reward at step 12711: 15
[False, True, False, False, False]
Print Current Level: 1
FINISHED LEVEL
Episode Reward at step 13005: 19
[False, False, True, False, False]
Print Current Level: 1
FINISHED LEVEL
Episode Reward at step 13205: 16
[False, False, False, True, False]
Print Current Level: 1
FINISHED LEVEL
Episode Reward at step 13709: 37
[False, False, False, False, True]
Print Current Level: 1
FINISHED LEVEL
Episode Reward at step 14142: 23
[False, False, False, False, False]
Print Current Level: 1
FINISHED LEVEL
Episode Reward at step 14393: 21
[False, False, False, False, False]
Print Current Level: 1
FINISHED LEVEL
Episode Reward at step 15195: 41
[True, False, False, False, False]
Print Current Level: 1
FINISHED LEVEL
Episode Reward at step 15511: 22
[False, True, False, False, False]
Print Current Level: 1
FINISHED LEVEL
Episode Reward at step 16940: 37
[False, False, True, False, False]
Print Current Level: 1
FINISHED LEVEL
Episode Reward at step 17165: 18
[False, False, False, True, False]
Print Current Level: 1
FINISHED LEVEL
Episode Reward at step 17499: 31
[False, False, False, False, True]
Print Current Level: 1
FINISHED LEVEL
Episode Reward at step 18355: 42
[False, False, False, False, False]
Print Current Level: 1
FINISHED LEVEL
Episode Reward at step 19545: 46
[True, False, False, False, False]
Print Current Level: 1
FINISHED LEVEL
Episode Reward at step 19837: 24
[False, True, False, False, False]
Print Current Level: 1
FINISHED LEVEL
Episode Reward at step 20056: 29
[False, False, True, False, False]
Print Current Level: 1
FINISHED LEVEL
Episode Reward at step 20424: 38
[False, False, False, True, False]
Print Current Level: 1
FINISHED LEVEL
Episode Reward at step 20577: 9
[False, False, False, False, True]
Print Current Level: 1
FINISHED LEVEL
Episode Reward at step 20873: 16
[False, False, False, False, False]
Print Current Level: 1
FINISHED LEVEL
Episode Reward at step 21217: 27
[False, False, False, False, False]
Print Current Level: 1
FINISHED LEVEL
Episode Reward at step 21420: 11
[False, False, False, False, False]
Print Current Level: 1
FINISHED LEVEL
Episode Reward at step 21668: 16
[False, False, False, False, False]
Print Current Level: 1
FINISHED LEVEL
Episode Reward at step 22141: 26
[False, False, False, False, False]
Print Current Level: 1
FINISHED LEVEL
Episode Reward at step 22286: 13
[False, False, False, False, False]
Print Current Level: 1
FINISHED LEVEL
Episode Reward at step 23705: 51
[True, False, False, False, False]
Print Current Level: 1
FINISHED LEVEL
Episode Reward at step 24351: 40
[False, True, False, False, False]
Print Current Level: 1
FINISHED LEVEL
Episode Reward at step 25013: 42
[False, False, True, False, False]
Print Current Level: 1
FINISHED LEVEL
Episode Reward at step 25956: 48
[True, False, False, True, False]
Print Current Level: 1
FINISHED LEVEL
Episode Reward at step 27360: 52
Next Level!
[0, 0, 0, 0, 0]
Print Current Level: 2
FINISHED LEVEL
Episode Reward at step 27728: 19
[False, 0, 0, 0, 0]
Print Current Level: 2
FINISHED LEVEL
Episode Reward at step 27900: 10
New Best Reward: 10
[False, False, 0, 0, 0]
Print Current Level: 2
FINISHED LEVEL
Episode Reward at step 28134: 21
[False, False, False, 0, 0]
Print Current Level: 2
FINISHED LEVEL
Episode Reward at step 28410: 31
[False, False, False, False, 0]
Print Current Level: 2
FINISHED LEVEL
Episode Reward at step 28675: 17
[False, False, False, False, False]
Print Current Level: 2
FINISHED LEVEL
Episode Reward at step 29140: 42
[False, False, False, False, False]
Print Current Level: 2
FINISHED LEVEL
Episode Reward at step 29345: 17
[False, False, False, False, False]
Print Current Level: 2
FINISHED LEVEL
Episode Reward at step 30205: 48
[False, False, False, False, False]
Print Current Level: 2
FINISHED LEVEL
Episode Reward at step 30664: 42
[False, False, False, False, False]
Print Current Level: 2
FINISHED LEVEL
Episode Reward at step 30908: 23
[False, False, False, False, False]
Print Current Level: 2
FINISHED LEVEL
Episode Reward at step 31237: 38
[False, False, False, False, False]
Print Current Level: 2
FINISHED LEVEL
Episode Reward at step 31627: 33
[False, False, False, False, False]
Print Current Level: 2
FINISHED LEVEL
Episode Reward at step 31848: 22
[False, False, False, False, False]
Print Current Level: 2
FINISHED LEVEL
Episode Reward at step 32502: 46
[False, False, False, False, False]
Print Current Level: 2
FINISHED LEVEL
Episode Reward at step 33101: 53
[True, False, False, False, False]
Print Current Level: 2
FINISHED LEVEL
Episode Reward at step 33392: 31
[False, True, False, False, False]
Print Current Level: 2
FINISHED LEVEL
Episode Reward at step 34141: 55
[True, False, True, False, False]
Print Current Level: 2
FINISHED LEVEL
Episode Reward at step 34419: 19
[False, True, False, True, False]
Print Current Level: 2
FINISHED LEVEL
Episode Reward at step 35269: 52
Next Level!
[0, 0, 0, 0, 0]
Print Current Level: 3
FINISHED LEVEL
Episode Reward at step 35436: 1
[False, 0, 0, 0, 0]
Print Current Level: 3
FINISHED LEVEL
Episode Reward at step 35662: 15
[False, False, 0, 0, 0]
Print Current Level: 3
FINISHED LEVEL
Episode Reward at step 35804: 5
[False, False, False, 0, 0]
Print Current Level: 3
FINISHED LEVEL
Episode Reward at step 36105: 21
[False, False, False, False, 0]
Print Current Level: 3
FINISHED LEVEL
Episode Reward at step 36747: 39
[True, False, False, False, False]
Print Current Level: 3
FINISHED LEVEL
Episode Reward at step 37743: 39
[True, True, False, False, False]
Print Current Level: 3
FINISHED LEVEL
Episode Reward at step 38202: 27
[False, True, True, False, False]
Print Current Level: 3
FINISHED LEVEL
Episode Reward at step 38752: 25
[False, False, True, True, False]
Print Current Level: 3
FINISHED LEVEL
Episode Reward at step 38888: -1
[False, False, False, True, True]
Print Current Level: 3
FINISHED LEVEL
Episode Reward at step 39054: 9
[False, False, False, False, True]
Print Current Level: 3
FINISHED LEVEL
Episode Reward at step 39254: 15
[False, False, False, False, False]
Print Current Level: 3
FINISHED LEVEL
Episode Reward at step 39531: 17
[False, False, False, False, False]
Print Current Level: 3
FINISHED LEVEL
Episode Reward at step 41119: 37
[False, False, False, False, False]
Print Current Level: 3
FINISHED LEVEL
Episode Reward at step 41298: 7
[False, False, False, False, False]
Print Current Level: 3
FINISHED LEVEL
Episode Reward at step 41460: 7
[False, False, False, False, False]
Print Current Level: 3
FINISHED LEVEL
Episode Reward at step 41669: 11
[False, False, False, False, False]
Print Current Level: 3
FINISHED LEVEL
Episode Reward at step 42029: 37
[False, False, False, False, False]
Print Current Level: 3
FINISHED LEVEL
Episode Reward at step 42171: 3
[False, False, False, False, False]
Print Current Level: 3
FINISHED LEVEL
Episode Reward at step 42323: 5
[False, False, False, False, False]
Print Current Level: 3
FINISHED LEVEL
Episode Reward at step 42505: 3
[False, False, False, False, False]
Print Current Level: 3
FINISHED LEVEL
Episode Reward at step 42688: 7
[False, False, False, False, False]
Print Current Level: 3
FINISHED LEVEL
Episode Reward at step 42895: 13
[False, False, False, False, False]
Print Current Level: 3
FINISHED LEVEL
Episode Reward at step 43948: 39
[True, False, False, False, False]
Print Current Level: 3
FINISHED LEVEL
Episode Reward at step 44224: 11
[False, True, False, False, False]
Print Current Level: 3
FINISHED LEVEL
Episode Reward at step 44455: 17
[False, False, True, False, False]
Print Current Level: 3
FINISHED LEVEL
Episode Reward at step 45800: 39
New Best Reward: 39
[True, False, False, True, False]
Print Current Level: 3
FINISHED LEVEL
Episode Reward at step 46540: 39
Next Level!
[0, 0, 0, 0, 0]
Print Current Level: 4
FINISHED LEVEL
Episode Reward at step 46745: 12
[False, 0, 0, 0, 0]
Print Current Level: 4
FINISHED LEVEL
Episode Reward at step 46929: 17
[False, False, 0, 0, 0]
Print Current Level: 4
FINISHED LEVEL
Episode Reward at step 47069: 16
[False, False, False, 0, 0]
Print Current Level: 4
FINISHED LEVEL
Episode Reward at step 47279: 28
[False, False, False, False, 0]
Print Current Level: 4
FINISHED LEVEL
Episode Reward at step 47837: 57
[True, False, False, False, False]
Print Current Level: 4
FINISHED LEVEL
Episode Reward at step 48215: 49
[True, True, False, False, False]
Print Current Level: 4
FINISHED LEVEL
Episode Reward at step 48544: 41
[False, True, True, False, False]
Print Current Level: 4
FINISHED LEVEL
Episode Reward at step 48886: 49
[False, False, True, True, False]
Print Current Level: 4
FINISHED LEVEL
Episode Reward at step 49479: 52
Learning Finished
