Namespace(batch_size=32, criteria='1/5', cuda=1, doubleq=1, eps_decay=200.0, eps_end=0.1, eps_start=1, game_name='aliens', gamma=0.999, img_size=64, level_switch='sequential', lr=0.00025, max_mem=50000, max_steps=5000000.0, model_name='DQN', model_weight_path=None, num_episodes=20000, pretrain=0, target_update=100, test_mode=0, timeout=2000, trial_num='1')
Game: aliens
Training Starting
-------------------------
FINISHED LEVEL
Episode Reward at step 360: 7
[False, 0, 0, 0, 0]
Print Current Level: 0
FINISHED LEVEL
Episode Reward at step 748: 20
[False, False, 0, 0, 0]
Print Current Level: 0
FINISHED LEVEL
Episode Reward at step 889: 6
[False, False, False, 0, 0]
Print Current Level: 0
FINISHED LEVEL
Episode Reward at step 2020: 50
[False, False, False, False, 0]
Print Current Level: 0
FINISHED LEVEL
Episode Reward at step 2300: 4
New Best Reward: 4
[False, False, False, False, False]
Print Current Level: 0
FINISHED LEVEL
Episode Reward at step 2434: 15
[False, False, False, False, False]
Print Current Level: 0
FINISHED LEVEL
Episode Reward at step 2719: 29
[False, False, False, False, False]
Print Current Level: 0
FINISHED LEVEL
Episode Reward at step 2814: 5
[False, False, False, False, False]
Print Current Level: 0
FINISHED LEVEL
Episode Reward at step 3128: 29
[False, False, False, False, False]
Print Current Level: 0
FINISHED LEVEL
Episode Reward at step 3522: 35
[False, False, False, False, False]
Print Current Level: 0
FINISHED LEVEL
Episode Reward at step 3786: 24
[False, False, False, False, False]
Print Current Level: 0
FINISHED LEVEL
Episode Reward at step 4101: 28
[False, False, False, False, False]
Print Current Level: 0
FINISHED LEVEL
Episode Reward at step 4405: 20
[False, False, False, False, False]
Print Current Level: 0
FINISHED LEVEL
Episode Reward at step 4543: 7
[False, False, False, False, False]
Print Current Level: 0
FINISHED LEVEL
Episode Reward at step 4898: 26
[False, False, False, False, False]
Print Current Level: 0
FINISHED LEVEL
Episode Reward at step 5044: 11
[False, False, False, False, False]
Print Current Level: 0
FINISHED LEVEL
Episode Reward at step 5419: 43
[False, False, False, False, False]
Print Current Level: 0
FINISHED LEVEL
Episode Reward at step 5564: 9
[False, False, False, False, False]
Print Current Level: 0
FINISHED LEVEL
Episode Reward at step 5807: 17
[False, False, False, False, False]
Print Current Level: 0
FINISHED LEVEL
Episode Reward at step 6165: 35
[False, False, False, False, False]
Print Current Level: 0
FINISHED LEVEL
Episode Reward at step 6698: 42
[False, False, False, False, False]
Print Current Level: 0
FINISHED LEVEL
Episode Reward at step 7074: 32
[False, False, False, False, False]
Print Current Level: 0
FINISHED LEVEL
Episode Reward at step 7429: 36
[False, False, False, False, False]
Print Current Level: 0
FINISHED LEVEL
Episode Reward at step 7801: 41
[False, False, False, False, False]
Print Current Level: 0
FINISHED LEVEL
Episode Reward at step 8378: 51
[False, False, False, False, False]
Print Current Level: 0
FINISHED LEVEL
Episode Reward at step 9537: 59
Next Level!
[0, 0, 0, 0, 0]
Print Current Level: 1
FINISHED LEVEL
Episode Reward at step 9795: 18
[False, 0, 0, 0, 0]
Print Current Level: 1
FINISHED LEVEL
Episode Reward at step 9856: 3
[False, False, 0, 0, 0]
Print Current Level: 1
FINISHED LEVEL
Episode Reward at step 10122: 19
[False, False, False, 0, 0]
Print Current Level: 1
FINISHED LEVEL
Episode Reward at step 10756: 41
[False, False, False, False, 0]
Print Current Level: 1
FINISHED LEVEL
Episode Reward at step 11130: 22
[False, False, False, False, False]
Print Current Level: 1
FINISHED LEVEL
Episode Reward at step 11343: 10
[False, False, False, False, False]
Print Current Level: 1
FINISHED LEVEL
Episode Reward at step 11576: 13
[False, False, False, False, False]
Print Current Level: 1
FINISHED LEVEL
Episode Reward at step 11634: 1
[False, False, False, False, False]
Print Current Level: 1
FINISHED LEVEL
Episode Reward at step 11743: 4
[False, False, False, False, False]
Print Current Level: 1
FINISHED LEVEL
Episode Reward at step 12041: 16
[False, False, False, False, False]
Print Current Level: 1
FINISHED LEVEL
Episode Reward at step 12192: 6
[False, False, False, False, False]
Print Current Level: 1
FINISHED LEVEL
Episode Reward at step 12530: 25
[False, False, False, False, False]
Print Current Level: 1
FINISHED LEVEL
Episode Reward at step 12723: 12
[False, False, False, False, False]
Print Current Level: 1
FINISHED LEVEL
Episode Reward at step 13140: 38
[False, False, False, False, False]
Print Current Level: 1
FINISHED LEVEL
Episode Reward at step 13252: 2
[False, False, False, False, False]
Print Current Level: 1
FINISHED LEVEL
Episode Reward at step 13608: 26
[False, False, False, False, False]
Print Current Level: 1
FINISHED LEVEL
Episode Reward at step 14034: 32
[False, False, False, False, False]
Print Current Level: 1
FINISHED LEVEL
Episode Reward at step 14240: 8
[False, False, False, False, False]
Print Current Level: 1
FINISHED LEVEL
Episode Reward at step 14384: 5
[False, False, False, False, False]
Print Current Level: 1
FINISHED LEVEL
Episode Reward at step 14572: 7
[False, False, False, False, False]
Print Current Level: 1
FINISHED LEVEL
Episode Reward at step 14831: 12
[False, False, False, False, False]
Print Current Level: 1
FINISHED LEVEL
Episode Reward at step 15064: 10
[False, False, False, False, False]
Print Current Level: 1
FINISHED LEVEL
Episode Reward at step 15440: 21
[False, False, False, False, False]
Print Current Level: 1
FINISHED LEVEL
Episode Reward at step 15682: 15
[False, False, False, False, False]
Print Current Level: 1
FINISHED LEVEL
Episode Reward at step 15953: 12
[False, False, False, False, False]
Print Current Level: 1
FINISHED LEVEL
Episode Reward at step 16176: 16
[False, False, False, False, False]
Print Current Level: 1
FINISHED LEVEL
Episode Reward at step 16495: 12
[False, False, False, False, False]
Print Current Level: 1
FINISHED LEVEL
Episode Reward at step 16965: 26
[False, False, False, False, False]
Print Current Level: 1
FINISHED LEVEL
Episode Reward at step 17283: 33
[False, False, False, False, False]
Print Current Level: 1
FINISHED LEVEL
Episode Reward at step 17692: 30
[False, False, False, False, False]
Print Current Level: 1
FINISHED LEVEL
Episode Reward at step 18060: 29
[False, False, False, False, False]
Print Current Level: 1
FINISHED LEVEL
Episode Reward at step 18534: 33
[False, False, False, False, False]
Print Current Level: 1
FINISHED LEVEL
Episode Reward at step 18938: 30
[False, False, False, False, False]
Print Current Level: 1
FINISHED LEVEL
Episode Reward at step 19209: 13
[False, False, False, False, False]
Print Current Level: 1
FINISHED LEVEL
Episode Reward at step 20162: 46
[False, False, False, False, False]
Print Current Level: 1
FINISHED LEVEL
Episode Reward at step 20442: 10
[False, False, False, False, False]
Print Current Level: 1
FINISHED LEVEL
Episode Reward at step 20561: 5
[False, False, False, False, False]
Print Current Level: 1
FINISHED LEVEL
Episode Reward at step 20683: 8
[False, False, False, False, False]
Print Current Level: 1
FINISHED LEVEL
Episode Reward at step 21012: 17
[False, False, False, False, False]
Print Current Level: 1
FINISHED LEVEL
Episode Reward at step 21371: 19
[False, False, False, False, False]
Print Current Level: 1
FINISHED LEVEL
Episode Reward at step 21550: 7
[False, False, False, False, False]
Print Current Level: 1
FINISHED LEVEL
Episode Reward at step 21871: 22
[False, False, False, False, False]
Print Current Level: 1
FINISHED LEVEL
Episode Reward at step 22028: 5
[False, False, False, False, False]
Print Current Level: 1
FINISHED LEVEL
Episode Reward at step 22450: 27
[False, False, False, False, False]
Print Current Level: 1
FINISHED LEVEL
Episode Reward at step 22898: 21
[False, False, False, False, False]
Print Current Level: 1
FINISHED LEVEL
Episode Reward at step 23193: 18
[False, False, False, False, False]
Print Current Level: 1
FINISHED LEVEL
Episode Reward at step 23735: 39
[False, False, False, False, False]
Print Current Level: 1
FINISHED LEVEL
Episode Reward at step 23923: 6
[False, False, False, False, False]
Print Current Level: 1
FINISHED LEVEL
Episode Reward at step 24200: 20
New Best Reward: 20
[False, False, False, False, False]
Print Current Level: 1
FINISHED LEVEL
Episode Reward at step 24331: 3
[False, False, False, False, False]
Print Current Level: 1
FINISHED LEVEL
Episode Reward at step 25141: 56
Next Level!
[0, 0, 0, 0, 0]
Print Current Level: 2
FINISHED LEVEL
Episode Reward at step 25593: 39
[False, 0, 0, 0, 0]
Print Current Level: 2
FINISHED LEVEL
Episode Reward at step 25936: 35
[False, False, 0, 0, 0]
Print Current Level: 2
FINISHED LEVEL
Episode Reward at step 26461: 55
[False, False, False, 0, 0]
Print Current Level: 2
FINISHED LEVEL
Episode Reward at step 26718: 31
[False, False, False, False, 0]
Print Current Level: 2
FINISHED LEVEL
Episode Reward at step 27192: 39
[False, False, False, False, False]
Print Current Level: 2
FINISHED LEVEL
Episode Reward at step 27594: 39
[False, False, False, False, False]
Print Current Level: 2
FINISHED LEVEL
Episode Reward at step 27819: 18
[False, False, False, False, False]
Print Current Level: 2
FINISHED LEVEL
Episode Reward at step 28088: 31
[False, False, False, False, False]
Print Current Level: 2
FINISHED LEVEL
Episode Reward at step 28453: 33
[False, False, False, False, False]
Print Current Level: 2
FINISHED LEVEL
Episode Reward at step 28985: 49
Next Level!
[0, 0, 0, 0, 0]
Print Current Level: 3
FINISHED LEVEL
Episode Reward at step 29136: 3
[False, 0, 0, 0, 0]
Print Current Level: 3
FINISHED LEVEL
Episode Reward at step 29322: 9
[False, False, 0, 0, 0]
Print Current Level: 3
FINISHED LEVEL
Episode Reward at step 29640: 13
[False, False, False, 0, 0]
Print Current Level: 3
FINISHED LEVEL
Episode Reward at step 29794: 5
[False, False, False, False, 0]
Print Current Level: 3
FINISHED LEVEL
Episode Reward at step 30020: 17
[False, False, False, False, False]
Print Current Level: 3
FINISHED LEVEL
Episode Reward at step 30740: 39
Next Level!
[0, 0, 0, 0, 0]
Print Current Level: 4
FINISHED LEVEL
Episode Reward at step 30832: 6
[False, 0, 0, 0, 0]
Print Current Level: 4
FINISHED LEVEL
Episode Reward at step 31101: 27
[False, False, 0, 0, 0]
Print Current Level: 4
FINISHED LEVEL
Episode Reward at step 31313: 20
[False, False, False, 0, 0]
Print Current Level: 4
FINISHED LEVEL
Episode Reward at step 31695: 47
[False, False, False, False, 0]
Print Current Level: 4
FINISHED LEVEL
Episode Reward at step 32022: 43
[False, False, False, False, False]
Print Current Level: 4
FINISHED LEVEL
Episode Reward at step 32313: 33
[False, False, False, False, False]
Print Current Level: 4
FINISHED LEVEL
Episode Reward at step 32381: 6
[False, False, False, False, False]
Print Current Level: 4
FINISHED LEVEL
Episode Reward at step 32609: 25
[False, False, False, False, False]
Print Current Level: 4
FINISHED LEVEL
Episode Reward at step 34115: 48
[False, False, False, False, False]
Print Current Level: 4
FINISHED LEVEL
Episode Reward at step 34318: 22
[False, False, False, False, False]
Print Current Level: 4
FINISHED LEVEL
Episode Reward at step 34937: 56
Learning Finished
