Namespace(batch_size=32, criteria='3/5', cuda=1, doubleq=1, eps_decay=200.0, eps_end=0.1, eps_start=1, game_name='avoidgeorge', gamma=0.999, img_size=64, level_switch='sequential', lr=0.00025, max_mem=50000, max_steps=5000000.0, model_name='DQN', model_weight_path=None, num_episodes=20000, pretrain=0, target_update=100, test_mode=0, timeout=2000, trial_num='12')
Game: avoidgeorge
Training Starting
-------------------------
FINISHED LEVEL
Episode Reward at step 19: -0.64
[False, 0, 0, 0, 0]
Print Current Level: 0
FINISHED LEVEL
Episode Reward at step 36: -0.68
[False, False, 0, 0, 0]
Print Current Level: 0
FINISHED LEVEL
Episode Reward at step 54: -0.66
[False, False, False, 0, 0]
Print Current Level: 0
FINISHED LEVEL
Episode Reward at step 538: 8.66
[False, False, False, False, 0]
Print Current Level: 0
FINISHED LEVEL
Episode Reward at step 563: -0.52
[False, False, False, False, False]
Print Current Level: 0
FINISHED LEVEL
Episode Reward at step 990: 7.52
[False, False, False, False, False]
Print Current Level: 0
FINISHED LEVEL
Episode Reward at step 1011: -0.6
[False, False, False, False, False]
Print Current Level: 0
FINISHED LEVEL
Episode Reward at step 1465: 9.06
[False, False, False, False, False]
Print Current Level: 0
FINISHED LEVEL
Episode Reward at step 1483: -0.66
[False, False, False, False, False]
Print Current Level: 0
FINISHED LEVEL
Episode Reward at step 1911: 7.54
[False, False, False, False, False]
Print Current Level: 0
FINISHED LEVEL
Episode Reward at step 2379: 8.34
[False, False, False, False, False]
Print Current Level: 0
FINISHED LEVEL
Episode Reward at step 2877: 14.94
[True, False, False, False, False]
Print Current Level: 0
FINISHED LEVEL
Episode Reward at step 3172: 4.88
[False, True, False, False, False]
Print Current Level: 0
FINISHED LEVEL
Episode Reward at step 3517: 5.88
[False, False, True, False, False]
Print Current Level: 0
FINISHED LEVEL
Episode Reward at step 3862: 5.88
[False, False, False, True, False]
Print Current Level: 0
FINISHED LEVEL
Episode Reward at step 4278: 7.3
[False, False, False, False, True]
Print Current Level: 0
FINISHED LEVEL
Episode Reward at step 4731: 8.04
[False, False, False, False, False]
Print Current Level: 0
FINISHED LEVEL
Episode Reward at step 5229: 12.94
[True, False, False, False, False]
Print Current Level: 0
FINISHED LEVEL
Episode Reward at step 5727: 10.94
[True, True, False, False, False]
Print Current Level: 0
FINISHED LEVEL
Episode Reward at step 6178: 9.0
[False, True, True, False, False]
Print Current Level: 0
FINISHED LEVEL
Episode Reward at step 6676: 11.94
Next Level!
[0, 0, 0, 0, 0]
Print Current Level: 1
FINISHED LEVEL
Episode Reward at step 6704: -0.46
[False, 0, 0, 0, 0]
Print Current Level: 1
FINISHED LEVEL
Episode Reward at step 7202: 11.94
[True, False, 0, 0, 0]
Print Current Level: 1
FINISHED LEVEL
Episode Reward at step 7282: 0.58
[False, True, False, 0, 0]
Print Current Level: 1
FINISHED LEVEL
Episode Reward at step 7357: 0.48
[False, False, True, False, 0]
Print Current Level: 1
FINISHED LEVEL
Episode Reward at step 7618: 6.2
[False, False, False, True, False]
Print Current Level: 1
FINISHED LEVEL
Episode Reward at step 7998: 6.58
[False, False, False, False, True]
Print Current Level: 1
FINISHED LEVEL
Episode Reward at step 8496: 12.94
[True, False, False, False, False]
Print Current Level: 1
FINISHED LEVEL
Episode Reward at step 8554: 0.14
[False, True, False, False, False]
Print Current Level: 1
FINISHED LEVEL
Episode Reward at step 8872: 5.34
[False, False, True, False, False]
Print Current Level: 1
FINISHED LEVEL
Episode Reward at step 8913: -0.2
[False, False, False, True, False]
Print Current Level: 1
FINISHED LEVEL
Episode Reward at step 8947: -0.34
[False, False, False, False, True]
Print Current Level: 1
FINISHED LEVEL
Episode Reward at step 8978: -0.4
[False, False, False, False, False]
Print Current Level: 1
FINISHED LEVEL
Episode Reward at step 9402: 7.46
[False, False, False, False, False]
Print Current Level: 1
FINISHED LEVEL
Episode Reward at step 9537: 1.68
[False, False, False, False, False]
Print Current Level: 1
FINISHED LEVEL
Episode Reward at step 9920: 6.64
[False, False, False, False, False]
Print Current Level: 1
FINISHED LEVEL
Episode Reward at step 10086: 2.3
[False, False, False, False, False]
Print Current Level: 1
FINISHED LEVEL
Episode Reward at step 10584: 11.94
[True, False, False, False, False]
Print Current Level: 1
FINISHED LEVEL
Episode Reward at step 11082: 13.94
[True, True, False, False, False]
Print Current Level: 1
FINISHED LEVEL
Episode Reward at step 11130: -0.06
[False, True, True, False, False]
Print Current Level: 1
FINISHED LEVEL
Episode Reward at step 11325: 2.88
[False, False, True, True, False]
Print Current Level: 1
FINISHED LEVEL
Episode Reward at step 11823: 13.94
Next Level!
[0, 0, 0, 0, 0]
Print Current Level: 2
FINISHED LEVEL
Episode Reward at step 11959: 1.7
[False, 0, 0, 0, 0]
Print Current Level: 2
FINISHED LEVEL
Episode Reward at step 12147: 2.74
[False, False, 0, 0, 0]
Print Current Level: 2
FINISHED LEVEL
Episode Reward at step 12535: 6.74
[False, False, False, 0, 0]
Print Current Level: 2
FINISHED LEVEL
Episode Reward at step 12960: 9.48
[False, False, False, False, 0]
Print Current Level: 2
FINISHED LEVEL
Episode Reward at step 13327: 6.32
[False, False, False, False, False]
Print Current Level: 2
FINISHED LEVEL
Episode Reward at step 13528: 3.0
[False, False, False, False, False]
Print Current Level: 2
FINISHED LEVEL
Episode Reward at step 13885: 6.12
[False, False, False, False, False]
Print Current Level: 2
FINISHED LEVEL
Episode Reward at step 14247: 7.22
[False, False, False, False, False]
Print Current Level: 2
FINISHED LEVEL
Episode Reward at step 14406: 4.16
[False, False, False, False, False]
Print Current Level: 2
FINISHED LEVEL
Episode Reward at step 14730: 7.46
[False, False, False, False, False]
Print Current Level: 2
FINISHED LEVEL
Episode Reward at step 15125: 7.88
[False, False, False, False, False]
Print Current Level: 2
FINISHED LEVEL
Episode Reward at step 15281: 2.1
[False, False, False, False, False]
Print Current Level: 2
FINISHED LEVEL
Episode Reward at step 15635: 6.06
[False, False, False, False, False]
Print Current Level: 2
FINISHED LEVEL
Episode Reward at step 16008: 6.44
[False, False, False, False, False]
Print Current Level: 2
FINISHED LEVEL
Episode Reward at step 16396: 6.74
[False, False, False, False, False]
Print Current Level: 2
FINISHED LEVEL
Episode Reward at step 16766: 7.38
[False, False, False, False, False]
Print Current Level: 2
FINISHED LEVEL
Episode Reward at step 17264: 11.94
[True, False, False, False, False]
Print Current Level: 2
FINISHED LEVEL
Episode Reward at step 17569: 5.08
[False, True, False, False, False]
Print Current Level: 2
FINISHED LEVEL
Episode Reward at step 18067: 12.94
[True, False, True, False, False]
Print Current Level: 2
FINISHED LEVEL
Episode Reward at step 18458: 6.8
[False, True, False, True, False]
Print Current Level: 2
FINISHED LEVEL
Episode Reward at step 18816: 6.14
[False, False, True, False, True]
Print Current Level: 2
FINISHED LEVEL
Episode Reward at step 19184: 6.34
[False, False, False, True, False]
Print Current Level: 2
FINISHED LEVEL
Episode Reward at step 19559: 6.48
[False, False, False, False, True]
Print Current Level: 2
FINISHED LEVEL
Episode Reward at step 19921: 6.22
[False, False, False, False, False]
Print Current Level: 2
FINISHED LEVEL
Episode Reward at step 20296: 10.48
[False, False, False, False, False]
Print Current Level: 2
FINISHED LEVEL
Episode Reward at step 20585: 4.76
[False, False, False, False, False]
Print Current Level: 2
FINISHED LEVEL
Episode Reward at step 20913: 5.54
[False, False, False, False, False]
Print Current Level: 2
FINISHED LEVEL
Episode Reward at step 21295: 6.62
[False, False, False, False, False]
Print Current Level: 2
FINISHED LEVEL
Episode Reward at step 21793: 11.94
[True, False, False, False, False]
Print Current Level: 2
FINISHED LEVEL
Episode Reward at step 21994: 3.0
[False, True, False, False, False]
Print Current Level: 2
FINISHED LEVEL
Episode Reward at step 22268: 4.46
[False, False, True, False, False]
Print Current Level: 2
FINISHED LEVEL
Episode Reward at step 22726: 8.14
[False, False, False, True, False]
Print Current Level: 2
FINISHED LEVEL
Episode Reward at step 23089: 6.24
[False, False, False, False, True]
Print Current Level: 2
FINISHED LEVEL
Episode Reward at step 23424: 5.68
[False, False, False, False, False]
Print Current Level: 2
FINISHED LEVEL
Episode Reward at step 23641: 3.32
[False, False, False, False, False]
Print Current Level: 2
FINISHED LEVEL
Episode Reward at step 24042: 8.0
[False, False, False, False, False]
Print Current Level: 2
FINISHED LEVEL
Episode Reward at step 24332: 4.78
[False, False, False, False, False]
Print Current Level: 2
FINISHED LEVEL
Episode Reward at step 24808: 8.5
[False, False, False, False, False]
Print Current Level: 2
FINISHED LEVEL
Episode Reward at step 25154: 5.9
[False, False, False, False, False]
Print Current Level: 2
FINISHED LEVEL
Episode Reward at step 25496: 5.82
[False, False, False, False, False]
Print Current Level: 2
FINISHED LEVEL
Episode Reward at step 25629: 1.64
[False, False, False, False, False]
Print Current Level: 2
FINISHED LEVEL
Episode Reward at step 25917: 5.74
[False, False, False, False, False]
Print Current Level: 2
FINISHED LEVEL
Episode Reward at step 26212: 4.88
[False, False, False, False, False]
Print Current Level: 2
FINISHED LEVEL
Episode Reward at step 26571: 6.16
[False, False, False, False, False]
Print Current Level: 2
FINISHED LEVEL
Episode Reward at step 26700: 1.56
New Best Reward: 1.56
[False, False, False, False, False]
Print Current Level: 2
FINISHED LEVEL
Episode Reward at step 26996: 4.9
[False, False, False, False, False]
Print Current Level: 2
FINISHED LEVEL
Episode Reward at step 27494: 12.94
[True, False, False, False, False]
Print Current Level: 2
FINISHED LEVEL
Episode Reward at step 27676: 2.62
[False, True, False, False, False]
Print Current Level: 2
FINISHED LEVEL
Episode Reward at step 28056: 6.58
[False, False, True, False, False]
Print Current Level: 2
FINISHED LEVEL
Episode Reward at step 28433: 6.52
[False, False, False, True, False]
Print Current Level: 2
FINISHED LEVEL
Episode Reward at step 28890: 8.12
[False, False, False, False, True]
Print Current Level: 2
FINISHED LEVEL
Episode Reward at step 29008: 1.34
[False, False, False, False, False]
Print Current Level: 2
FINISHED LEVEL
Episode Reward at step 29105: 0.92
[False, False, False, False, False]
Print Current Level: 2
FINISHED LEVEL
Episode Reward at step 29249: 1.86
[False, False, False, False, False]
Print Current Level: 2
FINISHED LEVEL
Episode Reward at step 29747: 12.94
[True, False, False, False, False]
Print Current Level: 2
FINISHED LEVEL
Episode Reward at step 30157: 9.18
[False, True, False, False, False]
Print Current Level: 2
FINISHED LEVEL
Episode Reward at step 30462: 5.08
[False, False, True, False, False]
Print Current Level: 2
FINISHED LEVEL
Episode Reward at step 30869: 7.12
[False, False, False, True, False]
Print Current Level: 2
FINISHED LEVEL
Episode Reward at step 31051: 2.62
[False, False, False, False, True]
Print Current Level: 2
FINISHED LEVEL
Episode Reward at step 31435: 6.66
[False, False, False, False, False]
Print Current Level: 2
FINISHED LEVEL
Episode Reward at step 31867: 7.62
[False, False, False, False, False]
Print Current Level: 2
FINISHED LEVEL
Episode Reward at step 32043: 2.5
[False, False, False, False, False]
Print Current Level: 2
FINISHED LEVEL
Episode Reward at step 32438: 7.88
[False, False, False, False, False]
Print Current Level: 2
FINISHED LEVEL
Episode Reward at step 32698: 5.18
[False, False, False, False, False]
Print Current Level: 2
FINISHED LEVEL
Episode Reward at step 33141: 8.84
[False, False, False, False, False]
Print Current Level: 2
FINISHED LEVEL
Episode Reward at step 33512: 6.4
[False, False, False, False, False]
Print Current Level: 2
FINISHED LEVEL
Episode Reward at step 34010: 11.94
[True, False, False, False, False]
Print Current Level: 2
FINISHED LEVEL
Episode Reward at step 34210: 2.98
[False, True, False, False, False]
Print Current Level: 2
FINISHED LEVEL
Episode Reward at step 34322: 1.22
[False, False, True, False, False]
Print Current Level: 2
FINISHED LEVEL
Episode Reward at step 34577: 4.08
[False, False, False, True, False]
Print Current Level: 2
FINISHED LEVEL
Episode Reward at step 34899: 5.42
[False, False, False, False, True]
Print Current Level: 2
FINISHED LEVEL
Episode Reward at step 35397: 11.94
[True, False, False, False, False]
Print Current Level: 2
FINISHED LEVEL
Episode Reward at step 35799: 7.02
[False, True, False, False, False]
Print Current Level: 2
FINISHED LEVEL
Episode Reward at step 35938: 1.76
[False, False, True, False, False]
Print Current Level: 2
FINISHED LEVEL
Episode Reward at step 36285: 5.92
[False, False, False, True, False]
Print Current Level: 2
FINISHED LEVEL
Episode Reward at step 36703: 7.34
[False, False, False, False, True]
Print Current Level: 2
FINISHED LEVEL
Episode Reward at step 37048: 5.88
[False, False, False, False, False]
Print Current Level: 2
FINISHED LEVEL
Episode Reward at step 37232: 3.66
[False, False, False, False, False]
Print Current Level: 2
FINISHED LEVEL
Episode Reward at step 37730: 12.94
[True, False, False, False, False]
Print Current Level: 2
FINISHED LEVEL
Episode Reward at step 38228: 12.94
[True, True, False, False, False]
Print Current Level: 2
FINISHED LEVEL
Episode Reward at step 38613: 6.68
[False, True, True, False, False]
Print Current Level: 2
FINISHED LEVEL
Episode Reward at step 39111: 13.94
Next Level!
[0, 0, 0, 0, 0]
Print Current Level: 3
FINISHED LEVEL
Episode Reward at step 39161: -0.02
[False, 0, 0, 0, 0]
Print Current Level: 3
FINISHED LEVEL
Episode Reward at step 39189: -0.46
[False, False, 0, 0, 0]
Print Current Level: 3
FINISHED LEVEL
Episode Reward at step 39282: 0.84
[False, False, False, 0, 0]
Print Current Level: 3
FINISHED LEVEL
Episode Reward at step 39596: 6.26
[False, False, False, False, 0]
Print Current Level: 3
FINISHED LEVEL
Episode Reward at step 39706: 6.18
[False, False, False, False, False]
Print Current Level: 3
FINISHED LEVEL
Episode Reward at step 39898: 2.82
[False, False, False, False, False]
Print Current Level: 3
FINISHED LEVEL
Episode Reward at step 40396: 11.94
[True, False, False, False, False]
Print Current Level: 3
FINISHED LEVEL
Episode Reward at step 40572: 2.5
[False, True, False, False, False]
Print Current Level: 3
FINISHED LEVEL
Episode Reward at step 41070: 11.94
[True, False, True, False, False]
Print Current Level: 3
FINISHED LEVEL
Episode Reward at step 41568: 11.94
Next Level!
[0, 0, 0, 0, 0]
Print Current Level: 4
FINISHED LEVEL
Episode Reward at step 41971: 7.04
[False, 0, 0, 0, 0]
Print Current Level: 4
FINISHED LEVEL
Episode Reward at step 42402: 8.6
[False, False, 0, 0, 0]
Print Current Level: 4
FINISHED LEVEL
Episode Reward at step 42796: 6.86
[False, False, False, 0, 0]
Print Current Level: 4
FINISHED LEVEL
Episode Reward at step 43290: 9.86
[False, False, False, False, 0]
Print Current Level: 4
FINISHED LEVEL
Episode Reward at step 43586: 4.9
[False, False, False, False, False]
Print Current Level: 4
FINISHED LEVEL
Episode Reward at step 43811: 3.48
[False, False, False, False, False]
Print Current Level: 4
FINISHED LEVEL
Episode Reward at step 43903: 0.82
[False, False, False, False, False]
Print Current Level: 4
FINISHED LEVEL
Episode Reward at step 44048: 1.88
[False, False, False, False, False]
Print Current Level: 4
FINISHED LEVEL
Episode Reward at step 44546: 11.94
[True, False, False, False, False]
Print Current Level: 4
FINISHED LEVEL
Episode Reward at step 44705: 2.16
[False, True, False, False, False]
Print Current Level: 4
FINISHED LEVEL
Episode Reward at step 45203: 10.94
[True, False, True, False, False]
Print Current Level: 4
FINISHED LEVEL
Episode Reward at step 45532: 6.56
[False, True, False, True, False]
Print Current Level: 4
FINISHED LEVEL
Episode Reward at step 46030: 11.94
Learning Finished
