/n/home13/kevinwu/.conda/envs/pt27/lib/python2.7/site-packages/skimage/transform/_warps.py:105: UserWarning: The default mode, 'constant', will be changed to 'reflect' in skimage 0.15.
  warn("The default mode, 'constant', will be changed to 'reflect' in "
/n/home13/kevinwu/.conda/envs/pt27/lib/python2.7/site-packages/skimage/transform/_warps.py:110: UserWarning: Anti-aliasing will be enabled by default in skimage 0.15 to avoid aliasing artifacts when down-sampling images.
  warn("Anti-aliasing will be enabled by default in skimage 0.15 to "
Namespace(batch_size=32, criteria='1/1', cuda=1, doubleq=1, eps_decay=200.0, eps_end=0.1, eps_start=1, game_name='variant_frogs_2', gamma=0.999, img_size=64, level_switch='sequential', lr=0.00025, max_mem=50000, max_steps=1000000.0, model_name='DQN', model_weight_path=None, num_episodes=20000, num_trials=1, pretrain=0, random_seed=7, target_update=100, test_mode=0, timeout=2000, trial_num='1')
Game: variant_frogs_2
variant_frogs_2
Training at seed = 1
Training Starting
-------------------------
Level 0, episode reward at step 69: -1
Level 0, episode reward at step 117: -1
Level 0, episode reward at step 967: -1
Level 0, episode reward at step 1010: -1
Level 0, episode reward at step 1179: -1
Level 0, episode reward at step 1185: -1
Level 0, episode reward at step 1260: -1
Level 0, episode reward at step 1287: -1
Level 0, episode reward at step 1315: -1
Level 0, episode reward at step 1612: -1
Level 0, episode reward at step 1708: -1
Level 0, episode reward at step 1757: -1
Level 0, episode reward at step 2293: -1
Level 0, episode reward at step 2315: -1
Level 0, episode reward at step 2726: -1
Level 0, episode reward at step 2769: -1
Level 0, episode reward at step 2793: -1
Level 0, episode reward at step 2819: -1
Level 0, episode reward at step 2825: -1
Level 0, episode reward at step 2835: -1
Level 0, episode reward at step 2863: -1
Level 0, episode reward at step 2907: -1
Level 0, episode reward at step 3476: -1
Level 0, episode reward at step 3497: -1
Level 0, episode reward at step 3522: -1
Level 0, episode reward at step 3541: -1
Level 0, episode reward at step 5539: -1
Level 0, episode reward at step 5583: -1
Level 0, episode reward at step 5603: -1
Level 0, episode reward at step 7601: -1
Level 0, episode reward at step 7643: -1
Level 0, episode reward at step 7690: -1
Level 0, episode reward at step 7731: -1
Level 0, episode reward at step 9267: -1
Level 0, episode reward at step 9306: -1
Level 0, episode reward at step 9327: -1
Level 0, episode reward at step 11325: -1
Level 0, episode reward at step 12193: -1
Level 0, episode reward at step 12204: -1
Level 0, episode reward at step 12602: -1
Level 0, episode reward at step 13420: -1
Level 0, episode reward at step 13839: -1
Level 0, episode reward at step 13847: -1
Level 0, episode reward at step 13855: -1
Level 0, episode reward at step 13893: -1
Level 0, episode reward at step 13905: -1
Level 0, episode reward at step 14753: -1
Level 0, episode reward at step 14799: -1
Level 0, episode reward at step 14825: -1
Level 0, episode reward at step 14870: -1
Level 0, episode reward at step 16868: -1
Level 0, episode reward at step 16904: -1
Level 0, episode reward at step 16940: -1
Level 0, episode reward at step 18470: -1
Level 0, episode reward at step 19478: -1
Level 0, episode reward at step 19485: -1
Level 0, episode reward at step 19493: -1
Level 0, episode reward at step 19503: -1
Level 0, episode reward at step 19766: -1
Level 0, episode reward at step 21764: -1
Level 0, episode reward at step 22924: -1
Level 0, episode reward at step 22934: -1
Level 0, episode reward at step 22980: -1
Level 0, episode reward at step 22989: -1
Level 0, episode reward at step 24987: -1
Level 0, episode reward at step 25034: -1
Level 0, episode reward at step 26717: -1
Level 0, episode reward at step 26747: -1
Level 0, episode reward at step 26759: -1
Level 0, episode reward at step 26792: -1
Level 0, episode reward at step 26826: -1
Level 0, episode reward at step 26859: -1
Level 0, episode reward at step 26896: -1
Level 0, episode reward at step 27028: -1
Level 0, episode reward at step 27335: -1
Level 0, episode reward at step 28995: -1
Level 0, episode reward at step 30993: -1
Level 0, episode reward at step 31959: -1
Level 0, episode reward at step 32489: -1
Level 0, episode reward at step 32499: -1
Level 0, episode reward at step 32636: -1
Level 0, episode reward at step 34634: -1
Level 0, episode reward at step 35324: -1
Level 0, episode reward at step 37322: -1
Level 0, episode reward at step 37337: -1
Level 0, episode reward at step 37351: -1
Level 0, episode reward at step 37422: -1
Level 0, episode reward at step 37537: -1
Level 0, episode reward at step 37568: -1
Level 0, episode reward at step 37601: -1
Level 0, episode reward at step 37631: -1
Level 0, episode reward at step 37660: -1
Level 0, episode reward at step 37691: -1
Level 0, episode reward at step 37720: -1
Level 0, episode reward at step 39374: -1
Level 0, episode reward at step 39416: -1
Level 0, episode reward at step 40875: -1
Level 0, episode reward at step 40887: -1
Level 0, episode reward at step 40899: -1
Level 0, episode reward at step 41528: -1
Level 0, episode reward at step 41546: -1
Level 0, episode reward at step 41561: -1
Level 0, episode reward at step 41576: -1
Level 0, episode reward at step 42250: -1
Level 0, episode reward at step 42278: -1
Level 0, episode reward at step 42371: -1
Level 0, episode reward at step 42654: -1
Level 0, episode reward at step 43095: -1
Level 0, episode reward at step 43636: -1
Level 0, episode reward at step 44088: -1
Level 0, episode reward at step 44802: -1
Level 0, episode reward at step 46203: -1
Level 0, episode reward at step 47714: -1
Level 0, episode reward at step 47807: -1
Level 0, episode reward at step 47999: -1
Level 0, episode reward at step 48052: -1
Level 0, episode reward at step 48145: -1
Level 0, episode reward at step 48598: -1
Level 0, episode reward at step 50596: -1
Level 0, episode reward at step 50650: -1
Level 0, episode reward at step 50934: -1
Level 0, episode reward at step 51206: -1
Level 0, episode reward at step 51262: -1
Level 0, episode reward at step 51320: -1
Level 0, episode reward at step 52036: -1
Level 0, episode reward at step 53029: -1
Level 0, episode reward at step 54280: -1
Level 0, episode reward at step 55338: -1
Level 0, episode reward at step 55370: -1
Level 0, episode reward at step 55912: -1
Level 0, episode reward at step 57123: -1
Level 0, episode reward at step 57154: -1
Level 0, episode reward at step 57186: -1
Level 0, episode reward at step 58495: -1
Level 0, episode reward at step 59734: -1
Level 0, episode reward at step 59743: -1
Level 0, episode reward at step 59760: -1
Level 0, episode reward at step 59770: -1
Level 0, episode reward at step 60093: -1
Level 0, episode reward at step 60106: -1
Level 0, episode reward at step 60117: -1
Level 0, episode reward at step 60124: -1
Level 0, episode reward at step 60205: -1
Level 0, episode reward at step 60218: -1
Level 0, episode reward at step 61473: -1
Level 0, episode reward at step 62644: -1
Level 0, episode reward at step 62686: -1
Level 0, episode reward at step 64335: -1
Level 0, episode reward at step 64347: -1
Level 0, episode reward at step 65309: -1
Level 0, episode reward at step 66090: -1
Level 0, episode reward at step 67493: -1
Level 0, episode reward at step 69224: -1
Level 0, episode reward at step 70474: -1
Level 0, episode reward at step 71769: -1
Level 0, episode reward at step 73221: -1
Level 0, episode reward at step 73383: -1
Level 0, episode reward at step 73400: -1
New Best Reward: -1
Level 0, episode reward at step 74369: -1
Level 0, episode reward at step 74462: -1
Level 0, episode reward at step 75002: -1
Level 0, episode reward at step 75034: -1
Level 0, episode reward at step 75066: -1
Level 0, episode reward at step 75098: -1
Level 0, episode reward at step 75130: -1
Level 0, episode reward at step 75162: -1
Level 0, episode reward at step 75566: -1
Level 0, episode reward at step 76140: -1
Level 0, episode reward at step 76149: -1
Level 0, episode reward at step 76590: -1
Level 0, episode reward at step 77032: -1
Level 0, episode reward at step 77201: -1
Level 0, episode reward at step 77556: -1
Level 0, episode reward at step 78672: -1
Level 0, episode reward at step 80492: -1
Level 0, episode reward at step 82490: -1
Level 0, episode reward at step 82497: -1
Level 0, episode reward at step 82539: -1
Level 0, episode reward at step 83087: -1
Level 0, episode reward at step 84771: -1
Level 0, episode reward at step 85245: -1
Level 0, episode reward at step 85809: -1
Level 0, episode reward at step 87807: -1
Level 0, episode reward at step 89018: -1
Level 0, episode reward at step 90636: -1
Level 0, episode reward at step 91886: -1
Level 0, episode reward at step 93240: -1
Level 0, episode reward at step 94856: -1
Level 0, episode reward at step 96523: -1
Level 0, episode reward at step 98521: -1
Level 0, episode reward at step 99636: -1
Level 0, episode reward at step 99982: -1
Level 0, episode reward at step 101980: -1
Level 0, episode reward at step 103978: -1
Level 0, episode reward at step 103992: -1
Level 0, episode reward at step 103998: -1
Level 0, episode reward at step 104006: -1
Level 0, episode reward at step 104014: -1
Level 0, episode reward at step 104020: -1
Level 0, episode reward at step 104026: -1
Level 0, episode reward at step 104033: -1
Level 0, episode reward at step 105147: -1
Level 0, episode reward at step 106430: -1
Level 0, episode reward at step 108428: -1
Level 0, episode reward at step 108841: -1
Level 0, episode reward at step 110489: -1
Level 0, episode reward at step 112487: -1
Level 0, episode reward at step 112496: -1
Level 0, episode reward at step 114494: -1
Level 0, episode reward at step 116492: -1
Level 0, episode reward at step 118490: -1
Level 0, episode reward at step 118498: -1
Level 0, episode reward at step 118506: -1
Level 0, episode reward at step 120504: -1
Level 0, episode reward at step 122502: -1
Level 0, episode reward at step 124500: -1
New Best Reward: -1
Level 0, episode reward at step 124514: -1
Level 0, episode reward at step 124685: -1
Level 0, episode reward at step 124702: -1
Level 0, episode reward at step 124738: -1
Level 0, episode reward at step 124745: -1
Level 0, episode reward at step 124759: -1
Level 0, episode reward at step 124773: -1
Level 0, episode reward at step 126771: -1
Level 0, episode reward at step 128769: -1
Level 0, episode reward at step 130767: -1
Level 0, episode reward at step 132765: -1
Level 0, episode reward at step 132772: -1
Level 0, episode reward at step 132782: -1
Level 0, episode reward at step 132789: -1
Level 0, episode reward at step 134786: -1
Level 0, episode reward at step 136784: -1
Level 0, episode reward at step 138782: -1
Level 0, episode reward at step 138794: -1
Level 0, episode reward at step 138805: -1
Level 0, episode reward at step 138813: -1
Level 0, episode reward at step 140811: -1
Level 0, episode reward at step 141389: -1
Level 0, episode reward at step 141402: -1
Level 0, episode reward at step 143400: -1
New Best Reward: -1
Level 0, episode reward at step 145398: -1
Level 0, episode reward at step 147317: -1
Level 0, episode reward at step 147484: -1
Level 0, episode reward at step 148817: -1
Level 0, episode reward at step 150815: -1
Level 0, episode reward at step 150822: -1
Level 0, episode reward at step 150829: -1
Level 0, episode reward at step 150836: -1
Level 0, episode reward at step 150841: -1
Level 0, episode reward at step 150846: -1
Level 0, episode reward at step 150853: -1
Level 0, episode reward at step 152851: -1
Level 0, episode reward at step 154849: -1
Level 0, episode reward at step 156847: -1
Level 0, episode reward at step 158845: -1
Level 0, episode reward at step 160843: -1
Level 0, episode reward at step 162841: -1
Level 0, episode reward at step 164839: -1
Level 0, episode reward at step 166837: -1
Level 0, episode reward at step 168653: -1
Level 0, episode reward at step 170651: -1
Level 0, episode reward at step 172649: -1
Level 0, episode reward at step 174647: -1
Level 0, episode reward at step 174655: -1
Level 0, episode reward at step 174662: -1
Level 0, episode reward at step 176660: -1
Level 0, episode reward at step 178658: -1
Level 0, episode reward at step 180656: -1
Level 0, episode reward at step 182654: -1
Level 0, episode reward at step 184652: -1
Level 0, episode reward at step 186650: -1
Level 0, episode reward at step 188648: -1
Level 0, episode reward at step 190646: -1
Level 0, episode reward at step 192644: -1
Level 0, episode reward at step 194642: -1
Level 0, episode reward at step 196640: -1
Level 0, episode reward at step 198638: -1
Level 0, episode reward at step 198649: -1
Level 0, episode reward at step 200647: -1
Level 0, episode reward at step 202645: -1
Level 0, episode reward at step 204643: -1
Level 0, episode reward at step 206641: -1
Level 0, episode reward at step 206654: -1
Level 0, episode reward at step 208652: -1
Level 0, episode reward at step 208664: -1
Level 0, episode reward at step 208676: -1
Level 0, episode reward at step 208688: -1
Level 0, episode reward at step 208700: -1
New Best Reward: -1
Level 0, episode reward at step 208712: -1
Level 0, episode reward at step 208724: -1
Level 0, episode reward at step 208746: -1
Level 0, episode reward at step 208758: -1
Level 0, episode reward at step 210756: -1
Level 0, episode reward at step 212754: -1
Level 0, episode reward at step 214751: -1
Level 0, episode reward at step 214776: -1
Level 0, episode reward at step 216774: -1
Level 0, episode reward at step 218772: -1
Level 0, episode reward at step 220770: -1
Level 0, episode reward at step 222768: -1
Level 0, episode reward at step 224766: -1
Level 0, episode reward at step 226764: -1
Level 0, episode reward at step 228762: -1
Level 0, episode reward at step 230760: -1
Level 0, episode reward at step 232758: -1
Level 0, episode reward at step 234756: -1
Level 0, episode reward at step 236754: -1
Level 0, episode reward at step 238752: -1
Level 0, episode reward at step 240750: -1
Level 0, episode reward at step 242748: -1
Level 0, episode reward at step 244746: -1
Level 0, episode reward at step 246744: -1
Level 0, episode reward at step 248742: -1
Level 0, episode reward at step 250740: -1
Level 0, episode reward at step 252738: -1
Level 0, episode reward at step 254736: -1
Level 0, episode reward at step 256734: -1
Level 0, episode reward at step 258732: -1
Level 0, episode reward at step 260730: -1
Level 0, episode reward at step 262728: -1
Level 0, episode reward at step 264726: -1
Level 0, episode reward at step 266724: -1
Level 0, episode reward at step 268722: -1
Level 0, episode reward at step 270720: -1
Level 0, episode reward at step 272718: -1
Level 0, episode reward at step 274716: -1
Level 0, episode reward at step 276714: -1
Level 0, episode reward at step 278712: -1
Level 0, episode reward at step 280710: -1
Level 0, episode reward at step 282708: -1
Level 0, episode reward at step 284706: -1
Level 0, episode reward at step 286704: -1
Level 0, episode reward at step 288702: -1
Level 0, episode reward at step 290700: -1
New Best Reward: -1
Level 0, episode reward at step 292698: -1
Level 0, episode reward at step 294696: -1
Level 0, episode reward at step 296694: -1
slurmstepd: error: get_exit_code task 0 died by signal
