/n/home13/kevinwu/.conda/envs/pt27/lib/python2.7/site-packages/skimage/transform/_warps.py:105: UserWarning: The default mode, 'constant', will be changed to 'reflect' in skimage 0.15.
  warn("The default mode, 'constant', will be changed to 'reflect' in "
/n/home13/kevinwu/.conda/envs/pt27/lib/python2.7/site-packages/skimage/transform/_warps.py:110: UserWarning: Anti-aliasing will be enabled by default in skimage 0.15 to avoid aliasing artifacts when down-sampling images.
  warn("Anti-aliasing will be enabled by default in skimage 0.15 to "
Namespace(batch_size=32, criteria='1/1', cuda=1, doubleq=1, eps_decay=200.0, eps_end=0.1, eps_start=1, game_name='variant_plaqueattack_2', gamma=0.999, img_size=64, level_switch='sequential', lr=0.00025, max_mem=50000, max_steps=1000000.0, model_name='DQN', model_weight_path=None, num_episodes=20000, num_trials=1, pretrain=0, random_seed=7, target_update=100, test_mode=0, timeout=2000, trial_num='1')
Game: variant_plaqueattack_2
variant_plaqueattack_2
Training at seed = 1
Training Starting
-------------------------
Level 0, episode reward at step 259: -15
Level 0, episode reward at step 351: -1
Level 0, episode reward at step 564: -10
Level 0, episode reward at step 573: -1
Level 0, episode reward at step 584: -1
Level 0, episode reward at step 762: -1
Level 0, episode reward at step 999: -13
Level 0, episode reward at step 1098: -1
Level 0, episode reward at step 1286: -7
Level 0, episode reward at step 1488: -7
Level 0, episode reward at step 1525: -1
Level 0, episode reward at step 1754: -13
Level 0, episode reward at step 1957: -13
Level 0, episode reward at step 2147: -7
Level 0, episode reward at step 2390: -15
Level 0, episode reward at step 2613: -13
Level 0, episode reward at step 2842: -13
Level 0, episode reward at step 3041: -13
Level 0, episode reward at step 3314: -15
Level 0, episode reward at step 3537: -10
Level 0, episode reward at step 3780: -15
Level 0, episode reward at step 4027: -13
Level 0, episode reward at step 4246: -15
Level 0, episode reward at step 4467: -13
Level 0, episode reward at step 4718: -13
Level 0, episode reward at step 4931: -10
Level 0, episode reward at step 5138: -13
Level 0, episode reward at step 5405: -13
Level 0, episode reward at step 5620: -13
Level 0, episode reward at step 5833: -13
Level 0, episode reward at step 6064: -13
Level 0, episode reward at step 6263: -13
Level 0, episode reward at step 6498: -13
Level 0, episode reward at step 6793: -15
Level 0, episode reward at step 7058: -13
Level 0, episode reward at step 7319: -13
Level 0, episode reward at step 7580: -11
Level 0, episode reward at step 7813: -13
Level 0, episode reward at step 8036: -17
Level 0, episode reward at step 8291: -13
Level 0, episode reward at step 8550: -15
Level 0, episode reward at step 8805: -15
Level 0, episode reward at step 9024: -13
Level 0, episode reward at step 9255: -13
Level 0, episode reward at step 9534: -17
Level 0, episode reward at step 9781: -13
Level 0, episode reward at step 9984: -13
Level 0, episode reward at step 10247: -15
Level 0, episode reward at step 10470: -13
Level 0, episode reward at step 10731: -18
Level 0, episode reward at step 10916: -13
Level 0, episode reward at step 11155: -13
Level 0, episode reward at step 11406: -13
Level 0, episode reward at step 11597: -13
Level 0, episode reward at step 11816: -13
Level 0, episode reward at step 12023: -17
Level 0, episode reward at step 12272: -15
Level 0, episode reward at step 12527: -13
Level 0, episode reward at step 12750: -13
Level 0, episode reward at step 12993: -11
Level 0, episode reward at step 13298: -11
Level 0, episode reward at step 13509: -13
Level 0, episode reward at step 13736: -15
Level 0, episode reward at step 14007: -21
Level 0, episode reward at step 14206: -13
Level 0, episode reward at step 14459: -15
Level 0, episode reward at step 14768: -15
Level 0, episode reward at step 15100: -18
New Best Reward: -18
Next Level!
Level 1, episode reward at step 15104: -1
Level 1, episode reward at step 15207: -1
Level 1, episode reward at step 15214: -1
Level 1, episode reward at step 15219: -1
Level 1, episode reward at step 15476: -10
Level 1, episode reward at step 15479: -1
Level 1, episode reward at step 15482: -1
Level 1, episode reward at step 15485: -1
Level 1, episode reward at step 15488: -1
Level 1, episode reward at step 15491: -1
Level 1, episode reward at step 15494: -1
Level 1, episode reward at step 15497: -1
Level 1, episode reward at step 15786: -16
Level 1, episode reward at step 15793: -1
Level 1, episode reward at step 15848: -1
Level 1, episode reward at step 15863: -1
Level 1, episode reward at step 16272: -7
Level 1, episode reward at step 16563: -9
Level 1, episode reward at step 16816: -9
Level 1, episode reward at step 17251: -11
Level 1, episode reward at step 17470: -7
Level 1, episode reward at step 17787: -11
Level 1, episode reward at step 17790: -1
Level 1, episode reward at step 17793: -1
Level 1, episode reward at step 17796: -1
Level 1, episode reward at step 17799: -1
Level 1, episode reward at step 17802: -1
Level 1, episode reward at step 18121: -7
Level 1, episode reward at step 18525: -15
Level 1, episode reward at step 18544: -1
Level 1, episode reward at step 18921: -7
Level 1, episode reward at step 18941: -1
Level 1, episode reward at step 19220: -13
Level 1, episode reward at step 19311: 1
Level 1, episode reward at step 19328: -1
Level 1, episode reward at step 19336: -1
Level 1, episode reward at step 19355: -1
Level 1, episode reward at step 19360: -1
Level 1, episode reward at step 19380: 1
Level 1, episode reward at step 19388: -1
Level 1, episode reward at step 19397: -1
Level 1, episode reward at step 19406: -1
Level 1, episode reward at step 19412: -1
Level 1, episode reward at step 19741: -13
Level 1, episode reward at step 19782: -1
Level 1, episode reward at step 20097: -7
Level 1, episode reward at step 20396: -11
Level 1, episode reward at step 20691: -11
Level 1, episode reward at step 21018: -13
Level 1, episode reward at step 21172: -1
Level 1, episode reward at step 21419: -10
Level 1, episode reward at step 21423: -1
Level 1, episode reward at step 21440: -1
Level 1, episode reward at step 21489: -1
Level 1, episode reward at step 21496: -1
Level 1, episode reward at step 21743: -10
Level 1, episode reward at step 21763: -1
Level 1, episode reward at step 22136: -11
Level 1, episode reward at step 22145: -1
Level 1, episode reward at step 22210: -1
Level 1, episode reward at step 22219: -1
Level 1, episode reward at step 22281: -1
Level 1, episode reward at step 22284: -1
Level 1, episode reward at step 22287: -1
Level 1, episode reward at step 22290: -1
Level 1, episode reward at step 22293: -1
Level 1, episode reward at step 22296: -1
Level 1, episode reward at step 22299: -1
Level 1, episode reward at step 22302: -1
Level 1, episode reward at step 22305: -1
Level 1, episode reward at step 22308: -1
Level 1, episode reward at step 22311: -1
Level 1, episode reward at step 22314: -1
Level 1, episode reward at step 22317: -1
Level 1, episode reward at step 22320: -1
Level 1, episode reward at step 22323: -1
Level 1, episode reward at step 22326: -1
Level 1, episode reward at step 22329: -1
Level 1, episode reward at step 22332: -1
Level 1, episode reward at step 22489: -4
Level 1, episode reward at step 22546: -1
Level 1, episode reward at step 22803: -8
Level 1, episode reward at step 22820: -1
Level 1, episode reward at step 23163: -9
Level 1, episode reward at step 23174: -1
Level 1, episode reward at step 23181: -1
Level 1, episode reward at step 23186: -1
Level 1, episode reward at step 23531: -13
Level 1, episode reward at step 23536: -1
Level 1, episode reward at step 23897: -7
Level 1, episode reward at step 23919: -1
Level 1, episode reward at step 24077: -4
Level 1, episode reward at step 24082: -1
Level 1, episode reward at step 24087: -1
Level 1, episode reward at step 24092: -1
Level 1, episode reward at step 24171: -1
Level 1, episode reward at step 24182: -1
Level 1, episode reward at step 24481: -9
Level 1, episode reward at step 24506: -1
Level 1, episode reward at step 24511: -1
Level 1, episode reward at step 24516: -1
Level 1, episode reward at step 24524: -1
Level 1, episode reward at step 24537: -1
Level 1, episode reward at step 24562: -1
Level 1, episode reward at step 24571: -1
Level 1, episode reward at step 24896: -7
Level 1, episode reward at step 25116: 0
Level 1, episode reward at step 25124: -1
Level 1, episode reward at step 25133: -1
Level 1, episode reward at step 25142: -1
Level 1, episode reward at step 25200: -1
New Best Reward: -1
Level 1, episode reward at step 25263: -1
Level 1, episode reward at step 25332: -1
Level 1, episode reward at step 25405: -1
Level 1, episode reward at step 25480: -1
Level 1, episode reward at step 25769: -1
Level 1, episode reward at step 25772: -1
Level 1, episode reward at step 25775: -1
Level 1, episode reward at step 25778: -1
Level 1, episode reward at step 25781: -1
Level 1, episode reward at step 26044: -11
Level 1, episode reward at step 26405: -7
Level 1, episode reward at step 26412: -1
Level 1, episode reward at step 26691: -13
Level 1, episode reward at step 26710: -1
Level 1, episode reward at step 27115: -11
Level 1, episode reward at step 27123: -1
Level 1, episode reward at step 27129: -1
Level 1, episode reward at step 27360: -3
Level 1, episode reward at step 27367: -1
Level 1, episode reward at step 27718: -13
Level 1, episode reward at step 27831: -1
Level 1, episode reward at step 27862: -1
Level 1, episode reward at step 27895: -1
Level 1, episode reward at step 27925: -1
Level 1, episode reward at step 28310: -13
Level 1, episode reward at step 28335: -1
Level 1, episode reward at step 28452: -1
Level 1, episode reward at step 28466: -1
Level 1, episode reward at step 28648: -2
Level 1, episode reward at step 28653: -1
Level 1, episode reward at step 28658: -1
Level 1, episode reward at step 28679: -1
Level 1, episode reward at step 28888: 0
Level 1, episode reward at step 29255: -7
Level 1, episode reward at step 29270: -1
Level 1, episode reward at step 29627: -15
Level 1, episode reward at step 29636: -1
Level 1, episode reward at step 29705: -1
Level 1, episode reward at step 30050: -13
Level 1, episode reward at step 30058: -1
Level 1, episode reward at step 30409: -11
Level 1, episode reward at step 30470: -1
Level 1, episode reward at step 30853: -10
Level 1, episode reward at step 31202: -3
Level 1, episode reward at step 31259: -1
Level 1, episode reward at step 31296: -1
Level 1, episode reward at step 31372: -1
Level 1, episode reward at step 31377: -1
Level 1, episode reward at step 31730: -13
Level 1, episode reward at step 31771: -1
Level 1, episode reward at step 31806: -1
Level 1, episode reward at step 32069: 9
Level 1, episode reward at step 32078: -1
Level 1, episode reward at step 32111: -1
Level 1, episode reward at step 32154: -1
Level 1, episode reward at step 32163: -1
Level 1, episode reward at step 32173: -1
Level 1, episode reward at step 32270: -1
Level 1, episode reward at step 32307: -1
Level 1, episode reward at step 32322: -1
Level 1, episode reward at step 32359: -1
Level 1, episode reward at step 32374: -1
Level 1, episode reward at step 32381: -1
Level 1, episode reward at step 32388: -1
Level 1, episode reward at step 32699: -3
Level 1, episode reward at step 32998: -7
Level 1, episode reward at step 33511: -5
Level 1, episode reward at step 33514: -1
Level 1, episode reward at step 33673: -4
Level 1, episode reward at step 34006: 1
Level 1, episode reward at step 34409: -7
Level 1, episode reward at step 34538: 1
Level 1, episode reward at step 34871: -1
Level 1, episode reward at step 34875: -1
Level 1, episode reward at step 34879: -1
Level 1, episode reward at step 34887: -1
Level 1, episode reward at step 34945: -1
Level 1, episode reward at step 35014: -1
Level 1, episode reward at step 35451: -7
Level 1, episode reward at step 37449: 5
Level 1, episode reward at step 37454: -1
Level 1, episode reward at step 37773: -7
Level 1, episode reward at step 37782: -1
Level 1, episode reward at step 37819: -1
Level 1, episode reward at step 37846: -1
Level 1, episode reward at step 38201: -11
Level 1, episode reward at step 38206: -1
Level 1, episode reward at step 38211: -1
Level 1, episode reward at step 38540: -13
Level 1, episode reward at step 38827: -7
Level 1, episode reward at step 39114: -13
Level 1, episode reward at step 39473: -13
Level 1, episode reward at step 39506: -1
Level 1, episode reward at step 39895: -7
Level 1, episode reward at step 40088: -4
Level 1, episode reward at step 40165: -1
Level 1, episode reward at step 40172: -1
Level 1, episode reward at step 40179: -1
Level 1, episode reward at step 40186: -1
Level 1, episode reward at step 40471: -13
Level 1, episode reward at step 40916: -7
Level 1, episode reward at step 40919: -1
Level 1, episode reward at step 41024: -1
Level 1, episode reward at step 41123: -1
Level 1, episode reward at step 41426: -9
Level 1, episode reward at step 41727: -7
Level 1, episode reward at step 42182: -7
Level 1, episode reward at step 42215: -1
Level 1, episode reward at step 42230: -1
Level 1, episode reward at step 42269: -1
Level 1, episode reward at step 42308: -1
Level 1, episode reward at step 42637: -9
Level 1, episode reward at step 42916: -10
Level 1, episode reward at step 42923: -1
Level 1, episode reward at step 42960: -1
Level 1, episode reward at step 42967: -1
Level 1, episode reward at step 42974: -1
Level 1, episode reward at step 43235: -11
Level 1, episode reward at step 43244: -1
Level 1, episode reward at step 43255: -1
Level 1, episode reward at step 43268: -1
Level 1, episode reward at step 43641: -7
Level 1, episode reward at step 44066: -1
Level 1, episode reward at step 44439: -3
Level 1, episode reward at step 44464: -1
Level 1, episode reward at step 44501: 1
Level 1, episode reward at step 44614: -1
Level 1, episode reward at step 44921: -5
Level 1, episode reward at step 45120: 0
Level 1, episode reward at step 45509: -9
Level 1, episode reward at step 45708: -2
Level 1, episode reward at step 45817: -1
Level 1, episode reward at step 45856: -1
Level 1, episode reward at step 45961: -1
Level 1, episode reward at step 46274: -9
Level 1, episode reward at step 46287: -1
Level 1, episode reward at step 46710: -2
Level 1, episode reward at step 46717: -1
Level 1, episode reward at step 47016: -13
Level 1, episode reward at step 47127: -1
Level 1, episode reward at step 47137: -1
Level 1, episode reward at step 47178: -1
Level 1, episode reward at step 47573: -7
Level 1, episode reward at step 47964: -1
Level 1, episode reward at step 48317: -5
Level 1, episode reward at step 48610: -11
Level 1, episode reward at step 48613: -1
Level 1, episode reward at step 48898: -11
Level 1, episode reward at step 48905: -1
Level 1, episode reward at step 48910: -1
Level 1, episode reward at step 48915: -1
Level 1, episode reward at step 48920: -1
Level 1, episode reward at step 48925: -1
Level 1, episode reward at step 48930: -1
Level 1, episode reward at step 48965: -1
Level 1, episode reward at step 49344: -11
Level 1, episode reward at step 49357: -1
Level 1, episode reward at step 49362: -1
Level 1, episode reward at step 49367: -1
Level 1, episode reward at step 49372: -1
Level 1, episode reward at step 49377: -1
Level 1, episode reward at step 49382: -1
Level 1, episode reward at step 49387: -1
Level 1, episode reward at step 49392: -1
Level 1, episode reward at step 49397: -1
Level 1, episode reward at step 49402: -1
Level 1, episode reward at step 49407: -1
Level 1, episode reward at step 49450: 1
Level 1, episode reward at step 49783: -9
Level 1, episode reward at step 50098: -7
Level 1, episode reward at step 50105: -1
Level 1, episode reward at step 50214: -1
Level 1, episode reward at step 50591: -3
Level 1, episode reward at step 50904: -9
Level 1, episode reward at step 51089: 3
Level 1, episode reward at step 51202: -1
Level 1, episode reward at step 51320: -1
Level 1, episode reward at step 51499: 7
Level 1, episode reward at step 51794: -14
Level 1, episode reward at step 51807: -1
Level 1, episode reward at step 51920: -1
Level 1, episode reward at step 51947: -1
Level 1, episode reward at step 52204: -15
Level 1, episode reward at step 52585: -11
Level 1, episode reward at step 52683: -1
Level 1, episode reward at step 52692: -1
Level 1, episode reward at step 52767: -1
Level 1, episode reward at step 53022: -9
Level 1, episode reward at step 53127: 3
Level 1, episode reward at step 53166: -1
Level 1, episode reward at step 53177: -1
Level 1, episode reward at step 53216: -1
Level 1, episode reward at step 53243: -1
Level 1, episode reward at step 53548: -11
Level 1, episode reward at step 53817: -13
Level 1, episode reward at step 54118: -9
Level 1, episode reward at step 54132: -1
Level 1, episode reward at step 54272: 3
Level 1, episode reward at step 54427: 2
Level 1, episode reward at step 54432: -1
Level 1, episode reward at step 54507: -1
Level 1, episode reward at step 54522: -1
Level 1, episode reward at step 54589: -1
Level 1, episode reward at step 54607: -1
Level 1, episode reward at step 54626: -1
Level 1, episode reward at step 54645: -1
Level 1, episode reward at step 54666: 1
Level 1, episode reward at step 54821: -1
Level 1, episode reward at step 55160: -9
Level 1, episode reward at step 55241: -1
Level 1, episode reward at step 55556: -12
Level 1, episode reward at step 55777: -3
Level 1, episode reward at step 55781: -1
Level 1, episode reward at step 56086: -7
Level 1, episode reward at step 56351: -11
Level 1, episode reward at step 56362: -1
Level 1, episode reward at step 56367: -1
Level 1, episode reward at step 56412: 5
Level 1, episode reward at step 56825: -3
Level 1, episode reward at step 56834: -1
Level 1, episode reward at step 56841: -1
Level 1, episode reward at step 56850: -1
Level 1, episode reward at step 56861: -1
Level 1, episode reward at step 57134: -9
Level 1, episode reward at step 57549: -7
Level 1, episode reward at step 57840: -9
Level 1, episode reward at step 58199: -7
Level 1, episode reward at step 58298: -1
Level 1, episode reward at step 58319: -1
Level 1, episode reward at step 58364: 1
Level 1, episode reward at step 58699: -7
Level 1, episode reward at step 58732: -1
Level 1, episode reward at step 58769: -1
Level 1, episode reward at step 58858: -1
Level 1, episode reward at step 58883: -1
Level 1, episode reward at step 59226: -15
Level 1, episode reward at step 59284: -1
Level 1, episode reward at step 59294: -1
Level 1, episode reward at step 59303: -1
Level 1, episode reward at step 59638: -3
Level 1, episode reward at step 59953: -13
Level 1, episode reward at step 60266: -9
Level 1, episode reward at step 60277: -1
Level 1, episode reward at step 60642: -8
Level 1, episode reward at step 61075: -7
Level 1, episode reward at step 61530: -7
Level 1, episode reward at step 61827: -9
Level 1, episode reward at step 62156: -7
Level 1, episode reward at step 62443: -7
Level 1, episode reward at step 62782: -7
Level 1, episode reward at step 63181: -7
Level 1, episode reward at step 63546: -9
Level 1, episode reward at step 63927: -7
Level 1, episode reward at step 64352: -7
Level 1, episode reward at step 64695: -7
Level 1, episode reward at step 65070: -1
Level 1, episode reward at step 65297: -7
Level 1, episode reward at step 65624: -12
Level 1, episode reward at step 66023: -7
Level 1, episode reward at step 66026: -1
Level 1, episode reward at step 66094: -1
Level 1, episode reward at step 66097: -1
Level 1, episode reward at step 66544: -7
Level 1, episode reward at step 66897: -9
Level 1, episode reward at step 66934: -1
Level 1, episode reward at step 67289: -7
Level 1, episode reward at step 67474: 1
Level 1, episode reward at step 67479: -1
Level 1, episode reward at step 67484: -1
Level 1, episode reward at step 67817: -1
Level 1, episode reward at step 67826: -1
Level 1, episode reward at step 67831: -1
Level 1, episode reward at step 67839: -1
Level 1, episode reward at step 67849: -1
Level 1, episode reward at step 68132: -11
Level 1, episode reward at step 68515: -9
Level 1, episode reward at step 68868: -5
Level 1, episode reward at step 69151: -13
Level 1, episode reward at step 69219: -1
Level 1, episode reward at step 69838: -2
Next Level!
Level 2, episode reward at step 69905: -1
Level 2, episode reward at step 70056: -1
Level 2, episode reward at step 70207: -1
Level 2, episode reward at step 70438: -3
Level 2, episode reward at step 70545: -1
Level 2, episode reward at step 70780: -13
Level 2, episode reward at step 71023: -8
Level 2, episode reward at step 71248: -11
Level 2, episode reward at step 71477: -9
Level 2, episode reward at step 71604: -1
Level 2, episode reward at step 71861: -7
Level 2, episode reward at step 72070: -9
Level 2, episode reward at step 72377: -1
Level 2, episode reward at step 72620: -1
Level 2, episode reward at step 72867: -3
Level 2, episode reward at step 73186: 5
Level 2, episode reward at step 73213: 1
Level 2, episode reward at step 73244: -1
Level 2, episode reward at step 73287: 1
Level 2, episode reward at step 73534: -5
Level 2, episode reward at step 73641: -1
Level 2, episode reward at step 73736: 3
Level 2, episode reward at step 73987: -13
Level 2, episode reward at step 74094: 1
Level 2, episode reward at step 74325: -5
Level 2, episode reward at step 74538: -13
Level 2, episode reward at step 74645: 1
Level 2, episode reward at step 74900: -9
New Best Reward: -9
Level 2, episode reward at step 75019: 3
Level 2, episode reward at step 75236: -13
Level 2, episode reward at step 75489: -3
Level 2, episode reward at step 75730: -11
Level 2, episode reward at step 75993: -13
Level 2, episode reward at step 76260: -5
Level 2, episode reward at step 76471: -13
Level 2, episode reward at step 76696: -13
Level 2, episode reward at step 77011: -11
Level 2, episode reward at step 77266: -9
Level 2, episode reward at step 77449: -4
Level 2, episode reward at step 77712: -13
Level 2, episode reward at step 77963: -7
Level 2, episode reward at step 78258: 1
Level 2, episode reward at step 78499: -11
Level 2, episode reward at step 78734: -11
Level 2, episode reward at step 78957: -2
Level 2, episode reward at step 79208: -13
Level 2, episode reward at step 79423: -13
Level 2, episode reward at step 79722: -5
Level 2, episode reward at step 79961: -11
Level 2, episode reward at step 80204: -13
Level 2, episode reward at step 80483: -22
Level 2, episode reward at step 80489: -1
Level 2, episode reward at step 80492: -1
Level 2, episode reward at step 80707: -13
Level 2, episode reward at step 80922: -13
Level 2, episode reward at step 81173: -7
Level 2, episode reward at step 81410: -11
Level 2, episode reward at step 81671: -13
Level 2, episode reward at step 81880: -11
Level 2, episode reward at step 82103: -13
Level 2, episode reward at step 82308: -13
Level 2, episode reward at step 82551: -7
Level 2, episode reward at step 82782: -13
Level 2, episode reward at step 83021: -13
Level 2, episode reward at step 83220: -13
Level 2, episode reward at step 83483: -16
Level 2, episode reward at step 83708: -13
Level 2, episode reward at step 83801: -1
Level 2, episode reward at step 84040: -13
Level 2, episode reward at step 84267: -9
Level 2, episode reward at step 84492: -13
Level 2, episode reward at step 84725: -13
Level 2, episode reward at step 84924: -7
Level 2, episode reward at step 85093: 1
Level 2, episode reward at step 85320: -9
Level 2, episode reward at step 85563: -13
Level 2, episode reward at step 85776: -13
Level 2, episode reward at step 86003: -11
Level 2, episode reward at step 86052: -1
Level 2, episode reward at step 86060: -1
Level 2, episode reward at step 86063: -1
Level 2, episode reward at step 86067: -1
Level 2, episode reward at step 86070: -1
Level 2, episode reward at step 86073: -1
Level 2, episode reward at step 86076: -1
Level 2, episode reward at step 86079: -1
Level 2, episode reward at step 86082: -1
Level 2, episode reward at step 86085: -1
Level 2, episode reward at step 86088: -1
Level 2, episode reward at step 86092: -1
Level 2, episode reward at step 86095: -1
Level 2, episode reward at step 86326: -11
Level 2, episode reward at step 86393: -1
Level 2, episode reward at step 86611: -13
Level 2, episode reward at step 86722: -1
Level 2, episode reward at step 86983: -5
Level 2, episode reward at step 87218: -13
Level 2, episode reward at step 87449: -13
Level 2, episode reward at step 87644: -10
Level 2, episode reward at step 87755: -1
Level 2, episode reward at step 87866: -1
Level 2, episode reward at step 87977: -1
Level 2, episode reward at step 88190: -13
Level 2, episode reward at step 88437: -7
Level 2, episode reward at step 88489: -1
Level 2, episode reward at step 88600: -1
New Best Reward: -1
Level 2, episode reward at step 88637: -1
Level 2, episode reward at step 88976: 3
Level 2, episode reward at step 89015: -1
Level 2, episode reward at step 89258: -11
Level 2, episode reward at step 89363: -1
Level 2, episode reward at step 89398: -1
Level 2, episode reward at step 89501: -1
Level 2, episode reward at step 89602: -1
Level 2, episode reward at step 89699: -1
Level 2, episode reward at step 89730: -1
Level 2, episode reward at step 89735: -1
Level 2, episode reward at step 90042: -2
Level 2, episode reward at step 90297: -1
Level 2, episode reward at step 90564: -9
Level 2, episode reward at step 90602: -1
Level 2, episode reward at step 90801: -8
Level 2, episode reward at step 91016: -13
Level 2, episode reward at step 91215: -4
Level 2, episode reward at step 91438: -13
Level 2, episode reward at step 91637: -7
Level 2, episode reward at step 91742: -1
Level 2, episode reward at step 91851: -1
Level 2, episode reward at step 92066: -11
Level 2, episode reward at step 92301: -13
Level 2, episode reward at step 92341: -1
Level 2, episode reward at step 92452: -1
Level 2, episode reward at step 92687: -13
Level 2, episode reward at step 92886: -10
Level 2, episode reward at step 93111: -9
Level 2, episode reward at step 93114: -1
Level 2, episode reward at step 93117: -1
Level 2, episode reward at step 93121: -1
Level 2, episode reward at step 93124: -1
Level 2, episode reward at step 93127: -1
Level 2, episode reward at step 93130: -1
Level 2, episode reward at step 93353: -13
Level 2, episode reward at step 93584: -9
Level 2, episode reward at step 93843: -13
Level 2, episode reward at step 94054: -13
Level 2, episode reward at step 94277: -13
Level 2, episode reward at step 94388: -1
Level 2, episode reward at step 94587: -10
Level 2, episode reward at step 94848: -7
Level 2, episode reward at step 94883: -1
Level 2, episode reward at step 95070: 2
Level 2, episode reward at step 95291: -13
Level 2, episode reward at step 95502: -13
Level 2, episode reward at step 95603: -1
Level 2, episode reward at step 95802: -10
Level 2, episode reward at step 95911: -1
Level 2, episode reward at step 96186: -7
Level 2, episode reward at step 96331: 1
Level 2, episode reward at step 96566: -13
Level 2, episode reward at step 96773: -13
Level 2, episode reward at step 96984: 29
Next Level!
Level 3, episode reward at step 97441: 5
Level 3, episode reward at step 97760: -19
Level 3, episode reward at step 98097: -19
Level 3, episode reward at step 98396: -19
Level 3, episode reward at step 98699: 1
Level 3, episode reward at step 98934: -19
Level 3, episode reward at step 99207: -19
Level 3, episode reward at step 99528: -14
Level 3, episode reward at step 99791: -17
Level 3, episode reward at step 100116: -19
Level 3, episode reward at step 100485: -19
Level 3, episode reward at step 100766: -15
Level 3, episode reward at step 101069: -10
Level 3, episode reward at step 101304: -19
Level 3, episode reward at step 101595: -15
Level 3, episode reward at step 101777: -4
Level 3, episode reward at step 101796: -1
Level 3, episode reward at step 101818: -1
Level 3, episode reward at step 102312: -1
Next Level!
Level 4, episode reward at step 102481: 8
Level 4, episode reward at step 102730: -20
Level 4, episode reward at step 102737: -1
Level 4, episode reward at step 102744: -1
Level 4, episode reward at step 102897: 23
Level 4, episode reward at step 103006: 3
Level 4, episode reward at step 103201: -28
Level 4, episode reward at step 103348: 4
Level 4, episode reward at step 103471: 7
Level 4, episode reward at step 103484: -1
Level 4, episode reward at step 103500: -1
New Best Reward: -1
Level 4, episode reward at step 103511: -1
Level 4, episode reward at step 103520: -1
Level 4, episode reward at step 103597: -1
Level 4, episode reward at step 103608: -1
Level 4, episode reward at step 103791: -28
Level 4, episode reward at step 104274: 4
Level 4, episode reward at step 104473: -14
Level 4, episode reward at step 104706: -12
Level 4, episode reward at step 104913: -22
Level 4, episode reward at step 105154: -24
Level 4, episode reward at step 105347: -31
Level 4, episode reward at step 105558: -28
Level 4, episode reward at step 105779: -26
Level 4, episode reward at step 106064: 0
Level 4, episode reward at step 106291: -9
Level 4, episode reward at step 106446: -14
Level 4, episode reward at step 106643: -17
Level 4, episode reward at step 106694: -1
Level 4, episode reward at step 107021: -2
Level 4, episode reward at step 107028: -1
Level 4, episode reward at step 107221: -28
Level 4, episode reward at step 107434: 6
Level 4, episode reward at step 107613: -28
Level 4, episode reward at step 107640: -1
Level 4, episode reward at step 107853: -24
Level 4, episode reward at step 107878: -1
Level 4, episode reward at step 108079: -28
Level 4, episode reward at step 108292: -20
Level 4, episode reward at step 108555: -22
Level 4, episode reward at step 108632: -1
Level 4, episode reward at step 108853: -28
Level 4, episode reward at step 109068: -22
Level 4, episode reward at step 109269: -18
Level 4, episode reward at step 109312: -1
Level 4, episode reward at step 109505: -28
Level 4, episode reward at step 109656: 21
Level 4, episode reward at step 109847: -28
Level 4, episode reward at step 110058: -22
Level 4, episode reward at step 110222: -13
Level 4, episode reward at step 110425: -22
Level 4, episode reward at step 110738: 0
Level 4, episode reward at step 111335: 8
Level 4, episode reward at step 111578: -30
Level 4, episode reward at step 111715: -3
Level 4, episode reward at step 111906: -16
Level 4, episode reward at step 112101: -26
Level 4, episode reward at step 112338: -22
Level 4, episode reward at step 112529: -26
Level 4, episode reward at step 112722: -28
Level 4, episode reward at step 112921: -24
Level 4, episode reward at step 113134: -24
Level 4, episode reward at step 113183: -1
Level 4, episode reward at step 113323: 13
Level 4, episode reward at step 113540: -26
Level 4, episode reward at step 113741: -24
Level 4, episode reward at step 113962: -10
Level 4, episode reward at step 113981: 1
Level 4, episode reward at step 113994: -1
Level 4, episode reward at step 114007: -1
Level 4, episode reward at step 114020: -1
Level 4, episode reward at step 114065: -1
Level 4, episode reward at step 114270: -20
Level 4, episode reward at step 114467: -16
Level 4, episode reward at step 114670: -28
Level 4, episode reward at step 114875: -28
Level 4, episode reward at step 115080: -28
Level 4, episode reward at step 115293: -26
Level 4, episode reward at step 115530: -26
Level 4, episode reward at step 115747: -28
Level 4, episode reward at step 115970: -26
Level 4, episode reward at step 116211: -24
Level 4, episode reward at step 116436: -29
Level 4, episode reward at step 116655: -28
Level 4, episode reward at step 116668: -1
Level 4, episode reward at step 116685: -1
Level 4, episode reward at step 116894: -26
Level 4, episode reward at step 117089: -28
Level 4, episode reward at step 117308: -18
Level 4, episode reward at step 117533: -26
Level 4, episode reward at step 117546: -1
Level 4, episode reward at step 117565: -1
Level 4, episode reward at step 117583: -1
Level 4, episode reward at step 117802: -28
Level 4, episode reward at step 117915: -1
Level 4, episode reward at step 118024: -1
Level 4, episode reward at step 118319: -12
Level 4, episode reward at step 118350: -1
Level 4, episode reward at step 118381: -1
Level 4, episode reward at step 118566: -28
Level 4, episode reward at step 118771: -25
Level 4, episode reward at step 118784: -1
Level 4, episode reward at step 118797: -1
Level 4, episode reward at step 119014: -26
Level 4, episode reward at step 119087: -1
Level 4, episode reward at step 119302: -21
Level 4, episode reward at step 119503: -24
Level 4, episode reward at step 119742: -8
Level 4, episode reward at step 119961: -26
Level 4, episode reward at step 119976: -1
Level 4, episode reward at step 120151: -28
Level 4, episode reward at step 120398: -16
Level 4, episode reward at step 120403: -1
Level 4, episode reward at step 120410: -1
Level 4, episode reward at step 120462: -1
Level 4, episode reward at step 120677: -20
Level 4, episode reward at step 120749: -1
Level 4, episode reward at step 120762: -1
Level 4, episode reward at step 121003: -12
Level 4, episode reward at step 121196: -24
Level 4, episode reward at step 121210: -1
Level 4, episode reward at step 121224: -1
Level 4, episode reward at step 121443: -24
Level 4, episode reward at step 121474: -1
Level 4, episode reward at step 121497: -1
Level 4, episode reward at step 121590: -1
Level 4, episode reward at step 121803: -26
Level 4, episode reward at step 121822: -1
Level 4, episode reward at step 121835: -1
Level 4, episode reward at step 121846: -1
Level 4, episode reward at step 121863: -1
Level 4, episode reward at step 121884: -1
Level 4, episode reward at step 122112: -5
Level 4, episode reward at step 122183: -1
Level 4, episode reward at step 122230: -1
Level 4, episode reward at step 122253: -1
Level 4, episode reward at step 122270: -1
Level 4, episode reward at step 122281: -1
Level 4, episode reward at step 122494: -25
Level 4, episode reward at step 122547: 3
Level 4, episode reward at step 122570: -1
Level 4, episode reward at step 122853: -17
Level 4, episode reward at step 123084: -24
Level 4, episode reward at step 123099: -1
Level 4, episode reward at step 123126: -1
Level 4, episode reward at step 123151: -1
Level 4, episode reward at step 123192: -1
Level 4, episode reward at step 123201: -1
Level 4, episode reward at step 123430: -14
Level 4, episode reward at step 123623: -28
Level 4, episode reward at step 123648: -1
Level 4, episode reward at step 123673: -1
Level 4, episode reward at step 123698: -1
Level 4, episode reward at step 123726: -1
Level 4, episode reward at step 123821: -1
Level 4, episode reward at step 123838: -1
Level 4, episode reward at step 123851: -1
Level 4, episode reward at step 123893: -1
Level 4, episode reward at step 123906: -1
Level 4, episode reward at step 123921: -1
Level 4, episode reward at step 123934: -1
Level 4, episode reward at step 124129: -28
Level 4, episode reward at step 124141: -1
Level 4, episode reward at step 124354: -22
Level 4, episode reward at step 124378: -1
Level 4, episode reward at step 124449: -1
Level 4, episode reward at step 124518: -1
Level 4, episode reward at step 124571: -1
Level 4, episode reward at step 124634: 3
Level 4, episode reward at step 124647: -1
Level 4, episode reward at step 124752: 7
Level 4, episode reward at step 124777: -1
Level 4, episode reward at step 124788: -1
Level 4, episode reward at step 124961: -11
Level 4, episode reward at step 125064: 1
Level 4, episode reward at step 125075: -1
Level 4, episode reward at step 125084: -1
Level 4, episode reward at step 125165: 1
Level 4, episode reward at step 125180: -1
Level 4, episode reward at step 125193: -1
Level 4, episode reward at step 125238: -1
Level 4, episode reward at step 125275: -1
Level 4, episode reward at step 125326: -1
Level 4, episode reward at step 125531: -22
Level 4, episode reward at step 125546: -1
Level 4, episode reward at step 125571: -1
Level 4, episode reward at step 125786: -20
Level 4, episode reward at step 125798: -1
Level 4, episode reward at step 125813: -1
Level 4, episode reward at step 125825: -1
Level 4, episode reward at step 125874: 1
Level 4, episode reward at step 126041: -16
Level 4, episode reward at step 126048: -1
Level 4, episode reward at step 126054: -1
Level 4, episode reward at step 126061: -1
Level 4, episode reward at step 126067: -1
Level 4, episode reward at step 126158: 7
Level 4, episode reward at step 126289: 11
Level 4, episode reward at step 126530: -28
Level 4, episode reward at step 126747: -34
Level 4, episode reward at step 126944: -28
Level 4, episode reward at step 127177: -22
Level 4, episode reward at step 127215: -1
Level 4, episode reward at step 127238: -1
Level 4, episode reward at step 127265: -1
Level 4, episode reward at step 127388: 3
Level 4, episode reward at step 127593: -26
Level 4, episode reward at step 127814: -20
Level 4, episode reward at step 128011: -26
Level 4, episode reward at step 128032: -1
Level 4, episode reward at step 128077: 3
Level 4, episode reward at step 128098: -1
Level 4, episode reward at step 128327: -26
Level 4, episode reward at step 128376: -1
Level 4, episode reward at step 128749: -2
Learning Finished
Done training ALL!
