variant_plaqueattack_2
/n/home13/kevinwu/.conda/envs/pt27/lib/python2.7/site-packages/skimage/transform/_warps.py:105: UserWarning: The default mode, 'constant', will be changed to 'reflect' in skimage 0.15.
  warn("The default mode, 'constant', will be changed to 'reflect' in "
/n/home13/kevinwu/.conda/envs/pt27/lib/python2.7/site-packages/skimage/transform/_warps.py:110: UserWarning: Anti-aliasing will be enabled by default in skimage 0.15 to avoid aliasing artifacts when down-sampling images.
  warn("Anti-aliasing will be enabled by default in skimage 0.15 to "
Namespace(batch_size=32, criteria='1/1', cuda=1, doubleq=1, eps_decay=200.0, eps_end=0.1, eps_start=1, game_name='variant_plaqueattack_2', gamma=0.999, img_size=64, level_switch='sequential', lr=0.00025, max_mem=50000, max_steps=1000000.0, model_name='DQN', model_weight_path=None, num_episodes=20000, num_trials=1, pretrain=0, random_seed=7, target_update=100, test_mode=0, timeout=2000, trial_num='1')
Game: variant_plaqueattack_2
variant_plaqueattack_2
Training at seed = 1
Training Starting
-------------------------
Level 0, episode reward at step 275: -13
Level 0, episode reward at step 494: -9
Level 0, episode reward at step 723: -13
Level 0, episode reward at step 854: 1
Level 0, episode reward at step 907: -1
Level 0, episode reward at step 963: -1
Level 0, episode reward at step 983: -1
Level 0, episode reward at step 1105: -1
Level 0, episode reward at step 1340: -11
Level 0, episode reward at step 1465: -1
Level 0, episode reward at step 1496: -1
Level 0, episode reward at step 1717: -13
Level 0, episode reward at step 1826: -1
Level 0, episode reward at step 1954: 9
Level 0, episode reward at step 2003: -1
Level 0, episode reward at step 2184: 1
Level 0, episode reward at step 2206: -1
Level 0, episode reward at step 2332: 1
Level 0, episode reward at step 2373: -1
Level 0, episode reward at step 2407: -1
Level 0, episode reward at step 2443: -1
Level 0, episode reward at step 2690: -13
Level 0, episode reward at step 2849: 5
Level 0, episode reward at step 3019: 1
Level 0, episode reward at step 3214: -9
Level 0, episode reward at step 3397: 6
Level 0, episode reward at step 3524: 5
Level 0, episode reward at step 3737: -7
Level 0, episode reward at step 3846: 3
Level 0, episode reward at step 3917: -1
Level 0, episode reward at step 4038: 1
Level 0, episode reward at step 4090: -1
Level 0, episode reward at step 4225: 7
Level 0, episode reward at step 4260: -1
Level 0, episode reward at step 4539: -11
Level 0, episode reward at step 4656: -1
Level 0, episode reward at step 4905: -11
Level 0, episode reward at step 5076: -1
Level 0, episode reward at step 5157: -1
Level 0, episode reward at step 5196: -1
Level 0, episode reward at step 5437: -7
Level 0, episode reward at step 5650: -7
Level 0, episode reward at step 5956: -2
Next Level!
Level 1, episode reward at step 6011: -1
Level 1, episode reward at step 6016: -1
Level 1, episode reward at step 6021: -1
Level 1, episode reward at step 6026: -1
Level 1, episode reward at step 6031: -1
Level 1, episode reward at step 6526: -7
Level 1, episode reward at step 6885: -7
Level 1, episode reward at step 6889: -1
Level 1, episode reward at step 6893: -1
Level 1, episode reward at step 6898: -1
Level 1, episode reward at step 6905: -1
Level 1, episode reward at step 6910: -1
Level 1, episode reward at step 6919: -1
Level 1, episode reward at step 6924: -1
Level 1, episode reward at step 6929: -1
Level 1, episode reward at step 7332: -13
Level 1, episode reward at step 7629: -9
Level 1, episode reward at step 7635: -1
Level 1, episode reward at step 7641: -1
Level 1, episode reward at step 7840: 3
Level 1, episode reward at step 7851: -1
Level 1, episode reward at step 7874: -1
Level 1, episode reward at step 7883: -1
Level 1, episode reward at step 7893: -1
Level 1, episode reward at step 7936: -1
Level 1, episode reward at step 7950: -1
Level 1, episode reward at step 8002: -1
Level 1, episode reward at step 8103: -1
Level 1, episode reward at step 8254: 3
Level 1, episode reward at step 8303: -1
Level 1, episode reward at step 8326: -1
Level 1, episode reward at step 8333: -1
Level 1, episode reward at step 8343: -1
Level 1, episode reward at step 8360: -1
Level 1, episode reward at step 8451: -1
Level 1, episode reward at step 8510: -1
Level 1, episode reward at step 8521: -1
Level 1, episode reward at step 8532: -1
Level 1, episode reward at step 8672: -1
Level 1, episode reward at step 8892: -7
Level 1, episode reward at step 8912: -1
Level 1, episode reward at step 8979: -1
Level 1, episode reward at step 9006: -1
Level 1, episode reward at step 9232: -8
Level 1, episode reward at step 9243: -1
Level 1, episode reward at step 9250: -1
Level 1, episode reward at step 9257: -1
Level 1, episode reward at step 9262: -1
Level 1, episode reward at step 9277: -1
Level 1, episode reward at step 9282: -1
Level 1, episode reward at step 9313: -1
Level 1, episode reward at step 9320: -1
Level 1, episode reward at step 9327: -1
Level 1, episode reward at step 9340: -1
Level 1, episode reward at step 9347: -1
Level 1, episode reward at step 9354: -1
Level 1, episode reward at step 9407: -1
Level 1, episode reward at step 9428: -1
Level 1, episode reward at step 9443: -1
Level 1, episode reward at step 9449: -1
Level 1, episode reward at step 9455: -1
Level 1, episode reward at step 9466: -1
Level 1, episode reward at step 9481: -1
Level 1, episode reward at step 9487: -1
Level 1, episode reward at step 9500: -1
New Best Reward: -1
Level 1, episode reward at step 9811: -4
Level 1, episode reward at step 9822: -1
Level 1, episode reward at step 9863: -1
Level 1, episode reward at step 9871: -1
Level 1, episode reward at step 10282: -3
Level 1, episode reward at step 10314: -1
Level 1, episode reward at step 10319: -1
Level 1, episode reward at step 10324: -1
Level 1, episode reward at step 10475: 3
Level 1, episode reward at step 10496: -1
Level 1, episode reward at step 10505: -1
Level 1, episode reward at step 10514: -1
Level 1, episode reward at step 10524: -1
Level 1, episode reward at step 10693: -2
Level 1, episode reward at step 10702: -1
Level 1, episode reward at step 10723: -1
Level 1, episode reward at step 10774: -1
Level 1, episode reward at step 10809: -1
Level 1, episode reward at step 10944: 5
Level 1, episode reward at step 11057: 1
Level 1, episode reward at step 11066: -1
Level 1, episode reward at step 11075: -1
Level 1, episode reward at step 11114: -1
Level 1, episode reward at step 11351: -1
Level 1, episode reward at step 11531: 3
Level 1, episode reward at step 11538: -1
Level 1, episode reward at step 11550: -1
Level 1, episode reward at step 11559: -1
Level 1, episode reward at step 11579: -1
Level 1, episode reward at step 11590: -1
Level 1, episode reward at step 11607: 1
Level 1, episode reward at step 11614: -1
Level 1, episode reward at step 11659: -1
Level 1, episode reward at step 11676: 1
Level 1, episode reward at step 11695: -1
Level 1, episode reward at step 11709: -1
Level 1, episode reward at step 11724: -1
Level 1, episode reward at step 11739: -1
Level 1, episode reward at step 11751: -1
Level 1, episode reward at step 11768: -1
Level 1, episode reward at step 11780: -1
Level 1, episode reward at step 11791: -1
Level 1, episode reward at step 11800: -1
New Best Reward: -1
Level 1, episode reward at step 11833: -1
Level 1, episode reward at step 11908: -1
Level 1, episode reward at step 11915: -1
Level 1, episode reward at step 11920: -1
Level 1, episode reward at step 11928: -1
Level 1, episode reward at step 11946: -1
Level 1, episode reward at step 12041: -1
Level 1, episode reward at step 12133: -1
Level 1, episode reward at step 12158: -1
Level 1, episode reward at step 12184: -1
Level 1, episode reward at step 12199: -1
Level 1, episode reward at step 12232: 1
Level 1, episode reward at step 12237: -1
Level 1, episode reward at step 12241: -1
Level 1, episode reward at step 12253: -1
Level 1, episode reward at step 12326: -1
Level 1, episode reward at step 12347: -1
Level 1, episode reward at step 12364: -1
Level 1, episode reward at step 12383: -1
Level 1, episode reward at step 12393: -1
Level 1, episode reward at step 12492: -1
Level 1, episode reward at step 12497: -1
Level 1, episode reward at step 12520: -1
Level 1, episode reward at step 12535: 1
Level 1, episode reward at step 12545: -1
Level 1, episode reward at step 12552: -1
Level 1, episode reward at step 12571: -1
Level 1, episode reward at step 12592: -1
Level 1, episode reward at step 12642: -1
Level 1, episode reward at step 12689: -1
Level 1, episode reward at step 12704: -1
Level 1, episode reward at step 12728: -1
Level 1, episode reward at step 12731: -1
Level 1, episode reward at step 12734: -1
Level 1, episode reward at step 12737: -1
Level 1, episode reward at step 12740: -1
Level 1, episode reward at step 12743: -1
Level 1, episode reward at step 12758: -1
Level 1, episode reward at step 12766: -1
Level 1, episode reward at step 12779: -1
Level 1, episode reward at step 12842: -1
Level 1, episode reward at step 12887: -1
Level 1, episode reward at step 12902: -1
Level 1, episode reward at step 12913: -1
Level 1, episode reward at step 12941: -1
Level 1, episode reward at step 12962: -1
Level 1, episode reward at step 13025: 1
Level 1, episode reward at step 13036: -1
Level 1, episode reward at step 13121: -1
Level 1, episode reward at step 13291: 0
Level 1, episode reward at step 13294: -1
Level 1, episode reward at step 13317: -1
Level 1, episode reward at step 13320: -1
Level 1, episode reward at step 13323: -1
Level 1, episode reward at step 13326: -1
Level 1, episode reward at step 13351: -1
Level 1, episode reward at step 13356: -1
Level 1, episode reward at step 13458: -1
Level 1, episode reward at step 13481: -1
Level 1, episode reward at step 13528: -1
Level 1, episode reward at step 13547: -1
Level 1, episode reward at step 13570: -1
Level 1, episode reward at step 13583: -1
Level 1, episode reward at step 13665: -1
Level 1, episode reward at step 13678: -1
Level 1, episode reward at step 13744: -1
Level 1, episode reward at step 13749: -1
Level 1, episode reward at step 14000: -13
New Best Reward: -13
Level 1, episode reward at step 14015: -1
Level 1, episode reward at step 14036: -1
Level 1, episode reward at step 14053: -1
Level 1, episode reward at step 14068: -1
Level 1, episode reward at step 14077: -1
Level 1, episode reward at step 14086: -1
Level 1, episode reward at step 14127: -1
Level 1, episode reward at step 14164: -1
Level 1, episode reward at step 14202: -1
Level 1, episode reward at step 14279: -1
Level 1, episode reward at step 14298: -1
Level 1, episode reward at step 14379: -1
Level 1, episode reward at step 14392: -1
Level 1, episode reward at step 14437: -1
Level 1, episode reward at step 14480: -1
Level 1, episode reward at step 14599: 1
Level 1, episode reward at step 14608: -1
Level 1, episode reward at step 14624: -1
Level 1, episode reward at step 14640: -1
Level 1, episode reward at step 14661: -1
Level 1, episode reward at step 14676: -1
Level 1, episode reward at step 14691: -1
Level 1, episode reward at step 14730: -1
Level 1, episode reward at step 14736: -1
Level 1, episode reward at step 14751: -1
Level 1, episode reward at step 14794: -1
Level 1, episode reward at step 14817: -1
Level 1, episode reward at step 14829: -1
Level 1, episode reward at step 14840: -1
Level 1, episode reward at step 14868: -1
Level 1, episode reward at step 14875: -1
Level 1, episode reward at step 14968: 5
Level 1, episode reward at step 14991: -1
Level 1, episode reward at step 15085: -1
Level 1, episode reward at step 15092: -1
Level 1, episode reward at step 15099: -1
Level 1, episode reward at step 15185: -1
Level 1, episode reward at step 15208: -1
Level 1, episode reward at step 15229: -1
Level 1, episode reward at step 15264: -1
Level 1, episode reward at step 15377: 3
Level 1, episode reward at step 15394: -1
Level 1, episode reward at step 15410: -1
Level 1, episode reward at step 15426: -1
Level 1, episode reward at step 15433: -1
Level 1, episode reward at step 15442: -1
Level 1, episode reward at step 15451: -1
Level 1, episode reward at step 15468: -1
Level 1, episode reward at step 15507: -1
Level 1, episode reward at step 15612: -1
Level 1, episode reward at step 15661: -1
Level 1, episode reward at step 15676: -1
Level 1, episode reward at step 15748: -1
Level 1, episode reward at step 15783: -1
Level 1, episode reward at step 15809: -1
Level 1, episode reward at step 15906: -1
Level 1, episode reward at step 15931: -1
Level 1, episode reward at step 15944: -1
Level 1, episode reward at step 15963: -1
Level 1, episode reward at step 15984: -1
Level 1, episode reward at step 15997: -1
Level 1, episode reward at step 16018: -1
Level 1, episode reward at step 16033: -1
Level 1, episode reward at step 16061: 3
Level 1, episode reward at step 16082: -1
Level 1, episode reward at step 16106: -1
Level 1, episode reward at step 16140: -1
Level 1, episode reward at step 16597: 3
Level 1, episode reward at step 16612: -1
Level 1, episode reward at step 16621: -1
Level 1, episode reward at step 16731: 3
Level 1, episode reward at step 16752: -1
Level 1, episode reward at step 16765: -1
Level 1, episode reward at step 16794: -1
Level 1, episode reward at step 17012: 6
Level 1, episode reward at step 17059: -1
Level 1, episode reward at step 17378: 9
Next Level!
Level 2, episode reward at step 17455: -1
Level 2, episode reward at step 17636: 6
Level 2, episode reward at step 17751: -1
Level 2, episode reward at step 17880: 5
Level 2, episode reward at step 17975: -1
Level 2, episode reward at step 18248: 3
Level 2, episode reward at step 18293: -1
Level 2, episode reward at step 18330: -1
Level 2, episode reward at step 18365: -1
Level 2, episode reward at step 18394: -1
Level 2, episode reward at step 18405: -1
Level 2, episode reward at step 18599: 2
Level 2, episode reward at step 18771: 1
Level 2, episode reward at step 18892: 1
Level 2, episode reward at step 18925: -1
Level 2, episode reward at step 19032: -1
Level 2, episode reward at step 19335: 1
Level 2, episode reward at step 19372: -1
Level 2, episode reward at step 19408: -1
Level 2, episode reward at step 19445: -1
Level 2, episode reward at step 19498: -1
Level 2, episode reward at step 19537: -1
Level 2, episode reward at step 19592: -1
Level 2, episode reward at step 19761: 9
Level 2, episode reward at step 19864: 5
Level 2, episode reward at step 20083: -7
Level 2, episode reward at step 20157: -1
Level 2, episode reward at step 20240: -1
Level 2, episode reward at step 20277: -1
Level 2, episode reward at step 20450: 17
Level 2, episode reward at step 20489: -1
Level 2, episode reward at step 20610: -1
Level 2, episode reward at step 20805: 10
Level 2, episode reward at step 21024: -9
Level 2, episode reward at step 21027: -1
Level 2, episode reward at step 21084: -1
Level 2, episode reward at step 21379: 1
Level 2, episode reward at step 21599: 5
Level 2, episode reward at step 21682: 1
Level 2, episode reward at step 21723: -1
Level 2, episode reward at step 21768: -1
Level 2, episode reward at step 21823: -1
Level 2, episode reward at step 21972: 5
Level 2, episode reward at step 22013: -1
Level 2, episode reward at step 22048: 3
Level 2, episode reward at step 22108: -1
Level 2, episode reward at step 22197: -1
Level 2, episode reward at step 22241: -1
Level 2, episode reward at step 22364: 1
Level 2, episode reward at step 22643: 1
Level 2, episode reward at step 22694: -1
Level 2, episode reward at step 22907: -11
Level 2, episode reward at step 22952: -1
Level 2, episode reward at step 23155: -10
Level 2, episode reward at step 23262: -1
Level 2, episode reward at step 23489: -5
Level 2, episode reward at step 23540: -1
Level 2, episode reward at step 23652: 5
Level 2, episode reward at step 23763: -1
Level 2, episode reward at step 23873: -1
Level 2, episode reward at step 23914: 3
Level 2, episode reward at step 24117: -3
Level 2, episode reward at step 24380: -5
Level 2, episode reward at step 24501: 5
Level 2, episode reward at step 24634: 3
Level 2, episode reward at step 24857: -7
Level 2, episode reward at step 24936: 1
Level 2, episode reward at step 25169: -1
Level 2, episode reward at step 25275: 5
Level 2, episode reward at step 25458: 2
Level 2, episode reward at step 25645: 19
Level 2, episode reward at step 25826: 2
Level 2, episode reward at step 25867: 3
Level 2, episode reward at step 25960: -1
Level 2, episode reward at step 26159: -1
Level 2, episode reward at step 26430: -3
Level 2, episode reward at step 26713: 1
slurmstepd: error: *** JOB 59641277 ON aagk80gpu62 CANCELLED AT 2018-11-16T11:56:34 ***
