/n/home13/kevinwu/.conda/envs/pt27/lib/python2.7/site-packages/skimage/transform/_warps.py:105: UserWarning: The default mode, 'constant', will be changed to 'reflect' in skimage 0.15.
  warn("The default mode, 'constant', will be changed to 'reflect' in "
/n/home13/kevinwu/.conda/envs/pt27/lib/python2.7/site-packages/skimage/transform/_warps.py:110: UserWarning: Anti-aliasing will be enabled by default in skimage 0.15 to avoid aliasing artifacts when down-sampling images.
  warn("Anti-aliasing will be enabled by default in skimage 0.15 to "
Namespace(batch_size=32, criteria='1/1', cuda=1, doubleq=1, eps_decay=200.0, eps_end=0.1, eps_start=1, game_name='variant_frogs_1', gamma=0.999, img_size=64, level_switch='sequential', lr=0.00025, max_mem=50000, max_steps=1000000.0, model_name='DQN', model_weight_path=None, num_episodes=20000, num_trials=1, pretrain=0, random_seed=7, target_update=100, test_mode=0, timeout=2000, trial_num='1')
Game: variant_frogs_1
variant_frogs_1
Training at seed = 1
Training Starting
-------------------------
Level 0, episode reward at step 849: -1
Level 0, episode reward at step 897: -1
Level 0, episode reward at step 906: -1
Level 0, episode reward at step 964: -1
Level 0, episode reward at step 1006: -1
Level 0, episode reward at step 1054: -1
Level 0, episode reward at step 1083: -1
Level 0, episode reward at step 1199: -1
Level 0, episode reward at step 1224: -1
Level 0, episode reward at step 1266: -1
Level 0, episode reward at step 1637: -1
Level 0, episode reward at step 1679: -1
Level 0, episode reward at step 1683: -1
Level 0, episode reward at step 1696: -1
Level 0, episode reward at step 1735: -1
Level 0, episode reward at step 2264: -1
Level 0, episode reward at step 2286: -1
Level 0, episode reward at step 2772: -1
Level 0, episode reward at step 2814: -1
Level 0, episode reward at step 2821: -1
Level 0, episode reward at step 2828: -1
Level 0, episode reward at step 2837: -1
Level 0, episode reward at step 2843: -1
Level 0, episode reward at step 2877: -1
Level 0, episode reward at step 2886: -1
Level 0, episode reward at step 2917: -1
Level 0, episode reward at step 2922: -1
Level 0, episode reward at step 2927: -1
Level 0, episode reward at step 2932: -1
Level 0, episode reward at step 2996: -1
Level 0, episode reward at step 3005: -1
Level 0, episode reward at step 3590: -1
Level 0, episode reward at step 3609: -1
Level 0, episode reward at step 3795: -1
Level 0, episode reward at step 3836: -1
Level 0, episode reward at step 3842: -1
Level 0, episode reward at step 3864: -1
Level 0, episode reward at step 3883: -1
Level 0, episode reward at step 3890: -1
Level 0, episode reward at step 3897: -1
Level 0, episode reward at step 3922: -1
Level 0, episode reward at step 3956: -1
Level 0, episode reward at step 3963: -1
Level 0, episode reward at step 4515: -1
Level 0, episode reward at step 4525: -1
Level 0, episode reward at step 4540: -1
Level 0, episode reward at step 4555: -1
Level 0, episode reward at step 4560: -1
Level 0, episode reward at step 4575: -1
Level 0, episode reward at step 4590: -1
Level 0, episode reward at step 4596: -1
Level 0, episode reward at step 5188: -1
Level 0, episode reward at step 6136: -1
Level 0, episode reward at step 6160: -1
Level 0, episode reward at step 6289: -1
Level 0, episode reward at step 6309: -1
Level 0, episode reward at step 8268: -1
Level 0, episode reward at step 8274: -1
Level 0, episode reward at step 8280: -1
Level 0, episode reward at step 9283: -1
Level 0, episode reward at step 9574: -1
Level 0, episode reward at step 9586: -1
Level 0, episode reward at step 9600: -1
New Best Reward: -1
Level 0, episode reward at step 10015: -1
Level 0, episode reward at step 10836: -1
Level 0, episode reward at step 10845: -1
Level 0, episode reward at step 10854: -1
Level 0, episode reward at step 10863: -1
Level 0, episode reward at step 10870: -1
Level 0, episode reward at step 10878: -1
Level 0, episode reward at step 10887: -1
Level 0, episode reward at step 10894: -1
Level 0, episode reward at step 10903: -1
Level 0, episode reward at step 11352: -1
Level 0, episode reward at step 11442: -1
Level 0, episode reward at step 11458: -1
Level 0, episode reward at step 11485: -1
Level 0, episode reward at step 11493: -1
Level 0, episode reward at step 11516: -1
Level 0, episode reward at step 11525: -1
Level 0, episode reward at step 11535: -1
Level 0, episode reward at step 12314: -1
Level 0, episode reward at step 13055: -1
Level 0, episode reward at step 14090: -1
Level 0, episode reward at step 14098: -1
Level 0, episode reward at step 14111: -1
Level 0, episode reward at step 14485: -1
Level 0, episode reward at step 14519: -1
Level 0, episode reward at step 15244: -1
Level 0, episode reward at step 15253: -1
Level 0, episode reward at step 15262: -1
Level 0, episode reward at step 16392: -1
Level 0, episode reward at step 16707: -1
Level 0, episode reward at step 16716: -1
Level 0, episode reward at step 16725: -1
Level 0, episode reward at step 17737: -1
Level 0, episode reward at step 17766: -1
Level 0, episode reward at step 17808: -1
Level 0, episode reward at step 17847: -1
Level 0, episode reward at step 17879: -1
Level 0, episode reward at step 18019: -1
Level 0, episode reward at step 19032: -1
Level 0, episode reward at step 19099: -1
Level 0, episode reward at step 19106: -1
Level 0, episode reward at step 19113: -1
Level 0, episode reward at step 19119: -1
Level 0, episode reward at step 19125: -1
Level 0, episode reward at step 19133: -1
Level 0, episode reward at step 19674: -1
Level 0, episode reward at step 19689: -1
Level 0, episode reward at step 19887: -1
Level 0, episode reward at step 19925: -1
Level 0, episode reward at step 20022: -1
Level 0, episode reward at step 21818: -1
Level 0, episode reward at step 23816: -1
Level 0, episode reward at step 23840: -1
Level 0, episode reward at step 23868: -1
Level 0, episode reward at step 23879: -1
Level 0, episode reward at step 23905: -1
Level 0, episode reward at step 23929: -1
Level 0, episode reward at step 23948: -1
Level 0, episode reward at step 23967: -1
Level 0, episode reward at step 24033: -1
Level 0, episode reward at step 24061: -1
Level 0, episode reward at step 24139: -1
Level 0, episode reward at step 24150: -1
Level 0, episode reward at step 25006: -1
Level 0, episode reward at step 25013: -1
Level 0, episode reward at step 25021: -1
Level 0, episode reward at step 25874: -1
Level 0, episode reward at step 25880: -1
Level 0, episode reward at step 25895: -1
Level 0, episode reward at step 27893: -1
Level 0, episode reward at step 27932: -1
Level 0, episode reward at step 28174: -1
Level 0, episode reward at step 29365: -1
Level 0, episode reward at step 30206: -1
Level 0, episode reward at step 30459: -1
Level 0, episode reward at step 30910: -1
Level 0, episode reward at step 31579: -1
Level 0, episode reward at step 33577: -1
Level 0, episode reward at step 33583: -1
Level 0, episode reward at step 33589: -1
Level 0, episode reward at step 33605: -1
Level 0, episode reward at step 34883: -1
Level 0, episode reward at step 34908: -1
Level 0, episode reward at step 35542: -1
Level 0, episode reward at step 35547: -1
Level 0, episode reward at step 37545: -1
Level 0, episode reward at step 39143: -1
Level 0, episode reward at step 39149: -1
Level 0, episode reward at step 39155: -1
Level 0, episode reward at step 39161: -1
Level 0, episode reward at step 39353: -1
Level 0, episode reward at step 39376: -1
Level 0, episode reward at step 39465: -1
Level 0, episode reward at step 39481: -1
Level 0, episode reward at step 40260: -1
Level 0, episode reward at step 40271: -1
Level 0, episode reward at step 40285: -1
Level 0, episode reward at step 42283: -1
Level 0, episode reward at step 42731: -1
Level 0, episode reward at step 44425: -1
Level 0, episode reward at step 44805: -1
Level 0, episode reward at step 46515: -1
Level 0, episode reward at step 46521: -1
Level 0, episode reward at step 46527: -1
Level 0, episode reward at step 47157: -1
Level 0, episode reward at step 47177: -1
Level 0, episode reward at step 47197: -1
Level 0, episode reward at step 47302: -1
Level 0, episode reward at step 47312: -1
Level 0, episode reward at step 48306: -1
Level 0, episode reward at step 48328: -1
Level 0, episode reward at step 50271: -1
Level 0, episode reward at step 50305: -1
Level 0, episode reward at step 51119: -1
Level 0, episode reward at step 51498: -1
Level 0, episode reward at step 51672: -1
Level 0, episode reward at step 52791: -1
Level 0, episode reward at step 52827: -1
Level 0, episode reward at step 52842: -1
Level 0, episode reward at step 53832: -1
Level 0, episode reward at step 54013: -1
Level 0, episode reward at step 54117: -1
Level 0, episode reward at step 55084: -1
Level 0, episode reward at step 55100: -1
New Best Reward: -1
Level 0, episode reward at step 55364: -1
Level 0, episode reward at step 55421: -1
Level 0, episode reward at step 55427: -1
Level 0, episode reward at step 55462: -1
Level 0, episode reward at step 55469: -1
Level 0, episode reward at step 56676: -1
Level 0, episode reward at step 57895: -1
Level 0, episode reward at step 58852: -1
Level 0, episode reward at step 59669: -1
Level 0, episode reward at step 59675: -1
Level 0, episode reward at step 60579: -1
Level 0, episode reward at step 60588: -1
Level 0, episode reward at step 62529: -1
Level 0, episode reward at step 62797: -1
Level 0, episode reward at step 62991: -1
Level 0, episode reward at step 63000: -1
New Best Reward: -1
Level 0, episode reward at step 64998: -1
Level 0, episode reward at step 65066: -1
Level 0, episode reward at step 66369: -1
Level 0, episode reward at step 66383: -1
Level 0, episode reward at step 66394: -1
Level 0, episode reward at step 67976: -1
Level 0, episode reward at step 67989: -1
Level 0, episode reward at step 68004: -1
Level 0, episode reward at step 68911: -1
Level 0, episode reward at step 68925: -1
Level 0, episode reward at step 68936: -1
Level 0, episode reward at step 68947: -1
Level 0, episode reward at step 68958: -1
Level 0, episode reward at step 68969: -1
Level 0, episode reward at step 68983: -1
Level 0, episode reward at step 70184: -1
Level 0, episode reward at step 70190: -1
Level 0, episode reward at step 71403: -1
Level 0, episode reward at step 71409: -1
Level 0, episode reward at step 71587: -1
Level 0, episode reward at step 71681: -1
Level 0, episode reward at step 71848: -1
Level 0, episode reward at step 72465: -1
Level 0, episode reward at step 74149: -1
Level 0, episode reward at step 76147: -1
Level 0, episode reward at step 76594: -1
Level 0, episode reward at step 78592: -1
Level 0, episode reward at step 79885: -1
Level 0, episode reward at step 80554: -1
Level 0, episode reward at step 80852: -1
Level 0, episode reward at step 82850: -1
Level 0, episode reward at step 83525: -1
Level 0, episode reward at step 85523: -1
Level 0, episode reward at step 85535: -1
Level 0, episode reward at step 87166: -1
Level 0, episode reward at step 89164: -1
Level 0, episode reward at step 91162: -1
Level 0, episode reward at step 93160: -1
Level 0, episode reward at step 95158: -1
Level 0, episode reward at step 96951: -1
Level 0, episode reward at step 98949: -1
Level 0, episode reward at step 99841: -1
Level 0, episode reward at step 101839: -1
Level 0, episode reward at step 103564: -1
Level 0, episode reward at step 105562: -1
Level 0, episode reward at step 107560: -1
Level 0, episode reward at step 109558: -1
Level 0, episode reward at step 111556: -1
Level 0, episode reward at step 112455: -1
Level 0, episode reward at step 114453: -1
Level 0, episode reward at step 116451: -1
Level 0, episode reward at step 118449: -1
Level 0, episode reward at step 120447: -1
Level 0, episode reward at step 122445: -1
Level 0, episode reward at step 124443: -1
Level 0, episode reward at step 126441: -1
Level 0, episode reward at step 126446: -1
Level 0, episode reward at step 128444: -1
Level 0, episode reward at step 130442: -1
Level 0, episode reward at step 132440: -1
Level 0, episode reward at step 134438: -1
Level 0, episode reward at step 136436: -1
Level 0, episode reward at step 138434: -1
Level 0, episode reward at step 140432: -1
Level 0, episode reward at step 142430: -1
Level 0, episode reward at step 144428: -1
Level 0, episode reward at step 146426: -1
Level 0, episode reward at step 148424: -1
Level 0, episode reward at step 150422: -1
Level 0, episode reward at step 152420: -1
Level 0, episode reward at step 154418: -1
Level 0, episode reward at step 156416: -1
Level 0, episode reward at step 158414: -1
Level 0, episode reward at step 160412: -1
Level 0, episode reward at step 162410: -1
Level 0, episode reward at step 164408: -1
Level 0, episode reward at step 166406: -1
Level 0, episode reward at step 168404: -1
Level 0, episode reward at step 170402: -1
Level 0, episode reward at step 172400: -1
New Best Reward: -1
Level 0, episode reward at step 174398: -1
Level 0, episode reward at step 176396: -1
Level 0, episode reward at step 176436: -1
Level 0, episode reward at step 176477: -1
Level 0, episode reward at step 178475: -1
Level 0, episode reward at step 180473: -1
Level 0, episode reward at step 182471: -1
Level 0, episode reward at step 184469: -1
Level 0, episode reward at step 186467: -1
Level 0, episode reward at step 188465: -1
Level 0, episode reward at step 190463: -1
Level 0, episode reward at step 192461: -1
Level 0, episode reward at step 194459: -1
Level 0, episode reward at step 196457: -1
Level 0, episode reward at step 198455: -1
Level 0, episode reward at step 200453: -1
Level 0, episode reward at step 202451: -1
Level 0, episode reward at step 204449: -1
Level 0, episode reward at step 206447: -1
Level 0, episode reward at step 208445: -1
Level 0, episode reward at step 210443: -1
Level 0, episode reward at step 212441: -1
Level 0, episode reward at step 214439: -1
Level 0, episode reward at step 216437: -1
Level 0, episode reward at step 218435: -1
Level 0, episode reward at step 220433: -1
Level 0, episode reward at step 222431: -1
Level 0, episode reward at step 224429: -1
Level 0, episode reward at step 226427: -1
Level 0, episode reward at step 228425: -1
Level 0, episode reward at step 230423: -1
Level 0, episode reward at step 232421: -1
Level 0, episode reward at step 234419: -1
Level 0, episode reward at step 236417: -1
Level 0, episode reward at step 238415: -1
Level 0, episode reward at step 240413: -1
Level 0, episode reward at step 242411: -1
Level 0, episode reward at step 244409: -1
Level 0, episode reward at step 246407: -1
Level 0, episode reward at step 248405: -1
Level 0, episode reward at step 250403: -1
Level 0, episode reward at step 252401: -1
Level 0, episode reward at step 254399: -1
Level 0, episode reward at step 256397: -1
Level 0, episode reward at step 258395: -1
Level 0, episode reward at step 260393: -1
Level 0, episode reward at step 262391: -1
Level 0, episode reward at step 264389: -1
Level 0, episode reward at step 266387: -1
Level 0, episode reward at step 268385: -1
Level 0, episode reward at step 270383: -1
Level 0, episode reward at step 272381: -1
Level 0, episode reward at step 274379: -1
Level 0, episode reward at step 276377: -1
Level 0, episode reward at step 278375: -1
Level 0, episode reward at step 280373: -1
Level 0, episode reward at step 282371: -1
Level 0, episode reward at step 284369: -1
Level 0, episode reward at step 286367: -1
Level 0, episode reward at step 288365: -1
Level 0, episode reward at step 290363: -1
Level 0, episode reward at step 292361: -1
Level 0, episode reward at step 294359: -1
Level 0, episode reward at step 296357: -1
Level 0, episode reward at step 298355: -1
Level 0, episode reward at step 300353: -1
Level 0, episode reward at step 302351: -1
Level 0, episode reward at step 304349: -1
Level 0, episode reward at step 306347: -1
Level 0, episode reward at step 308345: -1
Level 0, episode reward at step 310343: -1
Level 0, episode reward at step 312341: -1
Level 0, episode reward at step 314339: -1
Level 0, episode reward at step 316337: -1
Level 0, episode reward at step 318335: -1
Level 0, episode reward at step 320333: -1
Level 0, episode reward at step 322331: -1
Level 0, episode reward at step 324329: -1
Level 0, episode reward at step 326327: -1
Level 0, episode reward at step 328325: -1
Level 0, episode reward at step 330323: -1
Level 0, episode reward at step 332321: -1
Level 0, episode reward at step 334319: -1
Level 0, episode reward at step 336317: -1
Level 0, episode reward at step 338315: -1
Level 0, episode reward at step 340313: -1
Level 0, episode reward at step 342311: -1
Level 0, episode reward at step 344309: -1
Level 0, episode reward at step 346307: -1
Level 0, episode reward at step 348305: -1
Level 0, episode reward at step 350303: -1
Level 0, episode reward at step 352301: -1
Level 0, episode reward at step 354299: -1
Level 0, episode reward at step 356297: -1
Level 0, episode reward at step 358295: -1
Level 0, episode reward at step 360293: -1
Level 0, episode reward at step 362291: -1
Level 0, episode reward at step 364289: -1
Level 0, episode reward at step 366287: -1
Level 0, episode reward at step 368285: -1
Level 0, episode reward at step 370283: -1
Level 0, episode reward at step 372281: -1
Level 0, episode reward at step 374279: -1
Level 0, episode reward at step 376277: -1
Level 0, episode reward at step 378275: -1
Level 0, episode reward at step 380273: -1
Level 0, episode reward at step 382271: -1
Level 0, episode reward at step 384269: -1
Level 0, episode reward at step 386267: -1
Level 0, episode reward at step 388265: -1
Level 0, episode reward at step 390263: -1
Level 0, episode reward at step 392261: -1
Level 0, episode reward at step 394259: -1
Level 0, episode reward at step 396257: -1
slurmstepd: error: get_exit_code task 0 died by signal
