/n/home13/kevinwu/.conda/envs/pt27/lib/python2.7/site-packages/skimage/transform/_warps.py:105: UserWarning: The default mode, 'constant', will be changed to 'reflect' in skimage 0.15.
  warn("The default mode, 'constant', will be changed to 'reflect' in "
/n/home13/kevinwu/.conda/envs/pt27/lib/python2.7/site-packages/skimage/transform/_warps.py:110: UserWarning: Anti-aliasing will be enabled by default in skimage 0.15 to avoid aliasing artifacts when down-sampling images.
  warn("Anti-aliasing will be enabled by default in skimage 0.15 to "
Namespace(batch_size=32, criteria='1/1', cuda=1, doubleq=1, eps_decay=200.0, eps_end=0.1, eps_start=1, game_name='variant_expt_preconditions_1', gamma=0.999, img_size=64, level_switch='sequential', lr=0.00025, max_mem=50000, max_steps=1000000.0, model_name='DQN', model_weight_path=None, num_episodes=20000, num_trials=1, pretrain=0, random_seed=7, target_update=100, test_mode=0, timeout=2000, trial_num='1')
Game: variant_expt_preconditions_1
variant_expt_preconditions_1
Training at seed = 1
Training Starting
-------------------------
Level 0, episode reward at step 1998: -1
Level 0, episode reward at step 3996: -1
Level 0, episode reward at step 5994: -1
Level 0, episode reward at step 7992: -1
Level 0, episode reward at step 9990: -1
Level 0, episode reward at step 11988: -1
Level 0, episode reward at step 13986: -1
Level 0, episode reward at step 15984: -1
Level 0, episode reward at step 17982: -1
Level 0, episode reward at step 18055: 1
Next Level!
Level 1, episode reward at step 18060: -1
Level 1, episode reward at step 18065: -1
Level 1, episode reward at step 18070: -1
Level 1, episode reward at step 18080: -1
Level 1, episode reward at step 18086: -1
Level 1, episode reward at step 18091: -1
Level 1, episode reward at step 18114: -1
Level 1, episode reward at step 18119: -1
Level 1, episode reward at step 18124: -1
Level 1, episode reward at step 18129: -1
Level 1, episode reward at step 18134: -1
Level 1, episode reward at step 18139: -1
Level 1, episode reward at step 18144: -1
Level 1, episode reward at step 18149: -1
Level 1, episode reward at step 18154: -1
Level 1, episode reward at step 18159: -1
Level 1, episode reward at step 18208: -1
Level 1, episode reward at step 18298: -1
Level 1, episode reward at step 18314: -1
Level 1, episode reward at step 18319: -1
Level 1, episode reward at step 18349: -1
Level 1, episode reward at step 18354: -1
Level 1, episode reward at step 18359: -1
Level 1, episode reward at step 18364: -1
Level 1, episode reward at step 19971: -1
Level 1, episode reward at step 19991: -1
Level 1, episode reward at step 20051: -1
Level 1, episode reward at step 20452: -1
Level 1, episode reward at step 20477: -1
Level 1, episode reward at step 20513: -1
Level 1, episode reward at step 20688: -1
Level 1, episode reward at step 20844: -1
Level 1, episode reward at step 21013: -1
Level 1, episode reward at step 23011: -1
Level 1, episode reward at step 25009: -1
Level 1, episode reward at step 27007: -1
Level 1, episode reward at step 29005: -1
Level 1, episode reward at step 29014: -1
Level 1, episode reward at step 29024: -1
Level 1, episode reward at step 29033: -1
Level 1, episode reward at step 29041: -1
Level 1, episode reward at step 29049: -1
Level 1, episode reward at step 29057: -1
Level 1, episode reward at step 29100: -1
New Best Reward: -1
Level 1, episode reward at step 29111: -1
Level 1, episode reward at step 29193: -1
Level 1, episode reward at step 29347: -1
Level 1, episode reward at step 29399: -1
Level 1, episode reward at step 29518: -1
Level 1, episode reward at step 29565: -1
Level 1, episode reward at step 29605: -1
Level 1, episode reward at step 29706: -1
Level 1, episode reward at step 29904: -1
Level 1, episode reward at step 30767: -1
Level 1, episode reward at step 32093: -1
Level 1, episode reward at step 34091: -1
Level 1, episode reward at step 36089: -1
Level 1, episode reward at step 36598: -1
Level 1, episode reward at step 36808: -1
Level 1, episode reward at step 38806: -1
Level 1, episode reward at step 40804: -1
Level 1, episode reward at step 41282: -1
Level 1, episode reward at step 42843: -1
Level 1, episode reward at step 42999: -1
Level 1, episode reward at step 43012: -1
Level 1, episode reward at step 43199: -1
Level 1, episode reward at step 45197: -1
Level 1, episode reward at step 47195: -1
Level 1, episode reward at step 48921: -1
Level 1, episode reward at step 50919: -1
Level 1, episode reward at step 52917: -1
Level 1, episode reward at step 54915: -1
Level 1, episode reward at step 56913: -1
Level 1, episode reward at step 58911: -1
Level 1, episode reward at step 60909: -1
Level 1, episode reward at step 62907: -1
Level 1, episode reward at step 64905: -1
Level 1, episode reward at step 66903: -1
Level 1, episode reward at step 68901: -1
Level 1, episode reward at step 70899: -1
Level 1, episode reward at step 72897: -1
Level 1, episode reward at step 74895: -1
Level 1, episode reward at step 76893: -1
Level 1, episode reward at step 78891: -1
Level 1, episode reward at step 80889: -1
Level 1, episode reward at step 82887: -1
Level 1, episode reward at step 84885: -1
Level 1, episode reward at step 86883: -1
Level 1, episode reward at step 88881: -1
Level 1, episode reward at step 90879: -1
Level 1, episode reward at step 92877: -1
Level 1, episode reward at step 94875: -1
Level 1, episode reward at step 96873: -1
Level 1, episode reward at step 98871: -1
Level 1, episode reward at step 100869: -1
Level 1, episode reward at step 102867: -1
Level 1, episode reward at step 104865: -1
Level 1, episode reward at step 106863: -1
Level 1, episode reward at step 108861: -1
Level 1, episode reward at step 110859: -1
Level 1, episode reward at step 112857: -1
Level 1, episode reward at step 114855: -1
Level 1, episode reward at step 116853: -1
Level 1, episode reward at step 118851: -1
Level 1, episode reward at step 120849: -1
Level 1, episode reward at step 122847: -1
Level 1, episode reward at step 124845: -1
Level 1, episode reward at step 126843: -1
Level 1, episode reward at step 128841: -1
Level 1, episode reward at step 130839: -1
Level 1, episode reward at step 132837: -1
Level 1, episode reward at step 133208: 1
Next Level!
Level 2, episode reward at step 135206: -1
Level 2, episode reward at step 135423: 1
Next Level!
Level 3, episode reward at step 135735: -1
Level 3, episode reward at step 137733: -1
Level 3, episode reward at step 137743: -1
Level 3, episode reward at step 137755: -1
Level 3, episode reward at step 137774: -1
Level 3, episode reward at step 137903: -1
Level 3, episode reward at step 137915: -1
Level 3, episode reward at step 138827: -1
Level 3, episode reward at step 138844: -1
Level 3, episode reward at step 138854: -1
Level 3, episode reward at step 138871: -1
Level 3, episode reward at step 138898: -1
Level 3, episode reward at step 138912: -1
Level 3, episode reward at step 138927: -1
Level 3, episode reward at step 140925: -1
Level 3, episode reward at step 140965: -1
Level 3, episode reward at step 141048: -1
Level 3, episode reward at step 143046: -1
Level 3, episode reward at step 145044: -1
Level 3, episode reward at step 147042: -1
Level 3, episode reward at step 149040: -1
Level 3, episode reward at step 149499: -1
Level 3, episode reward at step 151497: -1
Level 3, episode reward at step 152954: -1
Level 3, episode reward at step 154952: -1
Level 3, episode reward at step 156950: -1
Level 3, episode reward at step 158948: -1
Level 3, episode reward at step 160946: -1
Level 3, episode reward at step 161112: -1
Level 3, episode reward at step 163110: -1
Level 3, episode reward at step 163205: -1
Level 3, episode reward at step 165203: -1
Level 3, episode reward at step 167201: -1
Level 3, episode reward at step 169199: -1
Level 3, episode reward at step 171197: -1
Level 3, episode reward at step 173195: -1
Level 3, episode reward at step 175193: -1
Level 3, episode reward at step 177191: -1
Level 3, episode reward at step 179189: -1
Level 3, episode reward at step 181187: -1
Level 3, episode reward at step 183185: -1
Level 3, episode reward at step 185183: -1
Level 3, episode reward at step 187181: -1
Level 3, episode reward at step 189179: -1
Level 3, episode reward at step 191177: -1
Level 3, episode reward at step 192198: -1
Level 3, episode reward at step 194196: -1
Level 3, episode reward at step 194235: -1
Level 3, episode reward at step 196233: -1
Level 3, episode reward at step 198231: -1
Level 3, episode reward at step 200229: -1
Level 3, episode reward at step 200484: -1
Level 3, episode reward at step 200792: -1
Level 3, episode reward at step 202790: -1
Level 3, episode reward at step 203073: -1
Level 3, episode reward at step 205071: -1
Level 3, episode reward at step 205257: -1
Level 3, episode reward at step 205283: -1
Level 3, episode reward at step 207281: -1
Level 3, episode reward at step 209279: -1
Level 3, episode reward at step 209422: -1
Level 3, episode reward at step 209475: -1
Level 3, episode reward at step 211473: -1
Level 3, episode reward at step 213471: -1
Level 3, episode reward at step 215469: -1
Level 3, episode reward at step 217467: -1
Level 3, episode reward at step 219465: -1
Level 3, episode reward at step 221463: -1
Level 3, episode reward at step 223461: -1
Level 3, episode reward at step 225459: -1
Level 3, episode reward at step 225586: -1
Level 3, episode reward at step 225676: -1
Level 3, episode reward at step 227044: -1
Level 3, episode reward at step 227220: -1
Level 3, episode reward at step 229020: -1
Level 3, episode reward at step 230830: -1
Level 3, episode reward at step 231677: -1
Level 3, episode reward at step 232740: -1
Level 3, episode reward at step 232767: -1
Level 3, episode reward at step 233743: -1
Level 3, episode reward at step 233756: -1
Level 3, episode reward at step 234185: -1
Level 3, episode reward at step 234283: -1
Level 3, episode reward at step 234365: -1
Level 3, episode reward at step 236363: -1
Level 3, episode reward at step 236562: -1
Level 3, episode reward at step 237137: -1
Level 3, episode reward at step 237547: -1
Level 3, episode reward at step 238903: -1
Level 3, episode reward at step 238994: -1
Level 3, episode reward at step 239572: -1
Level 3, episode reward at step 239884: -1
Level 3, episode reward at step 241586: -1
Level 3, episode reward at step 241750: -1
Level 3, episode reward at step 241927: -1
Level 3, episode reward at step 242365: -1
Level 3, episode reward at step 242385: -1
Level 3, episode reward at step 244383: -1
Level 3, episode reward at step 244926: -1
Level 3, episode reward at step 245167: -1
Level 3, episode reward at step 245487: -1
Level 3, episode reward at step 245521: -1
Level 3, episode reward at step 246008: -1
Level 3, episode reward at step 246053: -1
Level 3, episode reward at step 246064: -1
Level 3, episode reward at step 246379: -1
Level 3, episode reward at step 247065: -1
Level 3, episode reward at step 249063: -1
Level 3, episode reward at step 249089: -1
Level 3, episode reward at step 249176: -1
Level 3, episode reward at step 249801: -1
Level 3, episode reward at step 250004: -1
Level 3, episode reward at step 250055: -1
Level 3, episode reward at step 250109: -1
Level 3, episode reward at step 250199: -1
Level 3, episode reward at step 250254: -1
Level 3, episode reward at step 250513: -1
Level 3, episode reward at step 250590: -1
Level 3, episode reward at step 250777: -1
Level 3, episode reward at step 251190: -1
Level 3, episode reward at step 251224: -1
Level 3, episode reward at step 251234: -1
Level 3, episode reward at step 251669: -1
Level 3, episode reward at step 251703: -1
Level 3, episode reward at step 251722: -1
Level 3, episode reward at step 251770: -1
Level 3, episode reward at step 251821: -1
Level 3, episode reward at step 252128: -1
Level 3, episode reward at step 252245: -1
Level 3, episode reward at step 252480: -1
Level 3, episode reward at step 252672: -1
Level 3, episode reward at step 252842: -1
Level 3, episode reward at step 252859: -1
Level 3, episode reward at step 252869: -1
Level 3, episode reward at step 252881: -1
Level 3, episode reward at step 252900: -1
New Best Reward: -1
Level 3, episode reward at step 253083: -1
Level 3, episode reward at step 253149: -1
Level 3, episode reward at step 253219: -1
Level 3, episode reward at step 253229: -1
Level 3, episode reward at step 253281: -1
Level 3, episode reward at step 253339: -1
Level 3, episode reward at step 253608: -1
Level 3, episode reward at step 253645: -1
Level 3, episode reward at step 253742: -1
Level 3, episode reward at step 254060: -1
Level 3, episode reward at step 254138: -1
Level 3, episode reward at step 254171: -1
Level 3, episode reward at step 254188: -1
Level 3, episode reward at step 254339: -1
Level 3, episode reward at step 254733: -1
Level 3, episode reward at step 254738: -1
Level 3, episode reward at step 254968: -1
Level 3, episode reward at step 255192: -1
Level 3, episode reward at step 255404: -1
Level 3, episode reward at step 255425: -1
Level 3, episode reward at step 255550: -1
Level 3, episode reward at step 255568: -1
Level 3, episode reward at step 255624: -1
Level 3, episode reward at step 255721: -1
Level 3, episode reward at step 255742: -1
Level 3, episode reward at step 255758: -1
Level 3, episode reward at step 255797: -1
Level 3, episode reward at step 255878: -1
Level 3, episode reward at step 256087: -1
Level 3, episode reward at step 256651: -1
Level 3, episode reward at step 256865: -1
Level 3, episode reward at step 256885: -1
Level 3, episode reward at step 256975: -1
Level 3, episode reward at step 256994: -1
Level 3, episode reward at step 257005: -1
Level 3, episode reward at step 257062: -1
Level 3, episode reward at step 257072: -1
Level 3, episode reward at step 257180: -1
Level 3, episode reward at step 257190: -1
Level 3, episode reward at step 257218: -1
Level 3, episode reward at step 257236: -1
Level 3, episode reward at step 257253: -1
Level 3, episode reward at step 257266: -1
Level 3, episode reward at step 257300: -1
New Best Reward: -1
Level 3, episode reward at step 257514: -1
Level 3, episode reward at step 257562: -1
Level 3, episode reward at step 257795: -1
Level 3, episode reward at step 257813: -1
Level 3, episode reward at step 257852: -1
Level 3, episode reward at step 258162: -1
Level 3, episode reward at step 258213: -1
Level 3, episode reward at step 258226: -1
Level 3, episode reward at step 258251: -1
Level 3, episode reward at step 258408: -1
Level 3, episode reward at step 258454: -1
Level 3, episode reward at step 258593: -1
Level 3, episode reward at step 258656: -1
Level 3, episode reward at step 258696: -1
Level 3, episode reward at step 259016: -1
Level 3, episode reward at step 259074: -1
Level 3, episode reward at step 259234: -1
Level 3, episode reward at step 259256: -1
Level 3, episode reward at step 259347: -1
Level 3, episode reward at step 259377: -1
Level 3, episode reward at step 259393: -1
Level 3, episode reward at step 259414: -1
Level 3, episode reward at step 259436: -1
Level 3, episode reward at step 259488: -1
Level 3, episode reward at step 259501: -1
Level 3, episode reward at step 259629: -1
Level 3, episode reward at step 259656: -1
Level 3, episode reward at step 259745: -1
Level 3, episode reward at step 260008: -1
Level 3, episode reward at step 260037: -1
Level 3, episode reward at step 260081: -1
Level 3, episode reward at step 260197: -1
Level 3, episode reward at step 260431: -1
Level 3, episode reward at step 260487: -1
Level 3, episode reward at step 260511: -1
Level 3, episode reward at step 260554: -1
Level 3, episode reward at step 260625: -1
Level 3, episode reward at step 261105: -1
Level 3, episode reward at step 261134: -1
Level 3, episode reward at step 261152: -1
Level 3, episode reward at step 261191: -1
Level 3, episode reward at step 261271: -1
Level 3, episode reward at step 261281: -1
Level 3, episode reward at step 261297: -1
Level 3, episode reward at step 261339: -1
Level 3, episode reward at step 261372: -1
Level 3, episode reward at step 261394: -1
Level 3, episode reward at step 261477: -1
Level 3, episode reward at step 261532: -1
Level 3, episode reward at step 261589: -1
Level 3, episode reward at step 261640: -1
Level 3, episode reward at step 261755: -1
Level 3, episode reward at step 261766: -1
Level 3, episode reward at step 261773: -1
Level 3, episode reward at step 261798: -1
Level 3, episode reward at step 261812: -1
Level 3, episode reward at step 261820: -1
Level 3, episode reward at step 261844: -1
Level 3, episode reward at step 261925: -1
Level 3, episode reward at step 261940: -1
Level 3, episode reward at step 261972: -1
Level 3, episode reward at step 262098: -1
Level 3, episode reward at step 262289: -1
Level 3, episode reward at step 262308: -1
Level 3, episode reward at step 262345: -1
Level 3, episode reward at step 262484: -1
Level 3, episode reward at step 262597: -1
Level 3, episode reward at step 264595: -1
Level 3, episode reward at step 264652: -1
Level 3, episode reward at step 264756: -1
Level 3, episode reward at step 264850: -1
Level 3, episode reward at step 264894: -1
Level 3, episode reward at step 264944: -1
Level 3, episode reward at step 264993: -1
Level 3, episode reward at step 265050: -1
Level 3, episode reward at step 265097: -1
Level 3, episode reward at step 265353: -1
Level 3, episode reward at step 265385: -1
Level 3, episode reward at step 265463: -1
Level 3, episode reward at step 265479: -1
Level 3, episode reward at step 265512: -1
Level 3, episode reward at step 265544: -1
Level 3, episode reward at step 265613: -1
Level 3, episode reward at step 265763: -1
Level 3, episode reward at step 265822: -1
Level 3, episode reward at step 265874: -1
Level 3, episode reward at step 265895: -1
Level 3, episode reward at step 265956: -1
Level 3, episode reward at step 266045: -1
Level 3, episode reward at step 266089: -1
Level 3, episode reward at step 266138: -1
Level 3, episode reward at step 266239: -1
Level 3, episode reward at step 266265: -1
Level 3, episode reward at step 266294: -1
Level 3, episode reward at step 266311: -1
Level 3, episode reward at step 266330: -1
Level 3, episode reward at step 266416: -1
Level 3, episode reward at step 266482: -1
Level 3, episode reward at step 266511: -1
Level 3, episode reward at step 266525: -1
Level 3, episode reward at step 266657: -1
Level 3, episode reward at step 266675: -1
Level 3, episode reward at step 266690: -1
Level 3, episode reward at step 266703: -1
Level 3, episode reward at step 266751: -1
Level 3, episode reward at step 267029: -1
Level 3, episode reward at step 267095: -1
Level 3, episode reward at step 267120: -1
Level 3, episode reward at step 267217: -1
Level 3, episode reward at step 267244: -1
Level 3, episode reward at step 267252: -1
Level 3, episode reward at step 267296: -1
Level 3, episode reward at step 267334: -1
Level 3, episode reward at step 267366: -1
Level 3, episode reward at step 267374: -1
Level 3, episode reward at step 267414: -1
Level 3, episode reward at step 267452: -1
Level 3, episode reward at step 267631: -1
Level 3, episode reward at step 267671: -1
Level 3, episode reward at step 267715: -1
Level 3, episode reward at step 267817: -1
Level 3, episode reward at step 267964: -1
Level 3, episode reward at step 268022: -1
Level 3, episode reward at step 268087: -1
Level 3, episode reward at step 268109: -1
Level 3, episode reward at step 268165: -1
Level 3, episode reward at step 268250: -1
Level 3, episode reward at step 268265: -1
Level 3, episode reward at step 268294: -1
Level 3, episode reward at step 268306: -1
Level 3, episode reward at step 268363: -1
Level 3, episode reward at step 268457: -1
Level 3, episode reward at step 268481: -1
Level 3, episode reward at step 268497: -1
Level 3, episode reward at step 268538: -1
Level 3, episode reward at step 268595: -1
Level 3, episode reward at step 268677: -1
Level 3, episode reward at step 268701: -1
Level 3, episode reward at step 268733: -1
Level 3, episode reward at step 268776: -1
Level 3, episode reward at step 268789: -1
Level 3, episode reward at step 268795: -1
Level 3, episode reward at step 268851: -1
Level 3, episode reward at step 268869: -1
Level 3, episode reward at step 268962: -1
Level 3, episode reward at step 268982: -1
Level 3, episode reward at step 269013: -1
Level 3, episode reward at step 269067: -1
Level 3, episode reward at step 269098: -1
Level 3, episode reward at step 269144: -1
Level 3, episode reward at step 269212: -1
Level 3, episode reward at step 269284: -1
Level 3, episode reward at step 269310: -1
Level 3, episode reward at step 269344: -1
Level 3, episode reward at step 269543: -1
Level 3, episode reward at step 269555: -1
Level 3, episode reward at step 269640: -1
Level 3, episode reward at step 269702: -1
Level 3, episode reward at step 269748: -1
Level 3, episode reward at step 269786: -1
Level 3, episode reward at step 269942: -1
Level 3, episode reward at step 269987: -1
Level 3, episode reward at step 270031: -1
Level 3, episode reward at step 270055: -1
Level 3, episode reward at step 270176: -1
Level 3, episode reward at step 270266: -1
Level 3, episode reward at step 270311: -1
Level 3, episode reward at step 270357: -1
Level 3, episode reward at step 270393: -1
Level 3, episode reward at step 270424: -1
Level 3, episode reward at step 270462: -1
Level 3, episode reward at step 270529: -1
Level 3, episode reward at step 270565: -1
Level 3, episode reward at step 270629: -1
Level 3, episode reward at step 270859: -1
Level 3, episode reward at step 271023: -1
Level 3, episode reward at step 271167: -1
Level 3, episode reward at step 271251: -1
Level 3, episode reward at step 271376: -1
Level 3, episode reward at step 271699: -1
Level 3, episode reward at step 271868: -1
Level 3, episode reward at step 271904: -1
Level 3, episode reward at step 272327: -1
Level 3, episode reward at step 272397: -1
Level 3, episode reward at step 272525: -1
Level 3, episode reward at step 272790: -1
Level 3, episode reward at step 273136: -1
Level 3, episode reward at step 273686: -1
Level 3, episode reward at step 273967: -1
Level 3, episode reward at step 274060: -1
Level 3, episode reward at step 274558: -1
Level 3, episode reward at step 274726: -1
Level 3, episode reward at step 274734: -1
Level 3, episode reward at step 274883: -1
Level 3, episode reward at step 274897: -1
Level 3, episode reward at step 275017: -1
Level 3, episode reward at step 275057: -1
Level 3, episode reward at step 275069: -1
Level 3, episode reward at step 275099: -1
Level 3, episode reward at step 277097: -1
Level 3, episode reward at step 277144: -1
Level 3, episode reward at step 277230: -1
Level 3, episode reward at step 277268: -1
Level 3, episode reward at step 277316: -1
Level 3, episode reward at step 277572: -1
Level 3, episode reward at step 277656: -1
Level 3, episode reward at step 277722: -1
Level 3, episode reward at step 277778: -1
Level 3, episode reward at step 277839: -1
Level 3, episode reward at step 277940: -1
Level 3, episode reward at step 277979: -1
Level 3, episode reward at step 278056: -1
Level 3, episode reward at step 278336: -1
Level 3, episode reward at step 278412: -1
Level 3, episode reward at step 278422: -1
Level 3, episode reward at step 278515: -1
Level 3, episode reward at step 278652: -1
Level 3, episode reward at step 278728: -1
Level 3, episode reward at step 278744: -1
Level 3, episode reward at step 278819: -1
Level 3, episode reward at step 278884: -1
Level 3, episode reward at step 278946: -1
Level 3, episode reward at step 279024: -1
Level 3, episode reward at step 279046: -1
Level 3, episode reward at step 279219: -1
Level 3, episode reward at step 279274: -1
Level 3, episode reward at step 279322: -1
Level 3, episode reward at step 279347: -1
Level 3, episode reward at step 279361: -1
Level 3, episode reward at step 279448: -1
Level 3, episode reward at step 279493: -1
Level 3, episode reward at step 279548: -1
Level 3, episode reward at step 279643: -1
Level 3, episode reward at step 279673: -1
Level 3, episode reward at step 279936: -1
Level 3, episode reward at step 280136: -1
Level 3, episode reward at step 280195: -1
Level 3, episode reward at step 280270: -1
Level 3, episode reward at step 280548: -1
Level 3, episode reward at step 280595: -1
Level 3, episode reward at step 280649: -1
Level 3, episode reward at step 280677: -1
Level 3, episode reward at step 280806: -1
Level 3, episode reward at step 280949: -1
Level 3, episode reward at step 281113: -1
Level 3, episode reward at step 281204: -1
Level 3, episode reward at step 281263: -1
Level 3, episode reward at step 281294: -1
Level 3, episode reward at step 281357: -1
Level 3, episode reward at step 281488: -1
Level 3, episode reward at step 281507: -1
Level 3, episode reward at step 281554: -1
Level 3, episode reward at step 281659: -1
Level 3, episode reward at step 281702: -1
Level 3, episode reward at step 281760: -1
Level 3, episode reward at step 281829: -1
Level 3, episode reward at step 281863: -1
Level 3, episode reward at step 281928: -1
Level 3, episode reward at step 281980: -1
Level 3, episode reward at step 282019: -1
Level 3, episode reward at step 282150: -1
Level 3, episode reward at step 282206: -1
Level 3, episode reward at step 282229: -1
Level 3, episode reward at step 282303: -1
Level 3, episode reward at step 282329: -1
Level 3, episode reward at step 282348: -1
Level 3, episode reward at step 282440: -1
Level 3, episode reward at step 282480: -1
Level 3, episode reward at step 282512: -1
Level 3, episode reward at step 282568: -1
Level 3, episode reward at step 282743: -1
Level 3, episode reward at step 282806: -1
Level 3, episode reward at step 282872: -1
Level 3, episode reward at step 283061: -1
Level 3, episode reward at step 283290: -1
Level 3, episode reward at step 283354: -1
Level 3, episode reward at step 283405: -1
Level 3, episode reward at step 283445: -1
Level 3, episode reward at step 283459: -1
Level 3, episode reward at step 283505: -1
Level 3, episode reward at step 283626: -1
Level 3, episode reward at step 283673: -1
Level 3, episode reward at step 283718: -1
Level 3, episode reward at step 283845: -1
Level 3, episode reward at step 283866: -1
Level 3, episode reward at step 283936: -1
Level 3, episode reward at step 283986: -1
Level 3, episode reward at step 284048: -1
Level 3, episode reward at step 284096: -1
Level 3, episode reward at step 284174: -1
Level 3, episode reward at step 284194: -1
Level 3, episode reward at step 284233: -1
Level 3, episode reward at step 284302: -1
Level 3, episode reward at step 284384: -1
Level 3, episode reward at step 284435: -1
Level 3, episode reward at step 284447: -1
Level 3, episode reward at step 284466: -1
Level 3, episode reward at step 284588: -1
Level 3, episode reward at step 284837: -1
Level 3, episode reward at step 284885: -1
Level 3, episode reward at step 284992: -1
Level 3, episode reward at step 285128: -1
Level 3, episode reward at step 285146: -1
Level 3, episode reward at step 285188: -1
Level 3, episode reward at step 285234: -1
Level 3, episode reward at step 285243: -1
Level 3, episode reward at step 285267: -1
Level 3, episode reward at step 285340: -1
Level 3, episode reward at step 285450: -1
Level 3, episode reward at step 285556: -1
Level 3, episode reward at step 285717: -1
Level 3, episode reward at step 285768: -1
Level 3, episode reward at step 286000: -1
New Best Reward: -1
Level 3, episode reward at step 286049: -1
Level 3, episode reward at step 286115: -1
Level 3, episode reward at step 286157: -1
Level 3, episode reward at step 286202: -1
Level 3, episode reward at step 286231: -1
Level 3, episode reward at step 286261: -1
Level 3, episode reward at step 286432: -1
Level 3, episode reward at step 286479: -1
Level 3, episode reward at step 286538: -1
Level 3, episode reward at step 286622: -1
Level 3, episode reward at step 286685: -1
Level 3, episode reward at step 286741: -1
Level 3, episode reward at step 286832: -1
Level 3, episode reward at step 286858: -1
Level 3, episode reward at step 286899: -1
Level 3, episode reward at step 288897: -1
Level 3, episode reward at step 290895: -1
Level 3, episode reward at step 292893: -1
Level 3, episode reward at step 293009: -1
Level 3, episode reward at step 293104: -1
Level 3, episode reward at step 293142: -1
Level 3, episode reward at step 293261: -1
Level 3, episode reward at step 293375: -1
Level 3, episode reward at step 293471: -1
Level 3, episode reward at step 293635: -1
Level 3, episode reward at step 293740: -1
Level 3, episode reward at step 294107: -1
Level 3, episode reward at step 294198: -1
Level 3, episode reward at step 294229: -1
Level 3, episode reward at step 294290: -1
Level 3, episode reward at step 294618: -1
Level 3, episode reward at step 294722: -1
Level 3, episode reward at step 294791: -1
Level 3, episode reward at step 294875: -1
Level 3, episode reward at step 294896: -1
Level 3, episode reward at step 295864: -1
Level 3, episode reward at step 296358: -1
Level 3, episode reward at step 296469: -1
Level 3, episode reward at step 296504: -1
Level 3, episode reward at step 297959: -1
Level 3, episode reward at step 298128: -1
Level 3, episode reward at step 298145: -1
Level 3, episode reward at step 298154: -1
Level 3, episode reward at step 298166: -1
Level 3, episode reward at step 298274: -1
Level 3, episode reward at step 298377: -1
Level 3, episode reward at step 298439: -1
Level 3, episode reward at step 300437: -1
Level 3, episode reward at step 302435: -1
Level 3, episode reward at step 302484: -1
Level 3, episode reward at step 302552: -1
Level 3, episode reward at step 302567: -1
Level 3, episode reward at step 302685: -1
Level 3, episode reward at step 302742: -1
Level 3, episode reward at step 302752: -1
Level 3, episode reward at step 304750: -1
Level 3, episode reward at step 306748: -1
Level 3, episode reward at step 308746: -1
Level 3, episode reward at step 310744: -1
Level 3, episode reward at step 312742: -1
Level 3, episode reward at step 314740: -1
Level 3, episode reward at step 316738: -1
Level 3, episode reward at step 318295: -1
Level 3, episode reward at step 320293: -1
Level 3, episode reward at step 322291: -1
Level 3, episode reward at step 324289: -1
Level 3, episode reward at step 326287: -1
Level 3, episode reward at step 328285: -1
Level 3, episode reward at step 330283: -1
Level 3, episode reward at step 332281: -1
Level 3, episode reward at step 334279: -1
Level 3, episode reward at step 336277: -1
Level 3, episode reward at step 338275: -1
Level 3, episode reward at step 340273: -1
Level 3, episode reward at step 340350: -1
Level 3, episode reward at step 342348: -1
Level 3, episode reward at step 342357: -1
Level 3, episode reward at step 342372: -1
Level 3, episode reward at step 344370: -1
Level 3, episode reward at step 346368: -1
Level 3, episode reward at step 347379: -1
Level 3, episode reward at step 347389: -1
Level 3, episode reward at step 347522: -1
Level 3, episode reward at step 349520: -1
Level 3, episode reward at step 349619: -1
Level 3, episode reward at step 349660: -1
Level 3, episode reward at step 351658: -1
Level 3, episode reward at step 351767: -1
Level 3, episode reward at step 351834: -1
Level 3, episode reward at step 351911: -1
Level 3, episode reward at step 351932: -1
Level 3, episode reward at step 352008: -1
Level 3, episode reward at step 352226: -1
Level 3, episode reward at step 352245: -1
Level 3, episode reward at step 352264: -1
Level 3, episode reward at step 352462: -1
Level 3, episode reward at step 352489: -1
Level 3, episode reward at step 352504: -1
Level 3, episode reward at step 352546: -1
Level 3, episode reward at step 352570: -1
Level 3, episode reward at step 352607: -1
Level 3, episode reward at step 352678: -1
Level 3, episode reward at step 353049: -1
Level 3, episode reward at step 353062: -1
Level 3, episode reward at step 353112: -1
Level 3, episode reward at step 353139: -1
Level 3, episode reward at step 353247: -1
Level 3, episode reward at step 353303: -1
Level 3, episode reward at step 353352: -1
Level 3, episode reward at step 353400: -1
New Best Reward: -1
Level 3, episode reward at step 355398: -1
Level 3, episode reward at step 357396: -1
Level 3, episode reward at step 359394: -1
Level 3, episode reward at step 361392: -1
Level 3, episode reward at step 361399: -1
Level 3, episode reward at step 361406: -1
Level 3, episode reward at step 361721: -1
Level 3, episode reward at step 361728: -1
Level 3, episode reward at step 361800: -1
New Best Reward: -1
Level 3, episode reward at step 363798: -1
Level 3, episode reward at step 364243: -1
Level 3, episode reward at step 364387: -1
Level 3, episode reward at step 364409: -1
Level 3, episode reward at step 365177: -1
Level 3, episode reward at step 365633: -1
Level 3, episode reward at step 366625: -1
Level 3, episode reward at step 366722: -1
Level 3, episode reward at step 366916: -1
Level 3, episode reward at step 367576: -1
Level 3, episode reward at step 367591: -1
Level 3, episode reward at step 367604: -1
Level 3, episode reward at step 367628: -1
Level 3, episode reward at step 367639: -1
Level 3, episode reward at step 367647: -1
Level 3, episode reward at step 367658: -1
Level 3, episode reward at step 367666: -1
Level 3, episode reward at step 367679: -1
Level 3, episode reward at step 367884: -1
Level 3, episode reward at step 367913: -1
Level 3, episode reward at step 368064: -1
Level 3, episode reward at step 368080: -1
Level 3, episode reward at step 368089: -1
Level 3, episode reward at step 368120: -1
Level 3, episode reward at step 368163: -1
Level 3, episode reward at step 368173: -1
Level 3, episode reward at step 368183: -1
Level 3, episode reward at step 368218: -1
Level 3, episode reward at step 368303: -1
Level 3, episode reward at step 368339: -1
Level 3, episode reward at step 368355: -1
Level 3, episode reward at step 368389: -1
Level 3, episode reward at step 368572: -1
Level 3, episode reward at step 368691: -1
Level 3, episode reward at step 368813: -1
Level 3, episode reward at step 368842: -1
Level 3, episode reward at step 368868: -1
Level 3, episode reward at step 368912: -1
Level 3, episode reward at step 370910: -1
Level 3, episode reward at step 370922: -1
Level 3, episode reward at step 372920: -1
Level 3, episode reward at step 372988: -1
Level 3, episode reward at step 373006: -1
Level 3, episode reward at step 373035: -1
Level 3, episode reward at step 373094: -1
Level 3, episode reward at step 373154: -1
Level 3, episode reward at step 373220: -1
Level 3, episode reward at step 373247: -1
Level 3, episode reward at step 375245: -1
Level 3, episode reward at step 375279: -1
Level 3, episode reward at step 375369: -1
Level 3, episode reward at step 375381: -1
Level 3, episode reward at step 375393: -1
Level 3, episode reward at step 375410: -1
Level 3, episode reward at step 375439: -1
Level 3, episode reward at step 377437: -1
Level 3, episode reward at step 377498: -1
Level 3, episode reward at step 377507: -1
Level 3, episode reward at step 377522: -1
Level 3, episode reward at step 377531: -1
Level 3, episode reward at step 379529: -1
Level 3, episode reward at step 381527: -1
Level 3, episode reward at step 381556: -1
Level 3, episode reward at step 381639: -1
Level 3, episode reward at step 381686: -1
Level 3, episode reward at step 382082: -1
Level 3, episode reward at step 382254: -1
Level 3, episode reward at step 382454: -1
Level 3, episode reward at step 382475: -1
Level 3, episode reward at step 382496: -1
Level 3, episode reward at step 382641: -1
Level 3, episode reward at step 382698: -1
Level 3, episode reward at step 382739: -1
Level 3, episode reward at step 382774: -1
Level 3, episode reward at step 382838: -1
Level 3, episode reward at step 382858: -1
Level 3, episode reward at step 383022: -1
Level 3, episode reward at step 383349: -1
Level 3, episode reward at step 383372: -1
Level 3, episode reward at step 384450: -1
Level 3, episode reward at step 384514: -1
Level 3, episode reward at step 384576: -1
Level 3, episode reward at step 384646: -1
Level 3, episode reward at step 384670: -1
Level 3, episode reward at step 384724: -1
Level 3, episode reward at step 384938: -1
Level 3, episode reward at step 384995: -1
Level 3, episode reward at step 385063: -1
Level 3, episode reward at step 385099: -1
Level 3, episode reward at step 385187: -1
Level 3, episode reward at step 385224: -1
Level 3, episode reward at step 385255: -1
Level 3, episode reward at step 385358: -1
Level 3, episode reward at step 385378: -1
Level 3, episode reward at step 385454: -1
Level 3, episode reward at step 385542: -1
Level 3, episode reward at step 385584: -1
Level 3, episode reward at step 387582: -1
Level 3, episode reward at step 387793: -1
Level 3, episode reward at step 387966: -1
Level 3, episode reward at step 388006: -1
Level 3, episode reward at step 388074: -1
Level 3, episode reward at step 388260: -1
Level 3, episode reward at step 388286: -1
Level 3, episode reward at step 388362: -1
Level 3, episode reward at step 388420: -1
Level 3, episode reward at step 388506: -1
Level 3, episode reward at step 388542: -1
Level 3, episode reward at step 390540: -1
Level 3, episode reward at step 390846: -1
Level 3, episode reward at step 390907: -1
Level 3, episode reward at step 390974: -1
Level 3, episode reward at step 391021: -1
Level 3, episode reward at step 391222: -1
Level 3, episode reward at step 391256: -1
Level 3, episode reward at step 391622: -1
Level 3, episode reward at step 391645: -1
Level 3, episode reward at step 391671: -1
Level 3, episode reward at step 391760: -1
Level 3, episode reward at step 392219: -1
Level 3, episode reward at step 392231: -1
Level 3, episode reward at step 392262: -1
Level 3, episode reward at step 392670: -1
Level 3, episode reward at step 392680: -1
Level 3, episode reward at step 392716: -1
Level 3, episode reward at step 392732: -1
Level 3, episode reward at step 392777: -1
Level 3, episode reward at step 392838: -1
Level 3, episode reward at step 392964: -1
Level 3, episode reward at step 392994: -1
Level 3, episode reward at step 393043: -1
Level 3, episode reward at step 393077: -1
Level 3, episode reward at step 393324: -1
Level 3, episode reward at step 393377: -1
Level 3, episode reward at step 393387: -1
Level 3, episode reward at step 393468: -1
Level 3, episode reward at step 393494: -1
Level 3, episode reward at step 393873: -1
Level 3, episode reward at step 393902: -1
Level 3, episode reward at step 393921: -1
Level 3, episode reward at step 393963: -1
Level 3, episode reward at step 394137: -1
Level 3, episode reward at step 394224: -1
Level 3, episode reward at step 394254: -1
Level 3, episode reward at step 394354: -1
Level 3, episode reward at step 394441: -1
Level 3, episode reward at step 394466: -1
Level 3, episode reward at step 394487: -1
Level 3, episode reward at step 394526: -1
Level 3, episode reward at step 394543: -1
Level 3, episode reward at step 394583: -1
Level 3, episode reward at step 394631: -1
Level 3, episode reward at step 394656: -1
Level 3, episode reward at step 394754: -1
Level 3, episode reward at step 394794: -1
Level 3, episode reward at step 394813: -1
Level 3, episode reward at step 394826: -1
Level 3, episode reward at step 394917: -1
Level 3, episode reward at step 394949: -1
Level 3, episode reward at step 394993: -1
Level 3, episode reward at step 395065: -1
Level 3, episode reward at step 395234: -1
Level 3, episode reward at step 395391: -1
Level 3, episode reward at step 395429: -1
Level 3, episode reward at step 395495: -1
Level 3, episode reward at step 395561: -1
Level 3, episode reward at step 395611: -1
Level 3, episode reward at step 395745: -1
Level 3, episode reward at step 395777: -1
Level 3, episode reward at step 395795: -1
Level 3, episode reward at step 395887: -1
Level 3, episode reward at step 396016: -1
Level 3, episode reward at step 396232: -1
Level 3, episode reward at step 396582: -1
Level 3, episode reward at step 397411: -1
Level 3, episode reward at step 397476: -1
Level 3, episode reward at step 397501: -1
Level 3, episode reward at step 397591: -1
Level 3, episode reward at step 397738: -1
Level 3, episode reward at step 397784: -1
Level 3, episode reward at step 397811: -1
Level 3, episode reward at step 397860: -1
Level 3, episode reward at step 397885: -1
Level 3, episode reward at step 398051: -1
Level 3, episode reward at step 398091: -1
Level 3, episode reward at step 398161: -1
Level 3, episode reward at step 398260: -1
Level 3, episode reward at step 398413: -1
Level 3, episode reward at step 398583: -1
Level 3, episode reward at step 398591: -1
Level 3, episode reward at step 398645: -1
Level 3, episode reward at step 398680: -1
Level 3, episode reward at step 398971: -1
Level 3, episode reward at step 399039: -1
Level 3, episode reward at step 399061: -1
Level 3, episode reward at step 399100: -1
New Best Reward: -1
Level 3, episode reward at step 399119: -1
Level 3, episode reward at step 399143: -1
Level 3, episode reward at step 399158: -1
Level 3, episode reward at step 399339: -1
Level 3, episode reward at step 399423: -1
Level 3, episode reward at step 399559: -1
Level 3, episode reward at step 399788: -1
Level 3, episode reward at step 400040: -1
Level 3, episode reward at step 400335: -1
Level 3, episode reward at step 400560: -1
Level 3, episode reward at step 400575: -1
Level 3, episode reward at step 400590: -1
Level 3, episode reward at step 400601: -1
Level 3, episode reward at step 400610: -1
Level 3, episode reward at step 400618: -1
Level 3, episode reward at step 400631: -1
Level 3, episode reward at step 400639: -1
Level 3, episode reward at step 400672: -1
Level 3, episode reward at step 400680: -1
Level 3, episode reward at step 400688: -1
Level 3, episode reward at step 400696: -1
Level 3, episode reward at step 400702: -1
Level 3, episode reward at step 400710: -1
Level 3, episode reward at step 400750: -1
Level 3, episode reward at step 400758: -1
Level 3, episode reward at step 400764: -1
Level 3, episode reward at step 400773: -1
Level 3, episode reward at step 400781: -1
Level 3, episode reward at step 400790: -1
Level 3, episode reward at step 400798: -1
Level 3, episode reward at step 400806: -1
Level 3, episode reward at step 400814: -1
Level 3, episode reward at step 400822: -1
Level 3, episode reward at step 400858: -1
Level 3, episode reward at step 400869: -1
Level 3, episode reward at step 400894: -1
Level 3, episode reward at step 402892: -1
Level 3, episode reward at step 403001: -1
Level 3, episode reward at step 404999: -1
Level 3, episode reward at step 406997: -1
Level 3, episode reward at step 408513: -1
Level 3, episode reward at step 408536: -1
Level 3, episode reward at step 409849: -1
Level 3, episode reward at step 409968: -1
Level 3, episode reward at step 410131: -1
Level 3, episode reward at step 410292: -1
Level 3, episode reward at step 410320: -1
Level 3, episode reward at step 411656: -1
Level 3, episode reward at step 411695: -1
Level 3, episode reward at step 413693: -1
Level 3, episode reward at step 415691: -1
Level 3, episode reward at step 417689: -1
Level 3, episode reward at step 419687: -1
Level 3, episode reward at step 421685: -1
Level 3, episode reward at step 421874: -1
Level 3, episode reward at step 422765: -1
Level 3, episode reward at step 422774: -1
Level 3, episode reward at step 424772: -1
Level 3, episode reward at step 426770: -1
Level 3, episode reward at step 428768: -1
Level 3, episode reward at step 430766: -1
Level 3, episode reward at step 430816: -1
Level 3, episode reward at step 432814: -1
Level 3, episode reward at step 434812: -1
Level 3, episode reward at step 436810: -1
Level 3, episode reward at step 436890: -1
Level 3, episode reward at step 436917: -1
Level 3, episode reward at step 436990: -1
Level 3, episode reward at step 438988: -1
Level 3, episode reward at step 440986: -1
Level 3, episode reward at step 442984: -1
Level 3, episode reward at step 442999: -1
Level 3, episode reward at step 444997: -1
Level 3, episode reward at step 446995: -1
Level 3, episode reward at step 448021: -1
Level 3, episode reward at step 448032: -1
Level 3, episode reward at step 448042: -1
Level 3, episode reward at step 448052: -1
Level 3, episode reward at step 448062: -1
Level 3, episode reward at step 448437: -1
Level 3, episode reward at step 448516: -1
Level 3, episode reward at step 450514: -1
Level 3, episode reward at step 452512: -1
Level 3, episode reward at step 454510: -1
Level 3, episode reward at step 456508: -1
Level 3, episode reward at step 458506: -1
Level 3, episode reward at step 460504: -1
Level 3, episode reward at step 462502: -1
Level 3, episode reward at step 464500: -1
New Best Reward: -1
Level 3, episode reward at step 466498: -1
Level 3, episode reward at step 467528: -1
Level 3, episode reward at step 467839: -1
Level 3, episode reward at step 467853: -1
Level 3, episode reward at step 469851: -1
Level 3, episode reward at step 470543: -1
Level 3, episode reward at step 470567: -1
Level 3, episode reward at step 472565: -1
Level 3, episode reward at step 472651: -1
Level 3, episode reward at step 474649: -1
Level 3, episode reward at step 474658: -1
Level 3, episode reward at step 474675: -1
Level 3, episode reward at step 474687: -1
Level 3, episode reward at step 474697: -1
Level 3, episode reward at step 474706: -1
Level 3, episode reward at step 474715: -1
Level 3, episode reward at step 474724: -1
Level 3, episode reward at step 474733: -1
Level 3, episode reward at step 476731: -1
Level 3, episode reward at step 476743: -1
Level 3, episode reward at step 476752: -1
Level 3, episode reward at step 476815: -1
Level 3, episode reward at step 476824: -1
Level 3, episode reward at step 476914: -1
Level 3, episode reward at step 476958: -1
Level 3, episode reward at step 477100: -1
New Best Reward: -1
Level 3, episode reward at step 477157: -1
Level 3, episode reward at step 477184: -1
Level 3, episode reward at step 477207: -1
Level 3, episode reward at step 477858: -1
Level 3, episode reward at step 478122: -1
Level 3, episode reward at step 478140: -1
Level 3, episode reward at step 478151: -1
Level 3, episode reward at step 478162: -1
Level 3, episode reward at step 478318: -1
Level 3, episode reward at step 480316: -1
Level 3, episode reward at step 482314: -1
Level 3, episode reward at step 482549: -1
Level 3, episode reward at step 482621: -1
Level 3, episode reward at step 482630: -1
Level 3, episode reward at step 484628: -1
Level 3, episode reward at step 484766: -1
Level 3, episode reward at step 484860: -1
Level 3, episode reward at step 484868: -1
Level 3, episode reward at step 484884: -1
Level 3, episode reward at step 484893: -1
Level 3, episode reward at step 484902: -1
Level 3, episode reward at step 484911: -1
Level 3, episode reward at step 486909: -1
Level 3, episode reward at step 488907: -1
Level 3, episode reward at step 488935: -1
Level 3, episode reward at step 488973: -1
Level 3, episode reward at step 490971: -1
Level 3, episode reward at step 492969: -1
Level 3, episode reward at step 493113: -1
Level 3, episode reward at step 493166: -1
Level 3, episode reward at step 493185: -1
Level 3, episode reward at step 494242: -1
Level 3, episode reward at step 494337: -1
Level 3, episode reward at step 496335: -1
Level 3, episode reward at step 498333: -1
Level 3, episode reward at step 498788: -1
Level 3, episode reward at step 498807: -1
Level 3, episode reward at step 498920: -1
Level 3, episode reward at step 498952: -1
Level 3, episode reward at step 498960: -1
Level 3, episode reward at step 498971: -1
Level 3, episode reward at step 500140: -1
Level 3, episode reward at step 501738: -1
Level 3, episode reward at step 501836: -1
Level 3, episode reward at step 501867: -1
Level 3, episode reward at step 501878: -1
Level 3, episode reward at step 501947: -1
Level 3, episode reward at step 503945: -1
Level 3, episode reward at step 505943: -1
Level 3, episode reward at step 507941: -1
Level 3, episode reward at step 508046: -1
Level 3, episode reward at step 508065: -1
Level 3, episode reward at step 510063: -1
Level 3, episode reward at step 512061: -1
Level 3, episode reward at step 512582: -1
Level 3, episode reward at step 514580: -1
Level 3, episode reward at step 514602: -1
Level 3, episode reward at step 514695: -1
Level 3, episode reward at step 514710: -1
Level 3, episode reward at step 516708: -1
Level 3, episode reward at step 516804: -1
Level 3, episode reward at step 518802: -1
Level 3, episode reward at step 520800: -1
New Best Reward: -1
Level 3, episode reward at step 520893: -1
Level 3, episode reward at step 520923: -1
Level 3, episode reward at step 521009: -1
Level 3, episode reward at step 521021: -1
Level 3, episode reward at step 523019: -1
Level 3, episode reward at step 525017: -1
Level 3, episode reward at step 525175: -1
Level 3, episode reward at step 525201: -1
Level 3, episode reward at step 525335: -1
Level 3, episode reward at step 525344: -1
Level 3, episode reward at step 525353: -1
Level 3, episode reward at step 525362: -1
Level 3, episode reward at step 525463: -1
Level 3, episode reward at step 525485: -1
Level 3, episode reward at step 525511: -1
Level 3, episode reward at step 526224: -1
Level 3, episode reward at step 526238: -1
Level 3, episode reward at step 528236: -1
Level 3, episode reward at step 530234: -1
Level 3, episode reward at step 532232: -1
Level 3, episode reward at step 534230: -1
Level 3, episode reward at step 536228: -1
Level 3, episode reward at step 538226: -1
Level 3, episode reward at step 540224: -1
Level 3, episode reward at step 542222: -1
Level 3, episode reward at step 544220: -1
Level 3, episode reward at step 546218: -1
Level 3, episode reward at step 548216: -1
Level 3, episode reward at step 550214: -1
Level 3, episode reward at step 552212: -1
Level 3, episode reward at step 554210: -1
Level 3, episode reward at step 556208: -1
Level 3, episode reward at step 558206: -1
Level 3, episode reward at step 560204: -1
Level 3, episode reward at step 562202: -1
Level 3, episode reward at step 564200: -1
New Best Reward: -1
Level 3, episode reward at step 564492: -1
Level 3, episode reward at step 564632: -1
Level 3, episode reward at step 564796: -1
Level 3, episode reward at step 564808: -1
Level 3, episode reward at step 564952: -1
Level 3, episode reward at step 565008: -1
Level 3, episode reward at step 565064: -1
Level 3, episode reward at step 565081: -1
Level 3, episode reward at step 565092: -1
Level 3, episode reward at step 565154: -1
Level 3, episode reward at step 565192: -1
Level 3, episode reward at step 565248: -1
Level 3, episode reward at step 565295: -1
Level 3, episode reward at step 565333: -1
Level 3, episode reward at step 565354: -1
Level 3, episode reward at step 565403: -1
Level 3, episode reward at step 565463: -1
Level 3, episode reward at step 565508: -1
Level 3, episode reward at step 565525: -1
Level 3, episode reward at step 565616: -1
Level 3, episode reward at step 565721: -1
Level 3, episode reward at step 567719: -1
Level 3, episode reward at step 569717: -1
Level 3, episode reward at step 571715: -1
Level 3, episode reward at step 573713: -1
Level 3, episode reward at step 575711: -1
Level 3, episode reward at step 577709: -1
Level 3, episode reward at step 577739: -1
Level 3, episode reward at step 577810: -1
Level 3, episode reward at step 577933: -1
Level 3, episode reward at step 579931: -1
Level 3, episode reward at step 581929: -1
Level 3, episode reward at step 583927: -1
Level 3, episode reward at step 583938: -1
Level 3, episode reward at step 583950: -1
Level 3, episode reward at step 583961: -1
Level 3, episode reward at step 583968: -1
Level 3, episode reward at step 583978: -1
Level 3, episode reward at step 585976: -1
Level 3, episode reward at step 587974: -1
Level 3, episode reward at step 589972: -1
Level 3, episode reward at step 591970: -1
Level 3, episode reward at step 593968: -1
Level 3, episode reward at step 595966: -1
Level 3, episode reward at step 597964: -1
Level 3, episode reward at step 599962: -1
Level 3, episode reward at step 601960: -1
Level 3, episode reward at step 603958: -1
Level 3, episode reward at step 605956: -1
Level 3, episode reward at step 607954: -1
Level 3, episode reward at step 609952: -1
Level 3, episode reward at step 611950: -1
Level 3, episode reward at step 612002: -1
Level 3, episode reward at step 612115: -1
Level 3, episode reward at step 612378: -1
Level 3, episode reward at step 612394: -1
Level 3, episode reward at step 612490: -1
Level 3, episode reward at step 612526: -1
Level 3, episode reward at step 612543: -1
Level 3, episode reward at step 612631: -1
Level 3, episode reward at step 612642: -1
Level 3, episode reward at step 612654: -1
Level 3, episode reward at step 612721: -1
Level 3, episode reward at step 612801: -1
Level 3, episode reward at step 614799: -1
Level 3, episode reward at step 616797: -1
Level 3, episode reward at step 618795: -1
Level 3, episode reward at step 620793: -1
Level 3, episode reward at step 622791: -1
Level 3, episode reward at step 624789: -1
Level 3, episode reward at step 624896: -1
Level 3, episode reward at step 626894: -1
Level 3, episode reward at step 628892: -1
Level 3, episode reward at step 628978: -1
Level 3, episode reward at step 630976: -1
Level 3, episode reward at step 632974: -1
Level 3, episode reward at step 634972: -1
Level 3, episode reward at step 636970: -1
Level 3, episode reward at step 637255: -1
Level 3, episode reward at step 637373: -1
Level 3, episode reward at step 637409: -1
Level 3, episode reward at step 637469: -1
Level 3, episode reward at step 638250: -1
Level 3, episode reward at step 640248: -1
Level 3, episode reward at step 642246: -1
Level 3, episode reward at step 644244: -1
Level 3, episode reward at step 646242: -1
Level 3, episode reward at step 648240: -1
Level 3, episode reward at step 650238: -1
Level 3, episode reward at step 652236: -1
Level 3, episode reward at step 654234: -1
Level 3, episode reward at step 656232: -1
Level 3, episode reward at step 658230: -1
Level 3, episode reward at step 660228: -1
Level 3, episode reward at step 662226: -1
Level 3, episode reward at step 664224: -1
Level 3, episode reward at step 666222: -1
Level 3, episode reward at step 668220: -1
Level 3, episode reward at step 670218: -1
Level 3, episode reward at step 672216: -1
Level 3, episode reward at step 674214: -1
Level 3, episode reward at step 676212: -1
Level 3, episode reward at step 678210: -1
Level 3, episode reward at step 680208: -1
Level 3, episode reward at step 682206: -1
Level 3, episode reward at step 684204: -1
Level 3, episode reward at step 686202: -1
Level 3, episode reward at step 686298: -1
Level 3, episode reward at step 688296: -1
Level 3, episode reward at step 690294: -1
Level 3, episode reward at step 692292: -1
Level 3, episode reward at step 692336: -1
Level 3, episode reward at step 692356: -1
Level 3, episode reward at step 694354: -1
Level 3, episode reward at step 696352: -1
Level 3, episode reward at step 698350: -1
Level 3, episode reward at step 700348: -1
Level 3, episode reward at step 702346: -1
Level 3, episode reward at step 704344: -1
Level 3, episode reward at step 704454: -1
Level 3, episode reward at step 704546: -1
Level 3, episode reward at step 706544: -1
Level 3, episode reward at step 708542: -1
Level 3, episode reward at step 710540: -1
Level 3, episode reward at step 712538: -1
Level 3, episode reward at step 712913: -1
Level 3, episode reward at step 714911: -1
Level 3, episode reward at step 716909: -1
Level 3, episode reward at step 718907: -1
Level 3, episode reward at step 720905: -1
Level 3, episode reward at step 722903: -1
Level 3, episode reward at step 724901: -1
Level 3, episode reward at step 726899: -1
Level 3, episode reward at step 728897: -1
Level 3, episode reward at step 730895: -1
Level 3, episode reward at step 732893: -1
Level 3, episode reward at step 734891: -1
Level 3, episode reward at step 736889: -1
Level 3, episode reward at step 738887: -1
Level 3, episode reward at step 740885: -1
Level 3, episode reward at step 742883: -1
Level 3, episode reward at step 744881: -1
Level 3, episode reward at step 746879: -1
Level 3, episode reward at step 748877: -1
Level 3, episode reward at step 750875: -1
Level 3, episode reward at step 752873: -1
Level 3, episode reward at step 754018: -1
Level 3, episode reward at step 756016: -1
Level 3, episode reward at step 756132: -1
Level 3, episode reward at step 758130: -1
Level 3, episode reward at step 760128: -1
Level 3, episode reward at step 762126: -1
Level 3, episode reward at step 762195: -1
Level 3, episode reward at step 764193: -1
Level 3, episode reward at step 766191: -1
Level 3, episode reward at step 768189: -1
Level 3, episode reward at step 770187: -1
Level 3, episode reward at step 772185: -1
Level 3, episode reward at step 774183: -1
Level 3, episode reward at step 774280: -1
Level 3, episode reward at step 774322: -1
Level 3, episode reward at step 774397: -1
Level 3, episode reward at step 774473: -1
Level 3, episode reward at step 774521: -1
Level 3, episode reward at step 774533: -1
Level 3, episode reward at step 774727: -1
Level 3, episode reward at step 774739: -1
Level 3, episode reward at step 775028: -1
Level 3, episode reward at step 775037: -1
Level 3, episode reward at step 775046: -1
Level 3, episode reward at step 775055: -1
Level 3, episode reward at step 777053: -1
Level 3, episode reward at step 779051: -1
Level 3, episode reward at step 781049: -1
Level 3, episode reward at step 783047: -1
Level 3, episode reward at step 783065: -1
Level 3, episode reward at step 783106: -1
Level 3, episode reward at step 783159: -1
Level 3, episode reward at step 785157: -1
Level 3, episode reward at step 787155: -1
Level 3, episode reward at step 787524: -1
Level 3, episode reward at step 789522: -1
Level 3, episode reward at step 791034: -1
Level 3, episode reward at step 791926: -1
Level 3, episode reward at step 791936: -1
Level 3, episode reward at step 792026: -1
Level 3, episode reward at step 794024: -1
Level 3, episode reward at step 794526: -1
Level 3, episode reward at step 794544: -1
Level 3, episode reward at step 794565: -1
Level 3, episode reward at step 794594: -1
Level 3, episode reward at step 794606: -1
Level 3, episode reward at step 794616: -1
Level 3, episode reward at step 796614: -1
Level 3, episode reward at step 796647: -1
Level 3, episode reward at step 798645: -1
Level 3, episode reward at step 800643: -1
Level 3, episode reward at step 800663: -1
Level 3, episode reward at step 800802: -1
Level 3, episode reward at step 800810: -1
Level 3, episode reward at step 800818: -1
Level 3, episode reward at step 800824: -1
Level 3, episode reward at step 800909: -1
Level 3, episode reward at step 800926: -1
Level 3, episode reward at step 802924: -1
Level 3, episode reward at step 803012: -1
Level 3, episode reward at step 803081: -1
Level 3, episode reward at step 803091: -1
Level 3, episode reward at step 803274: -1
Level 3, episode reward at step 803580: -1
Level 3, episode reward at step 803797: -1
Level 3, episode reward at step 803811: -1
Level 3, episode reward at step 803849: -1
Level 3, episode reward at step 803877: -1
Level 3, episode reward at step 803898: -1
Level 3, episode reward at step 803914: -1
Level 3, episode reward at step 803927: -1
Level 3, episode reward at step 803939: -1
Level 3, episode reward at step 803955: -1
Level 3, episode reward at step 803971: -1
Level 3, episode reward at step 803983: -1
Level 3, episode reward at step 803995: -1
Level 3, episode reward at step 804013: -1
Level 3, episode reward at step 804025: -1
Level 3, episode reward at step 804037: -1
Level 3, episode reward at step 804056: -1
Level 3, episode reward at step 804076: -1
Level 3, episode reward at step 804123: -1
Level 3, episode reward at step 804137: -1
Level 3, episode reward at step 804154: -1
Level 3, episode reward at step 804171: -1
Level 3, episode reward at step 804190: -1
Level 3, episode reward at step 804202: -1
Level 3, episode reward at step 804215: -1
Level 3, episode reward at step 804231: -1
Level 3, episode reward at step 804256: -1
Level 3, episode reward at step 804269: -1
Level 3, episode reward at step 804318: -1
Level 3, episode reward at step 806316: -1
Level 3, episode reward at step 806328: -1
Level 3, episode reward at step 806345: -1
Level 3, episode reward at step 806363: -1
Level 3, episode reward at step 806376: -1
Level 3, episode reward at step 806395: -1
Level 3, episode reward at step 806412: -1
Level 3, episode reward at step 806425: -1
Level 3, episode reward at step 806441: -1
Level 3, episode reward at step 806454: -1
Level 3, episode reward at step 806467: -1
Level 3, episode reward at step 806480: -1
Level 3, episode reward at step 806582: -1
Level 3, episode reward at step 806591: -1
Level 3, episode reward at step 808589: -1
Level 3, episode reward at step 808598: -1
Level 3, episode reward at step 808607: -1
Level 3, episode reward at step 808620: -1
Level 3, episode reward at step 808629: -1
Level 3, episode reward at step 808638: -1
Level 3, episode reward at step 808650: -1
Level 3, episode reward at step 808659: -1
Level 3, episode reward at step 808668: -1
Level 3, episode reward at step 808678: -1
Level 3, episode reward at step 808687: -1
Level 3, episode reward at step 808703: -1
Level 3, episode reward at step 808716: -1
Level 3, episode reward at step 808726: -1
Level 3, episode reward at step 808735: -1
Level 3, episode reward at step 808745: -1
Level 3, episode reward at step 808754: -1
Level 3, episode reward at step 808763: -1
Level 3, episode reward at step 808772: -1
Level 3, episode reward at step 808782: -1
Level 3, episode reward at step 808800: -1
New Best Reward: -1
Level 3, episode reward at step 808809: -1
Level 3, episode reward at step 808819: -1
Level 3, episode reward at step 808828: -1
Level 3, episode reward at step 808837: -1
Level 3, episode reward at step 808847: -1
Level 3, episode reward at step 808869: -1
Level 3, episode reward at step 808879: -1
Level 3, episode reward at step 808888: -1
Level 3, episode reward at step 808898: -1
Level 3, episode reward at step 808907: -1
Level 3, episode reward at step 808916: -1
Level 3, episode reward at step 808930: -1
Level 3, episode reward at step 808939: -1
Level 3, episode reward at step 808954: -1
Level 3, episode reward at step 808966: -1
Level 3, episode reward at step 808975: -1
Level 3, episode reward at step 808992: -1
Level 3, episode reward at step 809001: -1
Level 3, episode reward at step 809017: -1
Level 3, episode reward at step 809026: -1
Level 3, episode reward at step 809035: -1
Level 3, episode reward at step 809044: -1
Level 3, episode reward at step 809059: -1
Level 3, episode reward at step 809068: -1
Level 3, episode reward at step 809080: -1
Level 3, episode reward at step 809089: -1
Level 3, episode reward at step 809100: -1
New Best Reward: -1
Level 3, episode reward at step 809109: -1
Level 3, episode reward at step 809119: -1
Level 3, episode reward at step 809136: -1
Level 3, episode reward at step 811134: -1
Level 3, episode reward at step 811144: -1
Level 3, episode reward at step 811155: -1
Level 3, episode reward at step 811167: -1
Level 3, episode reward at step 811176: -1
Level 3, episode reward at step 811189: -1
Level 3, episode reward at step 811198: -1
Level 3, episode reward at step 811210: -1
Level 3, episode reward at step 811219: -1
Level 3, episode reward at step 811228: -1
Level 3, episode reward at step 811237: -1
Level 3, episode reward at step 811246: -1
Level 3, episode reward at step 811255: -1
Level 3, episode reward at step 811265: -1
Level 3, episode reward at step 811274: -1
Level 3, episode reward at step 811287: -1
Level 3, episode reward at step 811296: -1
Level 3, episode reward at step 811309: -1
Level 3, episode reward at step 811318: -1
Level 3, episode reward at step 811330: -1
Level 3, episode reward at step 811339: -1
Level 3, episode reward at step 811352: -1
Level 3, episode reward at step 811361: -1
Level 3, episode reward at step 811370: -1
Level 3, episode reward at step 811379: -1
Level 3, episode reward at step 811389: -1
Level 3, episode reward at step 811398: -1
Level 3, episode reward at step 811410: -1
Level 3, episode reward at step 811420: -1
Level 3, episode reward at step 811430: -1
Level 3, episode reward at step 811439: -1
Level 3, episode reward at step 811448: -1
Level 3, episode reward at step 811460: -1
Level 3, episode reward at step 811469: -1
Level 3, episode reward at step 811479: -1
Level 3, episode reward at step 811489: -1
Level 3, episode reward at step 811498: -1
Level 3, episode reward at step 811510: -1
Level 3, episode reward at step 811519: -1
Level 3, episode reward at step 811529: -1
Level 3, episode reward at step 811538: -1
Level 3, episode reward at step 811550: -1
Level 3, episode reward at step 811577: -1
Level 3, episode reward at step 811586: -1
Level 3, episode reward at step 813584: -1
Level 3, episode reward at step 813593: -1
Level 3, episode reward at step 813605: -1
Level 3, episode reward at step 813614: -1
Level 3, episode reward at step 813627: -1
Level 3, episode reward at step 813640: -1
Level 3, episode reward at step 813649: -1
Level 3, episode reward at step 813658: -1
Level 3, episode reward at step 813671: -1
Level 3, episode reward at step 813680: -1
Level 3, episode reward at step 813689: -1
Level 3, episode reward at step 813698: -1
Level 3, episode reward at step 813707: -1
Level 3, episode reward at step 813716: -1
Level 3, episode reward at step 813728: -1
Level 3, episode reward at step 813738: -1
Level 3, episode reward at step 813751: -1
Level 3, episode reward at step 813760: -1
Level 3, episode reward at step 813769: -1
Level 3, episode reward at step 813779: -1
Level 3, episode reward at step 813791: -1
Level 3, episode reward at step 813800: -1
New Best Reward: -1
Level 3, episode reward at step 815798: -1
Level 3, episode reward at step 815839: -1
Level 3, episode reward at step 815979: -1
Level 3, episode reward at step 815990: -1
Level 3, episode reward at step 816019: -1
Level 3, episode reward at step 816038: -1
Level 3, episode reward at step 816485: -1
Level 3, episode reward at step 816650: -1
Level 3, episode reward at step 816738: -1
Level 3, episode reward at step 816827: -1
Level 3, episode reward at step 816889: -1
Level 3, episode reward at step 816901: -1
Level 3, episode reward at step 816918: -1
Level 3, episode reward at step 816931: -1
Level 3, episode reward at step 817648: -1
Level 3, episode reward at step 817658: -1
Level 3, episode reward at step 817665: -1
Level 3, episode reward at step 817673: -1
Level 3, episode reward at step 819671: -1
Level 3, episode reward at step 819680: -1
Level 3, episode reward at step 820490: -1
Level 3, episode reward at step 820785: -1
Level 3, episode reward at step 821476: -1
Level 3, episode reward at step 821519: -1
Level 3, episode reward at step 821560: -1
Level 3, episode reward at step 821599: -1
Level 3, episode reward at step 821634: -1
Level 3, episode reward at step 823632: -1
Level 3, episode reward at step 825630: -1
Level 3, episode reward at step 827628: -1
Level 3, episode reward at step 829626: -1
Level 3, episode reward at step 831624: -1
Level 3, episode reward at step 833622: -1
Level 3, episode reward at step 835620: -1
Level 3, episode reward at step 837618: -1
Level 3, episode reward at step 838998: -1
Level 3, episode reward at step 839023: -1
Level 3, episode reward at step 839111: -1
Level 3, episode reward at step 839217: -1
Level 3, episode reward at step 839312: -1
Level 3, episode reward at step 839366: -1
Level 3, episode reward at step 839397: -1
Level 3, episode reward at step 840276: -1
Level 3, episode reward at step 840364: -1
Level 3, episode reward at step 840911: -1
Level 3, episode reward at step 840980: -1
Level 3, episode reward at step 841031: -1
Level 3, episode reward at step 843029: -1
Level 3, episode reward at step 843739: -1
Level 3, episode reward at step 845737: -1
Level 3, episode reward at step 847735: -1
Level 3, episode reward at step 849733: -1
Level 3, episode reward at step 851731: -1
Level 3, episode reward at step 853729: -1
Level 3, episode reward at step 855727: -1
Level 3, episode reward at step 857725: -1
Level 3, episode reward at step 857789: -1
Level 3, episode reward at step 857812: -1
Level 3, episode reward at step 859810: -1
Level 3, episode reward at step 860132: -1
Level 3, episode reward at step 860213: -1
Level 3, episode reward at step 860588: -1
Level 3, episode reward at step 860672: -1
Level 3, episode reward at step 860810: -1
Level 3, episode reward at step 860905: -1
Level 3, episode reward at step 860984: -1
Level 3, episode reward at step 861052: -1
Level 3, episode reward at step 861196: -1
Level 3, episode reward at step 861330: -1
Level 3, episode reward at step 861360: -1
Level 3, episode reward at step 861391: -1
Level 3, episode reward at step 861457: -1
Level 3, episode reward at step 861524: -1
Level 3, episode reward at step 863522: -1
Level 3, episode reward at step 865520: -1
Level 3, episode reward at step 867518: -1
Level 3, episode reward at step 869516: -1
Level 3, episode reward at step 871514: -1
Level 3, episode reward at step 873512: -1
Level 3, episode reward at step 874939: -1
Level 3, episode reward at step 874947: -1
Level 3, episode reward at step 874955: -1
Level 3, episode reward at step 875854: -1
Level 3, episode reward at step 875889: -1
Level 3, episode reward at step 875897: -1
Level 3, episode reward at step 875905: -1
Level 3, episode reward at step 876780: -1
Level 3, episode reward at step 877278: -1
Level 3, episode reward at step 877443: -1
Level 3, episode reward at step 877727: -1
Level 3, episode reward at step 877932: -1
Level 3, episode reward at step 878145: -1
Level 3, episode reward at step 878297: -1
Level 3, episode reward at step 878318: -1
Level 3, episode reward at step 878991: -1
Level 3, episode reward at step 879121: -1
Level 3, episode reward at step 879143: -1
Level 3, episode reward at step 879380: -1
Level 3, episode reward at step 880246: -1
Level 3, episode reward at step 882244: -1
Level 3, episode reward at step 884242: -1
Level 3, episode reward at step 884319: -1
Level 3, episode reward at step 885398: -1
Level 3, episode reward at step 887336: -1
Level 3, episode reward at step 889334: -1
Level 3, episode reward at step 891332: -1
Level 3, episode reward at step 891677: -1
Level 3, episode reward at step 891687: -1
Level 3, episode reward at step 893685: -1
Level 3, episode reward at step 895617: -1
Level 3, episode reward at step 897615: -1
Level 3, episode reward at step 899613: -1
Level 3, episode reward at step 899700: -1
New Best Reward: -1
Level 3, episode reward at step 899713: -1
Level 3, episode reward at step 900934: -1
Level 3, episode reward at step 900959: -1
Level 3, episode reward at step 901406: -1
Level 3, episode reward at step 903404: -1
Level 3, episode reward at step 905402: -1
Level 3, episode reward at step 905883: -1
Level 3, episode reward at step 907881: -1
Level 3, episode reward at step 908001: -1
Level 3, episode reward at step 908039: -1
Level 3, episode reward at step 908173: -1
Level 3, episode reward at step 908309: -1
Level 3, episode reward at step 910307: -1
Level 3, episode reward at step 910413: -1
Level 3, episode reward at step 912411: -1
Level 3, episode reward at step 913029: -1
Level 3, episode reward at step 913089: -1
Level 3, episode reward at step 915087: -1
Level 3, episode reward at step 915176: -1
Level 3, episode reward at step 915276: -1
Level 3, episode reward at step 915442: -1
Level 3, episode reward at step 917440: -1
Level 3, episode reward at step 917533: -1
Level 3, episode reward at step 917641: -1
Level 3, episode reward at step 917864: -1
Level 3, episode reward at step 917977: -1
Level 3, episode reward at step 918143: -1
Level 3, episode reward at step 918239: -1
Level 3, episode reward at step 920237: -1
Level 3, episode reward at step 922235: -1
Level 3, episode reward at step 922242: -1
Level 3, episode reward at step 924240: -1
Level 3, episode reward at step 924411: -1
Level 3, episode reward at step 924499: -1
Level 3, episode reward at step 924783: -1
Level 3, episode reward at step 925015: -1
Level 3, episode reward at step 927013: -1
Level 3, episode reward at step 927162: -1
Level 3, episode reward at step 927213: -1
Level 3, episode reward at step 927349: -1
Level 3, episode reward at step 927406: -1
Level 3, episode reward at step 927432: -1
Level 3, episode reward at step 927494: -1
Level 3, episode reward at step 927539: -1
Level 3, episode reward at step 927591: -1
Level 3, episode reward at step 927651: -1
Level 3, episode reward at step 927738: -1
Level 3, episode reward at step 927777: -1
Level 3, episode reward at step 927881: -1
Level 3, episode reward at step 927887: -1
Level 3, episode reward at step 927928: -1
Level 3, episode reward at step 927945: -1
Level 3, episode reward at step 927951: -1
Level 3, episode reward at step 927973: -1
Level 3, episode reward at step 928014: -1
Level 3, episode reward at step 928066: -1
Level 3, episode reward at step 928116: -1
Level 3, episode reward at step 928180: -1
Level 3, episode reward at step 930178: -1
Level 3, episode reward at step 930258: -1
Level 3, episode reward at step 930390: -1
Level 3, episode reward at step 930474: -1
Level 3, episode reward at step 930547: -1
Level 3, episode reward at step 930613: -1
Level 3, episode reward at step 930724: -1
Level 3, episode reward at step 930815: -1
Level 3, episode reward at step 930861: -1
Level 3, episode reward at step 932859: -1
Level 3, episode reward at step 932933: -1
Level 3, episode reward at step 932983: -1
Level 3, episode reward at step 934981: -1
Level 3, episode reward at step 936979: -1
Level 3, episode reward at step 938977: -1
Level 3, episode reward at step 939102: -1
Level 3, episode reward at step 939154: -1
Level 3, episode reward at step 939229: -1
Level 3, episode reward at step 941227: -1
Level 3, episode reward at step 942171: -1
Level 3, episode reward at step 942274: -1
Level 3, episode reward at step 942315: -1
Level 3, episode reward at step 942472: -1
Level 3, episode reward at step 942549: -1
Level 3, episode reward at step 944547: -1
Level 3, episode reward at step 944906: -1
Level 3, episode reward at step 945204: -1
Level 3, episode reward at step 947202: -1
Level 3, episode reward at step 947275: -1
Level 3, episode reward at step 947385: -1
Level 3, episode reward at step 947492: -1
Level 3, episode reward at step 947517: -1
Level 3, episode reward at step 947567: -1
Level 3, episode reward at step 947689: -1
Level 3, episode reward at step 947777: -1
Level 3, episode reward at step 947809: -1
Level 3, episode reward at step 947931: -1
Level 3, episode reward at step 949929: -1
Level 3, episode reward at step 951927: -1
Level 3, episode reward at step 951957: -1
Level 3, episode reward at step 952049: -1
Level 3, episode reward at step 952153: -1
Level 3, episode reward at step 952226: -1
Level 3, episode reward at step 952313: -1
Level 3, episode reward at step 952380: -1
Level 3, episode reward at step 952514: -1
Level 3, episode reward at step 952587: -1
Level 3, episode reward at step 952686: -1
Level 3, episode reward at step 952741: -1
Level 3, episode reward at step 954739: -1
Level 3, episode reward at step 954861: -1
Level 3, episode reward at step 954973: -1
Level 3, episode reward at step 955043: -1
Level 3, episode reward at step 957041: -1
Level 3, episode reward at step 959039: -1
Level 3, episode reward at step 959968: -1
Level 3, episode reward at step 960040: -1
Level 3, episode reward at step 960067: -1
Level 3, episode reward at step 960130: -1
Level 3, episode reward at step 960228: -1
Level 3, episode reward at step 960326: -1
Level 3, episode reward at step 960389: -1
Level 3, episode reward at step 962387: -1
Level 3, episode reward at step 962570: -1
Level 3, episode reward at step 962953: -1
Level 3, episode reward at step 963061: -1
Level 3, episode reward at step 963264: -1
Level 3, episode reward at step 963404: -1
Level 3, episode reward at step 963519: -1
Level 3, episode reward at step 963865: -1
Level 3, episode reward at step 963917: -1
Level 3, episode reward at step 963961: -1
Level 3, episode reward at step 964024: -1
Level 3, episode reward at step 964099: -1
Level 3, episode reward at step 964158: -1
Level 3, episode reward at step 966156: -1
Level 3, episode reward at step 966776: -1
Level 3, episode reward at step 966858: -1
Level 3, episode reward at step 966960: -1
Level 3, episode reward at step 968958: -1
Level 3, episode reward at step 969750: -1
Level 3, episode reward at step 969845: -1
Level 3, episode reward at step 969957: -1
Level 3, episode reward at step 970052: -1
Level 3, episode reward at step 970353: -1
Level 3, episode reward at step 970466: -1
Level 3, episode reward at step 970566: -1
Level 3, episode reward at step 970605: -1
Level 3, episode reward at step 970746: -1
Level 3, episode reward at step 970910: -1
Level 3, episode reward at step 970967: -1
Level 3, episode reward at step 971053: -1
Level 3, episode reward at step 971137: -1
Level 3, episode reward at step 971216: -1
Level 3, episode reward at step 973214: -1
Level 3, episode reward at step 974153: -1
Level 3, episode reward at step 974171: -1
Level 3, episode reward at step 974254: -1
Level 3, episode reward at step 974914: -1
Level 3, episode reward at step 975065: -1
Level 3, episode reward at step 975139: -1
Level 3, episode reward at step 975226: -1
Level 3, episode reward at step 975353: -1
Level 3, episode reward at step 975402: -1
Level 3, episode reward at step 975469: -1
Level 3, episode reward at step 975500: -1
New Best Reward: -1
Level 3, episode reward at step 975634: -1
Level 3, episode reward at step 975723: -1
Level 3, episode reward at step 975741: -1
Level 3, episode reward at step 975797: -1
Level 3, episode reward at step 975992: -1
Level 3, episode reward at step 976039: -1
Level 3, episode reward at step 976182: -1
Level 3, episode reward at step 978180: -1
Level 3, episode reward at step 978949: -1
Level 3, episode reward at step 979031: -1
Level 3, episode reward at step 979383: -1
Level 3, episode reward at step 979512: -1
Level 3, episode reward at step 980601: -1
Level 3, episode reward at step 980607: -1
Level 3, episode reward at step 980642: -1
Level 3, episode reward at step 980770: -1
Level 3, episode reward at step 980859: -1
Level 3, episode reward at step 980864: -1
Level 3, episode reward at step 980899: -1
Level 3, episode reward at step 981028: -1
Level 3, episode reward at step 981040: -1
Level 3, episode reward at step 981064: -1
Level 3, episode reward at step 983062: -1
Level 3, episode reward at step 983764: -1
Level 3, episode reward at step 983770: -1
Level 3, episode reward at step 983898: -1
Level 3, episode reward at step 985068: -1
Level 3, episode reward at step 985170: -1
Level 3, episode reward at step 987168: -1
Level 3, episode reward at step 989166: -1
Level 3, episode reward at step 991164: -1
Level 3, episode reward at step 993162: -1
Level 3, episode reward at step 994895: -1
Level 3, episode reward at step 995008: -1
Level 3, episode reward at step 997006: -1
Level 3, episode reward at step 999004: -1
Done training ALL!
