/n/home13/kevinwu/.conda/envs/pt27/lib/python2.7/site-packages/skimage/transform/_warps.py:105: UserWarning: The default mode, 'constant', will be changed to 'reflect' in skimage 0.15.
  warn("The default mode, 'constant', will be changed to 'reflect' in "
/n/home13/kevinwu/.conda/envs/pt27/lib/python2.7/site-packages/skimage/transform/_warps.py:110: UserWarning: Anti-aliasing will be enabled by default in skimage 0.15 to avoid aliasing artifacts when down-sampling images.
  warn("Anti-aliasing will be enabled by default in skimage 0.15 to "
Namespace(batch_size=32, criteria='1/1', cuda=1, doubleq=1, eps_decay=200.0, eps_end=0.1, eps_start=1, game_name='variant_expt_antagonist_1', gamma=0.999, img_size=64, level_switch='sequential', lr=0.00025, max_mem=50000, max_steps=1000000.0, model_name='DQN', model_weight_path=None, num_episodes=20000, num_trials=1, pretrain=0, random_seed=7, target_update=100, test_mode=0, timeout=2000, trial_num='1')
Game: variant_expt_antagonist_1
variant_expt_antagonist_1
Training at seed = 1
Training Starting
-------------------------
Level 0, episode reward at step 67: -1
Level 0, episode reward at step 134: -1
Level 0, episode reward at step 201: -1
Level 0, episode reward at step 268: -1
Level 0, episode reward at step 335: -1
Level 0, episode reward at step 402: -1
Level 0, episode reward at step 469: -1
Level 0, episode reward at step 536: -1
Level 0, episode reward at step 603: -1
Level 0, episode reward at step 670: -1
Level 0, episode reward at step 737: -1
Level 0, episode reward at step 1496: 1
Next Level!
Level 1, episode reward at step 1573: -1
Level 1, episode reward at step 1635: -1
Level 1, episode reward at step 1697: -1
Level 1, episode reward at step 1759: -1
Level 1, episode reward at step 1821: -1
Level 1, episode reward at step 1883: -1
Level 1, episode reward at step 1945: -1
Level 1, episode reward at step 2007: -1
Level 1, episode reward at step 2069: -1
Level 1, episode reward at step 2131: -1
Level 1, episode reward at step 2193: -1
Level 1, episode reward at step 2270: -1
Level 1, episode reward at step 2332: -1
Level 1, episode reward at step 2394: -1
Level 1, episode reward at step 2456: -1
Level 1, episode reward at step 2518: -1
Level 1, episode reward at step 2585: -1
Level 1, episode reward at step 2647: -1
Level 1, episode reward at step 2709: -1
Level 1, episode reward at step 2771: -1
Level 1, episode reward at step 2833: -1
Level 1, episode reward at step 2895: -1
Level 1, episode reward at step 2957: -1
Level 1, episode reward at step 3019: -1
Level 1, episode reward at step 3081: -1
Level 1, episode reward at step 3143: -1
Level 1, episode reward at step 3205: -1
Level 1, episode reward at step 3267: -1
Level 1, episode reward at step 3329: -1
Level 1, episode reward at step 3391: -1
Level 1, episode reward at step 3458: -1
Level 1, episode reward at step 3520: -1
Level 1, episode reward at step 3582: -1
Level 1, episode reward at step 3649: -1
Level 1, episode reward at step 3711: -1
Level 1, episode reward at step 3773: -1
Level 1, episode reward at step 3835: -1
Level 1, episode reward at step 3897: -1
Level 1, episode reward at step 3964: -1
Level 1, episode reward at step 4026: -1
Level 1, episode reward at step 4088: -1
Level 1, episode reward at step 6086: -1
Level 1, episode reward at step 6148: -1
Level 1, episode reward at step 6210: -1
Level 1, episode reward at step 6272: -1
Level 1, episode reward at step 6339: -1
Level 1, episode reward at step 6401: -1
Level 1, episode reward at step 6463: -1
Level 1, episode reward at step 6525: -1
Level 1, episode reward at step 6587: -1
Level 1, episode reward at step 6654: -1
Level 1, episode reward at step 8652: -1
Level 1, episode reward at step 8714: -1
Level 1, episode reward at step 8776: -1
Level 1, episode reward at step 8838: -1
Level 1, episode reward at step 8900: -1
New Best Reward: -1
Level 1, episode reward at step 8962: -1
Level 1, episode reward at step 9044: -1
Level 1, episode reward at step 9106: -1
Level 1, episode reward at step 9178: -1
Level 1, episode reward at step 9245: -1
Level 1, episode reward at step 9307: -1
Level 1, episode reward at step 9369: -1
Level 1, episode reward at step 9431: -1
Level 1, episode reward at step 9508: -1
Level 1, episode reward at step 9570: -1
Level 1, episode reward at step 9632: -1
Level 1, episode reward at step 9694: -1
Level 1, episode reward at step 9766: -1
Level 1, episode reward at step 9833: -1
Level 1, episode reward at step 9895: -1
Level 1, episode reward at step 9957: -1
Level 1, episode reward at step 10029: -1
Level 1, episode reward at step 10091: -1
Level 1, episode reward at step 10153: -1
Level 1, episode reward at step 10215: -1
Level 1, episode reward at step 10277: -1
Level 1, episode reward at step 10339: -1
Level 1, episode reward at step 10401: -1
Level 1, episode reward at step 12399: -1
Level 1, episode reward at step 12461: -1
Level 1, episode reward at step 12528: -1
Level 1, episode reward at step 12590: -1
Level 1, episode reward at step 12652: -1
Level 1, episode reward at step 12714: -1
Level 1, episode reward at step 12776: -1
Level 1, episode reward at step 12838: -1
Level 1, episode reward at step 12900: -1
New Best Reward: -1
Level 1, episode reward at step 12972: -1
Level 1, episode reward at step 14970: -1
Level 1, episode reward at step 15032: -1
Level 1, episode reward at step 15094: -1
Level 1, episode reward at step 15156: -1
Level 1, episode reward at step 15258: -1
Level 1, episode reward at step 15320: -1
Level 1, episode reward at step 15387: -1
Level 1, episode reward at step 17385: -1
Level 1, episode reward at step 17457: -1
Level 1, episode reward at step 17519: -1
Level 1, episode reward at step 17596: -1
Level 1, episode reward at step 17658: -1
Level 1, episode reward at step 19656: -1
Level 1, episode reward at step 21654: -1
Level 1, episode reward at step 23652: -1
Level 1, episode reward at step 25650: -1
Level 1, episode reward at step 25712: -1
Level 1, episode reward at step 25774: -1
Level 1, episode reward at step 25841: -1
Level 1, episode reward at step 25903: -1
Level 1, episode reward at step 27901: -1
Level 1, episode reward at step 27963: -1
Level 1, episode reward at step 28025: -1
Level 1, episode reward at step 28087: -1
Level 1, episode reward at step 28149: -1
Level 1, episode reward at step 28231: -1
Level 1, episode reward at step 28298: -1
Level 1, episode reward at step 30296: -1
Level 1, episode reward at step 30358: -1
Level 1, episode reward at step 30420: -1
Level 1, episode reward at step 30482: -1
Level 1, episode reward at step 30544: -1
Level 1, episode reward at step 30606: -1
Level 1, episode reward at step 30673: -1
Level 1, episode reward at step 30735: -1
Level 1, episode reward at step 30797: -1
Level 1, episode reward at step 30859: -1
Level 1, episode reward at step 30921: -1
Level 1, episode reward at step 30983: -1
Level 1, episode reward at step 31045: -1
Level 1, episode reward at step 31107: -1
Level 1, episode reward at step 31169: -1
Level 1, episode reward at step 31231: -1
Level 1, episode reward at step 31293: -1
Level 1, episode reward at step 31355: -1
Level 1, episode reward at step 31432: -1
Level 1, episode reward at step 31499: -1
Level 1, episode reward at step 31561: -1
Level 1, episode reward at step 31623: -1
Level 1, episode reward at step 33621: -1
Level 1, episode reward at step 33683: -1
Level 1, episode reward at step 33745: -1
Level 1, episode reward at step 35743: -1
Level 1, episode reward at step 35810: -1
Level 1, episode reward at step 35872: -1
Level 1, episode reward at step 35934: -1
Level 1, episode reward at step 35996: -1
Level 1, episode reward at step 37994: -1
Level 1, episode reward at step 38056: -1
Level 1, episode reward at step 38133: -1
Level 1, episode reward at step 38195: -1
Level 1, episode reward at step 40193: -1
Level 1, episode reward at step 40255: -1
Level 1, episode reward at step 40317: -1
Level 1, episode reward at step 40379: -1
Level 1, episode reward at step 40441: -1
Level 1, episode reward at step 40503: -1
Level 1, episode reward at step 40565: -1
Level 1, episode reward at step 40627: -1
Level 1, episode reward at step 40714: -1
Level 1, episode reward at step 40776: -1
Level 1, episode reward at step 40838: -1
Level 1, episode reward at step 40900: -1
New Best Reward: -1
Level 1, episode reward at step 40962: -1
Level 1, episode reward at step 41024: -1
Level 1, episode reward at step 41086: -1
Level 1, episode reward at step 41148: -1
Level 1, episode reward at step 41210: -1
Level 1, episode reward at step 43208: -1
Level 1, episode reward at step 43270: -1
Level 1, episode reward at step 43332: -1
Level 1, episode reward at step 43399: -1
Level 1, episode reward at step 43461: -1
Level 1, episode reward at step 43523: -1
Level 1, episode reward at step 43605: -1
Level 1, episode reward at step 43667: -1
Level 1, episode reward at step 43729: -1
Level 1, episode reward at step 43801: -1
Level 1, episode reward at step 43863: -1
Level 1, episode reward at step 45861: -1
Level 1, episode reward at step 45923: -1
Level 1, episode reward at step 45995: -1
Level 1, episode reward at step 46057: -1
Level 1, episode reward at step 46119: -1
Level 1, episode reward at step 46181: -1
Level 1, episode reward at step 46243: -1
Level 1, episode reward at step 46310: -1
Level 1, episode reward at step 46372: -1
Level 1, episode reward at step 46434: -1
Level 1, episode reward at step 46496: -1
Level 1, episode reward at step 46563: -1
Level 1, episode reward at step 46625: -1
Level 1, episode reward at step 46687: -1
Level 1, episode reward at step 46749: -1
Level 1, episode reward at step 46821: -1
Level 1, episode reward at step 46893: -1
Level 1, episode reward at step 46955: -1
Level 1, episode reward at step 47022: -1
Level 1, episode reward at step 47084: -1
Level 1, episode reward at step 47146: -1
Level 1, episode reward at step 49144: -1
Level 1, episode reward at step 49206: -1
Level 1, episode reward at step 49278: -1
Level 1, episode reward at step 49340: -1
Level 1, episode reward at step 49402: -1
Level 1, episode reward at step 49464: -1
Level 1, episode reward at step 49526: -1
Level 1, episode reward at step 49588: -1
Level 1, episode reward at step 49650: -1
Level 1, episode reward at step 49717: -1
Level 1, episode reward at step 51715: -1
Level 1, episode reward at step 51777: -1
Level 1, episode reward at step 51839: -1
Level 1, episode reward at step 51901: -1
Level 1, episode reward at step 53899: -1
Level 1, episode reward at step 53961: -1
Level 1, episode reward at step 54023: -1
Level 1, episode reward at step 54090: -1
Level 1, episode reward at step 54152: -1
Level 1, episode reward at step 54214: -1
Level 1, episode reward at step 54301: -1
Level 1, episode reward at step 54363: -1
Level 1, episode reward at step 54470: -1
Level 1, episode reward at step 54532: -1
Level 1, episode reward at step 54594: -1
Level 1, episode reward at step 54661: -1
Level 1, episode reward at step 54723: -1
Level 1, episode reward at step 54785: -1
Level 1, episode reward at step 54847: -1
Level 1, episode reward at step 54909: -1
Level 1, episode reward at step 54971: -1
Level 1, episode reward at step 56969: -1
Level 1, episode reward at step 57031: -1
Level 1, episode reward at step 57093: -1
Level 1, episode reward at step 57155: -1
Level 1, episode reward at step 57217: -1
Level 1, episode reward at step 57279: -1
Level 1, episode reward at step 59277: -1
Level 1, episode reward at step 61275: -1
Level 1, episode reward at step 61337: -1
Level 1, episode reward at step 61399: -1
Level 1, episode reward at step 61461: -1
Level 1, episode reward at step 61538: -1
Level 1, episode reward at step 61615: -1
Level 1, episode reward at step 61677: -1
Level 1, episode reward at step 61739: -1
Level 1, episode reward at step 61801: -1
Level 1, episode reward at step 61863: -1
Level 1, episode reward at step 61925: -1
Level 1, episode reward at step 63923: -1
Level 1, episode reward at step 63990: -1
Level 1, episode reward at step 65988: -1
Level 1, episode reward at step 66050: -1
Level 1, episode reward at step 66112: -1
Level 1, episode reward at step 66179: -1
Level 1, episode reward at step 66241: -1
Level 1, episode reward at step 66308: -1
Level 1, episode reward at step 66370: -1
Level 1, episode reward at step 66432: -1
Level 1, episode reward at step 66504: -1
Level 1, episode reward at step 66566: -1
Level 1, episode reward at step 68564: -1
Level 1, episode reward at step 70562: -1
Level 1, episode reward at step 70649: -1
Level 1, episode reward at step 70711: -1
Level 1, episode reward at step 70773: -1
Level 1, episode reward at step 70835: -1
Level 1, episode reward at step 70897: -1
Level 1, episode reward at step 72895: -1
Level 1, episode reward at step 72957: -1
Level 1, episode reward at step 73019: -1
Level 1, episode reward at step 73086: -1
Level 1, episode reward at step 75084: -1
Level 1, episode reward at step 75146: -1
Level 1, episode reward at step 75223: -1
Level 1, episode reward at step 75285: -1
Level 1, episode reward at step 75347: -1
Level 1, episode reward at step 75409: -1
Level 1, episode reward at step 75471: -1
Level 1, episode reward at step 75533: -1
Level 1, episode reward at step 75595: -1
Level 1, episode reward at step 75657: -1
Level 1, episode reward at step 75719: -1
Level 1, episode reward at step 75781: -1
Level 1, episode reward at step 75853: -1
Level 1, episode reward at step 75915: -1
Level 1, episode reward at step 77913: -1
Level 1, episode reward at step 77990: -1
Level 1, episode reward at step 78077: -1
Level 1, episode reward at step 78144: -1
Level 1, episode reward at step 78216: -1
Level 1, episode reward at step 78278: -1
Level 1, episode reward at step 78340: -1
Level 1, episode reward at step 78402: -1
Level 1, episode reward at step 80400: -1
New Best Reward: -1
Level 1, episode reward at step 80492: -1
Level 1, episode reward at step 80554: -1
Level 1, episode reward at step 80616: -1
Level 1, episode reward at step 80678: -1
Level 1, episode reward at step 80740: -1
Level 1, episode reward at step 80802: -1
Level 1, episode reward at step 80874: -1
Level 1, episode reward at step 80951: -1
Level 1, episode reward at step 81013: -1
Level 1, episode reward at step 81075: -1
Level 1, episode reward at step 81137: -1
Level 1, episode reward at step 81199: -1
Level 1, episode reward at step 81261: -1
Level 1, episode reward at step 81323: -1
Level 1, episode reward at step 81385: -1
Level 1, episode reward at step 81447: -1
Level 1, episode reward at step 83445: -1
Level 1, episode reward at step 83512: -1
Level 1, episode reward at step 83574: -1
Level 1, episode reward at step 83636: -1
Level 1, episode reward at step 83698: -1
Level 1, episode reward at step 83760: -1
Level 1, episode reward at step 83822: -1
Level 1, episode reward at step 83884: -1
Level 1, episode reward at step 83946: -1
Level 1, episode reward at step 84008: -1
Level 1, episode reward at step 84085: -1
Level 1, episode reward at step 84157: -1
Level 1, episode reward at step 86155: -1
Level 1, episode reward at step 86217: -1
Level 1, episode reward at step 86284: -1
Level 1, episode reward at step 86346: -1
Level 1, episode reward at step 86408: -1
Level 1, episode reward at step 86470: -1
Level 1, episode reward at step 86532: -1
Level 1, episode reward at step 86594: -1
Level 1, episode reward at step 86681: -1
Level 1, episode reward at step 86743: -1
Level 1, episode reward at step 86805: -1
Level 1, episode reward at step 86887: -1
Level 1, episode reward at step 86949: -1
Level 1, episode reward at step 87011: -1
Level 1, episode reward at step 87073: -1
Level 1, episode reward at step 87135: -1
Level 1, episode reward at step 87197: -1
Level 1, episode reward at step 87259: -1
Level 1, episode reward at step 87321: -1
Level 1, episode reward at step 87383: -1
Level 1, episode reward at step 87445: -1
Level 1, episode reward at step 89443: -1
Level 1, episode reward at step 89505: -1
Level 1, episode reward at step 89572: -1
Level 1, episode reward at step 89634: -1
Level 1, episode reward at step 89696: -1
Level 1, episode reward at step 89768: -1
Level 1, episode reward at step 89830: -1
Level 1, episode reward at step 89892: -1
Level 1, episode reward at step 89954: -1
Level 1, episode reward at step 90016: -1
Level 1, episode reward at step 90078: -1
Level 1, episode reward at step 90140: -1
Level 1, episode reward at step 90202: -1
Level 1, episode reward at step 90274: -1
Level 1, episode reward at step 92272: -1
Level 1, episode reward at step 92334: -1
Level 1, episode reward at step 92396: -1
Level 1, episode reward at step 92458: -1
Level 1, episode reward at step 94456: -1
Level 1, episode reward at step 94518: -1
Level 1, episode reward at step 94580: -1
Level 1, episode reward at step 94642: -1
Level 1, episode reward at step 94704: -1
Level 1, episode reward at step 94766: -1
Level 1, episode reward at step 94828: -1
Level 1, episode reward at step 94890: -1
Level 1, episode reward at step 96888: -1
Level 1, episode reward at step 96950: -1
Level 1, episode reward at step 98948: -1
Level 1, episode reward at step 99010: -1
Level 1, episode reward at step 99072: -1
Level 1, episode reward at step 99134: -1
Level 1, episode reward at step 99196: -1
Level 1, episode reward at step 99258: -1
Level 1, episode reward at step 99320: -1
Level 1, episode reward at step 99382: -1
Level 1, episode reward at step 99444: -1
Level 1, episode reward at step 99516: -1
Level 1, episode reward at step 99578: -1
Level 1, episode reward at step 99650: -1
Level 1, episode reward at step 99712: -1
Level 1, episode reward at step 101710: -1
Level 1, episode reward at step 101772: -1
Level 1, episode reward at step 101834: -1
Level 1, episode reward at step 101896: -1
Level 1, episode reward at step 101963: -1
Level 1, episode reward at step 102025: -1
Level 1, episode reward at step 102087: -1
Level 1, episode reward at step 104085: -1
Level 1, episode reward at step 104147: -1
Level 1, episode reward at step 106145: -1
Level 1, episode reward at step 106207: -1
Level 1, episode reward at step 106269: -1
Level 1, episode reward at step 106331: -1
Level 1, episode reward at step 106393: -1
Level 1, episode reward at step 106455: -1
Level 1, episode reward at step 106517: -1
Level 1, episode reward at step 106579: -1
Level 1, episode reward at step 106641: -1
Level 1, episode reward at step 106703: -1
Level 1, episode reward at step 106765: -1
Level 1, episode reward at step 106827: -1
Level 1, episode reward at step 106914: -1
Level 1, episode reward at step 106981: -1
Level 1, episode reward at step 107043: -1
Level 1, episode reward at step 107105: -1
Level 1, episode reward at step 107177: -1
Level 1, episode reward at step 107244: -1
Level 1, episode reward at step 107306: -1
Level 1, episode reward at step 107368: -1
Level 1, episode reward at step 107430: -1
Level 1, episode reward at step 107492: -1
Level 1, episode reward at step 109490: -1
Level 1, episode reward at step 109552: -1
Level 1, episode reward at step 109614: -1
Level 1, episode reward at step 109676: -1
Level 1, episode reward at step 109738: -1
Level 1, episode reward at step 109800: -1
New Best Reward: -1
Level 1, episode reward at step 109867: -1
Level 1, episode reward at step 111865: -1
Level 1, episode reward at step 111927: -1
Level 1, episode reward at step 112004: -1
Level 1, episode reward at step 112066: -1
Level 1, episode reward at step 112128: -1
Level 1, episode reward at step 112190: -1
Level 1, episode reward at step 112257: -1
Level 1, episode reward at step 112319: -1
Level 1, episode reward at step 112381: -1
Level 1, episode reward at step 112463: -1
Level 1, episode reward at step 112525: -1
Level 1, episode reward at step 114523: -1
Level 1, episode reward at step 114585: -1
Level 1, episode reward at step 114647: -1
Level 1, episode reward at step 114709: -1
Level 1, episode reward at step 114781: -1
Level 1, episode reward at step 114853: -1
Level 1, episode reward at step 114915: -1
Level 1, episode reward at step 114997: -1
Level 1, episode reward at step 115059: -1
Level 1, episode reward at step 115121: -1
Level 1, episode reward at step 115183: -1
Level 1, episode reward at step 115245: -1
Level 1, episode reward at step 115307: -1
Level 1, episode reward at step 115369: -1
Level 1, episode reward at step 115431: -1
Level 1, episode reward at step 115493: -1
Level 1, episode reward at step 115585: -1
Level 1, episode reward at step 115647: -1
Level 1, episode reward at step 115724: -1
Level 1, episode reward at step 115786: -1
Level 1, episode reward at step 115848: -1
Level 1, episode reward at step 115910: -1
Level 1, episode reward at step 115972: -1
Level 1, episode reward at step 116034: -1
Level 1, episode reward at step 116096: -1
Level 1, episode reward at step 116163: -1
Level 1, episode reward at step 116225: -1
Level 1, episode reward at step 116292: -1
Level 1, episode reward at step 116354: -1
Level 1, episode reward at step 116416: -1
Level 1, episode reward at step 116478: -1
Level 1, episode reward at step 116540: -1
Level 1, episode reward at step 116602: -1
Level 1, episode reward at step 116669: -1
Level 1, episode reward at step 116731: -1
Level 1, episode reward at step 116793: -1
Level 1, episode reward at step 116855: -1
Level 1, episode reward at step 116917: -1
Level 1, episode reward at step 116979: -1
Level 1, episode reward at step 117041: -1
Level 1, episode reward at step 117103: -1
Level 1, episode reward at step 117165: -1
Level 1, episode reward at step 117237: -1
Level 1, episode reward at step 117299: -1
Level 1, episode reward at step 117361: -1
Level 1, episode reward at step 117423: -1
Level 1, episode reward at step 117485: -1
Level 1, episode reward at step 117547: -1
Level 1, episode reward at step 117609: -1
Level 1, episode reward at step 117671: -1
Level 1, episode reward at step 117743: -1
Level 1, episode reward at step 117805: -1
Level 1, episode reward at step 117867: -1
Level 1, episode reward at step 117929: -1
Level 1, episode reward at step 118021: -1
Level 1, episode reward at step 118083: -1
Level 1, episode reward at step 118145: -1
Level 1, episode reward at step 118212: -1
Level 1, episode reward at step 118274: -1
Level 1, episode reward at step 118341: -1
Level 1, episode reward at step 118403: -1
Level 1, episode reward at step 118465: -1
Level 1, episode reward at step 118542: -1
Level 1, episode reward at step 118609: -1
Level 1, episode reward at step 118686: -1
Level 1, episode reward at step 118748: -1
Level 1, episode reward at step 118860: -1
Level 1, episode reward at step 118922: -1
Level 1, episode reward at step 118984: -1
Level 1, episode reward at step 119046: -1
Level 1, episode reward at step 121044: -1
Level 1, episode reward at step 121106: -1
Level 1, episode reward at step 121168: -1
Level 1, episode reward at step 123166: -1
Level 1, episode reward at step 123228: -1
Level 1, episode reward at step 125226: -1
Level 1, episode reward at step 125288: -1
Level 1, episode reward at step 125350: -1
Level 1, episode reward at step 125412: -1
Level 1, episode reward at step 125474: -1
Level 1, episode reward at step 125536: -1
Level 1, episode reward at step 127534: -1
Level 1, episode reward at step 127596: -1
Level 1, episode reward at step 127658: -1
Level 1, episode reward at step 127720: -1
Level 1, episode reward at step 127782: -1
Level 1, episode reward at step 127844: -1
Level 1, episode reward at step 127906: -1
Level 1, episode reward at step 127978: -1
Level 1, episode reward at step 128045: -1
Level 1, episode reward at step 130043: -1
Level 1, episode reward at step 130105: -1
Level 1, episode reward at step 130167: -1
Level 1, episode reward at step 130229: -1
Level 1, episode reward at step 130291: -1
Level 1, episode reward at step 130353: -1
Level 1, episode reward at step 130415: -1
Level 1, episode reward at step 130477: -1
Level 1, episode reward at step 130539: -1
Level 1, episode reward at step 130601: -1
Level 1, episode reward at step 130678: -1
Level 1, episode reward at step 130740: -1
Level 1, episode reward at step 130802: -1
Level 1, episode reward at step 130864: -1
Level 1, episode reward at step 130926: -1
Level 1, episode reward at step 130988: -1
Level 1, episode reward at step 131050: -1
Level 1, episode reward at step 131112: -1
Level 1, episode reward at step 131174: -1
Level 1, episode reward at step 131236: -1
Level 1, episode reward at step 131298: -1
Level 1, episode reward at step 131360: -1
Level 1, episode reward at step 131427: -1
Level 1, episode reward at step 131494: -1
Level 1, episode reward at step 131556: -1
Level 1, episode reward at step 131618: -1
Level 1, episode reward at step 133616: -1
Level 1, episode reward at step 135614: -1
Level 1, episode reward at step 135676: -1
Level 1, episode reward at step 135738: -1
Level 1, episode reward at step 135800: -1
New Best Reward: -1
Level 1, episode reward at step 135862: -1
Level 1, episode reward at step 135924: -1
Level 1, episode reward at step 136001: -1
Level 1, episode reward at step 136063: -1
Level 1, episode reward at step 136130: -1
Level 1, episode reward at step 136192: -1
Level 1, episode reward at step 136254: -1
Level 1, episode reward at step 136331: -1
Level 1, episode reward at step 136393: -1
Level 1, episode reward at step 138391: -1
Level 1, episode reward at step 140389: -1
Level 1, episode reward at step 140451: -1
Level 1, episode reward at step 140513: -1
Level 1, episode reward at step 140575: -1
Level 1, episode reward at step 140637: -1
Level 1, episode reward at step 140699: -1
Level 1, episode reward at step 140761: -1
Level 1, episode reward at step 140823: -1
Level 1, episode reward at step 140890: -1
Level 1, episode reward at step 142888: -1
Level 1, episode reward at step 142950: -1
Level 1, episode reward at step 143022: -1
Level 1, episode reward at step 143094: -1
Level 1, episode reward at step 143166: -1
Level 1, episode reward at step 143228: -1
Level 1, episode reward at step 143290: -1
Level 1, episode reward at step 143352: -1
Level 1, episode reward at step 143414: -1
Level 1, episode reward at step 143476: -1
Level 1, episode reward at step 143578: -1
Level 1, episode reward at step 143640: -1
Level 1, episode reward at step 143702: -1
Level 1, episode reward at step 143764: -1
Level 1, episode reward at step 143826: -1
Level 1, episode reward at step 143898: -1
Level 1, episode reward at step 143960: -1
Level 1, episode reward at step 144022: -1
Level 1, episode reward at step 146020: -1
Level 1, episode reward at step 146087: -1
Level 1, episode reward at step 146154: -1
Level 1, episode reward at step 146226: -1
Level 1, episode reward at step 146288: -1
Level 1, episode reward at step 146350: -1
Level 1, episode reward at step 146412: -1
Level 1, episode reward at step 146474: -1
Level 1, episode reward at step 146541: -1
Level 1, episode reward at step 146603: -1
Level 1, episode reward at step 146665: -1
Level 1, episode reward at step 146732: -1
Level 1, episode reward at step 146794: -1
Level 1, episode reward at step 146871: -1
Level 1, episode reward at step 146933: -1
Level 1, episode reward at step 146980: -1
Level 1, episode reward at step 147037: -1
Level 1, episode reward at step 147099: -1
Level 1, episode reward at step 147166: -1
Level 1, episode reward at step 147238: -1
Level 1, episode reward at step 147300: -1
New Best Reward: -1
Level 1, episode reward at step 147367: -1
Level 1, episode reward at step 147439: -1
Level 1, episode reward at step 147501: -1
Level 1, episode reward at step 147563: -1
Level 1, episode reward at step 147625: -1
Level 1, episode reward at step 147687: -1
Level 1, episode reward at step 147749: -1
Level 1, episode reward at step 149747: -1
Level 1, episode reward at step 149809: -1
Level 1, episode reward at step 149871: -1
Level 1, episode reward at step 149933: -1
Level 1, episode reward at step 149995: -1
Level 1, episode reward at step 151993: -1
Level 1, episode reward at step 152055: -1
Level 1, episode reward at step 152122: -1
Level 1, episode reward at step 152184: -1
Level 1, episode reward at step 152246: -1
Level 1, episode reward at step 152333: -1
Level 1, episode reward at step 152395: -1
Level 1, episode reward at step 152457: -1
Level 1, episode reward at step 152519: -1
Level 1, episode reward at step 152586: -1
Level 1, episode reward at step 152648: -1
Level 1, episode reward at step 152710: -1
Level 1, episode reward at step 152777: -1
Level 1, episode reward at step 152839: -1
Level 1, episode reward at step 152916: -1
Level 1, episode reward at step 152978: -1
Level 1, episode reward at step 153040: -1
Level 1, episode reward at step 153122: -1
Level 1, episode reward at step 153199: -1
Level 1, episode reward at step 153261: -1
Level 1, episode reward at step 153323: -1
Level 1, episode reward at step 153385: -1
Level 1, episode reward at step 153447: -1
Level 1, episode reward at step 153509: -1
Level 1, episode reward at step 153581: -1
Level 1, episode reward at step 153643: -1
Level 1, episode reward at step 153705: -1
Level 1, episode reward at step 155703: -1
Level 1, episode reward at step 157701: -1
Level 1, episode reward at step 157763: -1
Level 1, episode reward at step 157825: -1
Level 1, episode reward at step 157887: -1
Level 1, episode reward at step 157949: -1
Level 1, episode reward at step 158011: -1
Level 1, episode reward at step 158078: -1
Level 1, episode reward at step 158140: -1
Level 1, episode reward at step 158202: -1
Level 1, episode reward at step 158264: -1
Level 1, episode reward at step 158326: -1
Level 1, episode reward at step 158388: -1
Level 1, episode reward at step 158450: -1
Level 1, episode reward at step 158512: -1
Level 1, episode reward at step 158574: -1
Level 1, episode reward at step 158636: -1
Level 1, episode reward at step 158698: -1
Level 1, episode reward at step 158760: -1
Level 1, episode reward at step 158822: -1
Level 1, episode reward at step 158884: -1
Level 1, episode reward at step 160882: -1
Level 1, episode reward at step 160944: -1
Level 1, episode reward at step 161006: -1
Level 1, episode reward at step 161068: -1
Level 1, episode reward at step 161130: -1
Level 1, episode reward at step 161192: -1
Level 1, episode reward at step 161254: -1
Level 1, episode reward at step 161316: -1
Level 1, episode reward at step 161378: -1
Level 1, episode reward at step 161440: -1
Level 1, episode reward at step 161502: -1
Level 1, episode reward at step 161564: -1
Level 1, episode reward at step 161651: -1
Level 1, episode reward at step 161713: -1
Level 1, episode reward at step 161775: -1
Level 1, episode reward at step 163773: -1
Level 1, episode reward at step 163835: -1
Level 1, episode reward at step 163902: -1
Level 1, episode reward at step 163964: -1
Level 1, episode reward at step 164046: -1
Level 1, episode reward at step 164113: -1
Level 1, episode reward at step 164175: -1
Level 1, episode reward at step 164237: -1
Level 1, episode reward at step 164299: -1
Level 1, episode reward at step 166297: -1
Level 1, episode reward at step 168295: -1
Level 1, episode reward at step 168367: -1
Level 1, episode reward at step 168429: -1
Level 1, episode reward at step 168491: -1
Level 1, episode reward at step 168553: -1
Level 1, episode reward at step 168615: -1
Level 1, episode reward at step 170613: -1
Level 1, episode reward at step 170675: -1
Level 1, episode reward at step 170737: -1
Level 1, episode reward at step 170799: -1
Level 1, episode reward at step 170861: -1
Level 1, episode reward at step 170923: -1
Level 1, episode reward at step 170985: -1
Level 1, episode reward at step 171047: -1
Level 1, episode reward at step 171109: -1
Level 1, episode reward at step 171171: -1
Level 1, episode reward at step 171233: -1
Level 1, episode reward at step 171295: -1
Level 1, episode reward at step 171367: -1
Level 1, episode reward at step 171429: -1
Level 1, episode reward at step 171491: -1
Level 1, episode reward at step 171553: -1
Level 1, episode reward at step 173551: -1
Level 1, episode reward at step 173613: -1
Level 1, episode reward at step 173675: -1
Level 1, episode reward at step 173737: -1
Level 1, episode reward at step 173799: -1
Level 1, episode reward at step 173861: -1
Level 1, episode reward at step 173928: -1
Level 1, episode reward at step 173990: -1
Level 1, episode reward at step 174057: -1
Level 1, episode reward at step 174134: -1
Level 1, episode reward at step 174196: -1
Level 1, episode reward at step 174258: -1
Level 1, episode reward at step 174320: -1
Level 1, episode reward at step 174382: -1
Level 1, episode reward at step 174459: -1
Level 1, episode reward at step 174521: -1
Level 1, episode reward at step 176519: -1
Level 1, episode reward at step 177681: -1
Level 1, episode reward at step 179679: -1
Level 1, episode reward at step 181677: -1
Level 1, episode reward at step 181744: -1
Level 1, episode reward at step 181806: -1
Level 1, episode reward at step 181898: -1
Level 1, episode reward at step 181960: -1
Level 1, episode reward at step 182022: -1
Level 1, episode reward at step 182084: -1
Level 1, episode reward at step 182146: -1
Level 1, episode reward at step 182208: -1
Level 1, episode reward at step 182270: -1
Level 1, episode reward at step 184268: -1
Level 1, episode reward at step 186266: -1
Level 1, episode reward at step 186328: -1
Level 1, episode reward at step 186390: -1
Level 1, episode reward at step 186462: -1
Level 1, episode reward at step 186524: -1
Level 1, episode reward at step 186586: -1
Level 1, episode reward at step 186648: -1
Level 1, episode reward at step 186725: -1
Level 1, episode reward at step 186787: -1
Level 1, episode reward at step 186859: -1
Level 1, episode reward at step 186921: -1
Level 1, episode reward at step 186983: -1
Level 1, episode reward at step 187045: -1
Level 1, episode reward at step 187107: -1
Level 1, episode reward at step 187169: -1
Level 1, episode reward at step 187231: -1
Level 1, episode reward at step 187293: -1
Level 1, episode reward at step 187355: -1
Level 1, episode reward at step 187417: -1
Level 1, episode reward at step 187479: -1
Level 1, episode reward at step 187541: -1
Level 1, episode reward at step 187603: -1
Level 1, episode reward at step 187665: -1
Level 1, episode reward at step 187727: -1
Level 1, episode reward at step 187809: -1
Level 1, episode reward at step 187906: -1
Level 1, episode reward at step 187973: -1
Level 1, episode reward at step 188045: -1
Level 1, episode reward at step 188107: -1
Level 1, episode reward at step 188169: -1
Level 1, episode reward at step 190167: -1
Level 1, episode reward at step 190229: -1
Level 1, episode reward at step 190291: -1
Level 1, episode reward at step 190358: -1
Level 1, episode reward at step 190420: -1
Level 1, episode reward at step 190482: -1
Level 1, episode reward at step 190544: -1
Level 1, episode reward at step 190606: -1
Level 1, episode reward at step 190668: -1
Level 1, episode reward at step 190730: -1
Level 1, episode reward at step 190797: -1
Level 1, episode reward at step 190859: -1
Level 1, episode reward at step 192857: -1
Level 1, episode reward at step 192919: -1
Level 1, episode reward at step 192981: -1
Level 1, episode reward at step 193058: -1
Level 1, episode reward at step 193120: -1
Level 1, episode reward at step 193182: -1
Level 1, episode reward at step 193244: -1
Level 1, episode reward at step 193316: -1
Level 1, episode reward at step 195314: -1
Level 1, episode reward at step 195376: -1
Level 1, episode reward at step 195438: -1
Level 1, episode reward at step 197436: -1
Level 1, episode reward at step 197498: -1
Level 1, episode reward at step 199496: -1
Level 1, episode reward at step 199558: -1
Level 1, episode reward at step 201556: -1
Level 1, episode reward at step 201623: -1
Level 1, episode reward at step 201685: -1
Level 1, episode reward at step 201747: -1
Level 1, episode reward at step 201809: -1
Level 1, episode reward at step 201871: -1
Level 1, episode reward at step 201933: -1
Level 1, episode reward at step 202000: -1
New Best Reward: -1
Level 1, episode reward at step 202062: -1
Level 1, episode reward at step 202169: -1
Level 1, episode reward at step 202236: -1
Level 1, episode reward at step 202318: -1
Level 1, episode reward at step 202395: -1
Level 1, episode reward at step 202457: -1
Level 1, episode reward at step 202529: -1
Level 1, episode reward at step 202591: -1
Level 1, episode reward at step 202653: -1
Level 1, episode reward at step 202715: -1
Level 1, episode reward at step 204713: -1
Level 1, episode reward at step 204775: -1
Level 1, episode reward at step 204842: -1
Level 1, episode reward at step 204904: -1
Level 1, episode reward at step 206902: -1
Level 1, episode reward at step 207019: -1
Level 1, episode reward at step 207091: -1
Level 1, episode reward at step 207168: -1
Level 1, episode reward at step 207235: -1
Level 1, episode reward at step 209233: -1
Level 1, episode reward at step 209295: -1
Level 1, episode reward at step 209362: -1
Level 1, episode reward at step 209424: -1
Level 1, episode reward at step 209486: -1
Level 1, episode reward at step 209548: -1
Level 1, episode reward at step 209610: -1
Level 1, episode reward at step 209672: -1
Level 1, episode reward at step 209734: -1
Level 1, episode reward at step 209796: -1
Level 1, episode reward at step 211794: -1
Level 1, episode reward at step 211856: -1
Level 1, episode reward at step 211918: -1
Level 1, episode reward at step 211980: -1
Level 1, episode reward at step 212062: -1
Level 1, episode reward at step 212124: -1
Level 1, episode reward at step 212201: -1
Level 1, episode reward at step 212263: -1
Level 1, episode reward at step 212325: -1
Level 1, episode reward at step 212387: -1
Level 1, episode reward at step 212449: -1
Level 1, episode reward at step 212511: -1
Level 1, episode reward at step 212818: -1
Level 1, episode reward at step 212880: -1
Level 1, episode reward at step 212942: -1
Level 1, episode reward at step 213004: -1
Level 1, episode reward at step 213066: -1
Level 1, episode reward at step 213128: -1
Level 1, episode reward at step 213190: -1
Level 1, episode reward at step 213252: -1
Level 1, episode reward at step 213329: -1
Level 1, episode reward at step 213391: -1
Level 1, episode reward at step 213463: -1
Level 1, episode reward at step 213525: -1
Level 1, episode reward at step 213587: -1
Level 1, episode reward at step 213649: -1
Level 1, episode reward at step 213716: -1
Level 1, episode reward at step 213778: -1
Level 1, episode reward at step 213840: -1
Level 1, episode reward at step 213902: -1
Level 1, episode reward at step 213964: -1
Level 1, episode reward at step 214031: -1
Level 1, episode reward at step 214093: -1
Level 1, episode reward at step 214160: -1
Level 1, episode reward at step 214222: -1
Level 1, episode reward at step 214289: -1
Level 1, episode reward at step 214356: -1
Level 1, episode reward at step 216354: -1
Level 1, episode reward at step 216416: -1
Level 1, episode reward at step 216483: -1
Level 1, episode reward at step 216545: -1
Level 1, episode reward at step 216607: -1
Level 1, episode reward at step 216669: -1
Level 1, episode reward at step 216731: -1
Level 1, episode reward at step 218729: -1
Level 1, episode reward at step 218791: -1
Level 1, episode reward at step 218878: -1
Level 1, episode reward at step 218940: -1
Level 1, episode reward at step 219012: -1
Level 1, episode reward at step 219074: -1
Level 1, episode reward at step 219161: -1
Level 1, episode reward at step 219223: -1
Level 1, episode reward at step 219285: -1
Level 1, episode reward at step 219347: -1
Level 1, episode reward at step 219409: -1
Level 1, episode reward at step 219471: -1
Level 1, episode reward at step 219533: -1
Level 1, episode reward at step 219595: -1
Level 1, episode reward at step 219662: -1
Level 1, episode reward at step 219724: -1
Level 1, episode reward at step 219816: -1
Level 1, episode reward at step 219883: -1
Level 1, episode reward at step 219950: -1
Level 1, episode reward at step 220012: -1
Level 1, episode reward at step 220079: -1
Level 1, episode reward at step 220161: -1
Level 1, episode reward at step 220223: -1
Level 1, episode reward at step 222221: -1
Level 1, episode reward at step 222303: -1
Level 1, episode reward at step 222365: -1
Level 1, episode reward at step 222432: -1
Level 1, episode reward at step 224430: -1
Level 1, episode reward at step 226428: -1
Level 1, episode reward at step 226490: -1
Level 1, episode reward at step 228488: -1
Level 1, episode reward at step 228550: -1
Level 1, episode reward at step 228647: -1
Level 1, episode reward at step 228709: -1
Level 1, episode reward at step 228771: -1
Level 1, episode reward at step 228833: -1
Level 1, episode reward at step 228895: -1
Level 1, episode reward at step 228977: -1
Level 1, episode reward at step 229039: -1
Level 1, episode reward at step 231037: -1
Level 1, episode reward at step 231099: -1
Level 1, episode reward at step 231181: -1
Level 1, episode reward at step 231243: -1
Level 1, episode reward at step 231315: -1
Level 1, episode reward at step 231377: -1
Level 1, episode reward at step 231439: -1
Level 1, episode reward at step 231511: -1
Level 1, episode reward at step 231573: -1
Level 1, episode reward at step 231640: -1
Level 1, episode reward at step 231702: -1
Level 1, episode reward at step 231769: -1
Level 1, episode reward at step 231836: -1
Level 1, episode reward at step 231908: -1
Level 1, episode reward at step 231980: -1
Level 1, episode reward at step 232042: -1
Level 1, episode reward at step 232104: -1
Level 1, episode reward at step 232171: -1
Level 1, episode reward at step 232238: -1
Level 1, episode reward at step 232300: -1
New Best Reward: -1
Level 1, episode reward at step 232362: -1
Level 1, episode reward at step 232424: -1
Level 1, episode reward at step 232486: -1
Level 1, episode reward at step 232548: -1
Level 1, episode reward at step 232610: -1
Level 1, episode reward at step 232682: -1
Level 1, episode reward at step 232744: -1
Level 1, episode reward at step 232806: -1
Level 1, episode reward at step 232868: -1
Level 1, episode reward at step 232935: -1
Level 1, episode reward at step 232997: -1
Level 1, episode reward at step 233059: -1
Level 1, episode reward at step 233121: -1
Level 1, episode reward at step 235119: -1
Level 1, episode reward at step 235181: -1
Level 1, episode reward at step 235258: -1
Level 1, episode reward at step 235320: -1
Level 1, episode reward at step 235397: -1
Level 1, episode reward at step 235464: -1
Level 1, episode reward at step 235526: -1
Level 1, episode reward at step 235593: -1
Level 1, episode reward at step 235655: -1
Level 1, episode reward at step 235717: -1
Level 1, episode reward at step 235779: -1
Level 1, episode reward at step 235841: -1
Level 1, episode reward at step 235908: -1
Level 1, episode reward at step 235975: -1
Level 1, episode reward at step 236037: -1
Level 1, episode reward at step 236099: -1
Level 1, episode reward at step 236161: -1
Level 1, episode reward at step 236228: -1
Level 1, episode reward at step 236300: -1
New Best Reward: -1
Level 1, episode reward at step 236362: -1
Level 1, episode reward at step 236424: -1
Level 1, episode reward at step 236486: -1
Level 1, episode reward at step 236553: -1
Level 1, episode reward at step 236615: -1
Level 1, episode reward at step 236677: -1
Level 1, episode reward at step 236744: -1
Level 1, episode reward at step 238742: -1
Level 1, episode reward at step 238804: -1
Level 1, episode reward at step 238866: -1
Level 1, episode reward at step 238928: -1
Level 1, episode reward at step 240926: -1
Level 1, episode reward at step 240988: -1
Level 1, episode reward at step 241055: -1
Level 1, episode reward at step 241117: -1
Level 1, episode reward at step 241179: -1
Level 1, episode reward at step 241251: -1
Level 1, episode reward at step 241313: -1
Level 1, episode reward at step 241375: -1
Level 1, episode reward at step 241437: -1
Level 1, episode reward at step 241499: -1
Level 1, episode reward at step 241561: -1
Level 1, episode reward at step 241628: -1
Level 1, episode reward at step 241690: -1
Level 1, episode reward at step 241757: -1
Level 1, episode reward at step 241874: -1
Level 1, episode reward at step 241936: -1
Level 1, episode reward at step 242008: -1
Level 1, episode reward at step 242105: -1
Level 1, episode reward at step 242167: -1
Level 1, episode reward at step 244165: -1
Level 1, episode reward at step 244242: -1
Level 1, episode reward at step 244309: -1
Level 1, episode reward at step 244396: -1
Level 1, episode reward at step 244463: -1
Level 1, episode reward at step 244525: -1
Level 1, episode reward at step 244592: -1
Level 1, episode reward at step 244659: -1
Level 1, episode reward at step 246657: -1
Level 1, episode reward at step 246729: -1
Level 1, episode reward at step 246791: -1
Level 1, episode reward at step 246853: -1
Level 1, episode reward at step 248851: -1
Level 1, episode reward at step 248923: -1
Level 1, episode reward at step 249005: -1
Level 1, episode reward at step 249072: -1
Level 1, episode reward at step 249139: -1
Level 1, episode reward at step 249206: -1
Level 1, episode reward at step 249273: -1
Level 1, episode reward at step 249345: -1
Level 1, episode reward at step 249407: -1
Level 1, episode reward at step 249474: -1
Level 1, episode reward at step 249536: -1
Level 1, episode reward at step 249603: -1
Level 1, episode reward at step 249665: -1
Level 1, episode reward at step 249727: -1
Level 1, episode reward at step 249789: -1
Level 1, episode reward at step 249851: -1
Level 1, episode reward at step 249923: -1
Level 1, episode reward at step 249985: -1
Level 1, episode reward at step 250047: -1
Level 1, episode reward at step 250109: -1
Level 1, episode reward at step 250171: -1
Level 1, episode reward at step 250233: -1
Level 1, episode reward at step 250300: -1
New Best Reward: -1
Level 1, episode reward at step 250382: -1
Level 1, episode reward at step 250449: -1
Level 1, episode reward at step 250511: -1
Level 1, episode reward at step 252509: -1
Level 1, episode reward at step 252571: -1
Level 1, episode reward at step 252633: -1
Level 1, episode reward at step 252700: -1
New Best Reward: -1
Level 1, episode reward at step 252762: -1
Level 1, episode reward at step 252829: -1
Level 1, episode reward at step 252906: -1
Level 1, episode reward at step 252968: -1
Level 1, episode reward at step 253030: -1
Level 1, episode reward at step 253102: -1
Level 1, episode reward at step 253164: -1
Level 1, episode reward at step 253226: -1
Level 1, episode reward at step 253288: -1
Level 1, episode reward at step 253350: -1
Level 1, episode reward at step 253412: -1
Level 1, episode reward at step 253479: -1
Level 1, episode reward at step 255477: -1
Level 1, episode reward at step 255544: -1
Level 1, episode reward at step 255606: -1
Level 1, episode reward at step 255668: -1
Level 1, episode reward at step 255730: -1
Level 1, episode reward at step 257728: -1
Level 1, episode reward at step 257790: -1
Level 1, episode reward at step 257852: -1
Level 1, episode reward at step 257914: -1
Level 1, episode reward at step 257981: -1
Level 1, episode reward at step 258048: -1
Level 1, episode reward at step 258115: -1
Level 1, episode reward at step 258177: -1
Level 1, episode reward at step 258239: -1
Level 1, episode reward at step 258301: -1
Level 1, episode reward at step 258363: -1
Level 1, episode reward at step 258425: -1
Level 1, episode reward at step 258487: -1
Level 1, episode reward at step 258549: -1
Level 1, episode reward at step 258611: -1
Level 1, episode reward at step 258678: -1
Level 1, episode reward at step 258740: -1
Level 1, episode reward at step 258802: -1
Level 1, episode reward at step 258864: -1
Level 1, episode reward at step 258926: -1
Level 1, episode reward at step 260924: -1
Level 1, episode reward at step 260991: -1
Level 1, episode reward at step 261058: -1
Level 1, episode reward at step 261120: -1
Level 1, episode reward at step 261187: -1
Level 1, episode reward at step 261269: -1
Level 1, episode reward at step 261331: -1
Level 1, episode reward at step 261393: -1
Level 1, episode reward at step 263391: -1
Level 1, episode reward at step 263458: -1
Level 1, episode reward at step 263525: -1
Level 1, episode reward at step 263592: -1
Level 1, episode reward at step 263654: -1
Level 1, episode reward at step 263721: -1
Level 1, episode reward at step 263793: -1
Level 1, episode reward at step 263860: -1
Level 1, episode reward at step 263932: -1
Level 1, episode reward at step 263994: -1
Level 1, episode reward at step 264061: -1
Level 1, episode reward at step 264128: -1
Level 1, episode reward at step 264190: -1
Level 1, episode reward at step 264252: -1
Level 1, episode reward at step 264319: -1
Level 1, episode reward at step 264386: -1
Level 1, episode reward at step 264453: -1
Level 1, episode reward at step 264515: -1
Level 1, episode reward at step 264577: -1
Level 1, episode reward at step 264654: -1
Level 1, episode reward at step 264721: -1
Level 1, episode reward at step 264788: -1
Level 1, episode reward at step 264855: -1
Level 1, episode reward at step 264922: -1
Level 1, episode reward at step 264989: -1
Level 1, episode reward at step 266987: -1
Level 1, episode reward at step 267049: -1
Level 1, episode reward at step 267116: -1
Level 1, episode reward at step 267183: -1
Level 1, episode reward at step 267250: -1
Level 1, episode reward at step 267317: -1
Level 1, episode reward at step 267379: -1
Level 1, episode reward at step 267441: -1
Level 1, episode reward at step 267503: -1
Level 1, episode reward at step 267565: -1
Level 1, episode reward at step 267632: -1
Level 1, episode reward at step 267694: -1
Level 1, episode reward at step 267761: -1
Level 1, episode reward at step 267823: -1
Level 1, episode reward at step 267885: -1
Level 1, episode reward at step 267947: -1
Level 1, episode reward at step 268014: -1
Level 1, episode reward at step 268081: -1
Level 1, episode reward at step 268143: -1
Level 1, episode reward at step 268245: -1
Level 1, episode reward at step 268312: -1
Level 1, episode reward at step 268379: -1
Level 1, episode reward at step 270377: -1
Level 1, episode reward at step 270444: -1
Level 1, episode reward at step 270516: -1
Level 1, episode reward at step 270588: -1
Level 1, episode reward at step 270650: -1
Level 1, episode reward at step 270712: -1
Level 1, episode reward at step 270784: -1
Level 1, episode reward at step 270846: -1
Level 1, episode reward at step 270908: -1
Level 1, episode reward at step 270970: -1
Level 1, episode reward at step 271032: -1
Level 1, episode reward at step 271134: -1
Level 1, episode reward at step 273132: -1
Level 1, episode reward at step 273194: -1
Level 1, episode reward at step 273256: -1
Level 1, episode reward at step 273318: -1
Level 1, episode reward at step 273380: -1
Level 1, episode reward at step 273447: -1
Level 1, episode reward at step 273514: -1
Level 1, episode reward at step 273576: -1
Level 1, episode reward at step 273638: -1
Level 1, episode reward at step 273700: -1
New Best Reward: -1
Level 1, episode reward at step 275698: -1
Level 1, episode reward at step 275760: -1
Level 1, episode reward at step 275822: -1
Level 1, episode reward at step 275884: -1
Level 1, episode reward at step 277882: -1
Level 1, episode reward at step 277944: -1
Level 1, episode reward at step 278006: -1
Level 1, episode reward at step 278073: -1
Level 1, episode reward at step 278135: -1
Level 1, episode reward at step 278197: -1
Level 1, episode reward at step 278259: -1
Level 1, episode reward at step 278321: -1
Level 1, episode reward at step 278383: -1
Level 1, episode reward at step 278445: -1
Level 1, episode reward at step 278512: -1
Level 1, episode reward at step 278574: -1
Level 1, episode reward at step 278636: -1
Level 1, episode reward at step 280634: -1
Level 1, episode reward at step 280696: -1
Level 1, episode reward at step 280763: -1
Level 1, episode reward at step 280840: -1
Level 1, episode reward at step 280902: -1
Level 1, episode reward at step 280964: -1
Level 1, episode reward at step 281026: -1
Level 1, episode reward at step 281088: -1
Level 1, episode reward at step 281155: -1
Level 1, episode reward at step 281217: -1
Level 1, episode reward at step 283215: -1
Level 1, episode reward at step 283277: -1
Level 1, episode reward at step 283339: -1
Level 1, episode reward at step 283406: -1
Level 1, episode reward at step 283468: -1
Level 1, episode reward at step 283530: -1
Level 1, episode reward at step 283592: -1
Level 1, episode reward at step 285590: -1
Level 1, episode reward at step 285652: -1
Level 1, episode reward at step 285714: -1
Level 1, episode reward at step 285776: -1
Level 1, episode reward at step 285838: -1
Level 1, episode reward at step 285900: -1
New Best Reward: -1
Level 1, episode reward at step 287898: -1
Level 1, episode reward at step 287960: -1
Level 1, episode reward at step 288022: -1
Level 1, episode reward at step 290020: -1
Level 1, episode reward at step 290082: -1
Level 1, episode reward at step 290144: -1
Level 1, episode reward at step 290206: -1
Level 1, episode reward at step 292204: -1
Level 1, episode reward at step 292266: -1
Level 1, episode reward at step 292328: -1
Level 1, episode reward at step 292390: -1
Level 1, episode reward at step 292482: -1
Level 1, episode reward at step 294480: -1
Level 1, episode reward at step 294552: -1
Level 1, episode reward at step 294614: -1
Level 1, episode reward at step 294676: -1
Level 1, episode reward at step 294743: -1
Level 1, episode reward at step 296741: -1
Level 1, episode reward at step 296803: -1
Level 1, episode reward at step 296865: -1
Level 1, episode reward at step 296927: -1
Level 1, episode reward at step 296989: -1
Level 1, episode reward at step 297061: -1
Level 1, episode reward at step 297123: -1
Level 1, episode reward at step 297185: -1
Level 1, episode reward at step 297247: -1
Level 1, episode reward at step 299245: -1
Level 1, episode reward at step 299307: -1
Level 1, episode reward at step 299369: -1
Level 1, episode reward at step 299431: -1
Level 1, episode reward at step 299493: -1
Level 1, episode reward at step 301491: -1
Level 1, episode reward at step 301568: -1
Level 1, episode reward at step 301650: -1
Level 1, episode reward at step 301712: -1
Level 1, episode reward at step 301774: -1
Level 1, episode reward at step 301836: -1
Level 1, episode reward at step 301898: -1
Level 1, episode reward at step 301960: -1
Level 1, episode reward at step 302022: -1
Level 1, episode reward at step 302084: -1
Level 1, episode reward at step 302146: -1
Level 1, episode reward at step 302228: -1
Level 1, episode reward at step 302290: -1
Level 1, episode reward at step 302392: -1
Level 1, episode reward at step 302454: -1
Level 1, episode reward at step 302516: -1
Level 1, episode reward at step 302583: -1
Level 1, episode reward at step 302645: -1
Level 1, episode reward at step 302707: -1
Level 1, episode reward at step 302769: -1
Level 1, episode reward at step 302831: -1
Level 1, episode reward at step 302893: -1
Level 1, episode reward at step 302960: -1
Level 1, episode reward at step 303022: -1
Level 1, episode reward at step 305020: -1
Level 1, episode reward at step 305087: -1
Level 1, episode reward at step 307085: -1
Level 1, episode reward at step 307147: -1
Level 1, episode reward at step 307209: -1
Level 1, episode reward at step 307271: -1
Level 1, episode reward at step 307333: -1
Level 1, episode reward at step 307395: -1
Level 1, episode reward at step 307457: -1
Level 1, episode reward at step 307519: -1
Level 1, episode reward at step 307591: -1
Level 1, episode reward at step 307653: -1
Level 1, episode reward at step 307715: -1
Level 1, episode reward at step 307777: -1
Level 1, episode reward at step 307839: -1
Level 1, episode reward at step 307901: -1
Level 1, episode reward at step 307963: -1
Level 1, episode reward at step 308025: -1
Level 1, episode reward at step 308097: -1
Level 1, episode reward at step 308159: -1
Level 1, episode reward at step 308221: -1
Level 1, episode reward at step 308283: -1
Level 1, episode reward at step 308345: -1
Level 1, episode reward at step 308407: -1
Level 1, episode reward at step 308474: -1
Level 1, episode reward at step 308536: -1
Level 1, episode reward at step 308598: -1
Level 1, episode reward at step 308660: -1
Level 1, episode reward at step 308722: -1
Level 1, episode reward at step 308784: -1
Level 1, episode reward at step 308856: -1
Level 1, episode reward at step 308918: -1
Level 1, episode reward at step 308980: -1
Level 1, episode reward at step 309047: -1
Level 1, episode reward at step 309109: -1
Level 1, episode reward at step 309171: -1
Level 1, episode reward at step 309233: -1
Level 1, episode reward at step 309295: -1
Level 1, episode reward at step 309357: -1
Level 1, episode reward at step 309419: -1
Level 1, episode reward at step 309481: -1
Level 1, episode reward at step 309543: -1
Level 1, episode reward at step 310575: -1
Level 1, episode reward at step 310667: -1
Level 1, episode reward at step 312665: -1
Level 1, episode reward at step 312737: -1
Level 1, episode reward at step 312799: -1
Level 1, episode reward at step 312871: -1
Level 1, episode reward at step 312933: -1
Level 1, episode reward at step 312995: -1
Level 1, episode reward at step 313057: -1
Level 1, episode reward at step 313129: -1
Level 1, episode reward at step 313191: -1
Level 1, episode reward at step 313253: -1
Level 1, episode reward at step 313315: -1
Level 1, episode reward at step 313397: -1
Level 1, episode reward at step 313459: -1
Level 1, episode reward at step 313521: -1
Level 1, episode reward at step 313583: -1
Level 1, episode reward at step 313645: -1
Level 1, episode reward at step 313707: -1
Level 1, episode reward at step 315705: -1
Level 1, episode reward at step 315767: -1
Level 1, episode reward at step 315829: -1
Level 1, episode reward at step 315891: -1
Level 1, episode reward at step 315953: -1
Level 1, episode reward at step 316015: -1
Level 1, episode reward at step 316092: -1
Level 1, episode reward at step 316154: -1
Level 1, episode reward at step 316216: -1
Level 1, episode reward at step 316278: -1
Level 1, episode reward at step 316340: -1
Level 1, episode reward at step 316402: -1
Level 1, episode reward at step 316464: -1
Level 1, episode reward at step 316526: -1
Level 1, episode reward at step 316588: -1
Level 1, episode reward at step 316650: -1
Level 1, episode reward at step 318648: -1
Level 1, episode reward at step 318710: -1
Level 1, episode reward at step 318772: -1
Level 1, episode reward at step 318834: -1
Level 1, episode reward at step 318896: -1
Level 1, episode reward at step 320894: -1
Level 1, episode reward at step 320971: -1
Level 1, episode reward at step 321033: -1
Level 1, episode reward at step 321095: -1
Level 1, episode reward at step 321157: -1
Level 1, episode reward at step 321219: -1
Level 1, episode reward at step 321281: -1
Level 1, episode reward at step 321343: -1
Level 1, episode reward at step 321410: -1
Level 1, episode reward at step 321472: -1
Level 1, episode reward at step 323470: -1
Level 1, episode reward at step 325468: -1
Level 1, episode reward at step 325530: -1
Level 1, episode reward at step 325592: -1
Level 1, episode reward at step 325654: -1
Level 1, episode reward at step 325716: -1
Level 1, episode reward at step 325778: -1
Level 1, episode reward at step 325840: -1
Level 1, episode reward at step 325902: -1
Level 1, episode reward at step 327900: -1
New Best Reward: -1
Level 1, episode reward at step 327967: -1
Level 1, episode reward at step 328034: -1
Level 1, episode reward at step 328096: -1
Level 1, episode reward at step 328158: -1
Level 1, episode reward at step 328220: -1
Level 1, episode reward at step 328282: -1
Level 1, episode reward at step 330280: -1
Level 1, episode reward at step 330342: -1
Level 1, episode reward at step 330404: -1
Level 1, episode reward at step 330466: -1
Level 1, episode reward at step 330533: -1
Level 1, episode reward at step 330595: -1
Level 1, episode reward at step 330662: -1
Level 1, episode reward at step 330724: -1
Level 1, episode reward at step 330786: -1
Level 1, episode reward at step 330848: -1
Level 1, episode reward at step 330910: -1
Level 1, episode reward at step 330982: -1
Level 1, episode reward at step 331044: -1
Level 1, episode reward at step 333042: -1
Level 1, episode reward at step 333104: -1
Level 1, episode reward at step 333166: -1
Level 1, episode reward at step 333248: -1
Level 1, episode reward at step 333310: -1
Level 1, episode reward at step 333372: -1
Level 1, episode reward at step 333439: -1
Level 1, episode reward at step 333501: -1
Level 1, episode reward at step 333563: -1
Level 1, episode reward at step 333625: -1
Level 1, episode reward at step 333687: -1
Level 1, episode reward at step 333749: -1
Level 1, episode reward at step 333811: -1
Level 1, episode reward at step 333873: -1
Level 1, episode reward at step 333935: -1
Level 1, episode reward at step 333997: -1
Level 1, episode reward at step 334059: -1
Level 1, episode reward at step 334146: -1
Level 1, episode reward at step 334208: -1
Level 1, episode reward at step 334295: -1
Level 1, episode reward at step 334357: -1
Level 1, episode reward at step 334419: -1
Level 1, episode reward at step 334481: -1
Level 1, episode reward at step 334543: -1
Level 1, episode reward at step 334605: -1
Level 1, episode reward at step 334667: -1
Level 1, episode reward at step 334729: -1
Level 1, episode reward at step 334791: -1
Level 1, episode reward at step 334853: -1
Level 1, episode reward at step 334915: -1
Level 1, episode reward at step 334977: -1
Level 1, episode reward at step 335039: -1
Level 1, episode reward at step 335101: -1
Level 1, episode reward at step 335163: -1
Level 1, episode reward at step 335225: -1
Level 1, episode reward at step 335287: -1
Level 1, episode reward at step 335349: -1
Level 1, episode reward at step 335411: -1
Level 1, episode reward at step 335473: -1
Level 1, episode reward at step 335535: -1
Level 1, episode reward at step 335597: -1
Level 1, episode reward at step 335669: -1
Level 1, episode reward at step 337667: -1
Level 1, episode reward at step 337729: -1
Level 1, episode reward at step 337791: -1
Level 1, episode reward at step 337853: -1
Level 1, episode reward at step 337915: -1
Level 1, episode reward at step 337977: -1
Level 1, episode reward at step 338039: -1
Level 1, episode reward at step 338101: -1
Level 1, episode reward at step 340099: -1
Level 1, episode reward at step 340161: -1
Level 1, episode reward at step 342159: -1
Level 1, episode reward at step 344157: -1
Level 1, episode reward at step 344219: -1
Level 1, episode reward at step 346217: -1
Level 1, episode reward at step 346279: -1
Level 1, episode reward at step 348277: -1
Level 1, episode reward at step 348344: -1
Level 1, episode reward at step 348406: -1
Level 1, episode reward at step 348468: -1
Level 1, episode reward at step 348530: -1
Level 1, episode reward at step 348592: -1
Level 1, episode reward at step 348654: -1
Level 1, episode reward at step 348716: -1
Level 1, episode reward at step 348783: -1
Level 1, episode reward at step 350781: -1
Level 1, episode reward at step 350843: -1
Level 1, episode reward at step 350905: -1
Level 1, episode reward at step 352903: -1
Level 1, episode reward at step 352965: -1
Level 1, episode reward at step 353027: -1
Level 1, episode reward at step 353089: -1
Level 1, episode reward at step 353151: -1
Level 1, episode reward at step 353213: -1
Level 1, episode reward at step 353285: -1
Level 1, episode reward at step 353347: -1
Level 1, episode reward at step 353414: -1
Level 1, episode reward at step 353476: -1
Level 1, episode reward at step 353538: -1
Level 1, episode reward at step 353600: -1
New Best Reward: -1
Level 1, episode reward at step 353677: -1
Level 1, episode reward at step 355675: -1
Level 1, episode reward at step 355742: -1
Level 1, episode reward at step 355809: -1
Level 1, episode reward at step 355871: -1
Level 1, episode reward at step 355948: -1
Level 1, episode reward at step 356010: -1
Level 1, episode reward at step 356072: -1
Level 1, episode reward at step 356154: -1
Level 1, episode reward at step 356216: -1
Level 1, episode reward at step 356283: -1
Level 1, episode reward at step 358281: -1
Level 1, episode reward at step 358343: -1
Level 1, episode reward at step 360341: -1
Level 1, episode reward at step 360403: -1
Level 1, episode reward at step 362401: -1
Level 1, episode reward at step 362463: -1
Level 1, episode reward at step 362525: -1
Level 1, episode reward at step 364523: -1
Level 1, episode reward at step 364610: -1
Level 1, episode reward at step 364677: -1
Level 1, episode reward at step 364749: -1
Level 1, episode reward at step 366747: -1
Level 1, episode reward at step 366809: -1
Level 1, episode reward at step 366871: -1
Level 1, episode reward at step 366933: -1
Level 1, episode reward at step 366995: -1
Level 1, episode reward at step 367057: -1
Level 1, episode reward at step 367119: -1
Level 1, episode reward at step 367181: -1
Level 1, episode reward at step 368753: -1
Level 1, episode reward at step 368815: -1
Level 1, episode reward at step 370813: -1
Level 1, episode reward at step 370880: -1
Level 1, episode reward at step 372878: -1
Level 1, episode reward at step 372955: -1
Level 1, episode reward at step 373037: -1
Level 1, episode reward at step 373099: -1
Level 1, episode reward at step 373161: -1
Level 1, episode reward at step 373223: -1
Level 1, episode reward at step 373290: -1
Level 1, episode reward at step 375288: -1
Level 1, episode reward at step 375350: -1
Level 1, episode reward at step 377348: -1
Level 1, episode reward at step 379346: -1
Level 1, episode reward at step 379408: -1
Level 1, episode reward at step 379470: -1
Level 1, episode reward at step 379532: -1
Level 1, episode reward at step 381530: -1
Level 1, episode reward at step 381592: -1
Level 1, episode reward at step 381654: -1
Level 1, episode reward at step 381716: -1
Level 1, episode reward at step 381778: -1
Level 1, episode reward at step 381840: -1
Level 1, episode reward at step 381922: -1
Level 1, episode reward at step 383920: -1
Level 1, episode reward at step 383982: -1
Level 1, episode reward at step 384044: -1
Level 1, episode reward at step 384106: -1
Level 1, episode reward at step 384173: -1
Level 1, episode reward at step 386171: -1
Level 1, episode reward at step 386233: -1
Level 1, episode reward at step 386295: -1
Level 1, episode reward at step 388293: -1
Level 1, episode reward at step 388390: -1
Level 1, episode reward at step 390388: -1
Level 1, episode reward at step 390460: -1
Level 1, episode reward at step 390522: -1
Level 1, episode reward at step 390589: -1
Level 1, episode reward at step 390651: -1
Level 1, episode reward at step 392649: -1
Level 1, episode reward at step 392711: -1
Level 1, episode reward at step 394709: -1
Level 1, episode reward at step 396707: -1
Level 1, episode reward at step 396769: -1
Level 1, episode reward at step 396831: -1
Level 1, episode reward at step 396893: -1
Level 1, episode reward at step 396955: -1
Level 1, episode reward at step 397017: -1
Level 1, episode reward at step 397084: -1
Level 1, episode reward at step 397151: -1
Level 1, episode reward at step 399149: -1
Level 1, episode reward at step 399211: -1
Level 1, episode reward at step 399273: -1
Level 1, episode reward at step 399335: -1
Level 1, episode reward at step 399402: -1
Level 1, episode reward at step 399464: -1
Level 1, episode reward at step 399526: -1
Level 1, episode reward at step 399588: -1
Level 1, episode reward at step 399660: -1
Level 1, episode reward at step 399722: -1
Level 1, episode reward at step 399784: -1
Level 1, episode reward at step 399856: -1
Level 1, episode reward at step 401854: -1
Level 1, episode reward at step 401916: -1
Level 1, episode reward at step 401978: -1
Level 1, episode reward at step 402040: -1
Level 1, episode reward at step 404038: -1
Level 1, episode reward at step 404110: -1
Level 1, episode reward at step 404172: -1
Level 1, episode reward at step 404234: -1
Level 1, episode reward at step 404296: -1
Level 1, episode reward at step 404358: -1
Level 1, episode reward at step 406356: -1
Level 1, episode reward at step 406418: -1
Level 1, episode reward at step 406480: -1
Level 1, episode reward at step 406542: -1
Level 1, episode reward at step 406604: -1
Level 1, episode reward at step 406666: -1
Level 1, episode reward at step 406728: -1
Level 1, episode reward at step 406790: -1
Level 1, episode reward at step 408788: -1
Level 1, episode reward at step 408855: -1
Level 1, episode reward at step 408917: -1
Level 1, episode reward at step 408979: -1
Level 1, episode reward at step 409041: -1
Level 1, episode reward at step 409103: -1
Level 1, episode reward at step 409165: -1
Level 1, episode reward at step 409227: -1
Level 1, episode reward at step 409299: -1
Level 1, episode reward at step 409361: -1
Level 1, episode reward at step 409438: -1
Level 1, episode reward at step 411436: -1
Level 1, episode reward at step 411498: -1
Level 1, episode reward at step 411560: -1
Level 1, episode reward at step 411622: -1
Level 1, episode reward at step 411684: -1
Level 1, episode reward at step 411746: -1
Level 1, episode reward at step 411808: -1
Level 1, episode reward at step 411870: -1
Level 1, episode reward at step 411932: -1
Level 1, episode reward at step 411994: -1
Level 1, episode reward at step 412056: -1
Level 1, episode reward at step 412123: -1
Level 1, episode reward at step 412205: -1
Level 1, episode reward at step 414203: -1
Level 1, episode reward at step 414265: -1
Level 1, episode reward at step 414327: -1
Level 1, episode reward at step 414389: -1
Level 1, episode reward at step 414451: -1
Level 1, episode reward at step 414513: -1
Level 1, episode reward at step 416511: -1
Level 1, episode reward at step 416573: -1
Level 1, episode reward at step 416635: -1
Level 1, episode reward at step 416697: -1
Level 1, episode reward at step 416759: -1
Level 1, episode reward at step 416821: -1
Level 1, episode reward at step 416883: -1
Level 1, episode reward at step 416945: -1
Level 1, episode reward at step 417007: -1
Level 1, episode reward at step 417074: -1
Level 1, episode reward at step 417136: -1
Level 1, episode reward at step 417198: -1
Level 1, episode reward at step 417260: -1
Level 1, episode reward at step 419258: -1
Level 1, episode reward at step 419320: -1
Level 1, episode reward at step 419402: -1
Level 1, episode reward at step 419464: -1
Level 1, episode reward at step 419541: -1
Level 1, episode reward at step 419603: -1
Level 1, episode reward at step 419665: -1
Level 1, episode reward at step 419727: -1
Level 1, episode reward at step 419789: -1
Level 1, episode reward at step 419851: -1
Level 1, episode reward at step 421849: -1
Level 1, episode reward at step 421916: -1
Level 1, episode reward at step 421983: -1
Level 1, episode reward at step 422050: -1
Level 1, episode reward at step 422162: -1
Level 1, episode reward at step 422224: -1
Level 1, episode reward at step 424222: -1
Level 1, episode reward at step 424284: -1
Level 1, episode reward at step 424451: -1
Level 1, episode reward at step 424528: -1
Level 1, episode reward at step 424590: -1
Level 1, episode reward at step 424652: -1
Level 1, episode reward at step 424714: -1
Level 1, episode reward at step 424776: -1
Level 1, episode reward at step 424838: -1
Level 1, episode reward at step 424900: -1
New Best Reward: -1
Level 1, episode reward at step 424962: -1
Level 1, episode reward at step 426960: -1
Level 1, episode reward at step 427022: -1
Level 1, episode reward at step 428409: -1
Level 1, episode reward at step 428476: -1
Level 1, episode reward at step 428538: -1
Level 1, episode reward at step 428600: -1
New Best Reward: -1
Level 1, episode reward at step 429297: -1
Level 1, episode reward at step 431295: -1
Level 1, episode reward at step 431372: -1
Level 1, episode reward at step 431434: -1
Level 1, episode reward at step 431496: -1
Level 1, episode reward at step 431558: -1
Level 1, episode reward at step 431620: -1
Level 1, episode reward at step 431682: -1
Level 1, episode reward at step 431744: -1
Level 1, episode reward at step 432066: -1
Level 1, episode reward at step 432128: -1
Level 1, episode reward at step 432190: -1
Level 1, episode reward at step 432252: -1
Level 1, episode reward at step 432319: -1
Level 1, episode reward at step 432381: -1
Level 1, episode reward at step 432443: -1
Level 1, episode reward at step 432540: -1
Level 1, episode reward at step 432602: -1
Level 1, episode reward at step 432664: -1
Level 1, episode reward at step 432731: -1
Level 1, episode reward at step 432803: -1
Level 1, episode reward at step 432865: -1
Level 1, episode reward at step 434863: -1
Level 1, episode reward at step 436861: -1
Level 1, episode reward at step 436933: -1
Level 1, episode reward at step 437000: -1
New Best Reward: -1
Level 1, episode reward at step 437062: -1
Level 1, episode reward at step 437129: -1
Level 1, episode reward at step 437596: -1
Level 1, episode reward at step 439594: -1
Level 1, episode reward at step 439656: -1
Level 1, episode reward at step 439733: -1
Level 1, episode reward at step 441731: -1
Level 1, episode reward at step 441808: -1
Level 1, episode reward at step 441960: -1
Level 1, episode reward at step 442057: -1
Level 1, episode reward at step 442124: -1
Level 1, episode reward at step 442186: -1
Level 1, episode reward at step 442268: -1
Level 1, episode reward at step 444266: -1
Level 1, episode reward at step 446264: -1
Level 1, episode reward at step 446326: -1
Level 1, episode reward at step 446388: -1
Level 1, episode reward at step 446455: -1
Level 1, episode reward at step 446517: -1
Level 1, episode reward at step 446579: -1
Level 1, episode reward at step 446641: -1
Level 1, episode reward at step 446703: -1
Level 1, episode reward at step 448701: -1
Level 1, episode reward at step 448763: -1
Level 1, episode reward at step 450761: -1
Level 1, episode reward at step 450843: -1
Level 1, episode reward at step 450905: -1
Level 1, episode reward at step 450967: -1
Level 1, episode reward at step 451029: -1
Level 1, episode reward at step 451091: -1
Level 1, episode reward at step 451153: -1
Level 1, episode reward at step 451215: -1
Level 1, episode reward at step 451277: -1
Level 1, episode reward at step 451339: -1
Level 1, episode reward at step 451401: -1
Level 1, episode reward at step 451463: -1
Level 1, episode reward at step 453461: -1
Level 1, episode reward at step 455459: -1
Level 1, episode reward at step 455521: -1
Level 1, episode reward at step 455583: -1
Level 1, episode reward at step 455650: -1
Level 1, episode reward at step 455712: -1
Level 1, episode reward at step 455779: -1
Level 1, episode reward at step 455846: -1
Level 1, episode reward at step 455908: -1
Level 1, episode reward at step 455980: -1
Level 1, episode reward at step 456042: -1
Level 1, episode reward at step 456104: -1
Level 1, episode reward at step 456166: -1
Level 1, episode reward at step 458164: -1
Level 1, episode reward at step 458256: -1
Level 1, episode reward at step 458318: -1
Level 1, episode reward at step 458380: -1
Level 1, episode reward at step 458462: -1
Level 1, episode reward at step 458524: -1
Level 1, episode reward at step 458586: -1
Level 1, episode reward at step 458648: -1
Level 1, episode reward at step 458710: -1
Level 1, episode reward at step 458772: -1
Level 1, episode reward at step 458834: -1
Level 1, episode reward at step 458896: -1
Level 1, episode reward at step 458958: -1
Level 1, episode reward at step 459020: -1
Level 1, episode reward at step 459082: -1
Level 1, episode reward at step 459159: -1
Level 1, episode reward at step 459246: -1
Level 1, episode reward at step 459308: -1
Level 1, episode reward at step 459370: -1
Level 1, episode reward at step 459432: -1
Level 1, episode reward at step 459494: -1
Level 1, episode reward at step 459561: -1
Level 1, episode reward at step 459623: -1
Level 1, episode reward at step 459705: -1
Level 1, episode reward at step 459767: -1
Level 1, episode reward at step 459829: -1
Level 1, episode reward at step 459891: -1
Level 1, episode reward at step 459953: -1
Level 1, episode reward at step 460020: -1
Level 1, episode reward at step 460107: -1
Level 1, episode reward at step 460169: -1
Level 1, episode reward at step 460231: -1
Level 1, episode reward at step 460293: -1
Level 1, episode reward at step 460355: -1
Level 1, episode reward at step 460417: -1
Level 1, episode reward at step 462415: -1
Level 1, episode reward at step 462482: -1
Level 1, episode reward at step 462559: -1
Level 1, episode reward at step 462621: -1
Level 1, episode reward at step 462693: -1
Level 1, episode reward at step 464691: -1
Level 1, episode reward at step 466689: -1
Level 1, episode reward at step 466751: -1
Level 1, episode reward at step 466813: -1
Level 1, episode reward at step 466880: -1
Level 1, episode reward at step 466942: -1
Level 1, episode reward at step 467009: -1
Level 1, episode reward at step 467071: -1
Level 1, episode reward at step 467133: -1
Level 1, episode reward at step 467195: -1
Level 1, episode reward at step 467257: -1
Level 1, episode reward at step 467319: -1
Level 1, episode reward at step 469317: -1
Level 1, episode reward at step 469384: -1
Level 1, episode reward at step 469446: -1
Level 1, episode reward at step 469508: -1
Level 1, episode reward at step 469570: -1
Level 1, episode reward at step 471568: -1
Level 1, episode reward at step 473566: -1
Level 1, episode reward at step 473628: -1
Level 1, episode reward at step 473690: -1
Level 1, episode reward at step 473752: -1
Level 1, episode reward at step 473814: -1
Level 1, episode reward at step 473876: -1
Level 1, episode reward at step 473938: -1
Level 1, episode reward at step 474000: -1
New Best Reward: -1
Level 1, episode reward at step 474062: -1
Level 1, episode reward at step 474124: -1
Level 1, episode reward at step 474186: -1
Level 1, episode reward at step 474248: -1
Level 1, episode reward at step 474310: -1
Level 1, episode reward at step 474372: -1
Level 1, episode reward at step 474464: -1
Level 1, episode reward at step 474526: -1
Level 1, episode reward at step 474588: -1
Level 1, episode reward at step 474650: -1
Level 1, episode reward at step 474712: -1
Level 1, episode reward at step 474774: -1
Level 1, episode reward at step 474836: -1
Level 1, episode reward at step 474898: -1
Level 1, episode reward at step 474960: -1
Level 1, episode reward at step 475022: -1
Level 1, episode reward at step 475084: -1
Level 1, episode reward at step 475151: -1
Level 1, episode reward at step 475213: -1
Level 1, episode reward at step 475280: -1
Level 1, episode reward at step 475342: -1
Level 1, episode reward at step 475409: -1
Level 1, episode reward at step 475471: -1
Level 1, episode reward at step 475558: -1
Level 1, episode reward at step 475620: -1
Level 1, episode reward at step 475682: -1
Level 1, episode reward at step 475744: -1
Level 1, episode reward at step 475806: -1
Level 1, episode reward at step 475868: -1
Level 1, episode reward at step 475930: -1
Level 1, episode reward at step 475992: -1
Level 1, episode reward at step 476054: -1
Level 1, episode reward at step 478052: -1
Level 1, episode reward at step 478114: -1
Level 1, episode reward at step 478176: -1
Level 1, episode reward at step 478238: -1
Level 1, episode reward at step 478300: -1
New Best Reward: -1
Level 1, episode reward at step 478362: -1
Level 1, episode reward at step 480360: -1
Level 1, episode reward at step 480422: -1
Level 1, episode reward at step 480484: -1
Level 1, episode reward at step 480546: -1
Level 1, episode reward at step 480608: -1
Level 1, episode reward at step 480670: -1
Level 1, episode reward at step 480732: -1
Level 1, episode reward at step 480794: -1
Level 1, episode reward at step 480856: -1
Level 1, episode reward at step 480918: -1
Level 1, episode reward at step 480980: -1
Level 1, episode reward at step 481042: -1
Level 1, episode reward at step 481104: -1
Level 1, episode reward at step 481166: -1
Level 1, episode reward at step 481228: -1
Level 1, episode reward at step 483226: -1
Level 1, episode reward at step 483288: -1
Level 1, episode reward at step 483350: -1
Level 1, episode reward at step 483412: -1
Level 1, episode reward at step 483474: -1
Level 1, episode reward at step 483556: -1
Level 1, episode reward at step 483618: -1
Level 1, episode reward at step 483690: -1
Level 1, episode reward at step 483772: -1
Level 1, episode reward at step 483834: -1
Level 1, episode reward at step 483896: -1
Level 1, episode reward at step 483958: -1
Level 1, episode reward at step 484020: -1
Level 1, episode reward at step 484082: -1
Level 1, episode reward at step 484144: -1
Level 1, episode reward at step 484206: -1
Level 1, episode reward at step 484268: -1
Level 1, episode reward at step 484335: -1
Level 1, episode reward at step 484397: -1
Level 1, episode reward at step 484459: -1
Level 1, episode reward at step 484536: -1
Level 1, episode reward at step 484598: -1
Level 1, episode reward at step 484660: -1
Level 1, episode reward at step 484722: -1
Level 1, episode reward at step 484784: -1
Level 1, episode reward at step 484846: -1
Level 1, episode reward at step 484908: -1
Level 1, episode reward at step 484970: -1
Level 1, episode reward at step 485042: -1
Level 1, episode reward at step 485104: -1
Level 1, episode reward at step 485176: -1
Level 1, episode reward at step 487174: -1
Level 1, episode reward at step 487236: -1
Level 1, episode reward at step 487313: -1
Level 1, episode reward at step 487375: -1
Level 1, episode reward at step 487437: -1
Level 1, episode reward at step 487499: -1
Level 1, episode reward at step 489497: -1
Level 1, episode reward at step 489559: -1
Level 1, episode reward at step 489676: -1
Level 1, episode reward at step 489738: -1
Level 1, episode reward at step 491615: -1
Level 1, episode reward at step 493613: -1
Level 1, episode reward at step 493675: -1
Level 1, episode reward at step 493737: -1
Level 1, episode reward at step 493799: -1
Level 1, episode reward at step 493861: -1
Level 1, episode reward at step 493923: -1
Level 1, episode reward at step 495921: -1
Level 1, episode reward at step 495983: -1
Level 1, episode reward at step 497981: -1
Level 1, episode reward at step 498043: -1
Level 1, episode reward at step 500041: -1
Level 1, episode reward at step 500103: -1
Level 1, episode reward at step 500180: -1
Level 1, episode reward at step 500242: -1
Level 1, episode reward at step 500304: -1
Level 1, episode reward at step 500371: -1
Level 1, episode reward at step 500433: -1
Level 1, episode reward at step 500495: -1
Level 1, episode reward at step 500557: -1
Level 1, episode reward at step 500619: -1
Level 1, episode reward at step 500681: -1
Level 1, episode reward at step 500743: -1
Level 1, episode reward at step 500805: -1
Level 1, episode reward at step 500867: -1
Level 1, episode reward at step 500929: -1
Level 1, episode reward at step 502927: -1
Level 1, episode reward at step 504925: -1
Level 1, episode reward at step 504992: -1
Level 1, episode reward at step 505054: -1
Level 1, episode reward at step 505116: -1
Level 1, episode reward at step 505178: -1
Level 1, episode reward at step 505240: -1
Level 1, episode reward at step 505302: -1
Level 1, episode reward at step 507300: -1
New Best Reward: -1
Level 1, episode reward at step 507362: -1
Level 1, episode reward at step 509360: -1
Level 1, episode reward at step 509467: -1
Level 1, episode reward at step 509529: -1
Level 1, episode reward at step 509591: -1
Level 1, episode reward at step 509673: -1
Level 1, episode reward at step 511671: -1
Level 1, episode reward at step 511733: -1
Level 1, episode reward at step 511810: -1
Level 1, episode reward at step 511872: -1
Level 1, episode reward at step 511934: -1
Level 1, episode reward at step 511996: -1
Level 1, episode reward at step 512058: -1
Level 1, episode reward at step 512120: -1
Level 1, episode reward at step 512182: -1
Level 1, episode reward at step 512244: -1
Level 1, episode reward at step 512306: -1
Level 1, episode reward at step 512368: -1
Level 1, episode reward at step 512430: -1
Level 1, episode reward at step 512492: -1
Level 1, episode reward at step 512554: -1
Level 1, episode reward at step 512616: -1
Level 1, episode reward at step 514614: -1
Level 1, episode reward at step 514676: -1
Level 1, episode reward at step 514738: -1
Level 1, episode reward at step 514800: -1
New Best Reward: -1
Level 1, episode reward at step 514857: -1
Level 1, episode reward at step 514919: -1
Level 1, episode reward at step 514986: -1
Level 1, episode reward at step 515048: -1
Level 1, episode reward at step 515110: -1
Level 1, episode reward at step 515172: -1
Level 1, episode reward at step 515239: -1
Level 1, episode reward at step 515301: -1
Level 1, episode reward at step 515373: -1
Level 1, episode reward at step 515435: -1
Level 1, episode reward at step 515497: -1
Level 1, episode reward at step 515569: -1
Level 1, episode reward at step 515631: -1
Level 1, episode reward at step 515693: -1
Level 1, episode reward at step 515755: -1
Level 1, episode reward at step 515817: -1
Level 1, episode reward at step 515879: -1
Level 1, episode reward at step 515941: -1
Level 1, episode reward at step 516003: -1
Level 1, episode reward at step 516065: -1
Level 1, episode reward at step 516127: -1
Level 1, episode reward at step 516249: -1
Level 1, episode reward at step 516311: -1
Level 1, episode reward at step 516373: -1
Level 1, episode reward at step 516450: -1
Level 1, episode reward at step 516962: -1
Level 1, episode reward at step 517024: -1
Level 1, episode reward at step 517091: -1
Level 1, episode reward at step 517163: -1
Level 1, episode reward at step 517225: -1
Level 1, episode reward at step 517282: -1
Level 1, episode reward at step 517349: -1
Level 1, episode reward at step 517411: -1
Level 1, episode reward at step 519409: -1
Level 1, episode reward at step 519471: -1
Level 1, episode reward at step 519533: -1
Level 1, episode reward at step 519595: -1
Level 1, episode reward at step 519657: -1
Level 1, episode reward at step 519719: -1
Level 1, episode reward at step 519781: -1
Level 1, episode reward at step 519843: -1
Level 1, episode reward at step 519920: -1
Level 1, episode reward at step 519982: -1
Level 1, episode reward at step 520044: -1
Level 1, episode reward at step 522042: -1
Level 1, episode reward at step 522104: -1
Level 1, episode reward at step 524102: -1
Level 1, episode reward at step 524164: -1
Level 1, episode reward at step 524226: -1
Level 1, episode reward at step 524288: -1
Level 1, episode reward at step 524350: -1
Level 1, episode reward at step 524412: -1
Level 1, episode reward at step 524479: -1
Level 1, episode reward at step 526477: -1
Level 1, episode reward at step 526544: -1
Level 1, episode reward at step 526621: -1
Level 1, episode reward at step 526683: -1
Level 1, episode reward at step 528681: -1
Level 1, episode reward at step 528743: -1
Level 1, episode reward at step 528815: -1
Level 1, episode reward at step 530813: -1
Level 1, episode reward at step 530880: -1
Level 1, episode reward at step 530942: -1
Level 1, episode reward at step 531004: -1
Level 1, episode reward at step 531066: -1
Level 1, episode reward at step 531128: -1
Level 1, episode reward at step 531190: -1
Level 1, episode reward at step 531257: -1
Level 1, episode reward at step 531319: -1
Level 1, episode reward at step 531386: -1
Level 1, episode reward at step 531458: -1
Level 1, episode reward at step 531525: -1
Level 1, episode reward at step 531587: -1
Level 1, episode reward at step 531649: -1
Level 1, episode reward at step 531711: -1
Level 1, episode reward at step 531773: -1
Level 1, episode reward at step 533771: -1
Level 1, episode reward at step 533833: -1
Level 1, episode reward at step 535831: -1
Level 1, episode reward at step 535893: -1
Level 1, episode reward at step 535955: -1
Level 1, episode reward at step 536017: -1
Level 1, episode reward at step 536099: -1
Level 1, episode reward at step 536176: -1
Level 1, episode reward at step 538174: -1
Level 1, episode reward at step 538236: -1
Level 1, episode reward at step 538313: -1
Level 1, episode reward at step 538375: -1
Level 1, episode reward at step 538437: -1
Level 1, episode reward at step 538499: -1
Level 1, episode reward at step 538556: -1
Level 1, episode reward at step 538618: -1
Level 1, episode reward at step 538680: -1
Level 1, episode reward at step 538742: -1
Level 1, episode reward at step 538804: -1
Level 1, episode reward at step 540802: -1
Level 1, episode reward at step 540864: -1
Level 1, episode reward at step 540926: -1
Level 1, episode reward at step 540988: -1
Level 1, episode reward at step 541055: -1
Level 1, episode reward at step 541142: -1
Level 1, episode reward at step 541204: -1
Level 1, episode reward at step 541266: -1
Level 1, episode reward at step 541328: -1
Level 1, episode reward at step 541390: -1
Level 1, episode reward at step 541457: -1
Level 1, episode reward at step 541519: -1
Level 1, episode reward at step 541581: -1
Level 1, episode reward at step 541643: -1
Level 1, episode reward at step 541705: -1
Level 1, episode reward at step 541767: -1
Level 1, episode reward at step 541829: -1
Level 1, episode reward at step 541896: -1
Level 1, episode reward at step 541958: -1
Level 1, episode reward at step 542020: -1
Level 1, episode reward at step 542082: -1
Level 1, episode reward at step 542144: -1
Level 1, episode reward at step 544142: -1
Level 1, episode reward at step 544234: -1
Level 1, episode reward at step 544296: -1
Level 1, episode reward at step 544358: -1
Level 1, episode reward at step 544420: -1
Level 1, episode reward at step 544492: -1
Level 1, episode reward at step 544554: -1
Level 1, episode reward at step 544646: -1
Level 1, episode reward at step 544708: -1
Level 1, episode reward at step 544770: -1
Level 1, episode reward at step 546768: -1
Level 1, episode reward at step 546840: -1
Level 1, episode reward at step 546902: -1
Level 1, episode reward at step 546969: -1
Level 1, episode reward at step 547046: -1
Level 1, episode reward at step 547108: -1
Level 1, episode reward at step 547170: -1
Level 1, episode reward at step 549168: -1
Level 1, episode reward at step 549235: -1
Level 1, episode reward at step 549297: -1
Level 1, episode reward at step 549364: -1
Level 1, episode reward at step 549426: -1
Level 1, episode reward at step 549488: -1
Level 1, episode reward at step 549550: -1
Level 1, episode reward at step 549612: -1
Level 1, episode reward at step 549674: -1
Level 1, episode reward at step 549736: -1
Level 1, episode reward at step 551734: -1
Level 1, episode reward at step 551796: -1
Level 1, episode reward at step 551863: -1
Level 1, episode reward at step 551925: -1
Level 1, episode reward at step 552002: -1
Level 1, episode reward at step 552064: -1
Level 1, episode reward at step 552131: -1
Level 1, episode reward at step 552198: -1
Level 1, episode reward at step 552260: -1
Level 1, episode reward at step 552322: -1
Level 1, episode reward at step 552384: -1
Level 1, episode reward at step 552446: -1
Level 1, episode reward at step 552508: -1
Level 1, episode reward at step 552575: -1
Level 1, episode reward at step 552652: -1
Level 1, episode reward at step 552714: -1
Level 1, episode reward at step 554712: -1
Level 1, episode reward at step 554774: -1
Level 1, episode reward at step 554846: -1
Level 1, episode reward at step 554908: -1
Level 1, episode reward at step 556597: 1
Next Level!
Level 2, episode reward at step 556644: -1
Level 2, episode reward at step 556691: -1
Level 2, episode reward at step 556748: -1
Level 2, episode reward at step 556795: -1
Level 2, episode reward at step 556852: -1
Level 2, episode reward at step 556909: -1
Level 2, episode reward at step 556966: -1
Level 2, episode reward at step 557028: -1
Level 2, episode reward at step 557075: -1
Level 2, episode reward at step 557137: -1
Level 2, episode reward at step 557194: -1
Level 2, episode reward at step 557251: -1
Level 2, episode reward at step 557298: -1
Level 2, episode reward at step 557345: -1
Level 2, episode reward at step 557392: -1
Level 2, episode reward at step 557439: -1
Level 2, episode reward at step 557486: -1
Level 2, episode reward at step 557548: -1
Level 2, episode reward at step 557595: -1
Level 2, episode reward at step 557642: -1
Level 2, episode reward at step 557699: -1
Level 2, episode reward at step 557746: -1
Level 2, episode reward at step 557803: -1
Level 2, episode reward at step 557850: -1
Level 2, episode reward at step 557897: -1
Level 2, episode reward at step 557949: -1
Level 2, episode reward at step 557996: -1
Level 2, episode reward at step 558058: -1
Level 2, episode reward at step 558115: -1
Level 2, episode reward at step 558162: -1
Level 2, episode reward at step 558224: -1
Level 2, episode reward at step 558281: -1
Level 2, episode reward at step 558338: -1
Level 2, episode reward at step 558395: -1
Level 2, episode reward at step 558452: -1
Level 2, episode reward at step 558509: -1
Level 2, episode reward at step 558571: -1
Level 2, episode reward at step 558628: -1
Level 2, episode reward at step 558680: -1
Level 2, episode reward at step 558732: -1
Level 2, episode reward at step 558789: -1
Level 2, episode reward at step 558836: -1
Level 2, episode reward at step 558898: -1
Level 2, episode reward at step 558945: -1
Level 2, episode reward at step 558977: -1
Level 2, episode reward at step 559024: -1
Level 2, episode reward at step 559086: -1
Level 2, episode reward at step 559133: -1
Level 2, episode reward at step 559180: -1
Level 2, episode reward at step 559237: -1
Level 2, episode reward at step 559284: -1
Level 2, episode reward at step 559346: -1
Level 2, episode reward at step 559393: -1
Level 2, episode reward at step 559440: -1
Level 2, episode reward at step 559487: -1
Level 2, episode reward at step 559544: -1
Level 2, episode reward at step 559601: -1
Level 2, episode reward at step 559658: -1
Level 2, episode reward at step 559715: -1
Level 2, episode reward at step 559772: -1
Level 2, episode reward at step 559834: -1
Level 2, episode reward at step 559891: -1
Level 2, episode reward at step 559943: -1
Level 2, episode reward at step 559990: -1
Level 2, episode reward at step 560037: -1
Level 2, episode reward at step 560094: -1
Level 2, episode reward at step 560151: -1
Level 2, episode reward at step 560208: -1
Level 2, episode reward at step 560265: -1
Level 2, episode reward at step 560322: -1
Level 2, episode reward at step 560384: -1
Level 2, episode reward at step 560451: -1
Level 2, episode reward at step 560498: -1
Level 2, episode reward at step 560550: -1
Level 2, episode reward at step 560597: -1
Level 2, episode reward at step 560654: -1
Level 2, episode reward at step 560711: -1
Level 2, episode reward at step 560768: -1
Level 2, episode reward at step 560825: -1
Level 2, episode reward at step 560887: -1
Level 2, episode reward at step 560949: -1
Level 2, episode reward at step 561006: -1
Level 2, episode reward at step 561058: -1
Level 2, episode reward at step 561110: -1
Level 2, episode reward at step 561167: -1
Level 2, episode reward at step 561219: -1
Level 2, episode reward at step 561281: -1
Level 2, episode reward at step 561338: -1
Level 2, episode reward at step 561395: -1
Level 2, episode reward at step 561442: -1
Level 2, episode reward at step 561494: -1
Level 2, episode reward at step 561546: -1
Level 2, episode reward at step 561603: -1
Level 2, episode reward at step 561660: -1
Level 2, episode reward at step 561717: -1
Level 2, episode reward at step 561774: -1
Level 2, episode reward at step 561831: -1
Level 2, episode reward at step 561888: -1
Level 2, episode reward at step 561940: -1
Level 2, episode reward at step 561997: -1
Level 2, episode reward at step 562054: -1
Level 2, episode reward at step 562106: -1
Level 2, episode reward at step 562158: -1
Level 2, episode reward at step 562215: -1
Level 2, episode reward at step 562272: -1
Level 2, episode reward at step 562324: -1
Level 2, episode reward at step 562381: -1
Level 2, episode reward at step 562433: -1
Level 2, episode reward at step 562480: -1
Level 2, episode reward at step 562527: -1
Level 2, episode reward at step 562574: -1
Level 2, episode reward at step 562621: -1
Level 2, episode reward at step 562678: -1
Level 2, episode reward at step 562730: -1
Level 2, episode reward at step 562787: -1
slurmstepd: error: Job 59643443 exceeded memory limit (32769376 > 32768000), being killed
slurmstepd: error: Exceeded job memory limit
slurmstepd: error: *** JOB 59643443 ON aagk80gpu39 CANCELLED AT 2018-11-17T16:43:38 ***
