/n/home13/kevinwu/.conda/envs/pt27/lib/python2.7/site-packages/skimage/transform/_warps.py:105: UserWarning: The default mode, 'constant', will be changed to 'reflect' in skimage 0.15.
  warn("The default mode, 'constant', will be changed to 'reflect' in "
/n/home13/kevinwu/.conda/envs/pt27/lib/python2.7/site-packages/skimage/transform/_warps.py:110: UserWarning: Anti-aliasing will be enabled by default in skimage 0.15 to avoid aliasing artifacts when down-sampling images.
  warn("Anti-aliasing will be enabled by default in skimage 0.15 to "
Namespace(batch_size=32, criteria='1/1', cuda=1, doubleq=1, eps_decay=200.0, eps_end=0.1, eps_start=1, game_name='variant_sokoban_1', gamma=0.999, img_size=64, level_switch='sequential', lr=0.00025, max_mem=50000, max_steps=1000000.0, model_name='DQN', model_weight_path=None, num_episodes=20000, num_trials=1, pretrain=0, random_seed=7, target_update=100, test_mode=0, timeout=2000, trial_num='1')
Game: variant_sokoban_1
variant_sokoban_1
Training at seed = 1
Training Starting
-------------------------
Level 0, episode reward at step 1998: -1
Level 0, episode reward at step 3996: -1
Level 0, episode reward at step 5994: -1
Level 0, episode reward at step 7992: -1
Level 0, episode reward at step 9990: -1
Level 0, episode reward at step 11988: -1
Level 0, episode reward at step 13986: -1
Level 0, episode reward at step 15984: -1
Level 0, episode reward at step 17982: -1
Level 0, episode reward at step 19980: -1
Level 0, episode reward at step 21978: -1
Level 0, episode reward at step 23976: -1
Level 0, episode reward at step 25974: -1
Level 0, episode reward at step 27972: -1
Level 0, episode reward at step 29970: -1
Level 0, episode reward at step 31968: -1
Level 0, episode reward at step 33966: -1
Level 0, episode reward at step 35964: -1
Level 0, episode reward at step 37962: -1
Level 0, episode reward at step 39960: -1
Level 0, episode reward at step 41958: -1
Level 0, episode reward at step 43956: -1
Level 0, episode reward at step 45954: -1
Level 0, episode reward at step 47952: -1
Level 0, episode reward at step 49950: -1
Level 0, episode reward at step 51948: -1
Level 0, episode reward at step 53946: -1
Level 0, episode reward at step 55944: -1
Level 0, episode reward at step 57942: -1
Level 0, episode reward at step 59940: -1
Level 0, episode reward at step 61938: -1
Level 0, episode reward at step 63936: -1
Level 0, episode reward at step 65934: -1
Level 0, episode reward at step 67932: -1
Level 0, episode reward at step 69930: -1
Level 0, episode reward at step 71928: -1
Level 0, episode reward at step 73926: -1
Level 0, episode reward at step 75924: -1
Level 0, episode reward at step 77922: -1
Level 0, episode reward at step 79920: -1
Level 0, episode reward at step 81918: -1
Level 0, episode reward at step 83916: -1
Level 0, episode reward at step 85914: -1
Level 0, episode reward at step 87912: -1
Level 0, episode reward at step 89910: -1
Level 0, episode reward at step 91908: -1
Level 0, episode reward at step 93906: -1
Level 0, episode reward at step 95904: -1
Level 0, episode reward at step 97902: -1
Level 0, episode reward at step 99900: -1
New Best Reward: -1
Level 0, episode reward at step 101898: -1
Level 0, episode reward at step 103896: -1
Level 0, episode reward at step 105894: -1
Level 0, episode reward at step 107892: -1
Level 0, episode reward at step 109890: -1
Level 0, episode reward at step 111888: -1
Level 0, episode reward at step 113886: -1
Level 0, episode reward at step 115884: -1
Level 0, episode reward at step 117882: -1
Level 0, episode reward at step 119880: -1
Level 0, episode reward at step 121878: -1
Level 0, episode reward at step 123876: -1
Level 0, episode reward at step 125874: -1
Level 0, episode reward at step 127872: -1
Level 0, episode reward at step 129870: -1
Level 0, episode reward at step 131868: -1
Level 0, episode reward at step 133866: -1
Level 0, episode reward at step 135864: -1
Level 0, episode reward at step 137862: -1
Level 0, episode reward at step 139860: -1
Level 0, episode reward at step 141858: -1
Level 0, episode reward at step 143856: -1
Level 0, episode reward at step 145854: -1
Level 0, episode reward at step 147852: -1
Level 0, episode reward at step 149850: -1
Level 0, episode reward at step 151848: -1
Level 0, episode reward at step 153846: -1
Level 0, episode reward at step 155844: -1
Level 0, episode reward at step 157842: -1
Level 0, episode reward at step 159840: -1
Level 0, episode reward at step 161838: -1
Level 0, episode reward at step 163836: -1
Level 0, episode reward at step 165834: -1
Level 0, episode reward at step 167832: -1
Level 0, episode reward at step 169830: -1
Level 0, episode reward at step 171828: -1
Level 0, episode reward at step 173826: -1
Level 0, episode reward at step 175824: -1
Level 0, episode reward at step 177822: -1
Level 0, episode reward at step 179820: -1
Level 0, episode reward at step 181818: -1
Level 0, episode reward at step 183816: -1
Level 0, episode reward at step 185814: -1
Level 0, episode reward at step 187812: -1
Level 0, episode reward at step 189810: -1
Level 0, episode reward at step 191808: -1
Level 0, episode reward at step 193806: -1
Level 0, episode reward at step 195804: -1
Level 0, episode reward at step 197802: -1
Level 0, episode reward at step 199800: -1
New Best Reward: -1
Level 0, episode reward at step 201798: -1
Level 0, episode reward at step 203796: -1
Level 0, episode reward at step 205794: -1
Level 0, episode reward at step 207792: -1
Level 0, episode reward at step 209790: -1
Level 0, episode reward at step 211788: -1
Level 0, episode reward at step 213786: -1
Level 0, episode reward at step 215784: -1
Level 0, episode reward at step 217782: -1
Level 0, episode reward at step 219780: -1
Level 0, episode reward at step 221778: -1
Level 0, episode reward at step 223776: -1
Level 0, episode reward at step 225774: -1
Level 0, episode reward at step 227772: -1
Level 0, episode reward at step 229770: -1
Level 0, episode reward at step 231768: -1
Level 0, episode reward at step 233766: -1
Level 0, episode reward at step 235764: -1
Level 0, episode reward at step 237762: -1
Level 0, episode reward at step 239760: -1
Level 0, episode reward at step 241758: -1
Level 0, episode reward at step 243756: -1
Level 0, episode reward at step 245754: -1
Level 0, episode reward at step 247752: -1
Level 0, episode reward at step 249750: -1
Level 0, episode reward at step 251748: -1
Level 0, episode reward at step 253746: -1
Level 0, episode reward at step 255744: -1
Level 0, episode reward at step 257742: -1
Level 0, episode reward at step 259740: -1
Level 0, episode reward at step 261738: -1
Level 0, episode reward at step 263736: -1
Level 0, episode reward at step 265734: -1
Level 0, episode reward at step 267732: -1
Level 0, episode reward at step 269730: -1
Level 0, episode reward at step 271728: -1
Level 0, episode reward at step 273726: -1
Level 0, episode reward at step 275724: -1
Level 0, episode reward at step 277722: -1
Level 0, episode reward at step 279720: -1
Level 0, episode reward at step 281718: -1
Level 0, episode reward at step 283716: -1
Level 0, episode reward at step 285714: -1
Level 0, episode reward at step 287712: -1
Level 0, episode reward at step 289710: 0
Level 0, episode reward at step 291708: -1
Level 0, episode reward at step 293706: -1
Level 0, episode reward at step 295704: -1
Level 0, episode reward at step 297702: -1
Level 0, episode reward at step 299700: -1
New Best Reward: -1
Level 0, episode reward at step 301698: -1
Level 0, episode reward at step 303696: -1
Level 0, episode reward at step 305694: -1
Level 0, episode reward at step 307692: -1
Level 0, episode reward at step 309690: 0
Level 0, episode reward at step 311688: -1
Level 0, episode reward at step 313686: -1
Level 0, episode reward at step 315684: -1
Level 0, episode reward at step 317682: -1
Level 0, episode reward at step 319680: -1
Level 0, episode reward at step 321678: 0
Level 0, episode reward at step 323676: -1
Level 0, episode reward at step 325674: -1
Level 0, episode reward at step 327672: -1
Level 0, episode reward at step 329670: -1
Level 0, episode reward at step 331668: -1
Level 0, episode reward at step 333666: -1
Level 0, episode reward at step 335664: 0
Level 0, episode reward at step 337662: -1
Level 0, episode reward at step 339660: -1
Level 0, episode reward at step 341658: -1
Level 0, episode reward at step 343656: 0
Level 0, episode reward at step 345654: -1
Level 0, episode reward at step 347652: -1
Level 0, episode reward at step 349650: -1
Level 0, episode reward at step 351648: -1
Level 0, episode reward at step 353646: -1
Level 0, episode reward at step 355644: -1
Level 0, episode reward at step 357642: -1
Level 0, episode reward at step 359640: -1
Level 0, episode reward at step 361638: -1
Level 0, episode reward at step 363636: -1
Level 0, episode reward at step 365634: -1
Level 0, episode reward at step 367632: -1
Level 0, episode reward at step 369630: -1
Level 0, episode reward at step 371628: -1
Level 0, episode reward at step 373626: -1
Level 0, episode reward at step 375624: -1
Level 0, episode reward at step 377622: -1
Level 0, episode reward at step 379620: -1
Level 0, episode reward at step 381618: -1
Level 0, episode reward at step 383616: -1
Level 0, episode reward at step 385614: -1
Level 0, episode reward at step 387612: -1
Level 0, episode reward at step 389610: -1
Level 0, episode reward at step 391608: -1
Level 0, episode reward at step 393606: -1
Level 0, episode reward at step 395604: -1
Level 0, episode reward at step 397602: -1
Level 0, episode reward at step 399600: -1
New Best Reward: -1
Level 0, episode reward at step 401598: -1
Level 0, episode reward at step 403596: -1
Level 0, episode reward at step 405594: -1
Level 0, episode reward at step 407592: -1
Level 0, episode reward at step 409590: -1
Level 0, episode reward at step 411588: -1
Level 0, episode reward at step 413586: -1
Level 0, episode reward at step 415584: -1
Level 0, episode reward at step 417582: -1
Level 0, episode reward at step 419580: -1
Level 0, episode reward at step 421578: -1
Level 0, episode reward at step 423576: -1
Level 0, episode reward at step 425574: -1
Level 0, episode reward at step 427572: -1
Level 0, episode reward at step 429570: -1
Level 0, episode reward at step 431568: -1
Level 0, episode reward at step 433566: -1
Level 0, episode reward at step 435564: -1
Level 0, episode reward at step 437562: -1
Level 0, episode reward at step 439560: -1
Level 0, episode reward at step 441558: -1
Level 0, episode reward at step 443556: -1
Level 0, episode reward at step 445554: -1
Level 0, episode reward at step 447552: -1
Level 0, episode reward at step 449550: -1
Level 0, episode reward at step 451548: -1
Level 0, episode reward at step 453546: -1
Level 0, episode reward at step 455544: -1
Level 0, episode reward at step 457542: -1
Level 0, episode reward at step 459540: -1
Level 0, episode reward at step 461538: -1
Level 0, episode reward at step 463536: -1
Level 0, episode reward at step 465534: -1
Level 0, episode reward at step 467532: -1
Level 0, episode reward at step 469530: -1
Level 0, episode reward at step 471528: -1
Level 0, episode reward at step 473526: -1
Level 0, episode reward at step 475524: -1
Level 0, episode reward at step 477522: -1
Level 0, episode reward at step 479520: -1
Level 0, episode reward at step 481518: -1
Level 0, episode reward at step 483516: -1
Level 0, episode reward at step 485514: -1
Level 0, episode reward at step 487512: -1
Level 0, episode reward at step 489510: -1
Level 0, episode reward at step 491508: -1
Level 0, episode reward at step 493506: -1
Level 0, episode reward at step 495504: -1
Level 0, episode reward at step 497502: -1
Level 0, episode reward at step 499500: -1
New Best Reward: -1
Level 0, episode reward at step 501498: 0
Level 0, episode reward at step 503496: -1
Level 0, episode reward at step 505494: -1
Level 0, episode reward at step 507492: -1
Level 0, episode reward at step 509490: -1
Level 0, episode reward at step 511488: -1
Level 0, episode reward at step 513486: -1
Level 0, episode reward at step 515484: -1
Level 0, episode reward at step 517482: -1
Level 0, episode reward at step 519480: -1
Level 0, episode reward at step 521478: -1
Level 0, episode reward at step 523476: -1
Level 0, episode reward at step 525474: -1
Level 0, episode reward at step 527472: -1
Level 0, episode reward at step 529470: -1
Level 0, episode reward at step 531468: -1
Level 0, episode reward at step 533466: -1
Level 0, episode reward at step 535464: -1
Level 0, episode reward at step 537462: -1
Level 0, episode reward at step 539460: -1
Level 0, episode reward at step 541458: -1
Level 0, episode reward at step 543456: -1
Level 0, episode reward at step 545454: 0
Level 0, episode reward at step 547452: -1
Level 0, episode reward at step 549450: -1
Level 0, episode reward at step 551448: -1
Level 0, episode reward at step 553446: -1
Level 0, episode reward at step 555444: -1
Level 0, episode reward at step 557442: -1
Level 0, episode reward at step 559440: -1
Level 0, episode reward at step 561438: -1
Level 0, episode reward at step 563436: -1
Level 0, episode reward at step 565434: -1
Level 0, episode reward at step 567432: -1
Level 0, episode reward at step 569430: -1
Level 0, episode reward at step 571428: -1
Level 0, episode reward at step 573426: -1
Level 0, episode reward at step 575424: -1
Level 0, episode reward at step 577422: -1
Level 0, episode reward at step 579420: -1
Level 0, episode reward at step 581418: 0
Level 0, episode reward at step 583416: -1
Level 0, episode reward at step 585414: -1
Level 0, episode reward at step 587412: -1
Level 0, episode reward at step 589410: -1
Level 0, episode reward at step 591408: 0
Level 0, episode reward at step 593406: -1
Level 0, episode reward at step 595404: -1
Level 0, episode reward at step 597402: -1
Level 0, episode reward at step 599400: -1
New Best Reward: -1
Level 0, episode reward at step 601398: -1
Level 0, episode reward at step 603396: -1
Level 0, episode reward at step 605394: -1
Level 0, episode reward at step 607392: -1
Level 0, episode reward at step 609390: -1
Level 0, episode reward at step 611388: -1
Level 0, episode reward at step 613386: -1
Level 0, episode reward at step 615384: -1
Level 0, episode reward at step 617382: -1
Level 0, episode reward at step 619380: -1
Level 0, episode reward at step 621378: -1
Level 0, episode reward at step 623376: -1
Level 0, episode reward at step 625374: 0
Level 0, episode reward at step 627372: -1
Level 0, episode reward at step 629370: -1
Level 0, episode reward at step 631368: -1
Level 0, episode reward at step 633366: -1
Level 0, episode reward at step 635364: -1
Level 0, episode reward at step 637362: -1
Level 0, episode reward at step 639360: -1
Level 0, episode reward at step 641358: -1
Level 0, episode reward at step 643356: 0
Level 0, episode reward at step 645354: -1
Level 0, episode reward at step 647352: -1
Level 0, episode reward at step 649350: -1
Level 0, episode reward at step 651348: -1
Level 0, episode reward at step 653346: -1
Level 0, episode reward at step 655344: -1
Level 0, episode reward at step 657342: -1
Level 0, episode reward at step 659340: -1
Level 0, episode reward at step 661338: -1
Level 0, episode reward at step 663336: -1
Level 0, episode reward at step 665334: -1
Level 0, episode reward at step 667332: -1
Level 0, episode reward at step 669330: -1
Level 0, episode reward at step 671328: -1
Level 0, episode reward at step 673326: -1
Level 0, episode reward at step 675324: -1
Level 0, episode reward at step 677322: -1
Level 0, episode reward at step 679320: -1
Level 0, episode reward at step 681318: -1
Level 0, episode reward at step 683316: -1
Level 0, episode reward at step 685314: -1
Level 0, episode reward at step 687312: -1
Level 0, episode reward at step 689310: -1
Level 0, episode reward at step 691308: -1
Level 0, episode reward at step 693306: -1
Level 0, episode reward at step 695304: -1
Level 0, episode reward at step 697302: -1
Level 0, episode reward at step 699300: -1
New Best Reward: -1
Level 0, episode reward at step 701298: -1
Level 0, episode reward at step 703296: -1
Level 0, episode reward at step 705294: -1
Level 0, episode reward at step 707292: -1
Level 0, episode reward at step 709290: -1
Level 0, episode reward at step 711288: -1
Level 0, episode reward at step 713286: -1
Level 0, episode reward at step 715284: -1
Level 0, episode reward at step 717282: -1
Level 0, episode reward at step 719280: -1
Level 0, episode reward at step 721278: -1
Level 0, episode reward at step 723276: -1
Level 0, episode reward at step 725274: -1
Level 0, episode reward at step 727272: -1
Level 0, episode reward at step 729270: -1
Level 0, episode reward at step 731268: -1
Level 0, episode reward at step 733266: -1
Level 0, episode reward at step 735264: -1
Level 0, episode reward at step 737262: -1
Level 0, episode reward at step 739260: -1
Level 0, episode reward at step 741258: -1
Level 0, episode reward at step 743256: -1
Level 0, episode reward at step 745254: -1
Level 0, episode reward at step 747252: -1
Level 0, episode reward at step 749250: -1
Level 0, episode reward at step 751248: -1
Level 0, episode reward at step 753246: -1
Level 0, episode reward at step 755244: -1
Level 0, episode reward at step 757242: -1
Level 0, episode reward at step 759240: -1
Level 0, episode reward at step 761238: -1
Level 0, episode reward at step 763236: -1
Level 0, episode reward at step 765234: -1
Level 0, episode reward at step 767232: -1
Level 0, episode reward at step 769230: -1
Level 0, episode reward at step 771228: -1
Level 0, episode reward at step 773226: -1
Level 0, episode reward at step 775224: -1
Level 0, episode reward at step 777222: -1
Level 0, episode reward at step 779220: -1
Level 0, episode reward at step 781218: -1
Level 0, episode reward at step 783216: -1
Level 0, episode reward at step 785214: -1
Level 0, episode reward at step 787212: -1
Level 0, episode reward at step 789210: -1
Level 0, episode reward at step 791208: -1
Level 0, episode reward at step 793206: -1
Level 0, episode reward at step 795204: -1
Level 0, episode reward at step 797202: -1
Level 0, episode reward at step 799200: -1
New Best Reward: -1
Level 0, episode reward at step 801198: -1
Level 0, episode reward at step 803196: -1
Level 0, episode reward at step 805194: -1
Level 0, episode reward at step 807192: -1
Level 0, episode reward at step 809190: -1
Level 0, episode reward at step 811188: -1
Level 0, episode reward at step 813186: -1
Level 0, episode reward at step 815184: -1
Level 0, episode reward at step 817182: -1
Level 0, episode reward at step 819180: -1
Level 0, episode reward at step 821178: -1
Level 0, episode reward at step 823176: -1
Level 0, episode reward at step 825174: -1
Level 0, episode reward at step 827172: -1
Level 0, episode reward at step 829170: -1
Level 0, episode reward at step 831168: -1
Level 0, episode reward at step 833166: -1
Level 0, episode reward at step 835164: -1
Level 0, episode reward at step 837162: -1
Level 0, episode reward at step 839160: -1
Level 0, episode reward at step 841158: -1
Level 0, episode reward at step 843156: -1
Level 0, episode reward at step 845154: -1
Level 0, episode reward at step 847152: -1
Level 0, episode reward at step 849150: -1
Level 0, episode reward at step 851148: -1
Level 0, episode reward at step 853146: -1
Level 0, episode reward at step 855144: -1
Level 0, episode reward at step 857142: -1
Level 0, episode reward at step 859140: -1
Level 0, episode reward at step 861138: -1
Level 0, episode reward at step 863136: -1
Level 0, episode reward at step 865134: -1
Level 0, episode reward at step 867132: -1
Level 0, episode reward at step 869130: -1
Level 0, episode reward at step 871128: -1
Level 0, episode reward at step 873126: -1
Level 0, episode reward at step 875124: -1
Level 0, episode reward at step 877122: -1
Level 0, episode reward at step 879120: -1
Level 0, episode reward at step 881118: -1
Level 0, episode reward at step 883116: -1
Level 0, episode reward at step 885114: -1
Level 0, episode reward at step 887112: -1
Level 0, episode reward at step 889110: -1
Level 0, episode reward at step 891108: -1
Level 0, episode reward at step 893106: -1
Level 0, episode reward at step 895104: -1
Level 0, episode reward at step 897102: -1
Level 0, episode reward at step 899100: -1
New Best Reward: -1
Level 0, episode reward at step 901098: -1
Level 0, episode reward at step 903096: -1
Level 0, episode reward at step 905094: -1
Level 0, episode reward at step 907092: -1
Level 0, episode reward at step 909090: -1
Level 0, episode reward at step 911088: -1
Level 0, episode reward at step 913086: -1
Level 0, episode reward at step 915084: -1
Level 0, episode reward at step 917082: -1
Level 0, episode reward at step 919080: -1
Level 0, episode reward at step 921078: -1
Level 0, episode reward at step 923076: -1
Level 0, episode reward at step 925074: -1
Level 0, episode reward at step 927072: -1
Level 0, episode reward at step 929070: -1
Level 0, episode reward at step 931068: 0
Level 0, episode reward at step 933066: 0
Level 0, episode reward at step 935064: -1
Level 0, episode reward at step 937062: -1
Level 0, episode reward at step 939060: -1
Level 0, episode reward at step 941058: -1
Level 0, episode reward at step 943056: -1
Level 0, episode reward at step 945054: -1
Level 0, episode reward at step 947052: -1
Level 0, episode reward at step 949050: -1
Level 0, episode reward at step 951048: -1
Level 0, episode reward at step 953046: -1
Level 0, episode reward at step 955044: -1
Level 0, episode reward at step 957042: 0
Level 0, episode reward at step 959040: -1
Level 0, episode reward at step 961038: -1
Level 0, episode reward at step 963036: -1
Level 0, episode reward at step 965034: -1
Level 0, episode reward at step 967032: 0
Level 0, episode reward at step 969030: -1
Level 0, episode reward at step 971028: -1
Level 0, episode reward at step 973026: -1
Level 0, episode reward at step 975024: -1
Level 0, episode reward at step 977022: -1
Level 0, episode reward at step 979020: -1
Level 0, episode reward at step 981018: -1
Level 0, episode reward at step 983016: -1
Level 0, episode reward at step 985014: -1
Level 0, episode reward at step 987012: -1
Level 0, episode reward at step 989010: -1
Level 0, episode reward at step 991008: -1
Level 0, episode reward at step 993006: -1
Level 0, episode reward at step 995004: -1
Level 0, episode reward at step 997002: -1
Level 0, episode reward at step 999000: -1
New Best Reward: -1
Done training ALL!
