/n/home13/kevinwu/.conda/envs/pt27/lib/python2.7/site-packages/skimage/transform/_warps.py:105: UserWarning: The default mode, 'constant', will be changed to 'reflect' in skimage 0.15.
  warn("The default mode, 'constant', will be changed to 'reflect' in "
/n/home13/kevinwu/.conda/envs/pt27/lib/python2.7/site-packages/skimage/transform/_warps.py:110: UserWarning: Anti-aliasing will be enabled by default in skimage 0.15 to avoid aliasing artifacts when down-sampling images.
  warn("Anti-aliasing will be enabled by default in skimage 0.15 to "
Namespace(batch_size=32, criteria='1/1', cuda=1, doubleq=1, eps_decay=200.0, eps_end=0.1, eps_start=1, game_name='variant_bait_1', gamma=0.999, img_size=64, level_switch='sequential', lr=0.00025, max_mem=50000, max_steps=1000000.0, model_name='DQN', model_weight_path=None, num_episodes=20000, num_trials=1, pretrain=0, random_seed=7, target_update=100, test_mode=0, timeout=2000, trial_num='1')
Game: variant_bait_1
variant_bait_1
Training at seed = 1
Training Starting
-------------------------
Level 0, episode reward at step 1998: 0
Level 0, episode reward at step 3996: -1
Level 0, episode reward at step 5994: 0
Level 0, episode reward at step 7992: -1
Level 0, episode reward at step 9990: -1
Level 0, episode reward at step 11988: -1
Level 0, episode reward at step 13986: 0
Level 0, episode reward at step 15984: -1
Level 0, episode reward at step 17982: -1
Level 0, episode reward at step 19980: 0
Level 0, episode reward at step 21978: 0
Level 0, episode reward at step 23976: -1
Level 0, episode reward at step 25974: 0
Level 0, episode reward at step 27972: -1
Level 0, episode reward at step 29970: -1
Level 0, episode reward at step 31968: 0
Level 0, episode reward at step 33966: 0
Level 0, episode reward at step 35964: 0
Level 0, episode reward at step 37962: 0
Level 0, episode reward at step 39960: -1
Level 0, episode reward at step 41958: -1
Level 0, episode reward at step 43956: 0
Level 0, episode reward at step 45954: 0
Level 0, episode reward at step 47952: 0
Level 0, episode reward at step 49950: 0
Level 0, episode reward at step 51948: 0
Level 0, episode reward at step 53946: 0
Level 0, episode reward at step 55944: 0
Level 0, episode reward at step 57942: 0
Level 0, episode reward at step 59940: 0
Level 0, episode reward at step 61938: 0
Level 0, episode reward at step 63936: 0
Level 0, episode reward at step 65934: 0
Level 0, episode reward at step 67932: -1
Level 0, episode reward at step 69930: 0
Level 0, episode reward at step 71928: 0
Level 0, episode reward at step 73926: 0
Level 0, episode reward at step 75924: 0
Level 0, episode reward at step 77922: 0
Level 0, episode reward at step 79920: 0
Level 0, episode reward at step 81918: 0
Level 0, episode reward at step 83916: 0
Level 0, episode reward at step 85914: 0
Level 0, episode reward at step 87912: 0
Level 0, episode reward at step 89910: 0
Level 0, episode reward at step 91908: 0
Level 0, episode reward at step 93906: -1
Level 0, episode reward at step 95904: 0
Level 0, episode reward at step 97902: 0
Level 0, episode reward at step 99900: 0
New Best Reward: 0
Level 0, episode reward at step 101898: 0
Level 0, episode reward at step 103896: -1
Level 0, episode reward at step 105894: 0
Level 0, episode reward at step 107892: 0
Level 0, episode reward at step 109890: 0
Level 0, episode reward at step 111888: 0
Level 0, episode reward at step 113886: 0
Level 0, episode reward at step 115884: 0
Level 0, episode reward at step 117882: 0
Level 0, episode reward at step 119880: 0
Level 0, episode reward at step 121878: 0
Level 0, episode reward at step 123876: 0
Level 0, episode reward at step 125874: 0
Level 0, episode reward at step 127872: 0
Level 0, episode reward at step 129870: 0
Level 0, episode reward at step 131868: 0
Level 0, episode reward at step 133866: -1
Level 0, episode reward at step 135864: 0
Level 0, episode reward at step 137862: 0
Level 0, episode reward at step 139860: 0
Level 0, episode reward at step 141858: 0
Level 0, episode reward at step 143856: 0
Level 0, episode reward at step 145854: 0
Level 0, episode reward at step 147852: 0
Level 0, episode reward at step 149850: 0
Level 0, episode reward at step 151848: 0
Level 0, episode reward at step 153846: 0
Level 0, episode reward at step 155844: 0
Level 0, episode reward at step 157842: 0
Level 0, episode reward at step 159840: 0
Level 0, episode reward at step 161838: 0
Level 0, episode reward at step 163836: 0
Level 0, episode reward at step 165834: -1
Level 0, episode reward at step 167832: 0
Level 0, episode reward at step 169830: 0
Level 0, episode reward at step 171828: 0
Level 0, episode reward at step 173826: 0
Level 0, episode reward at step 175824: 0
Level 0, episode reward at step 177822: 0
Level 0, episode reward at step 179820: 0
Level 0, episode reward at step 181818: 0
Level 0, episode reward at step 183816: 0
Level 0, episode reward at step 185814: 0
Level 0, episode reward at step 187812: 0
Level 0, episode reward at step 189810: 0
Level 0, episode reward at step 191808: 0
Level 0, episode reward at step 193806: 0
Level 0, episode reward at step 195804: 0
Level 0, episode reward at step 197802: 0
Level 0, episode reward at step 199800: -1
New Best Reward: -1
Level 0, episode reward at step 201798: 0
Level 0, episode reward at step 203796: 0
Level 0, episode reward at step 205794: 0
Level 0, episode reward at step 207792: 0
Level 0, episode reward at step 209790: 0
Level 0, episode reward at step 211788: 0
Level 0, episode reward at step 213786: 0
Level 0, episode reward at step 215784: 0
Level 0, episode reward at step 217782: 0
Level 0, episode reward at step 219780: 0
Level 0, episode reward at step 221778: 0
Level 0, episode reward at step 223776: -1
Level 0, episode reward at step 225774: 0
Level 0, episode reward at step 227772: 0
Level 0, episode reward at step 229770: 0
Level 0, episode reward at step 231768: 0
Level 0, episode reward at step 233766: 0
Level 0, episode reward at step 235764: -1
Level 0, episode reward at step 237762: 0
Level 0, episode reward at step 239760: 0
Level 0, episode reward at step 241758: 0
Level 0, episode reward at step 243756: -1
Level 0, episode reward at step 245754: 0
Level 0, episode reward at step 247752: 0
Level 0, episode reward at step 249750: -1
Level 0, episode reward at step 251748: 0
Level 0, episode reward at step 253746: 0
Level 0, episode reward at step 255744: 0
Level 0, episode reward at step 257742: 0
Level 0, episode reward at step 259740: 0
Level 0, episode reward at step 261738: 0
Level 0, episode reward at step 263736: 0
Level 0, episode reward at step 265734: 0
Level 0, episode reward at step 267732: 0
Level 0, episode reward at step 269730: 0
Level 0, episode reward at step 271728: 0
Level 0, episode reward at step 273726: 0
Level 0, episode reward at step 275724: 0
Level 0, episode reward at step 277722: 0
Level 0, episode reward at step 279720: -1
Level 0, episode reward at step 281718: 0
Level 0, episode reward at step 283716: 0
Level 0, episode reward at step 285714: 0
Level 0, episode reward at step 287712: 0
Level 0, episode reward at step 289710: 0
Level 0, episode reward at step 291708: 0
Level 0, episode reward at step 293706: 0
Level 0, episode reward at step 295704: 0
Level 0, episode reward at step 297702: 0
Level 0, episode reward at step 299700: 0
New Best Reward: 0
Level 0, episode reward at step 301698: 0
Level 0, episode reward at step 303696: 0
Level 0, episode reward at step 305694: 0
Level 0, episode reward at step 307692: 0
Level 0, episode reward at step 309690: 0
Level 0, episode reward at step 311688: 0
Level 0, episode reward at step 313686: 0
Level 0, episode reward at step 315684: 0
Level 0, episode reward at step 317682: 0
Level 0, episode reward at step 319680: 0
Level 0, episode reward at step 321678: 0
Level 0, episode reward at step 323676: 0
Level 0, episode reward at step 325674: 0
Level 0, episode reward at step 327672: 0
Level 0, episode reward at step 329670: 0
Level 0, episode reward at step 331668: 0
Level 0, episode reward at step 333666: 0
Level 0, episode reward at step 335664: 0
Level 0, episode reward at step 337662: 0
Level 0, episode reward at step 339660: 0
Level 0, episode reward at step 341658: 0
Level 0, episode reward at step 343656: 0
Level 0, episode reward at step 345654: 0
Level 0, episode reward at step 347652: 0
Level 0, episode reward at step 349650: 0
Level 0, episode reward at step 351648: 0
Level 0, episode reward at step 353646: 0
Level 0, episode reward at step 355644: 0
Level 0, episode reward at step 357642: 0
Level 0, episode reward at step 359640: 0
Level 0, episode reward at step 361638: -1
Level 0, episode reward at step 363636: 0
Level 0, episode reward at step 365634: 0
Level 0, episode reward at step 367632: 0
Level 0, episode reward at step 369630: 0
Level 0, episode reward at step 371628: 0
Level 0, episode reward at step 373626: 0
Level 0, episode reward at step 375624: 0
Level 0, episode reward at step 377622: 0
Level 0, episode reward at step 379620: 0
Level 0, episode reward at step 381618: 0
Level 0, episode reward at step 383616: 0
Level 0, episode reward at step 385614: 0
Level 0, episode reward at step 387612: 0
Level 0, episode reward at step 389610: 0
Level 0, episode reward at step 391608: 0
Level 0, episode reward at step 393606: 0
Level 0, episode reward at step 395604: 0
Level 0, episode reward at step 397602: 0
Level 0, episode reward at step 399600: 0
New Best Reward: 0
Level 0, episode reward at step 401598: 0
Level 0, episode reward at step 403596: 0
Level 0, episode reward at step 405594: 0
Level 0, episode reward at step 407592: 0
Level 0, episode reward at step 409590: -1
Level 0, episode reward at step 411588: 0
Level 0, episode reward at step 413586: 0
Level 0, episode reward at step 415584: 0
Level 0, episode reward at step 417582: 0
Level 0, episode reward at step 419580: -1
Level 0, episode reward at step 421578: 0
Level 0, episode reward at step 423576: 0
Level 0, episode reward at step 425574: 0
Level 0, episode reward at step 427572: 0
Level 0, episode reward at step 429570: 0
Level 0, episode reward at step 431568: 0
Level 0, episode reward at step 433566: 0
Level 0, episode reward at step 435564: 0
Level 0, episode reward at step 437562: 0
Level 0, episode reward at step 439560: 0
Level 0, episode reward at step 441558: 0
Level 0, episode reward at step 443556: 0
Level 0, episode reward at step 445554: 0
Level 0, episode reward at step 447552: 0
Level 0, episode reward at step 449550: 0
Level 0, episode reward at step 451548: 0
Level 0, episode reward at step 453546: 0
Level 0, episode reward at step 455544: 0
Level 0, episode reward at step 457542: -1
Level 0, episode reward at step 459540: 0
Level 0, episode reward at step 461538: -1
Level 0, episode reward at step 463536: 0
Level 0, episode reward at step 465534: 0
Level 0, episode reward at step 467532: 0
Level 0, episode reward at step 469530: 0
Level 0, episode reward at step 471528: 0
Level 0, episode reward at step 473526: 0
Level 0, episode reward at step 475524: 0
Level 0, episode reward at step 477522: 0
Level 0, episode reward at step 479520: 0
Level 0, episode reward at step 481518: 0
Level 0, episode reward at step 483516: 0
Level 0, episode reward at step 485514: 0
Level 0, episode reward at step 487512: 0
Level 0, episode reward at step 489510: 0
Level 0, episode reward at step 491508: 0
Level 0, episode reward at step 493506: 0
Level 0, episode reward at step 495504: 0
Level 0, episode reward at step 497502: 0
Level 0, episode reward at step 499500: -1
New Best Reward: -1
Level 0, episode reward at step 501498: 0
Level 0, episode reward at step 503496: 0
Level 0, episode reward at step 505494: 0
Level 0, episode reward at step 507492: 0
Level 0, episode reward at step 509490: 0
Level 0, episode reward at step 511488: 0
Level 0, episode reward at step 513486: 0
Level 0, episode reward at step 515484: 0
Level 0, episode reward at step 517482: 0
Level 0, episode reward at step 519480: -1
Level 0, episode reward at step 521478: 0
Level 0, episode reward at step 523476: 0
Level 0, episode reward at step 525474: 0
Level 0, episode reward at step 527472: 0
Level 0, episode reward at step 529470: 0
Level 0, episode reward at step 531468: 0
Level 0, episode reward at step 533466: 0
Level 0, episode reward at step 535464: 0
Level 0, episode reward at step 537462: 0
Level 0, episode reward at step 539460: 0
Level 0, episode reward at step 541458: 0
Level 0, episode reward at step 543456: 0
Level 0, episode reward at step 545454: 0
Level 0, episode reward at step 547452: -1
Level 0, episode reward at step 549450: -1
Level 0, episode reward at step 551448: 0
Level 0, episode reward at step 553446: 0
Level 0, episode reward at step 555444: 0
Level 0, episode reward at step 557442: 0
Level 0, episode reward at step 559440: 0
Level 0, episode reward at step 561438: -1
Level 0, episode reward at step 563436: 0
Level 0, episode reward at step 565434: -1
Level 0, episode reward at step 567432: 0
Level 0, episode reward at step 569430: 0
Level 0, episode reward at step 571428: 0
Level 0, episode reward at step 573426: 0
Level 0, episode reward at step 575424: 0
Level 0, episode reward at step 577422: 0
Level 0, episode reward at step 579420: 0
Level 0, episode reward at step 581418: 0
Level 0, episode reward at step 583416: 0
Level 0, episode reward at step 585414: 0
Level 0, episode reward at step 587412: 0
Level 0, episode reward at step 589410: 0
Level 0, episode reward at step 591408: 0
Level 0, episode reward at step 593406: 0
Level 0, episode reward at step 595404: 0
Level 0, episode reward at step 597402: 0
Level 0, episode reward at step 599400: 0
New Best Reward: 0
Level 0, episode reward at step 601398: 0
Level 0, episode reward at step 603396: 0
Level 0, episode reward at step 605394: -1
Level 0, episode reward at step 607392: 0
Level 0, episode reward at step 609390: 0
Level 0, episode reward at step 611388: 0
slurmstepd: error: Job 59643394 exceeded memory limit (32774724 > 32768000), being killed
slurmstepd: error: Exceeded job memory limit
slurmstepd: error: *** JOB 59643394 ON aagk80gpu09 CANCELLED AT 2018-11-17T14:16:36 ***
