/n/home13/kevinwu/.conda/envs/pt27/lib/python2.7/site-packages/skimage/transform/_warps.py:105: UserWarning: The default mode, 'constant', will be changed to 'reflect' in skimage 0.15.
  warn("The default mode, 'constant', will be changed to 'reflect' in "
/n/home13/kevinwu/.conda/envs/pt27/lib/python2.7/site-packages/skimage/transform/_warps.py:110: UserWarning: Anti-aliasing will be enabled by default in skimage 0.15 to avoid aliasing artifacts when down-sampling images.
  warn("Anti-aliasing will be enabled by default in skimage 0.15 to "
Namespace(batch_size=32, criteria='1/1', cuda=1, doubleq=1, eps_decay=200.0, eps_end=0.1, eps_start=1, game_name='variant_expt_relational_2', gamma=0.999, img_size=64, level_switch='sequential', lr=0.00025, max_mem=50000, max_steps=1000000.0, model_name='DQN', model_weight_path=None, num_episodes=20000, num_trials=1, pretrain=0, random_seed=7, target_update=100, test_mode=0, timeout=2000, trial_num='1')
Game: variant_expt_relational_2
variant_expt_relational_2
Training at seed = 1
Training Starting
-------------------------
Level 0, episode reward at step 182: 1
Next Level!
Level 1, episode reward at step 2180: -1
Level 1, episode reward at step 4178: -1
Level 1, episode reward at step 6176: -1
Level 1, episode reward at step 8174: -1
Level 1, episode reward at step 10172: -1
Level 1, episode reward at step 12170: -1
Level 1, episode reward at step 14168: -1
Level 1, episode reward at step 16166: -1
Level 1, episode reward at step 18164: -1
Level 1, episode reward at step 20162: -1
Level 1, episode reward at step 22160: -1
Level 1, episode reward at step 24158: -1
Level 1, episode reward at step 26156: -1
Level 1, episode reward at step 28154: -1
Level 1, episode reward at step 30152: -1
Level 1, episode reward at step 32150: -1
Level 1, episode reward at step 34148: -1
Level 1, episode reward at step 36146: -1
Level 1, episode reward at step 38144: -1
Level 1, episode reward at step 40142: -1
Level 1, episode reward at step 42140: -1
Level 1, episode reward at step 44138: -1
Level 1, episode reward at step 46136: -1
Level 1, episode reward at step 48134: -1
Level 1, episode reward at step 50132: -1
Level 1, episode reward at step 52130: -1
Level 1, episode reward at step 54128: -1
Level 1, episode reward at step 56126: -1
Level 1, episode reward at step 58124: -1
Level 1, episode reward at step 60122: -1
Level 1, episode reward at step 62120: -1
Level 1, episode reward at step 64118: -1
Level 1, episode reward at step 66116: -1
Level 1, episode reward at step 68114: -1
Level 1, episode reward at step 70112: -1
Level 1, episode reward at step 72110: -1
Level 1, episode reward at step 74108: -1
Level 1, episode reward at step 76106: -1
Level 1, episode reward at step 78104: -1
Level 1, episode reward at step 80102: -1
Level 1, episode reward at step 82100: -1
New Best Reward: -1
Level 1, episode reward at step 84098: -1
Level 1, episode reward at step 86096: -1
Level 1, episode reward at step 88094: -1
Level 1, episode reward at step 90092: -1
Level 1, episode reward at step 92090: -1
Level 1, episode reward at step 94088: -1
Level 1, episode reward at step 96086: -1
Level 1, episode reward at step 98084: -1
Level 1, episode reward at step 100082: -1
Level 1, episode reward at step 102080: -1
Level 1, episode reward at step 104078: -1
Level 1, episode reward at step 106076: -1
Level 1, episode reward at step 108074: -1
Level 1, episode reward at step 110072: -1
Level 1, episode reward at step 112070: -1
Level 1, episode reward at step 114068: -1
Level 1, episode reward at step 116066: -1
Level 1, episode reward at step 118064: -1
Level 1, episode reward at step 120062: -1
Level 1, episode reward at step 122060: -1
Level 1, episode reward at step 124058: -1
Level 1, episode reward at step 126056: -1
Level 1, episode reward at step 128054: -1
Level 1, episode reward at step 130052: -1
Level 1, episode reward at step 132050: -1
Level 1, episode reward at step 134048: -1
Level 1, episode reward at step 136046: -1
Level 1, episode reward at step 138044: -1
Level 1, episode reward at step 140042: -1
Level 1, episode reward at step 142040: -1
Level 1, episode reward at step 144038: -1
Level 1, episode reward at step 146036: -1
Level 1, episode reward at step 148034: -1
Level 1, episode reward at step 150032: -1
Level 1, episode reward at step 152030: -1
Level 1, episode reward at step 154028: -1
Level 1, episode reward at step 156026: -1
Level 1, episode reward at step 158024: -1
Level 1, episode reward at step 160022: -1
Level 1, episode reward at step 162020: -1
Level 1, episode reward at step 164018: -1
Level 1, episode reward at step 166016: -1
Level 1, episode reward at step 168014: -1
Level 1, episode reward at step 170012: -1
Level 1, episode reward at step 172010: -1
Level 1, episode reward at step 174008: -1
Level 1, episode reward at step 176006: -1
Level 1, episode reward at step 178004: -1
Level 1, episode reward at step 180002: -1
Level 1, episode reward at step 182000: -1
New Best Reward: -1
Level 1, episode reward at step 183998: -1
Level 1, episode reward at step 185996: -1
Level 1, episode reward at step 187994: -1
Level 1, episode reward at step 189992: -1
Level 1, episode reward at step 191990: -1
Level 1, episode reward at step 193988: -1
Level 1, episode reward at step 195986: -1
Level 1, episode reward at step 197984: -1
Level 1, episode reward at step 199982: -1
Level 1, episode reward at step 201980: -1
Level 1, episode reward at step 203978: -1
Level 1, episode reward at step 205976: -1
Level 1, episode reward at step 207974: -1
Level 1, episode reward at step 209972: -1
Level 1, episode reward at step 211970: -1
Level 1, episode reward at step 213968: -1
Level 1, episode reward at step 215966: -1
Level 1, episode reward at step 217964: -1
Level 1, episode reward at step 219962: -1
Level 1, episode reward at step 221960: -1
Level 1, episode reward at step 223958: -1
Level 1, episode reward at step 225956: -1
Level 1, episode reward at step 227954: -1
Level 1, episode reward at step 229952: -1
Level 1, episode reward at step 231950: -1
Level 1, episode reward at step 233948: -1
Level 1, episode reward at step 235946: -1
Level 1, episode reward at step 237944: -1
Level 1, episode reward at step 239942: -1
Level 1, episode reward at step 241940: -1
Level 1, episode reward at step 243938: -1
Level 1, episode reward at step 245936: -1
Level 1, episode reward at step 247934: -1
Level 1, episode reward at step 249932: -1
Level 1, episode reward at step 251930: -1
Level 1, episode reward at step 253928: -1
Level 1, episode reward at step 255926: -1
Level 1, episode reward at step 257924: -1
Level 1, episode reward at step 259922: -1
Level 1, episode reward at step 261920: -1
Level 1, episode reward at step 263918: -1
Level 1, episode reward at step 265916: -1
Level 1, episode reward at step 267914: -1
Level 1, episode reward at step 269912: -1
Level 1, episode reward at step 271910: -1
Level 1, episode reward at step 273908: -1
Level 1, episode reward at step 275906: -1
Level 1, episode reward at step 277904: -1
Level 1, episode reward at step 279902: -1
Level 1, episode reward at step 281900: -1
New Best Reward: -1
Level 1, episode reward at step 283898: -1
Level 1, episode reward at step 285896: -1
Level 1, episode reward at step 287894: -1
Level 1, episode reward at step 289892: -1
Level 1, episode reward at step 291890: -1
Level 1, episode reward at step 293888: -1
Level 1, episode reward at step 295886: -1
Level 1, episode reward at step 297884: -1
Level 1, episode reward at step 299882: -1
Level 1, episode reward at step 301880: -1
Level 1, episode reward at step 303878: -1
Level 1, episode reward at step 305876: -1
Level 1, episode reward at step 307874: -1
Level 1, episode reward at step 309872: -1
Level 1, episode reward at step 311870: -1
Level 1, episode reward at step 313868: -1
Level 1, episode reward at step 315866: -1
Level 1, episode reward at step 317864: -1
Level 1, episode reward at step 319862: -1
Level 1, episode reward at step 321860: -1
Level 1, episode reward at step 323858: -1
Level 1, episode reward at step 325856: -1
Level 1, episode reward at step 327854: -1
Level 1, episode reward at step 329852: -1
Level 1, episode reward at step 331850: -1
Level 1, episode reward at step 333848: -1
Level 1, episode reward at step 335846: -1
Level 1, episode reward at step 337844: -1
Level 1, episode reward at step 339842: -1
Level 1, episode reward at step 341840: -1
Level 1, episode reward at step 343838: -1
Level 1, episode reward at step 345836: -1
Level 1, episode reward at step 347834: -1
Level 1, episode reward at step 349832: -1
Level 1, episode reward at step 351830: -1
Level 1, episode reward at step 353828: -1
Level 1, episode reward at step 355826: -1
Level 1, episode reward at step 357824: -1
Level 1, episode reward at step 359822: -1
Level 1, episode reward at step 361820: -1
Level 1, episode reward at step 363818: -1
Level 1, episode reward at step 365816: -1
Level 1, episode reward at step 367814: -1
Level 1, episode reward at step 369812: -1
Level 1, episode reward at step 371810: -1
Level 1, episode reward at step 373808: -1
Level 1, episode reward at step 375806: -1
Level 1, episode reward at step 377804: -1
Level 1, episode reward at step 379802: -1
Level 1, episode reward at step 381800: -1
New Best Reward: -1
Level 1, episode reward at step 383798: -1
Level 1, episode reward at step 385796: -1
Level 1, episode reward at step 387794: -1
Level 1, episode reward at step 389792: -1
Level 1, episode reward at step 391790: -1
Level 1, episode reward at step 393788: -1
Level 1, episode reward at step 395786: -1
Level 1, episode reward at step 397784: -1
Level 1, episode reward at step 399782: -1
Level 1, episode reward at step 401780: -1
Level 1, episode reward at step 403778: -1
Level 1, episode reward at step 405776: -1
Level 1, episode reward at step 407774: -1
Level 1, episode reward at step 409772: -1
Level 1, episode reward at step 411770: -1
Level 1, episode reward at step 413768: -1
Level 1, episode reward at step 415766: -1
Level 1, episode reward at step 417764: -1
Level 1, episode reward at step 419762: -1
Level 1, episode reward at step 421760: -1
Level 1, episode reward at step 423758: -1
Level 1, episode reward at step 425756: -1
Level 1, episode reward at step 427754: -1
Level 1, episode reward at step 429752: -1
Level 1, episode reward at step 431750: -1
Level 1, episode reward at step 433748: -1
Level 1, episode reward at step 435746: -1
Level 1, episode reward at step 437744: -1
Level 1, episode reward at step 439742: -1
Level 1, episode reward at step 441740: -1
Level 1, episode reward at step 443738: -1
Level 1, episode reward at step 445736: -1
Level 1, episode reward at step 447734: -1
Level 1, episode reward at step 449732: -1
Level 1, episode reward at step 451730: -1
Level 1, episode reward at step 453728: -1
Level 1, episode reward at step 455726: -1
Level 1, episode reward at step 457724: -1
Level 1, episode reward at step 459722: -1
Level 1, episode reward at step 461720: -1
Level 1, episode reward at step 463718: -1
Level 1, episode reward at step 465716: -1
Level 1, episode reward at step 467714: -1
Level 1, episode reward at step 469712: -1
Level 1, episode reward at step 471710: -1
Level 1, episode reward at step 473708: -1
Level 1, episode reward at step 475706: -1
Level 1, episode reward at step 477704: -1
Level 1, episode reward at step 479702: -1
Level 1, episode reward at step 481700: -1
New Best Reward: -1
Level 1, episode reward at step 483698: -1
Level 1, episode reward at step 485696: -1
Level 1, episode reward at step 487694: -1
Level 1, episode reward at step 489692: -1
Level 1, episode reward at step 491690: -1
Level 1, episode reward at step 493688: -1
Level 1, episode reward at step 495686: -1
Level 1, episode reward at step 497684: -1
Level 1, episode reward at step 499682: -1
Level 1, episode reward at step 501680: -1
Level 1, episode reward at step 503678: -1
Level 1, episode reward at step 505676: -1
Level 1, episode reward at step 507674: -1
Level 1, episode reward at step 509672: -1
Level 1, episode reward at step 511670: -1
Level 1, episode reward at step 513668: -1
Level 1, episode reward at step 515666: -1
Level 1, episode reward at step 517664: -1
Level 1, episode reward at step 519662: -1
Level 1, episode reward at step 521660: -1
Level 1, episode reward at step 523658: -1
Level 1, episode reward at step 525656: -1
Level 1, episode reward at step 527654: -1
Level 1, episode reward at step 529652: -1
Level 1, episode reward at step 531650: -1
Level 1, episode reward at step 533648: -1
Level 1, episode reward at step 535646: -1
Level 1, episode reward at step 537644: -1
Level 1, episode reward at step 539642: -1
Level 1, episode reward at step 541640: -1
Level 1, episode reward at step 543638: -1
Level 1, episode reward at step 545636: -1
Level 1, episode reward at step 547634: -1
Level 1, episode reward at step 549632: -1
Level 1, episode reward at step 551630: -1
Level 1, episode reward at step 553628: -1
Level 1, episode reward at step 555626: -1
Level 1, episode reward at step 557624: -1
Level 1, episode reward at step 559622: -1
Level 1, episode reward at step 561620: -1
Level 1, episode reward at step 563618: -1
Level 1, episode reward at step 565616: -1
Level 1, episode reward at step 567614: -1
Level 1, episode reward at step 569612: -1
Level 1, episode reward at step 571610: -1
Level 1, episode reward at step 573608: -1
Level 1, episode reward at step 575606: -1
Level 1, episode reward at step 577604: -1
Level 1, episode reward at step 579602: -1
Level 1, episode reward at step 581600: -1
New Best Reward: -1
Level 1, episode reward at step 583598: -1
Level 1, episode reward at step 585596: -1
Level 1, episode reward at step 587594: -1
Level 1, episode reward at step 589592: -1
Level 1, episode reward at step 591590: -1
Level 1, episode reward at step 593588: -1
Level 1, episode reward at step 595586: -1
Level 1, episode reward at step 597584: -1
Level 1, episode reward at step 599582: -1
Level 1, episode reward at step 601580: -1
Level 1, episode reward at step 603578: -1
Level 1, episode reward at step 605576: -1
Level 1, episode reward at step 607574: -1
Level 1, episode reward at step 609572: -1
Level 1, episode reward at step 611570: -1
Level 1, episode reward at step 613568: -1
Level 1, episode reward at step 615566: -1
Level 1, episode reward at step 617564: -1
Level 1, episode reward at step 619562: -1
Level 1, episode reward at step 621560: -1
Level 1, episode reward at step 623558: -1
Level 1, episode reward at step 625556: -1
Level 1, episode reward at step 627554: -1
Level 1, episode reward at step 629552: -1
Level 1, episode reward at step 631550: -1
Level 1, episode reward at step 633548: -1
Level 1, episode reward at step 635546: -1
Level 1, episode reward at step 637544: -1
Level 1, episode reward at step 639542: -1
Level 1, episode reward at step 641540: -1
Level 1, episode reward at step 643538: -1
Level 1, episode reward at step 645536: -1
Level 1, episode reward at step 647534: -1
Level 1, episode reward at step 649532: -1
Level 1, episode reward at step 651530: -1
Level 1, episode reward at step 653528: -1
Level 1, episode reward at step 655526: -1
Level 1, episode reward at step 657524: -1
Level 1, episode reward at step 659522: -1
Level 1, episode reward at step 661520: -1
Level 1, episode reward at step 663052: 1
Next Level!
Level 2, episode reward at step 665050: -1
Level 2, episode reward at step 665572: 1
Next Level!
Level 3, episode reward at step 667570: -1
Level 3, episode reward at step 669568: -1
Level 3, episode reward at step 671566: -1
Level 3, episode reward at step 673564: -1
Level 3, episode reward at step 675562: -1
Level 3, episode reward at step 677560: -1
Level 3, episode reward at step 679558: -1
Level 3, episode reward at step 681556: -1
Level 3, episode reward at step 683554: -1
Level 3, episode reward at step 685552: -1
Level 3, episode reward at step 687550: -1
Level 3, episode reward at step 689548: -1
Level 3, episode reward at step 691546: -1
Level 3, episode reward at step 693544: -1
Level 3, episode reward at step 695542: -1
Level 3, episode reward at step 697540: -1
Level 3, episode reward at step 699538: -1
Level 3, episode reward at step 701536: -1
Level 3, episode reward at step 703534: -1
Level 3, episode reward at step 705532: -1
Level 3, episode reward at step 707530: -1
Level 3, episode reward at step 709528: -1
Level 3, episode reward at step 711526: -1
Level 3, episode reward at step 713524: -1
Level 3, episode reward at step 715522: -1
Level 3, episode reward at step 717520: -1
Level 3, episode reward at step 719518: -1
Level 3, episode reward at step 721516: -1
Level 3, episode reward at step 723514: -1
Level 3, episode reward at step 725512: -1
Level 3, episode reward at step 727510: -1
Level 3, episode reward at step 729508: -1
Level 3, episode reward at step 731506: -1
Level 3, episode reward at step 733504: -1
Level 3, episode reward at step 735502: -1
Level 3, episode reward at step 737500: -1
New Best Reward: -1
Level 3, episode reward at step 739498: -1
Level 3, episode reward at step 741496: -1
Level 3, episode reward at step 743494: -1
Level 3, episode reward at step 745492: -1
Level 3, episode reward at step 747490: -1
Level 3, episode reward at step 749488: -1
Level 3, episode reward at step 751486: -1
Level 3, episode reward at step 753484: -1
Level 3, episode reward at step 755482: -1
Level 3, episode reward at step 757480: -1
Level 3, episode reward at step 759478: -1
Level 3, episode reward at step 761476: -1
Level 3, episode reward at step 763474: -1
Level 3, episode reward at step 765472: -1
Level 3, episode reward at step 767470: -1
Level 3, episode reward at step 769468: -1
Level 3, episode reward at step 771466: -1
Level 3, episode reward at step 773464: -1
Level 3, episode reward at step 775462: -1
Level 3, episode reward at step 777460: -1
Level 3, episode reward at step 779458: -1
Level 3, episode reward at step 781456: -1
Level 3, episode reward at step 783454: -1
Level 3, episode reward at step 785452: -1
Level 3, episode reward at step 787450: -1
Level 3, episode reward at step 789448: -1
Level 3, episode reward at step 791446: -1
Level 3, episode reward at step 793444: -1
Level 3, episode reward at step 795442: -1
Level 3, episode reward at step 797440: -1
Level 3, episode reward at step 799438: -1
Level 3, episode reward at step 801436: -1
Level 3, episode reward at step 803434: -1
Level 3, episode reward at step 805432: -1
Level 3, episode reward at step 807430: -1
Level 3, episode reward at step 809428: -1
Level 3, episode reward at step 811426: -1
Level 3, episode reward at step 813424: -1
Level 3, episode reward at step 815422: -1
Level 3, episode reward at step 817420: -1
Level 3, episode reward at step 819418: -1
Level 3, episode reward at step 821416: -1
Level 3, episode reward at step 823414: -1
Level 3, episode reward at step 825412: -1
Level 3, episode reward at step 827410: -1
Level 3, episode reward at step 829408: -1
Level 3, episode reward at step 831406: -1
Level 3, episode reward at step 833404: -1
Level 3, episode reward at step 835402: -1
Level 3, episode reward at step 837400: -1
New Best Reward: -1
Level 3, episode reward at step 839398: -1
Level 3, episode reward at step 841396: -1
Level 3, episode reward at step 843394: -1
Level 3, episode reward at step 845392: -1
Level 3, episode reward at step 847390: -1
Level 3, episode reward at step 849388: -1
Level 3, episode reward at step 851386: -1
Level 3, episode reward at step 853384: -1
Level 3, episode reward at step 855382: -1
Level 3, episode reward at step 857380: -1
Level 3, episode reward at step 859378: -1
Level 3, episode reward at step 861376: -1
Level 3, episode reward at step 863374: -1
Level 3, episode reward at step 865372: -1
Level 3, episode reward at step 867370: -1
Level 3, episode reward at step 869368: -1
Level 3, episode reward at step 871366: -1
Level 3, episode reward at step 873364: -1
Level 3, episode reward at step 875362: -1
Level 3, episode reward at step 877360: -1
Level 3, episode reward at step 879358: -1
Level 3, episode reward at step 881356: -1
Level 3, episode reward at step 883354: -1
Level 3, episode reward at step 885352: -1
Level 3, episode reward at step 887350: -1
Level 3, episode reward at step 889348: -1
Level 3, episode reward at step 891346: -1
Level 3, episode reward at step 893344: -1
Level 3, episode reward at step 895342: -1
Level 3, episode reward at step 897340: -1
Level 3, episode reward at step 899338: -1
Level 3, episode reward at step 901336: -1
Level 3, episode reward at step 903334: -1
Level 3, episode reward at step 905332: -1
Level 3, episode reward at step 907330: -1
Level 3, episode reward at step 909328: -1
Level 3, episode reward at step 911326: -1
Level 3, episode reward at step 913324: -1
Level 3, episode reward at step 915322: -1
Level 3, episode reward at step 917320: -1
Level 3, episode reward at step 919318: -1
Level 3, episode reward at step 921316: -1
Level 3, episode reward at step 923314: -1
Level 3, episode reward at step 925312: -1
Level 3, episode reward at step 927310: -1
Level 3, episode reward at step 929308: -1
Level 3, episode reward at step 931306: -1
Level 3, episode reward at step 933304: -1
Level 3, episode reward at step 935302: -1
Level 3, episode reward at step 937300: -1
New Best Reward: -1
Level 3, episode reward at step 939298: -1
Level 3, episode reward at step 941296: -1
Level 3, episode reward at step 943294: -1
Level 3, episode reward at step 945292: -1
Level 3, episode reward at step 947290: -1
Level 3, episode reward at step 949288: -1
Level 3, episode reward at step 951286: -1
Level 3, episode reward at step 953284: -1
Level 3, episode reward at step 955282: -1
Level 3, episode reward at step 957280: -1
Level 3, episode reward at step 959278: -1
Level 3, episode reward at step 961276: -1
Level 3, episode reward at step 963274: -1
Level 3, episode reward at step 965272: -1
Level 3, episode reward at step 967270: -1
Level 3, episode reward at step 969268: -1
Level 3, episode reward at step 971266: -1
Level 3, episode reward at step 973264: -1
Level 3, episode reward at step 975262: -1
Level 3, episode reward at step 977260: -1
Level 3, episode reward at step 979258: -1
Level 3, episode reward at step 981256: -1
Level 3, episode reward at step 983254: -1
Level 3, episode reward at step 985252: -1
Level 3, episode reward at step 987250: -1
Level 3, episode reward at step 989248: -1
Level 3, episode reward at step 991246: -1
Level 3, episode reward at step 993244: -1
Level 3, episode reward at step 995242: -1
Level 3, episode reward at step 997240: -1
Level 3, episode reward at step 999238: -1
Done training ALL!
