/n/home13/kevinwu/.conda/envs/pt27/lib/python2.7/site-packages/skimage/transform/_warps.py:105: UserWarning: The default mode, 'constant', will be changed to 'reflect' in skimage 0.15.
  warn("The default mode, 'constant', will be changed to 'reflect' in "
/n/home13/kevinwu/.conda/envs/pt27/lib/python2.7/site-packages/skimage/transform/_warps.py:110: UserWarning: Anti-aliasing will be enabled by default in skimage 0.15 to avoid aliasing artifacts when down-sampling images.
  warn("Anti-aliasing will be enabled by default in skimage 0.15 to "
Namespace(batch_size=32, criteria='1/1', cuda=1, doubleq=1, eps_decay=200.0, eps_end=0.1, eps_start=1, game_name='variant_expt_helper_2', gamma=0.999, img_size=64, level_switch='sequential', lr=0.00025, max_mem=50000, max_steps=1000000.0, model_name='DQN', model_weight_path=None, num_episodes=20000, num_trials=1, pretrain=0, random_seed=7, target_update=100, test_mode=0, timeout=2000, trial_num='1')
Game: variant_expt_helper_2
variant_expt_helper_2
Training at seed = 1
Training Starting
-------------------------
Level 0, episode reward at step 105: 1
Next Level!
Level 1, episode reward at step 2103: -1
Level 1, episode reward at step 4101: -1
Level 1, episode reward at step 6099: -1
Level 1, episode reward at step 8097: -1
Level 1, episode reward at step 10095: -1
Level 1, episode reward at step 12093: -1
Level 1, episode reward at step 14091: -1
Level 1, episode reward at step 16089: -1
Level 1, episode reward at step 18087: -1
Level 1, episode reward at step 20085: -1
Level 1, episode reward at step 22083: -1
Level 1, episode reward at step 24081: -1
Level 1, episode reward at step 26079: -1
Level 1, episode reward at step 28077: -1
Level 1, episode reward at step 30075: -1
Level 1, episode reward at step 32073: -1
Level 1, episode reward at step 34071: -1
Level 1, episode reward at step 36069: -1
Level 1, episode reward at step 38067: -1
Level 1, episode reward at step 40065: -1
Level 1, episode reward at step 42063: -1
Level 1, episode reward at step 44061: -1
Level 1, episode reward at step 46059: -1
Level 1, episode reward at step 48057: -1
Level 1, episode reward at step 50055: -1
Level 1, episode reward at step 52053: -1
Level 1, episode reward at step 54051: -1
Level 1, episode reward at step 56049: -1
Level 1, episode reward at step 58047: -1
Level 1, episode reward at step 60045: -1
Level 1, episode reward at step 62043: -1
Level 1, episode reward at step 64041: -1
Level 1, episode reward at step 66039: -1
Level 1, episode reward at step 68037: -1
Level 1, episode reward at step 70035: -1
Level 1, episode reward at step 72033: -1
Level 1, episode reward at step 74031: -1
Level 1, episode reward at step 76029: -1
Level 1, episode reward at step 78027: -1
Level 1, episode reward at step 80025: -1
Level 1, episode reward at step 82023: -1
Level 1, episode reward at step 84021: -1
Level 1, episode reward at step 86019: -1
Level 1, episode reward at step 88017: -1
Level 1, episode reward at step 90015: -1
Level 1, episode reward at step 92013: -1
Level 1, episode reward at step 94011: -1
Level 1, episode reward at step 96009: -1
Level 1, episode reward at step 98007: -1
Level 1, episode reward at step 100005: -1
Level 1, episode reward at step 102003: -1
Level 1, episode reward at step 104001: -1
Level 1, episode reward at step 105999: -1
Level 1, episode reward at step 107997: -1
Level 1, episode reward at step 109995: -1
Level 1, episode reward at step 111993: -1
Level 1, episode reward at step 113991: -1
Level 1, episode reward at step 115989: -1
Level 1, episode reward at step 117987: -1
Level 1, episode reward at step 119985: -1
Level 1, episode reward at step 121983: -1
Level 1, episode reward at step 123981: -1
Level 1, episode reward at step 125979: -1
Level 1, episode reward at step 127977: -1
Level 1, episode reward at step 129975: -1
Level 1, episode reward at step 131973: -1
Level 1, episode reward at step 133971: -1
Level 1, episode reward at step 135969: -1
Level 1, episode reward at step 137967: -1
Level 1, episode reward at step 139965: -1
Level 1, episode reward at step 141963: -1
Level 1, episode reward at step 143961: -1
Level 1, episode reward at step 145959: -1
Level 1, episode reward at step 147957: -1
Level 1, episode reward at step 149955: -1
Level 1, episode reward at step 151953: -1
Level 1, episode reward at step 153951: -1
Level 1, episode reward at step 155949: -1
Level 1, episode reward at step 157947: -1
Level 1, episode reward at step 159945: -1
Level 1, episode reward at step 161943: -1
Level 1, episode reward at step 163941: -1
Level 1, episode reward at step 165939: -1
Level 1, episode reward at step 167937: -1
Level 1, episode reward at step 169935: -1
Level 1, episode reward at step 171933: -1
Level 1, episode reward at step 173931: -1
Level 1, episode reward at step 175929: -1
Level 1, episode reward at step 177927: -1
Level 1, episode reward at step 179925: -1
Level 1, episode reward at step 181923: -1
Level 1, episode reward at step 183921: -1
Level 1, episode reward at step 185919: -1
Level 1, episode reward at step 187917: -1
Level 1, episode reward at step 189915: -1
Level 1, episode reward at step 191913: -1
Level 1, episode reward at step 193911: -1
Level 1, episode reward at step 195909: -1
Level 1, episode reward at step 197907: -1
Level 1, episode reward at step 199905: -1
Level 1, episode reward at step 201903: -1
Level 1, episode reward at step 203901: -1
Level 1, episode reward at step 205899: -1
Level 1, episode reward at step 207897: -1
Level 1, episode reward at step 209895: -1
Level 1, episode reward at step 211893: -1
Level 1, episode reward at step 213891: -1
Level 1, episode reward at step 215889: -1
Level 1, episode reward at step 217887: -1
Level 1, episode reward at step 219885: -1
Level 1, episode reward at step 221883: -1
Level 1, episode reward at step 223881: -1
Level 1, episode reward at step 225879: -1
Level 1, episode reward at step 227877: -1
Level 1, episode reward at step 229875: -1
Level 1, episode reward at step 231873: -1
Level 1, episode reward at step 233871: -1
Level 1, episode reward at step 235869: -1
Level 1, episode reward at step 237867: -1
Level 1, episode reward at step 239865: -1
Level 1, episode reward at step 241863: -1
Level 1, episode reward at step 243861: -1
Level 1, episode reward at step 245859: -1
Level 1, episode reward at step 247857: -1
Level 1, episode reward at step 249855: -1
Level 1, episode reward at step 251853: -1
Level 1, episode reward at step 253851: -1
Level 1, episode reward at step 255849: -1
Level 1, episode reward at step 257847: -1
Level 1, episode reward at step 259845: -1
Level 1, episode reward at step 261843: -1
Level 1, episode reward at step 263841: -1
Level 1, episode reward at step 265839: -1
Level 1, episode reward at step 267837: -1
Level 1, episode reward at step 269835: -1
Level 1, episode reward at step 271833: -1
Level 1, episode reward at step 273831: -1
Level 1, episode reward at step 275829: -1
Level 1, episode reward at step 277827: -1
Level 1, episode reward at step 279825: -1
Level 1, episode reward at step 281823: -1
Level 1, episode reward at step 283821: -1
Level 1, episode reward at step 285819: -1
Level 1, episode reward at step 287817: -1
Level 1, episode reward at step 289815: -1
Level 1, episode reward at step 291813: -1
Level 1, episode reward at step 293811: -1
Level 1, episode reward at step 295809: -1
Level 1, episode reward at step 297807: -1
Level 1, episode reward at step 299805: -1
Level 1, episode reward at step 301803: -1
Level 1, episode reward at step 303801: -1
Level 1, episode reward at step 305799: -1
Level 1, episode reward at step 307797: -1
Level 1, episode reward at step 309795: -1
Level 1, episode reward at step 311793: -1
Level 1, episode reward at step 313791: -1
Level 1, episode reward at step 315789: -1
Level 1, episode reward at step 317787: -1
Level 1, episode reward at step 319785: -1
Level 1, episode reward at step 321783: -1
Level 1, episode reward at step 323781: -1
Level 1, episode reward at step 325779: -1
Level 1, episode reward at step 327777: -1
Level 1, episode reward at step 329775: -1
Level 1, episode reward at step 331773: -1
Level 1, episode reward at step 333771: -1
Level 1, episode reward at step 335769: -1
Level 1, episode reward at step 337767: -1
Level 1, episode reward at step 339765: -1
Level 1, episode reward at step 341763: -1
Level 1, episode reward at step 343761: -1
Level 1, episode reward at step 345759: -1
Level 1, episode reward at step 347757: -1
Level 1, episode reward at step 349755: -1
Level 1, episode reward at step 351753: -1
Level 1, episode reward at step 353751: -1
Level 1, episode reward at step 355749: -1
Level 1, episode reward at step 357747: -1
Level 1, episode reward at step 359745: -1
Level 1, episode reward at step 361743: -1
Level 1, episode reward at step 363741: -1
Level 1, episode reward at step 365739: -1
Level 1, episode reward at step 367737: -1
Level 1, episode reward at step 369735: -1
Level 1, episode reward at step 371733: -1
Level 1, episode reward at step 373731: -1
Level 1, episode reward at step 375729: -1
Level 1, episode reward at step 377727: -1
Level 1, episode reward at step 379725: -1
Level 1, episode reward at step 381723: -1
Level 1, episode reward at step 383721: -1
Level 1, episode reward at step 385719: -1
Level 1, episode reward at step 387717: -1
Level 1, episode reward at step 389715: -1
Level 1, episode reward at step 391713: -1
Level 1, episode reward at step 393711: -1
Level 1, episode reward at step 395709: -1
Level 1, episode reward at step 397707: -1
Level 1, episode reward at step 399705: -1
Level 1, episode reward at step 401703: -1
Level 1, episode reward at step 403701: -1
Level 1, episode reward at step 405699: -1
Level 1, episode reward at step 407697: -1
Level 1, episode reward at step 409695: -1
Level 1, episode reward at step 411693: -1
Level 1, episode reward at step 413691: -1
Level 1, episode reward at step 415689: -1
Level 1, episode reward at step 417687: -1
Level 1, episode reward at step 419685: -1
Level 1, episode reward at step 421683: -1
Level 1, episode reward at step 423681: -1
Level 1, episode reward at step 425679: -1
Level 1, episode reward at step 427677: -1
Level 1, episode reward at step 429675: -1
Level 1, episode reward at step 431673: -1
Level 1, episode reward at step 433671: -1
Level 1, episode reward at step 435669: -1
Level 1, episode reward at step 437667: -1
Level 1, episode reward at step 439665: -1
Level 1, episode reward at step 441663: -1
Level 1, episode reward at step 443661: -1
Level 1, episode reward at step 445659: -1
Level 1, episode reward at step 447657: -1
Level 1, episode reward at step 449655: -1
Level 1, episode reward at step 451653: -1
Level 1, episode reward at step 453651: -1
Level 1, episode reward at step 455649: -1
Level 1, episode reward at step 457647: -1
Level 1, episode reward at step 459645: -1
Level 1, episode reward at step 461643: -1
Level 1, episode reward at step 463641: -1
Level 1, episode reward at step 465639: -1
Level 1, episode reward at step 467637: -1
Level 1, episode reward at step 469635: -1
Level 1, episode reward at step 471633: -1
Level 1, episode reward at step 473631: -1
Level 1, episode reward at step 475629: -1
Level 1, episode reward at step 477627: -1
Level 1, episode reward at step 479625: -1
Level 1, episode reward at step 481623: -1
Level 1, episode reward at step 483621: -1
Level 1, episode reward at step 485619: -1
Level 1, episode reward at step 487617: -1
Level 1, episode reward at step 489615: -1
Level 1, episode reward at step 491613: -1
Level 1, episode reward at step 493611: -1
Level 1, episode reward at step 495609: -1
Level 1, episode reward at step 497607: -1
Level 1, episode reward at step 499605: -1
Level 1, episode reward at step 501603: -1
Level 1, episode reward at step 503601: -1
Level 1, episode reward at step 505599: -1
Level 1, episode reward at step 507597: -1
Level 1, episode reward at step 509595: -1
Level 1, episode reward at step 511593: -1
Level 1, episode reward at step 513591: -1
Level 1, episode reward at step 515589: -1
Level 1, episode reward at step 517587: -1
Level 1, episode reward at step 519585: -1
Level 1, episode reward at step 521583: -1
Level 1, episode reward at step 523581: -1
Level 1, episode reward at step 525579: -1
Level 1, episode reward at step 527577: -1
Level 1, episode reward at step 529575: -1
Level 1, episode reward at step 531573: -1
Level 1, episode reward at step 533571: -1
Level 1, episode reward at step 535569: -1
Level 1, episode reward at step 537567: -1
Level 1, episode reward at step 539565: -1
Level 1, episode reward at step 541563: -1
Level 1, episode reward at step 543561: -1
Level 1, episode reward at step 545559: -1
Level 1, episode reward at step 547557: -1
Level 1, episode reward at step 549555: -1
Level 1, episode reward at step 551553: -1
Level 1, episode reward at step 553551: -1
Level 1, episode reward at step 555549: -1
Level 1, episode reward at step 557547: -1
Level 1, episode reward at step 559545: -1
Level 1, episode reward at step 561543: -1
Level 1, episode reward at step 563541: -1
Level 1, episode reward at step 565539: -1
Level 1, episode reward at step 567537: -1
Level 1, episode reward at step 569535: -1
Level 1, episode reward at step 571533: -1
Level 1, episode reward at step 573531: -1
Level 1, episode reward at step 575529: -1
Level 1, episode reward at step 577527: -1
Level 1, episode reward at step 579525: -1
Level 1, episode reward at step 581523: -1
Level 1, episode reward at step 583521: -1
Level 1, episode reward at step 585519: -1
Level 1, episode reward at step 587517: -1
Level 1, episode reward at step 589515: -1
Level 1, episode reward at step 591513: -1
Level 1, episode reward at step 593511: -1
Level 1, episode reward at step 595509: -1
Level 1, episode reward at step 597507: -1
Level 1, episode reward at step 599505: -1
Level 1, episode reward at step 601503: -1
Level 1, episode reward at step 603501: -1
Level 1, episode reward at step 605499: -1
Level 1, episode reward at step 607497: -1
Level 1, episode reward at step 609495: -1
Level 1, episode reward at step 611493: -1
Level 1, episode reward at step 613491: -1
Level 1, episode reward at step 615489: -1
Level 1, episode reward at step 617487: -1
Level 1, episode reward at step 619485: -1
Level 1, episode reward at step 621483: -1
Level 1, episode reward at step 623481: -1
Level 1, episode reward at step 625479: -1
Level 1, episode reward at step 627477: -1
Level 1, episode reward at step 629475: -1
Level 1, episode reward at step 631473: -1
Level 1, episode reward at step 633471: -1
Level 1, episode reward at step 635469: -1
Level 1, episode reward at step 637467: -1
Level 1, episode reward at step 639465: -1
Level 1, episode reward at step 641463: -1
Level 1, episode reward at step 643461: -1
Level 1, episode reward at step 645459: -1
Level 1, episode reward at step 647457: -1
Level 1, episode reward at step 649455: -1
Level 1, episode reward at step 651453: -1
Level 1, episode reward at step 653451: -1
Level 1, episode reward at step 655449: -1
Level 1, episode reward at step 657447: -1
Level 1, episode reward at step 659445: -1
Level 1, episode reward at step 661443: -1
Level 1, episode reward at step 663441: -1
Level 1, episode reward at step 665439: -1
Level 1, episode reward at step 667437: -1
Level 1, episode reward at step 669435: -1
Level 1, episode reward at step 671433: -1
Level 1, episode reward at step 673431: -1
Level 1, episode reward at step 675429: -1
Level 1, episode reward at step 677427: -1
Level 1, episode reward at step 679425: -1
Level 1, episode reward at step 681423: -1
Level 1, episode reward at step 683421: -1
Level 1, episode reward at step 685419: -1
Level 1, episode reward at step 687417: -1
Level 1, episode reward at step 689415: -1
Level 1, episode reward at step 691413: -1
Level 1, episode reward at step 693411: -1
Level 1, episode reward at step 695409: -1
Level 1, episode reward at step 697407: -1
Level 1, episode reward at step 699405: -1
Level 1, episode reward at step 701403: -1
Level 1, episode reward at step 703401: -1
Level 1, episode reward at step 705399: -1
Level 1, episode reward at step 707397: -1
Level 1, episode reward at step 709395: -1
Level 1, episode reward at step 711393: -1
Level 1, episode reward at step 713391: -1
Level 1, episode reward at step 715389: -1
Level 1, episode reward at step 717387: -1
Level 1, episode reward at step 719385: -1
Level 1, episode reward at step 721383: -1
Level 1, episode reward at step 723381: -1
Level 1, episode reward at step 725379: -1
Level 1, episode reward at step 727377: -1
Level 1, episode reward at step 729375: -1
Level 1, episode reward at step 731373: -1
Level 1, episode reward at step 733371: -1
Level 1, episode reward at step 735369: -1
Level 1, episode reward at step 737367: -1
Level 1, episode reward at step 739365: -1
Level 1, episode reward at step 741363: -1
Level 1, episode reward at step 743361: -1
Level 1, episode reward at step 745359: -1
Level 1, episode reward at step 747357: -1
Level 1, episode reward at step 749355: -1
Level 1, episode reward at step 751353: -1
Level 1, episode reward at step 753351: -1
Level 1, episode reward at step 755349: -1
Level 1, episode reward at step 757347: -1
Level 1, episode reward at step 759345: -1
Level 1, episode reward at step 761343: -1
Level 1, episode reward at step 763341: -1
Level 1, episode reward at step 765339: -1
Level 1, episode reward at step 767337: -1
Level 1, episode reward at step 769335: -1
Level 1, episode reward at step 771333: -1
Level 1, episode reward at step 773331: -1
Level 1, episode reward at step 775329: -1
Level 1, episode reward at step 777327: -1
Level 1, episode reward at step 779325: -1
Level 1, episode reward at step 781323: -1
Level 1, episode reward at step 783321: -1
Level 1, episode reward at step 785319: -1
Level 1, episode reward at step 787317: -1
Level 1, episode reward at step 789315: -1
Level 1, episode reward at step 791313: -1
Level 1, episode reward at step 793311: -1
Level 1, episode reward at step 795309: -1
Level 1, episode reward at step 797307: -1
Level 1, episode reward at step 799305: -1
Level 1, episode reward at step 801303: -1
Level 1, episode reward at step 803301: -1
Level 1, episode reward at step 805299: -1
Level 1, episode reward at step 807297: -1
Level 1, episode reward at step 809295: -1
Level 1, episode reward at step 811293: -1
Level 1, episode reward at step 813291: -1
Level 1, episode reward at step 815289: -1
Level 1, episode reward at step 817287: -1
Level 1, episode reward at step 819285: -1
Level 1, episode reward at step 821283: -1
Level 1, episode reward at step 823281: -1
Level 1, episode reward at step 825279: -1
Level 1, episode reward at step 827277: -1
Level 1, episode reward at step 829275: -1
Level 1, episode reward at step 831273: -1
Level 1, episode reward at step 833271: -1
Level 1, episode reward at step 835269: -1
Level 1, episode reward at step 837267: -1
Level 1, episode reward at step 839265: -1
Level 1, episode reward at step 841263: -1
Level 1, episode reward at step 843261: -1
Level 1, episode reward at step 845259: -1
Level 1, episode reward at step 847257: -1
Level 1, episode reward at step 849255: -1
Level 1, episode reward at step 851253: -1
Level 1, episode reward at step 853251: -1
Level 1, episode reward at step 855249: -1
Level 1, episode reward at step 857247: -1
Level 1, episode reward at step 859245: -1
Level 1, episode reward at step 861243: -1
Level 1, episode reward at step 863241: -1
Level 1, episode reward at step 865239: -1
Level 1, episode reward at step 867237: -1
Level 1, episode reward at step 869235: -1
Level 1, episode reward at step 871233: -1
Level 1, episode reward at step 873231: -1
Level 1, episode reward at step 875229: -1
Level 1, episode reward at step 877227: -1
Level 1, episode reward at step 879225: -1
Level 1, episode reward at step 881223: -1
Level 1, episode reward at step 883221: -1
Level 1, episode reward at step 885219: -1
Level 1, episode reward at step 887217: -1
Level 1, episode reward at step 889215: -1
Level 1, episode reward at step 891213: -1
Level 1, episode reward at step 893211: -1
Level 1, episode reward at step 895209: -1
Level 1, episode reward at step 897207: -1
Level 1, episode reward at step 899205: -1
Level 1, episode reward at step 901203: -1
Level 1, episode reward at step 903201: -1
Level 1, episode reward at step 905199: -1
Level 1, episode reward at step 907197: -1
Level 1, episode reward at step 909195: -1
Level 1, episode reward at step 911193: -1
Level 1, episode reward at step 913191: -1
Level 1, episode reward at step 915189: -1
Level 1, episode reward at step 917187: -1
Level 1, episode reward at step 919185: -1
Level 1, episode reward at step 921183: -1
Level 1, episode reward at step 923181: -1
Level 1, episode reward at step 925179: -1
Level 1, episode reward at step 927177: -1
Level 1, episode reward at step 929175: -1
Level 1, episode reward at step 931173: -1
Level 1, episode reward at step 933171: -1
Level 1, episode reward at step 935169: -1
Level 1, episode reward at step 937167: -1
Level 1, episode reward at step 939165: -1
Level 1, episode reward at step 941163: -1
Level 1, episode reward at step 943161: -1
Level 1, episode reward at step 945159: -1
Level 1, episode reward at step 947157: -1
Level 1, episode reward at step 949155: -1
Level 1, episode reward at step 951153: -1
Level 1, episode reward at step 953151: -1
Level 1, episode reward at step 955149: -1
Level 1, episode reward at step 957147: -1
Level 1, episode reward at step 959145: -1
Level 1, episode reward at step 961143: -1
Level 1, episode reward at step 963141: -1
Level 1, episode reward at step 965139: -1
Level 1, episode reward at step 967137: -1
Level 1, episode reward at step 969135: -1
Level 1, episode reward at step 971133: -1
Level 1, episode reward at step 973131: -1
Level 1, episode reward at step 975129: -1
Level 1, episode reward at step 977127: -1
Level 1, episode reward at step 979125: -1
Level 1, episode reward at step 981123: -1
Level 1, episode reward at step 983121: -1
Level 1, episode reward at step 985119: -1
Level 1, episode reward at step 987117: -1
Level 1, episode reward at step 989115: -1
Level 1, episode reward at step 991113: -1
Level 1, episode reward at step 993111: -1
Level 1, episode reward at step 995109: -1
Level 1, episode reward at step 997107: -1
Level 1, episode reward at step 999105: -1
Done training ALL!
