variant_plaqueattack_1
/n/home13/kevinwu/.conda/envs/pt27/lib/python2.7/site-packages/skimage/transform/_warps.py:105: UserWarning: The default mode, 'constant', will be changed to 'reflect' in skimage 0.15.
  warn("The default mode, 'constant', will be changed to 'reflect' in "
/n/home13/kevinwu/.conda/envs/pt27/lib/python2.7/site-packages/skimage/transform/_warps.py:110: UserWarning: Anti-aliasing will be enabled by default in skimage 0.15 to avoid aliasing artifacts when down-sampling images.
  warn("Anti-aliasing will be enabled by default in skimage 0.15 to "
Namespace(batch_size=32, criteria='1/1', cuda=1, doubleq=1, eps_decay=200.0, eps_end=0.1, eps_start=1, game_name='variant_plaqueattack_1', gamma=0.999, img_size=64, level_switch='sequential', lr=0.00025, max_mem=50000, max_steps=1000000.0, model_name='DQN', model_weight_path=None, num_episodes=20000, num_trials=1, pretrain=0, random_seed=7, target_update=100, test_mode=0, timeout=2000, trial_num='1')
Game: variant_plaqueattack_1
variant_plaqueattack_1
Training at seed = 1
Training Starting
-------------------------
Level 0, episode reward at step 196: -4
Level 0, episode reward at step 393: -7
Level 0, episode reward at step 590: -13
Level 0, episode reward at step 787: -4
Level 0, episode reward at step 984: -10
Level 0, episode reward at step 1172: -1
Level 0, episode reward at step 1369: -13
Level 0, episode reward at step 1566: -4
Level 0, episode reward at step 1763: -7
Level 0, episode reward at step 1960: -10
Level 0, episode reward at step 2157: -10
Level 0, episode reward at step 2354: -4
Level 0, episode reward at step 2551: -10
Level 0, episode reward at step 2738: -4
Level 0, episode reward at step 2951: -13
Level 0, episode reward at step 3148: -10
Level 0, episode reward at step 3345: -10
Level 0, episode reward at step 3542: -10
Level 0, episode reward at step 3739: -7
Level 0, episode reward at step 3936: -13
Level 0, episode reward at step 4139: -13
Level 0, episode reward at step 4336: -10
Level 0, episode reward at step 4523: -13
Level 0, episode reward at step 4720: -10
Level 0, episode reward at step 4917: -10
Level 0, episode reward at step 5104: -7
Level 0, episode reward at step 5301: -9
Level 0, episode reward at step 5498: -13
Level 0, episode reward at step 5695: -8
Level 0, episode reward at step 5892: -7
Level 0, episode reward at step 6089: -7
Level 0, episode reward at step 6286: -4
Level 0, episode reward at step 6496: -13
Level 0, episode reward at step 6693: -10
Level 0, episode reward at step 6890: -10
Level 0, episode reward at step 7087: -13
Level 0, episode reward at step 7289: -13
Level 0, episode reward at step 7486: -13
Level 0, episode reward at step 7683: -13
Level 0, episode reward at step 7890: -13
Level 0, episode reward at step 8087: -13
Level 0, episode reward at step 8284: -7
Level 0, episode reward at step 8481: -7
Level 0, episode reward at step 8678: -7
Level 0, episode reward at step 8875: -4
Level 0, episode reward at step 9092: -7
Level 0, episode reward at step 9282: -10
Level 0, episode reward at step 9479: -7
Level 0, episode reward at step 9696: -13
Level 0, episode reward at step 9893: -10
Level 0, episode reward at step 10090: -1
Level 0, episode reward at step 10287: -10
Level 0, episode reward at step 10484: -7
Level 0, episode reward at step 10681: -13
Level 0, episode reward at step 10879: -13
Level 0, episode reward at step 11096: -16
Level 0, episode reward at step 11293: -13
Level 0, episode reward at step 11490: -10
Level 0, episode reward at step 11637: -1
Level 0, episode reward at step 11834: -13
Level 0, episode reward at step 12024: -10
Level 0, episode reward at step 12216: -7
Level 0, episode reward at step 12413: -1
Level 0, episode reward at step 12602: -13
Level 0, episode reward at step 12799: -7
Level 0, episode reward at step 13006: -10
Level 0, episode reward at step 13203: -13
Level 0, episode reward at step 13400: -13
New Best Reward: -13
Level 0, episode reward at step 13527: -1
Level 0, episode reward at step 13723: -7
Level 0, episode reward at step 13907: -7
Level 0, episode reward at step 14104: -10
Level 0, episode reward at step 14327: -10
Level 0, episode reward at step 14524: -10
Level 0, episode reward at step 14676: -1
Level 0, episode reward at step 14873: -7
Level 0, episode reward at step 15072: -10
Level 0, episode reward at step 15269: -10
Level 0, episode reward at step 15466: -7
Level 0, episode reward at step 15646: -4
Level 0, episode reward at step 15831: -10
Level 0, episode reward at step 16028: -10
Level 0, episode reward at step 16225: -7
Level 0, episode reward at step 16419: -7
Level 0, episode reward at step 16616: -12
Level 0, episode reward at step 16809: -10
Level 0, episode reward at step 17006: -13
Level 0, episode reward at step 17200: -6
New Best Reward: -6
Level 0, episode reward at step 17397: -13
Level 0, episode reward at step 17594: -7
Level 0, episode reward at step 17791: -13
Level 0, episode reward at step 17988: -12
Level 0, episode reward at step 18184: -13
Level 0, episode reward at step 18381: -7
Level 0, episode reward at step 18578: -13
Level 0, episode reward at step 18727: -1
Level 0, episode reward at step 18924: -4
Level 0, episode reward at step 19071: 0
Level 0, episode reward at step 19257: -10
Level 0, episode reward at step 19454: -10
Level 0, episode reward at step 19685: -11
Level 0, episode reward at step 19881: -13
Level 0, episode reward at step 20020: 0
Level 0, episode reward at step 20217: -7
Level 0, episode reward at step 20414: -7
Level 0, episode reward at step 20598: -7
Level 0, episode reward at step 20795: -13
Level 0, episode reward at step 20944: -1
Level 0, episode reward at step 21141: -10
Level 0, episode reward at step 21338: -9
Level 0, episode reward at step 21535: -4
Level 0, episode reward at step 21732: -10
Level 0, episode reward at step 21929: -13
Level 0, episode reward at step 22096: -1
Level 0, episode reward at step 22293: -13
Level 0, episode reward at step 22490: -13
Level 0, episode reward at step 22677: -10
Level 0, episode reward at step 22874: -7
Level 0, episode reward at step 23034: -1
Level 0, episode reward at step 23231: -10
Level 0, episode reward at step 23428: -13
Level 0, episode reward at step 23625: -13
Level 0, episode reward at step 23822: -7
Level 0, episode reward at step 24023: -13
Level 0, episode reward at step 24220: -13
Level 0, episode reward at step 24417: -10
Level 0, episode reward at step 24614: -7
Level 0, episode reward at step 24811: -13
Level 0, episode reward at step 25008: -13
Level 0, episode reward at step 25196: -13
Level 0, episode reward at step 25393: -10
Level 0, episode reward at step 25590: -10
Level 0, episode reward at step 25787: -13
Level 0, episode reward at step 25984: -12
Level 0, episode reward at step 26171: -7
Level 0, episode reward at step 26368: -10
Level 0, episode reward at step 26565: -13
Level 0, episode reward at step 26762: -10
Level 0, episode reward at step 26950: -7
Level 0, episode reward at step 27147: -7
Level 0, episode reward at step 27344: -10
Level 0, episode reward at step 27541: -4
Level 0, episode reward at step 27738: -10
Level 0, episode reward at step 27935: -10
Level 0, episode reward at step 28132: -10
Level 0, episode reward at step 28327: -13
Level 0, episode reward at step 28494: -1
Level 0, episode reward at step 28691: -10
Level 0, episode reward at step 28888: -10
Level 0, episode reward at step 29085: -7
Level 0, episode reward at step 29262: -4
slurmstepd: error: *** JOB 59641276 ON aagk80gpu62 CANCELLED AT 2018-11-16T11:56:26 ***
