/n/home13/kevinwu/.conda/envs/pt27/lib/python2.7/site-packages/skimage/transform/_warps.py:105: UserWarning: The default mode, 'constant', will be changed to 'reflect' in skimage 0.15.
  warn("The default mode, 'constant', will be changed to 'reflect' in "
/n/home13/kevinwu/.conda/envs/pt27/lib/python2.7/site-packages/skimage/transform/_warps.py:110: UserWarning: Anti-aliasing will be enabled by default in skimage 0.15 to avoid aliasing artifacts when down-sampling images.
  warn("Anti-aliasing will be enabled by default in skimage 0.15 to "
Namespace(batch_size=32, criteria='1/1', cuda=1, doubleq=1, eps_decay=200.0, eps_end=0.1, eps_start=1, game_name='variant_expt_push_boulders_2', gamma=0.999, img_size=64, level_switch='sequential', lr=0.00025, max_mem=50000, max_steps=1000000.0, model_name='DQN', model_weight_path=None, num_episodes=20000, num_trials=1, pretrain=0, random_seed=7, target_update=100, test_mode=0, timeout=2000, trial_num='1')
Game: variant_expt_push_boulders_2
variant_expt_push_boulders_2
Training at seed = 1
Training Starting
-------------------------
Level 0, episode reward at step 8: -1
Level 0, episode reward at step 12: -1
Level 0, episode reward at step 19: -1
Level 0, episode reward at step 29: -1
Level 0, episode reward at step 39: -1
Level 0, episode reward at step 55: -1
Level 0, episode reward at step 66: -1
Level 0, episode reward at step 71: -1
Level 0, episode reward at step 89: -1
Level 0, episode reward at step 1242: -1
Level 0, episode reward at step 1258: -1
Level 0, episode reward at step 1752: -1
Level 0, episode reward at step 1787: -1
Level 0, episode reward at step 2189: -1
Level 0, episode reward at step 2249: -1
Level 0, episode reward at step 2285: -1
Level 0, episode reward at step 2959: -1
Level 0, episode reward at step 2989: -1
Level 0, episode reward at step 3027: -1
Level 0, episode reward at step 3108: -1
Level 0, episode reward at step 3180: -1
Level 0, episode reward at step 3674: -1
Level 0, episode reward at step 3912: -1
Level 0, episode reward at step 4875: -1
Level 0, episode reward at step 4886: -1
Level 0, episode reward at step 5499: -1
Level 0, episode reward at step 5660: -1
Level 0, episode reward at step 5721: -1
Level 0, episode reward at step 5755: -1
Level 0, episode reward at step 5788: -1
Level 0, episode reward at step 5812: -1
Level 0, episode reward at step 5896: -1
Level 0, episode reward at step 5905: -1
Level 0, episode reward at step 5946: -1
Level 0, episode reward at step 5987: -1
Level 0, episode reward at step 6010: -1
Level 0, episode reward at step 6073: -1
Level 0, episode reward at step 6129: -1
Level 0, episode reward at step 6165: -1
Level 0, episode reward at step 6190: -1
Level 0, episode reward at step 6220: -1
Level 0, episode reward at step 6240: -1
Level 0, episode reward at step 6935: -1
Level 0, episode reward at step 6986: -1
Level 0, episode reward at step 7168: -1
Level 0, episode reward at step 9166: -1
Level 0, episode reward at step 9769: -1
Level 0, episode reward at step 10031: 1
Next Level!
Level 1, episode reward at step 10212: -1
Level 1, episode reward at step 10253: -1
Level 1, episode reward at step 10407: -1
Level 1, episode reward at step 10522: -1
Level 1, episode reward at step 10611: -1
Level 1, episode reward at step 10652: -1
Level 1, episode reward at step 11889: -1
Level 1, episode reward at step 12577: -1
Level 1, episode reward at step 12684: -1
Level 1, episode reward at step 12953: -1
Level 1, episode reward at step 13487: -1
Level 1, episode reward at step 13567: -1
Level 1, episode reward at step 13698: -1
Level 1, episode reward at step 13749: -1
Level 1, episode reward at step 13887: -1
Level 1, episode reward at step 13934: -1
Level 1, episode reward at step 14135: -1
Level 1, episode reward at step 14183: -1
Level 1, episode reward at step 14350: -1
Level 1, episode reward at step 14471: -1
Level 1, episode reward at step 14549: -1
Level 1, episode reward at step 14629: -1
Level 1, episode reward at step 14667: -1
Level 1, episode reward at step 14740: -1
Level 1, episode reward at step 14928: -1
Level 1, episode reward at step 14984: -1
Level 1, episode reward at step 15070: -1
Level 1, episode reward at step 15117: -1
Level 1, episode reward at step 15413: -1
Level 1, episode reward at step 15577: -1
Level 1, episode reward at step 15749: -1
Level 1, episode reward at step 16074: -1
Level 1, episode reward at step 16318: -1
Level 1, episode reward at step 16590: -1
Level 1, episode reward at step 16702: -1
Level 1, episode reward at step 16752: -1
Level 1, episode reward at step 16946: -1
Level 1, episode reward at step 18944: -1
Level 1, episode reward at step 19327: -1
Level 1, episode reward at step 19581: -1
Level 1, episode reward at step 19804: -1
Level 1, episode reward at step 19852: -1
Level 1, episode reward at step 20690: -1
Level 1, episode reward at step 21042: -1
Level 1, episode reward at step 21082: -1
Level 1, episode reward at step 23069: -1
Level 1, episode reward at step 23267: -1
Level 1, episode reward at step 23360: -1
Level 1, episode reward at step 23490: -1
Level 1, episode reward at step 24372: -1
Level 1, episode reward at step 24563: -1
Level 1, episode reward at step 25085: -1
Level 1, episode reward at step 25469: -1
Level 1, episode reward at step 25702: -1
Level 1, episode reward at step 25864: -1
Level 1, episode reward at step 25988: -1
Level 1, episode reward at step 26053: -1
Level 1, episode reward at step 26094: -1
Level 1, episode reward at step 26213: -1
Level 1, episode reward at step 26312: -1
Level 1, episode reward at step 26517: -1
Level 1, episode reward at step 26647: -1
Level 1, episode reward at step 26675: -1
Level 1, episode reward at step 26738: -1
Level 1, episode reward at step 26904: -1
Level 1, episode reward at step 26995: -1
Level 1, episode reward at step 27051: -1
Level 1, episode reward at step 27179: -1
Level 1, episode reward at step 27635: -1
Level 1, episode reward at step 27757: -1
Level 1, episode reward at step 27821: -1
Level 1, episode reward at step 27883: -1
Level 1, episode reward at step 28558: -1
Level 1, episode reward at step 28669: -1
Level 1, episode reward at step 28797: -1
Level 1, episode reward at step 28936: -1
Level 1, episode reward at step 29006: -1
Level 1, episode reward at step 29140: -1
Level 1, episode reward at step 29244: -1
Level 1, episode reward at step 29443: -1
Level 1, episode reward at step 29504: -1
Level 1, episode reward at step 29545: -1
Level 1, episode reward at step 29700: -1
New Best Reward: -1
Level 1, episode reward at step 30506: -1
Level 1, episode reward at step 30529: -1
Level 1, episode reward at step 30582: -1
Level 1, episode reward at step 32580: -1
Level 1, episode reward at step 33903: -1
Level 1, episode reward at step 35901: -1
Level 1, episode reward at step 36585: -1
Level 1, episode reward at step 38305: -1
Level 1, episode reward at step 39079: -1
Level 1, episode reward at step 39165: -1
Level 1, episode reward at step 41163: -1
Level 1, episode reward at step 41642: -1
Level 1, episode reward at step 41666: -1
Level 1, episode reward at step 41789: -1
Level 1, episode reward at step 41965: -1
Level 1, episode reward at step 42059: -1
Level 1, episode reward at step 42154: -1
Level 1, episode reward at step 42259: -1
Level 1, episode reward at step 42315: -1
Level 1, episode reward at step 42447: -1
Level 1, episode reward at step 42492: -1
Level 1, episode reward at step 42566: -1
Level 1, episode reward at step 42610: -1
Level 1, episode reward at step 42665: -1
Level 1, episode reward at step 42698: -1
Level 1, episode reward at step 42729: -1
Level 1, episode reward at step 42823: -1
Level 1, episode reward at step 42844: -1
Level 1, episode reward at step 43159: -1
Level 1, episode reward at step 43282: -1
Level 1, episode reward at step 43365: -1
Level 1, episode reward at step 43738: -1
Level 1, episode reward at step 44183: -1
Level 1, episode reward at step 46181: -1
Level 1, episode reward at step 46280: -1
Level 1, episode reward at step 47074: -1
Level 1, episode reward at step 49072: -1
Level 1, episode reward at step 49186: -1
Level 1, episode reward at step 49415: -1
Level 1, episode reward at step 49673: -1
Level 1, episode reward at step 49763: -1
Level 1, episode reward at step 49969: -1
Level 1, episode reward at step 50163: -1
Level 1, episode reward at step 50222: -1
Level 1, episode reward at step 50271: -1
Level 1, episode reward at step 50504: -1
Level 1, episode reward at step 50678: -1
Level 1, episode reward at step 50748: -1
Level 1, episode reward at step 50878: -1
Level 1, episode reward at step 51265: -1
Level 1, episode reward at step 51452: -1
Level 1, episode reward at step 51568: -1
Level 1, episode reward at step 52135: -1
Level 1, episode reward at step 52249: -1
Level 1, episode reward at step 52323: -1
Level 1, episode reward at step 52527: -1
Level 1, episode reward at step 52610: -1
Level 1, episode reward at step 52684: -1
Level 1, episode reward at step 52736: -1
Level 1, episode reward at step 52802: -1
Level 1, episode reward at step 52828: -1
Level 1, episode reward at step 52922: -1
Level 1, episode reward at step 53037: -1
Level 1, episode reward at step 53416: -1
Level 1, episode reward at step 54315: -1
Level 1, episode reward at step 55057: -1
Level 1, episode reward at step 55132: -1
Level 1, episode reward at step 55476: -1
Level 1, episode reward at step 55593: -1
Level 1, episode reward at step 55685: -1
Level 1, episode reward at step 56031: -1
Level 1, episode reward at step 56354: -1
Level 1, episode reward at step 56503: -1
Level 1, episode reward at step 56566: -1
Level 1, episode reward at step 56642: -1
Level 1, episode reward at step 56691: -1
Level 1, episode reward at step 56781: -1
Level 1, episode reward at step 56997: -1
Level 1, episode reward at step 57030: -1
Level 1, episode reward at step 57114: -1
Level 1, episode reward at step 57221: -1
Level 1, episode reward at step 57260: -1
Level 1, episode reward at step 57329: -1
Level 1, episode reward at step 59327: -1
Level 1, episode reward at step 59388: -1
Level 1, episode reward at step 59550: -1
Level 1, episode reward at step 61548: -1
Level 1, episode reward at step 61790: -1
Level 1, episode reward at step 63788: -1
Level 1, episode reward at step 63859: -1
Level 1, episode reward at step 64030: -1
Level 1, episode reward at step 64161: -1
Level 1, episode reward at step 64233: -1
Level 1, episode reward at step 64282: -1
Level 1, episode reward at step 64373: -1
Level 1, episode reward at step 64431: -1
Level 1, episode reward at step 64459: -1
Level 1, episode reward at step 64529: -1
Level 1, episode reward at step 64612: -1
Level 1, episode reward at step 64738: -1
Level 1, episode reward at step 64793: -1
Level 1, episode reward at step 65205: -1
Level 1, episode reward at step 65253: -1
Level 1, episode reward at step 65302: -1
Level 1, episode reward at step 65328: -1
Level 1, episode reward at step 65464: -1
Level 1, episode reward at step 65743: -1
Level 1, episode reward at step 65792: -1
Level 1, episode reward at step 65899: -1
Level 1, episode reward at step 65992: -1
Level 1, episode reward at step 66107: -1
Level 1, episode reward at step 66709: -1
Level 1, episode reward at step 66899: -1
Level 1, episode reward at step 66931: -1
Level 1, episode reward at step 67193: -1
Level 1, episode reward at step 67338: -1
Level 1, episode reward at step 67443: -1
Level 1, episode reward at step 67587: -1
Level 1, episode reward at step 67644: -1
Level 1, episode reward at step 67683: -1
Level 1, episode reward at step 67719: -1
Level 1, episode reward at step 67765: -1
Level 1, episode reward at step 67902: -1
Level 1, episode reward at step 68025: -1
Level 1, episode reward at step 68157: -1
Level 1, episode reward at step 68273: -1
Level 1, episode reward at step 68321: -1
Level 1, episode reward at step 68471: -1
Level 1, episode reward at step 69070: -1
Level 1, episode reward at step 71068: -1
Level 1, episode reward at step 71129: -1
Level 1, episode reward at step 71165: -1
Level 1, episode reward at step 71238: -1
Level 1, episode reward at step 71294: -1
Level 1, episode reward at step 71312: -1
Level 1, episode reward at step 71930: -1
Level 1, episode reward at step 72147: -1
Level 1, episode reward at step 72208: -1
Level 1, episode reward at step 72454: -1
Level 1, episode reward at step 72539: -1
Level 1, episode reward at step 72606: -1
Level 1, episode reward at step 73754: -1
Level 1, episode reward at step 73904: -1
Level 1, episode reward at step 73985: -1
Level 1, episode reward at step 74089: -1
Level 1, episode reward at step 74163: -1
Level 1, episode reward at step 76068: -1
Level 1, episode reward at step 76270: -1
Level 1, episode reward at step 76398: -1
Level 1, episode reward at step 76468: -1
Level 1, episode reward at step 76513: -1
Level 1, episode reward at step 76723: -1
Level 1, episode reward at step 76912: -1
Level 1, episode reward at step 77586: -1
Level 1, episode reward at step 78076: -1
Level 1, episode reward at step 78120: -1
Level 1, episode reward at step 78344: -1
Level 1, episode reward at step 78392: -1
Level 1, episode reward at step 78487: -1
Level 1, episode reward at step 78535: -1
Level 1, episode reward at step 78611: -1
Level 1, episode reward at step 78702: -1
Level 1, episode reward at step 78741: -1
Level 1, episode reward at step 78912: -1
Level 1, episode reward at step 79006: -1
Level 1, episode reward at step 79090: -1
Level 1, episode reward at step 79261: -1
Level 1, episode reward at step 79309: -1
Level 1, episode reward at step 79402: -1
Level 1, episode reward at step 79420: -1
Level 1, episode reward at step 79486: -1
Level 1, episode reward at step 79605: -1
Level 1, episode reward at step 79764: -1
Level 1, episode reward at step 79867: -1
Level 1, episode reward at step 80028: -1
Level 1, episode reward at step 80063: -1
Level 1, episode reward at step 80172: -1
Level 1, episode reward at step 80199: -1
Level 1, episode reward at step 80263: -1
Level 1, episode reward at step 80448: -1
Level 1, episode reward at step 80505: -1
Level 1, episode reward at step 80674: -1
Level 1, episode reward at step 80744: -1
Level 1, episode reward at step 80805: -1
Level 1, episode reward at step 80829: -1
Level 1, episode reward at step 80977: -1
Level 1, episode reward at step 81130: -1
Level 1, episode reward at step 81275: -1
Level 1, episode reward at step 81420: -1
Level 1, episode reward at step 81803: -1
Level 1, episode reward at step 81838: -1
Level 1, episode reward at step 81920: -1
Level 1, episode reward at step 82048: -1
Level 1, episode reward at step 82076: -1
Level 1, episode reward at step 82173: -1
Level 1, episode reward at step 82334: -1
Level 1, episode reward at step 82566: -1
Level 1, episode reward at step 82618: -1
Level 1, episode reward at step 82674: -1
Level 1, episode reward at step 82711: -1
Level 1, episode reward at step 82766: -1
Level 1, episode reward at step 82941: -1
Level 1, episode reward at step 83222: -1
Level 1, episode reward at step 83275: -1
Level 1, episode reward at step 83341: -1
Level 1, episode reward at step 83437: -1
Level 1, episode reward at step 83585: -1
Level 1, episode reward at step 83724: -1
Level 1, episode reward at step 83875: -1
Level 1, episode reward at step 84094: -1
Level 1, episode reward at step 84286: -1
Level 1, episode reward at step 84386: -1
Level 1, episode reward at step 84497: -1
Level 1, episode reward at step 84649: -1
Level 1, episode reward at step 84946: -1
Level 1, episode reward at step 84995: -1
Level 1, episode reward at step 85040: -1
Level 1, episode reward at step 85140: -1
Level 1, episode reward at step 85277: -1
Level 1, episode reward at step 85293: -1
Level 1, episode reward at step 85903: -1
Level 1, episode reward at step 86042: -1
Level 1, episode reward at step 86111: -1
Level 1, episode reward at step 86282: -1
Level 1, episode reward at step 86357: -1
Level 1, episode reward at step 87130: -1
Level 1, episode reward at step 87457: -1
Level 1, episode reward at step 87475: -1
Level 1, episode reward at step 89473: -1
Level 1, episode reward at step 91471: -1
Level 1, episode reward at step 91599: -1
Level 1, episode reward at step 91674: -1
Level 1, episode reward at step 93672: -1
Level 1, episode reward at step 94051: -1
Level 1, episode reward at step 94222: -1
Level 1, episode reward at step 94297: -1
Level 1, episode reward at step 94509: -1
Level 1, episode reward at step 94587: -1
Level 1, episode reward at step 94630: -1
Level 1, episode reward at step 94865: -1
Level 1, episode reward at step 95032: -1
Level 1, episode reward at step 95095: -1
Level 1, episode reward at step 95164: -1
Level 1, episode reward at step 95458: -1
Level 1, episode reward at step 95518: -1
Level 1, episode reward at step 97516: -1
Level 1, episode reward at step 97971: -1
Level 1, episode reward at step 98100: -1
New Best Reward: -1
Level 1, episode reward at step 98155: -1
Level 1, episode reward at step 98782: -1
Level 1, episode reward at step 99224: -1
Level 1, episode reward at step 100626: -1
Level 1, episode reward at step 101583: -1
Level 1, episode reward at step 101667: -1
Level 1, episode reward at step 102176: -1
Level 1, episode reward at step 102654: -1
Level 1, episode reward at step 102980: -1
Level 1, episode reward at step 103477: -1
Level 1, episode reward at step 104771: -1
Level 1, episode reward at step 105157: -1
Level 1, episode reward at step 105345: -1
Level 1, episode reward at step 105480: -1
Level 1, episode reward at step 105608: -1
Level 1, episode reward at step 105930: -1
Level 1, episode reward at step 106010: -1
Level 1, episode reward at step 106062: -1
Level 1, episode reward at step 106101: -1
Level 1, episode reward at step 106190: -1
Level 1, episode reward at step 106218: -1
Level 1, episode reward at step 106645: -1
Level 1, episode reward at step 106753: -1
Level 1, episode reward at step 106764: -1
Level 1, episode reward at step 106775: -1
Level 1, episode reward at step 106786: -1
Level 1, episode reward at step 106797: -1
Level 1, episode reward at step 106808: -1
Level 1, episode reward at step 106819: -1
Level 1, episode reward at step 106830: -1
Level 1, episode reward at step 106868: -1
Level 1, episode reward at step 106878: -1
Level 1, episode reward at step 106890: -1
Level 1, episode reward at step 106900: -1
New Best Reward: -1
Level 1, episode reward at step 106917: -1
Level 1, episode reward at step 107483: -1
Level 1, episode reward at step 107776: -1
Level 1, episode reward at step 109774: -1
Level 1, episode reward at step 111772: -1
Level 1, episode reward at step 112128: -1
Level 1, episode reward at step 112211: -1
Level 1, episode reward at step 112420: -1
Level 1, episode reward at step 112539: -1
Level 1, episode reward at step 112809: -1
Level 1, episode reward at step 112836: -1
Level 1, episode reward at step 112975: -1
Level 1, episode reward at step 113148: -1
Level 1, episode reward at step 113239: -1
Level 1, episode reward at step 113277: -1
Level 1, episode reward at step 113363: -1
Level 1, episode reward at step 113411: -1
Level 1, episode reward at step 113575: -1
Level 1, episode reward at step 113674: -1
Level 1, episode reward at step 113743: -1
Level 1, episode reward at step 113811: -1
Level 1, episode reward at step 114054: -1
Level 1, episode reward at step 114245: -1
Level 1, episode reward at step 114273: -1
Level 1, episode reward at step 114395: -1
Level 1, episode reward at step 114486: -1
Level 1, episode reward at step 114680: -1
Level 1, episode reward at step 114811: -1
Level 1, episode reward at step 115004: -1
Level 1, episode reward at step 115125: -1
Level 1, episode reward at step 115172: -1
Level 1, episode reward at step 115342: -1
Level 1, episode reward at step 115445: -1
Level 1, episode reward at step 115581: -1
Level 1, episode reward at step 115701: -1
Level 1, episode reward at step 115753: -1
Level 1, episode reward at step 115831: -1
Level 1, episode reward at step 116048: -1
Level 1, episode reward at step 116181: -1
Level 1, episode reward at step 116334: -1
Level 1, episode reward at step 117137: -1
Level 1, episode reward at step 118031: -1
Level 1, episode reward at step 118149: -1
Level 1, episode reward at step 118274: -1
Level 1, episode reward at step 118660: -1
Level 1, episode reward at step 118801: -1
Level 1, episode reward at step 120527: -1
Level 1, episode reward at step 120619: -1
Level 1, episode reward at step 120651: -1
Level 1, episode reward at step 120774: -1
Level 1, episode reward at step 120827: -1
Level 1, episode reward at step 120856: -1
Level 1, episode reward at step 120866: -1
Level 1, episode reward at step 120939: -1
Level 1, episode reward at step 120993: -1
Level 1, episode reward at step 121143: -1
Level 1, episode reward at step 121164: -1
Level 1, episode reward at step 121319: -1
Level 1, episode reward at step 121472: -1
Level 1, episode reward at step 121538: -1
Level 1, episode reward at step 121570: -1
Level 1, episode reward at step 121604: -1
Level 1, episode reward at step 121639: -1
Level 1, episode reward at step 121653: -1
Level 1, episode reward at step 121711: -1
Level 1, episode reward at step 121721: -1
Level 1, episode reward at step 121732: -1
Level 1, episode reward at step 121811: -1
Level 1, episode reward at step 121821: -1
Level 1, episode reward at step 122148: -1
Level 1, episode reward at step 122214: -1
Level 1, episode reward at step 122240: -1
Level 1, episode reward at step 122250: -1
Level 1, episode reward at step 122275: -1
Level 1, episode reward at step 122302: -1
Level 1, episode reward at step 122536: -1
Level 1, episode reward at step 122543: -1
Level 1, episode reward at step 122552: -1
Level 1, episode reward at step 122571: -1
Level 1, episode reward at step 122730: -1
Level 1, episode reward at step 123346: -1
Level 1, episode reward at step 123823: -1
Level 1, episode reward at step 123866: -1
Level 1, episode reward at step 124223: -1
Level 1, episode reward at step 124309: -1
Level 1, episode reward at step 124324: -1
Level 1, episode reward at step 124337: -1
Level 1, episode reward at step 124351: -1
Level 1, episode reward at step 124573: -1
Level 1, episode reward at step 124608: -1
Level 1, episode reward at step 124619: -1
Level 1, episode reward at step 124710: -1
Level 1, episode reward at step 124769: -1
Level 1, episode reward at step 124920: -1
Level 1, episode reward at step 125000: -1
New Best Reward: -1
Level 1, episode reward at step 125067: -1
Level 1, episode reward at step 125096: -1
Level 1, episode reward at step 125122: -1
Level 1, episode reward at step 125254: -1
Level 1, episode reward at step 125285: -1
Level 1, episode reward at step 125471: -1
Level 1, episode reward at step 125545: -1
Level 1, episode reward at step 127145: -1
Level 1, episode reward at step 127172: -1
Level 1, episode reward at step 127202: -1
Level 1, episode reward at step 127235: -1
Level 1, episode reward at step 127563: -1
Level 1, episode reward at step 127708: -1
Level 1, episode reward at step 129706: -1
Level 1, episode reward at step 129827: -1
Level 1, episode reward at step 129874: -1
Level 1, episode reward at step 129884: -1
Level 1, episode reward at step 129894: -1
Level 1, episode reward at step 130019: -1
Level 1, episode reward at step 130281: -1
Level 1, episode reward at step 130395: -1
Level 1, episode reward at step 130587: -1
Level 1, episode reward at step 132585: -1
Level 1, episode reward at step 133015: -1
Level 1, episode reward at step 133170: -1
Level 1, episode reward at step 133638: -1
Level 1, episode reward at step 133700: -1
New Best Reward: -1
Level 1, episode reward at step 133951: -1
Level 1, episode reward at step 134220: -1
Level 1, episode reward at step 134284: -1
Level 1, episode reward at step 134466: -1
Level 1, episode reward at step 134558: -1
Level 1, episode reward at step 134731: -1
Level 1, episode reward at step 134766: -1
Level 1, episode reward at step 134774: -1
Level 1, episode reward at step 134781: -1
Level 1, episode reward at step 134790: -1
Level 1, episode reward at step 134897: -1
Level 1, episode reward at step 134966: -1
Level 1, episode reward at step 134989: -1
Level 1, episode reward at step 135005: -1
Level 1, episode reward at step 135021: -1
Level 1, episode reward at step 135045: -1
Level 1, episode reward at step 135056: -1
Level 1, episode reward at step 135075: -1
Level 1, episode reward at step 135133: -1
Level 1, episode reward at step 135169: -1
Level 1, episode reward at step 135181: -1
Level 1, episode reward at step 135208: -1
Level 1, episode reward at step 135243: -1
Level 1, episode reward at step 135253: -1
Level 1, episode reward at step 135264: -1
Level 1, episode reward at step 135286: -1
Level 1, episode reward at step 135339: -1
Level 1, episode reward at step 135372: -1
Level 1, episode reward at step 135395: -1
Level 1, episode reward at step 135518: -1
Level 1, episode reward at step 135548: -1
Level 1, episode reward at step 135555: -1
Level 1, episode reward at step 135563: -1
Level 1, episode reward at step 135598: -1
Level 1, episode reward at step 135623: -1
Level 1, episode reward at step 135647: -1
Level 1, episode reward at step 135660: -1
Level 1, episode reward at step 135718: -1
Level 1, episode reward at step 135724: -1
Level 1, episode reward at step 135758: -1
Level 1, episode reward at step 135831: -1
Level 1, episode reward at step 135848: -1
Level 1, episode reward at step 135914: -1
Level 1, episode reward at step 135970: -1
Level 1, episode reward at step 135983: -1
Level 1, episode reward at step 136048: -1
Level 1, episode reward at step 136115: -1
Level 1, episode reward at step 136131: -1
Level 1, episode reward at step 136140: -1
Level 1, episode reward at step 136200: -1
New Best Reward: -1
Level 1, episode reward at step 136211: -1
Level 1, episode reward at step 136268: -1
Level 1, episode reward at step 136306: -1
Level 1, episode reward at step 136383: -1
Level 1, episode reward at step 136437: -1
Level 1, episode reward at step 136547: -1
Level 1, episode reward at step 136601: -1
Level 1, episode reward at step 136653: -1
Level 1, episode reward at step 136727: -1
Level 1, episode reward at step 136811: -1
Level 1, episode reward at step 136993: -1
Level 1, episode reward at step 137088: -1
Level 1, episode reward at step 137263: -1
Level 1, episode reward at step 137425: -1
Level 1, episode reward at step 137518: -1
Level 1, episode reward at step 137646: -1
Level 1, episode reward at step 137762: -1
Level 1, episode reward at step 137853: -1
Level 1, episode reward at step 137927: -1
Level 1, episode reward at step 137999: -1
Level 1, episode reward at step 138050: -1
Level 1, episode reward at step 138132: -1
Level 1, episode reward at step 138159: -1
Level 1, episode reward at step 138188: -1
Level 1, episode reward at step 138276: -1
Level 1, episode reward at step 138358: -1
Level 1, episode reward at step 138421: -1
Level 1, episode reward at step 138493: -1
Level 1, episode reward at step 138542: -1
Level 1, episode reward at step 138617: -1
Level 1, episode reward at step 138765: -1
Level 1, episode reward at step 138854: -1
Level 1, episode reward at step 138909: -1
Level 1, episode reward at step 138994: -1
Level 1, episode reward at step 139099: -1
Level 1, episode reward at step 139161: -1
Level 1, episode reward at step 139221: -1
Level 1, episode reward at step 139350: -1
Level 1, episode reward at step 139451: -1
Level 1, episode reward at step 139475: -1
Level 1, episode reward at step 139530: -1
Level 1, episode reward at step 139651: -1
Level 1, episode reward at step 139689: -1
Level 1, episode reward at step 139744: -1
Level 1, episode reward at step 139784: -1
Level 1, episode reward at step 139898: -1
Level 1, episode reward at step 140018: -1
Level 1, episode reward at step 140055: -1
Level 1, episode reward at step 140103: -1
Level 1, episode reward at step 140141: -1
Level 1, episode reward at step 140397: -1
Level 1, episode reward at step 140471: -1
Level 1, episode reward at step 140497: -1
Level 1, episode reward at step 140534: -1
Level 1, episode reward at step 140561: -1
Level 1, episode reward at step 140605: -1
Level 1, episode reward at step 140688: -1
Level 1, episode reward at step 140736: -1
Level 1, episode reward at step 140777: -1
Level 1, episode reward at step 140847: -1
Level 1, episode reward at step 140954: -1
Level 1, episode reward at step 141022: -1
Level 1, episode reward at step 141137: -1
Level 1, episode reward at step 141267: -1
Level 1, episode reward at step 141374: -1
Level 1, episode reward at step 141482: -1
Level 1, episode reward at step 141636: -1
Level 1, episode reward at step 141762: -1
Level 1, episode reward at step 141837: -1
Level 1, episode reward at step 141929: -1
Level 1, episode reward at step 142112: -1
Level 1, episode reward at step 142257: -1
Level 1, episode reward at step 142339: -1
Level 1, episode reward at step 142440: -1
Level 1, episode reward at step 142487: -1
Level 1, episode reward at step 142582: -1
Level 1, episode reward at step 142641: -1
Level 1, episode reward at step 142713: -1
Level 1, episode reward at step 142749: -1
Level 1, episode reward at step 142822: -1
Level 1, episode reward at step 143345: -1
Level 1, episode reward at step 143520: -1
Level 1, episode reward at step 143720: -1
Level 1, episode reward at step 143762: -1
Level 1, episode reward at step 145257: -1
Level 1, episode reward at step 145299: -1
Level 1, episode reward at step 145353: -1
Level 1, episode reward at step 145412: -1
Level 1, episode reward at step 145469: -1
Level 1, episode reward at step 145639: -1
Level 1, episode reward at step 145720: -1
Level 1, episode reward at step 145926: -1
Level 1, episode reward at step 146062: -1
Level 1, episode reward at step 146130: -1
Level 1, episode reward at step 146146: -1
Level 1, episode reward at step 146176: -1
Level 1, episode reward at step 146218: -1
Level 1, episode reward at step 146244: -1
Level 1, episode reward at step 146315: -1
Level 1, episode reward at step 146393: -1
Level 1, episode reward at step 146408: -1
Level 1, episode reward at step 146479: -1
Level 1, episode reward at step 146567: -1
Level 1, episode reward at step 146690: -1
Level 1, episode reward at step 146746: -1
Level 1, episode reward at step 146789: -1
Level 1, episode reward at step 146849: -1
Level 1, episode reward at step 146971: -1
Level 1, episode reward at step 147015: -1
Level 1, episode reward at step 147044: -1
Level 1, episode reward at step 147615: -1
Level 1, episode reward at step 147778: -1
Level 1, episode reward at step 147878: -1
Level 1, episode reward at step 148386: -1
Level 1, episode reward at step 148471: -1
Level 1, episode reward at step 148744: -1
Level 1, episode reward at step 148943: -1
Level 1, episode reward at step 149467: -1
Level 1, episode reward at step 149683: -1
Level 1, episode reward at step 149800: -1
New Best Reward: -1
Level 1, episode reward at step 149945: -1
Level 1, episode reward at step 150001: -1
Level 1, episode reward at step 150153: -1
Level 1, episode reward at step 150311: -1
Level 1, episode reward at step 150428: -1
Level 1, episode reward at step 150474: -1
Level 1, episode reward at step 150491: -1
Level 1, episode reward at step 150590: -1
Level 1, episode reward at step 150614: -1
Level 1, episode reward at step 150663: -1
Level 1, episode reward at step 150721: -1
Level 1, episode reward at step 150770: -1
Level 1, episode reward at step 150812: -1
Level 1, episode reward at step 150858: -1
Level 1, episode reward at step 150966: -1
Level 1, episode reward at step 151040: -1
Level 1, episode reward at step 151177: -1
Level 1, episode reward at step 151213: -1
Level 1, episode reward at step 151257: -1
Level 1, episode reward at step 151387: -1
Level 1, episode reward at step 151650: -1
Level 1, episode reward at step 151911: -1
Level 1, episode reward at step 151992: -1
Level 1, episode reward at step 152110: -1
Level 1, episode reward at step 152238: -1
Level 1, episode reward at step 154236: -1
Level 1, episode reward at step 154334: -1
Level 1, episode reward at step 154383: -1
Level 1, episode reward at step 154465: -1
Level 1, episode reward at step 154524: -1
Level 1, episode reward at step 154550: -1
Level 1, episode reward at step 154629: -1
Level 1, episode reward at step 154949: -1
Level 1, episode reward at step 154982: -1
Level 1, episode reward at step 154999: -1
Level 1, episode reward at step 155022: -1
Level 1, episode reward at step 155215: -1
Level 1, episode reward at step 155344: -1
Level 1, episode reward at step 155986: -1
Level 1, episode reward at step 156098: -1
Level 1, episode reward at step 156109: -1
Level 1, episode reward at step 156332: -1
Level 1, episode reward at step 156606: -1
Level 1, episode reward at step 156915: -1
Level 1, episode reward at step 156960: -1
Level 1, episode reward at step 156990: -1
Level 1, episode reward at step 157184: -1
Level 1, episode reward at step 157507: -1
Level 1, episode reward at step 157554: -1
Level 1, episode reward at step 157687: -1
Level 1, episode reward at step 157733: -1
Level 1, episode reward at step 157869: -1
Level 1, episode reward at step 158121: -1
Level 1, episode reward at step 158194: -1
Level 1, episode reward at step 158381: -1
Level 1, episode reward at step 158581: -1
Level 1, episode reward at step 158632: -1
Level 1, episode reward at step 158678: -1
Level 1, episode reward at step 158909: -1
Level 1, episode reward at step 158934: -1
Level 1, episode reward at step 158989: -1
Level 1, episode reward at step 159050: -1
Level 1, episode reward at step 159069: -1
Level 1, episode reward at step 159114: -1
Level 1, episode reward at step 159132: -1
Level 1, episode reward at step 159163: -1
Level 1, episode reward at step 159244: -1
Level 1, episode reward at step 159294: -1
Level 1, episode reward at step 159446: -1
Level 1, episode reward at step 159489: -1
Level 1, episode reward at step 159606: -1
Level 1, episode reward at step 159712: -1
Level 1, episode reward at step 159765: -1
Level 1, episode reward at step 159903: -1
Level 1, episode reward at step 159999: -1
Level 1, episode reward at step 160290: -1
Level 1, episode reward at step 162288: -1
Level 1, episode reward at step 164286: -1
Level 1, episode reward at step 166284: -1
Level 1, episode reward at step 168282: -1
Level 1, episode reward at step 170280: -1
Level 1, episode reward at step 172278: -1
Level 1, episode reward at step 174276: -1
Level 1, episode reward at step 175002: -1
Level 1, episode reward at step 176572: -1
Level 1, episode reward at step 176601: -1
Level 1, episode reward at step 176610: -1
Level 1, episode reward at step 176699: -1
Level 1, episode reward at step 176713: -1
Level 1, episode reward at step 176726: -1
Level 1, episode reward at step 176768: -1
Level 1, episode reward at step 176822: -1
Level 1, episode reward at step 177364: -1
Level 1, episode reward at step 177380: -1
Level 1, episode reward at step 177680: -1
Level 1, episode reward at step 179678: -1
Level 1, episode reward at step 181081: -1
Level 1, episode reward at step 181103: -1
Level 1, episode reward at step 181158: -1
Level 1, episode reward at step 181285: -1
Level 1, episode reward at step 181368: -1
Level 1, episode reward at step 181434: -1
Level 1, episode reward at step 181669: -1
Level 1, episode reward at step 181713: -1
Level 1, episode reward at step 181755: -1
Level 1, episode reward at step 181798: -1
Level 1, episode reward at step 181811: -1
Level 1, episode reward at step 181892: -1
Level 1, episode reward at step 181905: -1
Level 1, episode reward at step 181914: -1
Level 1, episode reward at step 181936: -1
Level 1, episode reward at step 182034: -1
Level 1, episode reward at step 182135: -1
Level 1, episode reward at step 182149: -1
Level 1, episode reward at step 182166: -1
Level 1, episode reward at step 182184: -1
Level 1, episode reward at step 182222: -1
Level 1, episode reward at step 182238: -1
Level 1, episode reward at step 182244: -1
Level 1, episode reward at step 182253: -1
Level 1, episode reward at step 182262: -1
Level 1, episode reward at step 182285: -1
Level 1, episode reward at step 182307: -1
Level 1, episode reward at step 182329: -1
Level 1, episode reward at step 182356: -1
Level 1, episode reward at step 182399: -1
Level 1, episode reward at step 182534: -1
Level 1, episode reward at step 182702: -1
Level 1, episode reward at step 182796: -1
Level 1, episode reward at step 182803: -1
Level 1, episode reward at step 182830: -1
Level 1, episode reward at step 182929: -1
Level 1, episode reward at step 183178: -1
Level 1, episode reward at step 183395: -1
Level 1, episode reward at step 183408: -1
Level 1, episode reward at step 183515: -1
Level 1, episode reward at step 183537: -1
Level 1, episode reward at step 183706: -1
Level 1, episode reward at step 183852: -1
Level 1, episode reward at step 183935: -1
Level 1, episode reward at step 183997: -1
Level 1, episode reward at step 184009: -1
Level 1, episode reward at step 185161: -1
Level 1, episode reward at step 185279: -1
Level 1, episode reward at step 185415: -1
Level 1, episode reward at step 185440: -1
Level 1, episode reward at step 185473: -1
Level 1, episode reward at step 185496: -1
Level 1, episode reward at step 185598: -1
Level 1, episode reward at step 185659: -1
Level 1, episode reward at step 185682: -1
Level 1, episode reward at step 185771: -1
Level 1, episode reward at step 185821: -1
Level 1, episode reward at step 185985: -1
Level 1, episode reward at step 186076: -1
Level 1, episode reward at step 186532: -1
Level 1, episode reward at step 188530: -1
Level 1, episode reward at step 189683: -1
Level 1, episode reward at step 191681: -1
Level 1, episode reward at step 193679: -1
Level 1, episode reward at step 194882: -1
Level 1, episode reward at step 195033: -1
Level 1, episode reward at step 195203: -1
Level 1, episode reward at step 197201: -1
Level 1, episode reward at step 199199: -1
Level 1, episode reward at step 199518: -1
Level 1, episode reward at step 199988: -1
Level 1, episode reward at step 200437: -1
Level 1, episode reward at step 201772: -1
Level 1, episode reward at step 201862: -1
Level 1, episode reward at step 201981: -1
Level 1, episode reward at step 202549: -1
Level 1, episode reward at step 202706: -1
Level 1, episode reward at step 202904: -1
Level 1, episode reward at step 203009: -1
Level 1, episode reward at step 203109: -1
Level 1, episode reward at step 203367: -1
Level 1, episode reward at step 205365: -1
Level 1, episode reward at step 205731: -1
Level 1, episode reward at step 206474: -1
Level 1, episode reward at step 207028: -1
Level 1, episode reward at step 207760: -1
Level 1, episode reward at step 208634: -1
Level 1, episode reward at step 208883: -1
Level 1, episode reward at step 208972: -1
Level 1, episode reward at step 209045: -1
Level 1, episode reward at step 209168: -1
Level 1, episode reward at step 209247: -1
Level 1, episode reward at step 211245: -1
Level 1, episode reward at step 213243: -1
Level 1, episode reward at step 215241: -1
Level 1, episode reward at step 217239: -1
Level 1, episode reward at step 219237: -1
Level 1, episode reward at step 221235: -1
Level 1, episode reward at step 223233: -1
Level 1, episode reward at step 223578: -1
Level 1, episode reward at step 224205: -1
Level 1, episode reward at step 225213: -1
Level 1, episode reward at step 227211: -1
Level 1, episode reward at step 227935: -1
Level 1, episode reward at step 229933: -1
Level 1, episode reward at step 230510: -1
Level 1, episode reward at step 232508: -1
Level 1, episode reward at step 234506: -1
Level 1, episode reward at step 236504: -1
Level 1, episode reward at step 238502: -1
Level 1, episode reward at step 239418: -1
Level 1, episode reward at step 239516: -1
Level 1, episode reward at step 241514: -1
Level 1, episode reward at step 243512: -1
Level 1, episode reward at step 245510: -1
Level 1, episode reward at step 247508: -1
Level 1, episode reward at step 249506: -1
Level 1, episode reward at step 251504: -1
Level 1, episode reward at step 253502: -1
Level 1, episode reward at step 254190: -1
Level 1, episode reward at step 254798: -1
Level 1, episode reward at step 255813: -1
Level 1, episode reward at step 257811: -1
Level 1, episode reward at step 259307: -1
Level 1, episode reward at step 261305: -1
Level 1, episode reward at step 263303: -1
Level 1, episode reward at step 265301: -1
Level 1, episode reward at step 267299: -1
Level 1, episode reward at step 269122: -1
Level 1, episode reward at step 270549: -1
Level 1, episode reward at step 272547: -1
Level 1, episode reward at step 274545: -1
Level 1, episode reward at step 276543: -1
Level 1, episode reward at step 278541: -1
Level 1, episode reward at step 280539: -1
Level 1, episode reward at step 282537: -1
Level 1, episode reward at step 284535: -1
Level 1, episode reward at step 286533: -1
Level 1, episode reward at step 288531: -1
Level 1, episode reward at step 290529: -1
Level 1, episode reward at step 292527: -1
Level 1, episode reward at step 294525: -1
Level 1, episode reward at step 296523: -1
Level 1, episode reward at step 298521: -1
Level 1, episode reward at step 300519: -1
Level 1, episode reward at step 302517: -1
Level 1, episode reward at step 304515: -1
Level 1, episode reward at step 306513: -1
Level 1, episode reward at step 308511: -1
Level 1, episode reward at step 310509: -1
Level 1, episode reward at step 312507: -1
Level 1, episode reward at step 314505: -1
Level 1, episode reward at step 316503: -1
Level 1, episode reward at step 318501: -1
Level 1, episode reward at step 320499: -1
Level 1, episode reward at step 322497: -1
Level 1, episode reward at step 322756: -1
Level 1, episode reward at step 324754: -1
Level 1, episode reward at step 325707: -1
Level 1, episode reward at step 327705: -1
Level 1, episode reward at step 329703: -1
Level 1, episode reward at step 331701: -1
Level 1, episode reward at step 333699: -1
Level 1, episode reward at step 335697: -1
Level 1, episode reward at step 337695: -1
Level 1, episode reward at step 339693: -1
Level 1, episode reward at step 341691: -1
Level 1, episode reward at step 343689: -1
Level 1, episode reward at step 345687: -1
Level 1, episode reward at step 347685: -1
Level 1, episode reward at step 349683: -1
Level 1, episode reward at step 351681: -1
Level 1, episode reward at step 353679: -1
Level 1, episode reward at step 355677: -1
Level 1, episode reward at step 357675: -1
Level 1, episode reward at step 359673: -1
Level 1, episode reward at step 361671: -1
Level 1, episode reward at step 362042: -1
Level 1, episode reward at step 364040: -1
Level 1, episode reward at step 366038: -1
Level 1, episode reward at step 368036: -1
Level 1, episode reward at step 370034: -1
Level 1, episode reward at step 372032: -1
Level 1, episode reward at step 374030: -1
Level 1, episode reward at step 376028: -1
Level 1, episode reward at step 378026: -1
Level 1, episode reward at step 380024: -1
Level 1, episode reward at step 382022: -1
Level 1, episode reward at step 384020: -1
Level 1, episode reward at step 386018: -1
Level 1, episode reward at step 388016: -1
Level 1, episode reward at step 390014: -1
Level 1, episode reward at step 392012: -1
Level 1, episode reward at step 394010: -1
Level 1, episode reward at step 396008: -1
Level 1, episode reward at step 398006: -1
Level 1, episode reward at step 400004: -1
Level 1, episode reward at step 402002: -1
Level 1, episode reward at step 404000: -1
New Best Reward: -1
Level 1, episode reward at step 404082: -1
Level 1, episode reward at step 404190: -1
Level 1, episode reward at step 404316: -1
Level 1, episode reward at step 404385: -1
Level 1, episode reward at step 404499: -1
Level 1, episode reward at step 404572: -1
Level 1, episode reward at step 404657: -1
Level 1, episode reward at step 404746: -1
Level 1, episode reward at step 404840: -1
Level 1, episode reward at step 405037: -1
Level 1, episode reward at step 405184: -1
Level 1, episode reward at step 405292: -1
Level 1, episode reward at step 405360: -1
Level 1, episode reward at step 405402: -1
Level 1, episode reward at step 405494: -1
Level 1, episode reward at step 405616: -1
Level 1, episode reward at step 405706: -1
Level 1, episode reward at step 405749: -1
Level 1, episode reward at step 405815: -1
Level 1, episode reward at step 405899: -1
Level 1, episode reward at step 405928: -1
Level 1, episode reward at step 405988: -1
Level 1, episode reward at step 406059: -1
Level 1, episode reward at step 406128: -1
Level 1, episode reward at step 406273: -1
Level 1, episode reward at step 406368: -1
Level 1, episode reward at step 408366: -1
Level 1, episode reward at step 410364: -1
Level 1, episode reward at step 412362: -1
Level 1, episode reward at step 412563: -1
Level 1, episode reward at step 412607: -1
Level 1, episode reward at step 412662: -1
Level 1, episode reward at step 412704: -1
Level 1, episode reward at step 412738: -1
Level 1, episode reward at step 412814: -1
Level 1, episode reward at step 412883: -1
Level 1, episode reward at step 413049: -1
Level 1, episode reward at step 413191: -1
Level 1, episode reward at step 413237: -1
Level 1, episode reward at step 413296: -1
Level 1, episode reward at step 413336: -1
Level 1, episode reward at step 413364: -1
Level 1, episode reward at step 413380: -1
Level 1, episode reward at step 413428: -1
Level 1, episode reward at step 413976: -1
Level 1, episode reward at step 414076: -1
Level 1, episode reward at step 414661: -1
Level 1, episode reward at step 414706: -1
Level 1, episode reward at step 414768: -1
Level 1, episode reward at step 414972: -1
Level 1, episode reward at step 415018: -1
Level 1, episode reward at step 415217: -1
Level 1, episode reward at step 415277: -1
Level 1, episode reward at step 415365: -1
Level 1, episode reward at step 417329: -1
Level 1, episode reward at step 417366: -1
Level 1, episode reward at step 417408: -1
Level 1, episode reward at step 417531: -1
Level 1, episode reward at step 419529: -1
Level 1, episode reward at step 419809: -1
Level 1, episode reward at step 419869: -1
Level 1, episode reward at step 419894: -1
Level 1, episode reward at step 419904: -1
Level 1, episode reward at step 419913: -1
Level 1, episode reward at step 419922: -1
Level 1, episode reward at step 419931: -1
Level 1, episode reward at step 419941: -1
Level 1, episode reward at step 419951: -1
Level 1, episode reward at step 419962: -1
Level 1, episode reward at step 419972: -1
Level 1, episode reward at step 419981: -1
Level 1, episode reward at step 419990: -1
Level 1, episode reward at step 419998: -1
Level 1, episode reward at step 420007: -1
Level 1, episode reward at step 420016: -1
Level 1, episode reward at step 420026: -1
Level 1, episode reward at step 420036: -1
Level 1, episode reward at step 422034: -1
Level 1, episode reward at step 424032: -1
Level 1, episode reward at step 424099: -1
Level 1, episode reward at step 424207: -1
Level 1, episode reward at step 424287: -1
Level 1, episode reward at step 424298: -1
Level 1, episode reward at step 424308: -1
Level 1, episode reward at step 424318: -1
Level 1, episode reward at step 424355: -1
Level 1, episode reward at step 424365: -1
Level 1, episode reward at step 426363: -1
Level 1, episode reward at step 426493: -1
Level 1, episode reward at step 426580: -1
Level 1, episode reward at step 426590: -1
Level 1, episode reward at step 426600: -1
New Best Reward: -1
Level 1, episode reward at step 428057: -1
Level 1, episode reward at step 428072: -1
Level 1, episode reward at step 428102: -1
Level 1, episode reward at step 428329: -1
Level 1, episode reward at step 428351: -1
Level 1, episode reward at step 428389: -1
Level 1, episode reward at step 428421: -1
Level 1, episode reward at step 428511: -1
Level 1, episode reward at step 428524: -1
Level 1, episode reward at step 428542: -1
Level 1, episode reward at step 428788: -1
Level 1, episode reward at step 428870: -1
Level 1, episode reward at step 428933: -1
Level 1, episode reward at step 429084: -1
Level 1, episode reward at step 429780: -1
Level 1, episode reward at step 429868: -1
Level 1, episode reward at step 430059: -1
Level 1, episode reward at step 430263: -1
Level 1, episode reward at step 430376: -1
Level 1, episode reward at step 430723: -1
Level 1, episode reward at step 430856: -1
Level 1, episode reward at step 431190: -1
Level 1, episode reward at step 431453: -1
Level 1, episode reward at step 432011: -1
Level 1, episode reward at step 432029: -1
Level 1, episode reward at step 432053: -1
Level 1, episode reward at step 432080: -1
Level 1, episode reward at step 432107: -1
Level 1, episode reward at step 432311: -1
Level 1, episode reward at step 432424: -1
Level 1, episode reward at step 432458: -1
Level 1, episode reward at step 432464: -1
Level 1, episode reward at step 432489: -1
Level 1, episode reward at step 432517: -1
Level 1, episode reward at step 432604: -1
Level 1, episode reward at step 432683: -1
Level 1, episode reward at step 432843: -1
Level 1, episode reward at step 432887: -1
Level 1, episode reward at step 432970: -1
Level 1, episode reward at step 433056: -1
Level 1, episode reward at step 433097: -1
Level 1, episode reward at step 433139: -1
Level 1, episode reward at step 433206: -1
Level 1, episode reward at step 433361: -1
Level 1, episode reward at step 433460: -1
Level 1, episode reward at step 433554: -1
Level 1, episode reward at step 433592: -1
Level 1, episode reward at step 433730: -1
Level 1, episode reward at step 433744: -1
Level 1, episode reward at step 433784: -1
Level 1, episode reward at step 434167: -1
Level 1, episode reward at step 434185: -1
Level 1, episode reward at step 435365: -1
Level 1, episode reward at step 435438: -1
Level 1, episode reward at step 435471: -1
Level 1, episode reward at step 435520: -1
Level 1, episode reward at step 435599: -1
Level 1, episode reward at step 435612: -1
Level 1, episode reward at step 435702: -1
Level 1, episode reward at step 435723: -1
Level 1, episode reward at step 435752: -1
Level 1, episode reward at step 435834: -1
Level 1, episode reward at step 435950: -1
Level 1, episode reward at step 435961: -1
Level 1, episode reward at step 436058: -1
Level 1, episode reward at step 436105: -1
Level 1, episode reward at step 436134: -1
Level 1, episode reward at step 436163: -1
Level 1, episode reward at step 436214: -1
Level 1, episode reward at step 436230: -1
Level 1, episode reward at step 436239: -1
Level 1, episode reward at step 436262: -1
Level 1, episode reward at step 436298: -1
Level 1, episode reward at step 436362: -1
Level 1, episode reward at step 436442: -1
Level 1, episode reward at step 436452: -1
Level 1, episode reward at step 436493: -1
Level 1, episode reward at step 436522: -1
Level 1, episode reward at step 436665: -1
Level 1, episode reward at step 437672: -1
Level 1, episode reward at step 437992: -1
Level 1, episode reward at step 438072: -1
Level 1, episode reward at step 438111: -1
Level 1, episode reward at step 438500: -1
New Best Reward: -1
Level 1, episode reward at step 438552: -1
Level 1, episode reward at step 438591: -1
Level 1, episode reward at step 440589: -1
Level 1, episode reward at step 442587: -1
Level 1, episode reward at step 444264: -1
Level 1, episode reward at step 445473: -1
Level 1, episode reward at step 445645: -1
Level 1, episode reward at step 445802: -1
Level 1, episode reward at step 445892: -1
Level 1, episode reward at step 447890: -1
Level 1, episode reward at step 449888: -1
Level 1, episode reward at step 451886: -1
Level 1, episode reward at step 451966: -1
Level 1, episode reward at step 453495: -1
Level 1, episode reward at step 454252: -1
Level 1, episode reward at step 454359: -1
Level 1, episode reward at step 454662: -1
Level 1, episode reward at step 454785: -1
Level 1, episode reward at step 454823: -1
Level 1, episode reward at step 454917: -1
Level 1, episode reward at step 454949: -1
Level 1, episode reward at step 454980: -1
Level 1, episode reward at step 455011: -1
Level 1, episode reward at step 455040: -1
Level 1, episode reward at step 455121: -1
Level 1, episode reward at step 455210: -1
Level 1, episode reward at step 455285: -1
Level 1, episode reward at step 455323: -1
Level 1, episode reward at step 455619: -1
Level 1, episode reward at step 455649: -1
Level 1, episode reward at step 455922: -1
Level 1, episode reward at step 455999: -1
Level 1, episode reward at step 456100: -1
New Best Reward: -1
Level 1, episode reward at step 456219: -1
Level 1, episode reward at step 456512: -1
Level 1, episode reward at step 456549: -1
Level 1, episode reward at step 456703: -1
Level 1, episode reward at step 456763: -1
Level 1, episode reward at step 456875: -1
Level 1, episode reward at step 457043: -1
Level 1, episode reward at step 457184: -1
Level 1, episode reward at step 457355: -1
Level 1, episode reward at step 457475: -1
Level 1, episode reward at step 457572: -1
Level 1, episode reward at step 457716: -1
Level 1, episode reward at step 457822: -1
Level 1, episode reward at step 457904: -1
Level 1, episode reward at step 458093: -1
Level 1, episode reward at step 458162: -1
Level 1, episode reward at step 458233: -1
Level 1, episode reward at step 458460: -1
Level 1, episode reward at step 458584: -1
Level 1, episode reward at step 458698: -1
Level 1, episode reward at step 460000: -1
New Best Reward: -1
Level 1, episode reward at step 460979: -1
Level 1, episode reward at step 462977: -1
Level 1, episode reward at step 463071: -1
Level 1, episode reward at step 463971: -1
Level 1, episode reward at step 465969: -1
Level 1, episode reward at step 467967: -1
Level 1, episode reward at step 469965: -1
Level 1, episode reward at step 471963: -1
Level 1, episode reward at step 473961: -1
Level 1, episode reward at step 475959: -1
Level 1, episode reward at step 477957: -1
Level 1, episode reward at step 479955: -1
Level 1, episode reward at step 481953: -1
Level 1, episode reward at step 483951: -1
Level 1, episode reward at step 485949: -1
Level 1, episode reward at step 487947: -1
Level 1, episode reward at step 489945: -1
Level 1, episode reward at step 491943: -1
Level 1, episode reward at step 493941: -1
Level 1, episode reward at step 495939: -1
Level 1, episode reward at step 496351: -1
Level 1, episode reward at step 497231: -1
Level 1, episode reward at step 497279: -1
Level 1, episode reward at step 497326: -1
Level 1, episode reward at step 497523: -1
Level 1, episode reward at step 497864: -1
Level 1, episode reward at step 497963: -1
Level 1, episode reward at step 498133: -1
Level 1, episode reward at step 498288: -1
Level 1, episode reward at step 498664: -1
Level 1, episode reward at step 498746: -1
Level 1, episode reward at step 498909: -1
Level 1, episode reward at step 498983: -1
Level 1, episode reward at step 499053: -1
Level 1, episode reward at step 499099: -1
Level 1, episode reward at step 499234: -1
Level 1, episode reward at step 499372: -1
Level 1, episode reward at step 499514: -1
Level 1, episode reward at step 499601: -1
Level 1, episode reward at step 499694: -1
Level 1, episode reward at step 499736: -1
Level 1, episode reward at step 499860: -1
Level 1, episode reward at step 500110: -1
Level 1, episode reward at step 500275: -1
Level 1, episode reward at step 500396: -1
Level 1, episode reward at step 500531: -1
Level 1, episode reward at step 500745: -1
Level 1, episode reward at step 500814: -1
Level 1, episode reward at step 501009: -1
Level 1, episode reward at step 501053: -1
Level 1, episode reward at step 501104: -1
Level 1, episode reward at step 501178: -1
Level 1, episode reward at step 501398: -1
Level 1, episode reward at step 501456: -1
Level 1, episode reward at step 501627: -1
Level 1, episode reward at step 501704: -1
Level 1, episode reward at step 501822: -1
Level 1, episode reward at step 502038: -1
Level 1, episode reward at step 502425: -1
Level 1, episode reward at step 502560: -1
Level 1, episode reward at step 503077: -1
Level 1, episode reward at step 503132: -1
Level 1, episode reward at step 503541: -1
Level 1, episode reward at step 504638: -1
Level 1, episode reward at step 504691: -1
Level 1, episode reward at step 504908: -1
Level 1, episode reward at step 506193: -1
Level 1, episode reward at step 507327: -1
Level 1, episode reward at step 507412: -1
Level 1, episode reward at step 507539: -1
Level 1, episode reward at step 509512: -1
Level 1, episode reward at step 509548: -1
Level 1, episode reward at step 509769: -1
Level 1, episode reward at step 510376: -1
Level 1, episode reward at step 510419: -1
Level 1, episode reward at step 510549: -1
Level 1, episode reward at step 510677: -1
Level 1, episode reward at step 510855: -1
Level 1, episode reward at step 512853: -1
Level 1, episode reward at step 513250: -1
Level 1, episode reward at step 514164: -1
Level 1, episode reward at step 515070: -1
Level 1, episode reward at step 516835: -1
Level 1, episode reward at step 518833: -1
Level 1, episode reward at step 520831: -1
Level 1, episode reward at step 522829: -1
Level 1, episode reward at step 524827: -1
Level 1, episode reward at step 526825: -1
Level 1, episode reward at step 528823: -1
Level 1, episode reward at step 530821: -1
Level 1, episode reward at step 532819: -1
Level 1, episode reward at step 534817: -1
Level 1, episode reward at step 536815: -1
Level 1, episode reward at step 538813: -1
Level 1, episode reward at step 540811: -1
Level 1, episode reward at step 542809: -1
Level 1, episode reward at step 544807: -1
Level 1, episode reward at step 546805: -1
Level 1, episode reward at step 548803: -1
Level 1, episode reward at step 550801: -1
Level 1, episode reward at step 552799: -1
Level 1, episode reward at step 554797: -1
Level 1, episode reward at step 556795: -1
Level 1, episode reward at step 558793: -1
Level 1, episode reward at step 560791: -1
Level 1, episode reward at step 562789: -1
Level 1, episode reward at step 564787: -1
Level 1, episode reward at step 566785: -1
Level 1, episode reward at step 568783: -1
Level 1, episode reward at step 570781: -1
Level 1, episode reward at step 572779: -1
Level 1, episode reward at step 574777: -1
Level 1, episode reward at step 576775: -1
Level 1, episode reward at step 578773: -1
Level 1, episode reward at step 580771: -1
Level 1, episode reward at step 582769: -1
Level 1, episode reward at step 584767: -1
Level 1, episode reward at step 586765: -1
Level 1, episode reward at step 588763: -1
Level 1, episode reward at step 590761: -1
Level 1, episode reward at step 592759: -1
Level 1, episode reward at step 594757: -1
Level 1, episode reward at step 596755: -1
Level 1, episode reward at step 598753: -1
Level 1, episode reward at step 600751: -1
Level 1, episode reward at step 602749: -1
Level 1, episode reward at step 604747: -1
Level 1, episode reward at step 606745: -1
Level 1, episode reward at step 608743: -1
Level 1, episode reward at step 610741: -1
Level 1, episode reward at step 612739: -1
Level 1, episode reward at step 614737: -1
Level 1, episode reward at step 616735: -1
Level 1, episode reward at step 618733: -1
Level 1, episode reward at step 620731: -1
Level 1, episode reward at step 622729: -1
Level 1, episode reward at step 624727: -1
Level 1, episode reward at step 626725: -1
Level 1, episode reward at step 628723: -1
Level 1, episode reward at step 630721: -1
Level 1, episode reward at step 632719: -1
Level 1, episode reward at step 634717: -1
Level 1, episode reward at step 636715: -1
Level 1, episode reward at step 638713: -1
Level 1, episode reward at step 640711: -1
Level 1, episode reward at step 642709: -1
Level 1, episode reward at step 644707: -1
Level 1, episode reward at step 646705: -1
Level 1, episode reward at step 648703: -1
Level 1, episode reward at step 650701: -1
Level 1, episode reward at step 652699: -1
Level 1, episode reward at step 654697: -1
Level 1, episode reward at step 656695: -1
Level 1, episode reward at step 658693: -1
Level 1, episode reward at step 660691: -1
Level 1, episode reward at step 662689: -1
Level 1, episode reward at step 664687: -1
Level 1, episode reward at step 666685: -1
Level 1, episode reward at step 668683: -1
Level 1, episode reward at step 670681: -1
Level 1, episode reward at step 672679: -1
Level 1, episode reward at step 674677: -1
Level 1, episode reward at step 676675: -1
Level 1, episode reward at step 678673: -1
Level 1, episode reward at step 680671: -1
Level 1, episode reward at step 682669: -1
Level 1, episode reward at step 684667: -1
Level 1, episode reward at step 686665: -1
Level 1, episode reward at step 688663: -1
Level 1, episode reward at step 690661: -1
Level 1, episode reward at step 692659: -1
Level 1, episode reward at step 694657: -1
Level 1, episode reward at step 696655: -1
Level 1, episode reward at step 698653: -1
Level 1, episode reward at step 700651: -1
Level 1, episode reward at step 702649: -1
Level 1, episode reward at step 704647: -1
Level 1, episode reward at step 706645: -1
Level 1, episode reward at step 708643: -1
Level 1, episode reward at step 710641: -1
Level 1, episode reward at step 712639: -1
Level 1, episode reward at step 714637: -1
Level 1, episode reward at step 716635: -1
Level 1, episode reward at step 718633: -1
Level 1, episode reward at step 720631: -1
Level 1, episode reward at step 722629: -1
Level 1, episode reward at step 724627: -1
Level 1, episode reward at step 726625: -1
Level 1, episode reward at step 728623: -1
Level 1, episode reward at step 730621: -1
Level 1, episode reward at step 732619: -1
Level 1, episode reward at step 734617: -1
Level 1, episode reward at step 736615: -1
Level 1, episode reward at step 738613: -1
Level 1, episode reward at step 740611: -1
Level 1, episode reward at step 742609: -1
Level 1, episode reward at step 744607: -1
Level 1, episode reward at step 746605: -1
Level 1, episode reward at step 748603: -1
Level 1, episode reward at step 750601: -1
Level 1, episode reward at step 752599: -1
Level 1, episode reward at step 754597: -1
Level 1, episode reward at step 756595: -1
Level 1, episode reward at step 758593: -1
Level 1, episode reward at step 760591: -1
Level 1, episode reward at step 762589: -1
Level 1, episode reward at step 764587: -1
Level 1, episode reward at step 766585: -1
Level 1, episode reward at step 768583: -1
Level 1, episode reward at step 770581: -1
Level 1, episode reward at step 772579: -1
Level 1, episode reward at step 774577: -1
Level 1, episode reward at step 776575: -1
Level 1, episode reward at step 778573: -1
Level 1, episode reward at step 780571: -1
Level 1, episode reward at step 782569: -1
Level 1, episode reward at step 784567: -1
Level 1, episode reward at step 786565: -1
Level 1, episode reward at step 788563: -1
Level 1, episode reward at step 790561: -1
Level 1, episode reward at step 792559: -1
Level 1, episode reward at step 794557: -1
Level 1, episode reward at step 796555: -1
Level 1, episode reward at step 798553: -1
Level 1, episode reward at step 800551: -1
Level 1, episode reward at step 802549: -1
Level 1, episode reward at step 804547: -1
Level 1, episode reward at step 806545: -1
Level 1, episode reward at step 808543: -1
Level 1, episode reward at step 810541: -1
Level 1, episode reward at step 812539: -1
Level 1, episode reward at step 814537: -1
Level 1, episode reward at step 816535: -1
Level 1, episode reward at step 818533: -1
Level 1, episode reward at step 820531: -1
Level 1, episode reward at step 822529: -1
Level 1, episode reward at step 824527: -1
Level 1, episode reward at step 826525: -1
Level 1, episode reward at step 828523: -1
Level 1, episode reward at step 830521: -1
Level 1, episode reward at step 832519: -1
Level 1, episode reward at step 834517: -1
Level 1, episode reward at step 836515: -1
Level 1, episode reward at step 838513: -1
Level 1, episode reward at step 840511: -1
Level 1, episode reward at step 842509: -1
Level 1, episode reward at step 844507: -1
Level 1, episode reward at step 846505: -1
Level 1, episode reward at step 848503: -1
Level 1, episode reward at step 850501: -1
Level 1, episode reward at step 852499: -1
Level 1, episode reward at step 854497: -1
Level 1, episode reward at step 856495: -1
Level 1, episode reward at step 858493: -1
Level 1, episode reward at step 860491: -1
Level 1, episode reward at step 862489: -1
Level 1, episode reward at step 864487: -1
Level 1, episode reward at step 866485: -1
Level 1, episode reward at step 868483: -1
Level 1, episode reward at step 870481: -1
Level 1, episode reward at step 872479: -1
Level 1, episode reward at step 874477: -1
Level 1, episode reward at step 876475: -1
Level 1, episode reward at step 878473: -1
Level 1, episode reward at step 880471: -1
Level 1, episode reward at step 882469: -1
Level 1, episode reward at step 884467: -1
Level 1, episode reward at step 886465: -1
Level 1, episode reward at step 888463: -1
Level 1, episode reward at step 890461: -1
Level 1, episode reward at step 892459: -1
Level 1, episode reward at step 894457: -1
Level 1, episode reward at step 896455: -1
Level 1, episode reward at step 898453: -1
Level 1, episode reward at step 900451: -1
Level 1, episode reward at step 902449: -1
Level 1, episode reward at step 904447: -1
Level 1, episode reward at step 906445: -1
Level 1, episode reward at step 908443: -1
Level 1, episode reward at step 910441: -1
Level 1, episode reward at step 912439: -1
Level 1, episode reward at step 914437: -1
Level 1, episode reward at step 916435: -1
Level 1, episode reward at step 918433: -1
Level 1, episode reward at step 920431: -1
Level 1, episode reward at step 922429: -1
Level 1, episode reward at step 924427: -1
Level 1, episode reward at step 926425: -1
Level 1, episode reward at step 928423: -1
Level 1, episode reward at step 930421: -1
Level 1, episode reward at step 932419: -1
Level 1, episode reward at step 934417: -1
Level 1, episode reward at step 936415: -1
Level 1, episode reward at step 938413: -1
Level 1, episode reward at step 940411: -1
Level 1, episode reward at step 942409: -1
Level 1, episode reward at step 944407: -1
Level 1, episode reward at step 946405: -1
Level 1, episode reward at step 948403: -1
Level 1, episode reward at step 950401: -1
Level 1, episode reward at step 952399: -1
Level 1, episode reward at step 954397: -1
Level 1, episode reward at step 956395: -1
Level 1, episode reward at step 958393: -1
Level 1, episode reward at step 960391: -1
Level 1, episode reward at step 962389: -1
Level 1, episode reward at step 964387: -1
Level 1, episode reward at step 966385: -1
Level 1, episode reward at step 968383: -1
Level 1, episode reward at step 970381: -1
Level 1, episode reward at step 972379: -1
Level 1, episode reward at step 974377: -1
Level 1, episode reward at step 976375: -1
Level 1, episode reward at step 978373: -1
Level 1, episode reward at step 980371: -1
Level 1, episode reward at step 982369: -1
Level 1, episode reward at step 984367: -1
Level 1, episode reward at step 986365: -1
Level 1, episode reward at step 988363: -1
Level 1, episode reward at step 990361: -1
Level 1, episode reward at step 992359: -1
Level 1, episode reward at step 994357: -1
Level 1, episode reward at step 996355: -1
Level 1, episode reward at step 998353: -1
Done training ALL!
