/n/home13/kevinwu/.conda/envs/pt27/lib/python2.7/site-packages/skimage/transform/_warps.py:105: UserWarning: The default mode, 'constant', will be changed to 'reflect' in skimage 0.15.
  warn("The default mode, 'constant', will be changed to 'reflect' in "
/n/home13/kevinwu/.conda/envs/pt27/lib/python2.7/site-packages/skimage/transform/_warps.py:110: UserWarning: Anti-aliasing will be enabled by default in skimage 0.15 to avoid aliasing artifacts when down-sampling images.
  warn("Anti-aliasing will be enabled by default in skimage 0.15 to "
Namespace(batch_size=32, criteria='1/1', cuda=1, doubleq=1, eps_decay=200.0, eps_end=0.1, eps_start=1, game_name='variant_jaws_2', gamma=0.999, img_size=64, level_switch='sequential', lr=0.00025, max_mem=50000, max_steps=1000000.0, model_name='DQN', model_weight_path=None, num_episodes=20000, num_trials=1, pretrain=0, random_seed=7, target_update=100, test_mode=0, timeout=2000, trial_num='1')
Game: variant_jaws_2
variant_jaws_2
Training at seed = 1
Training Starting
-------------------------
Level 0, episode reward at step 154: -1
Level 0, episode reward at step 455: -1
Level 0, episode reward at step 539: -1
Level 0, episode reward at step 757: 1
Level 0, episode reward at step 850: -1
Level 0, episode reward at step 965: 1
Level 0, episode reward at step 1073: -1
Level 0, episode reward at step 1184: -1
Level 0, episode reward at step 1375: 1
Level 0, episode reward at step 1475: -1
Level 0, episode reward at step 1649: 0
Level 0, episode reward at step 1739: -1
Level 0, episode reward at step 1817: -1
Level 0, episode reward at step 2074: 2
Level 0, episode reward at step 2193: 0
Level 0, episode reward at step 2280: -1
Level 0, episode reward at step 2368: 1
Level 0, episode reward at step 2559: 0
Level 0, episode reward at step 2704: -1
Level 0, episode reward at step 2910: -1
Level 0, episode reward at step 2994: -1
Level 0, episode reward at step 3086: -1
Level 0, episode reward at step 3114: -1
Level 0, episode reward at step 3302: 2
Level 0, episode reward at step 3387: -1
Level 0, episode reward at step 3762: 2
Level 0, episode reward at step 3910: 0
Level 0, episode reward at step 4109: 3
Level 0, episode reward at step 4317: 1
Level 0, episode reward at step 4375: -1
Level 0, episode reward at step 4466: -1
Level 0, episode reward at step 4704: 5
Level 0, episode reward at step 4874: 2
Level 0, episode reward at step 4976: 0
Level 0, episode reward at step 5151: 3
Level 0, episode reward at step 5234: -1
Level 0, episode reward at step 5322: 1
Level 0, episode reward at step 5461: 0
Level 0, episode reward at step 5630: -1
Level 0, episode reward at step 5878: -1
Level 0, episode reward at step 5948: 1
Level 0, episode reward at step 6194: 4
Level 0, episode reward at step 6367: 0
Level 0, episode reward at step 6518: 1
Level 0, episode reward at step 6811: -1
Level 0, episode reward at step 6858: -1
Level 0, episode reward at step 6976: 0
Level 0, episode reward at step 7032: -1
Level 0, episode reward at step 7388: 0
Level 0, episode reward at step 7624: -1
Level 0, episode reward at step 7989: 2
Level 0, episode reward at step 8127: -1
Level 0, episode reward at step 8450: 2
Level 0, episode reward at step 8673: 4
Level 0, episode reward at step 8931: -1
Level 0, episode reward at step 9200: 0
New Best Reward: 0
Level 0, episode reward at step 9358: 1
Level 0, episode reward at step 9381: -1
Level 0, episode reward at step 9406: -1
Level 0, episode reward at step 9506: -1
Level 0, episode reward at step 9615: 1
Level 0, episode reward at step 9775: 1
Level 0, episode reward at step 9953: 1
Level 0, episode reward at step 10132: -1
Level 0, episode reward at step 10195: -1
Level 0, episode reward at step 10321: 3
Level 0, episode reward at step 10491: 0
Level 0, episode reward at step 10593: 1
Level 0, episode reward at step 10687: -1
Level 0, episode reward at step 10756: 2
Level 0, episode reward at step 10814: 1
Level 0, episode reward at step 10825: -1
Level 0, episode reward at step 10887: -1
Level 0, episode reward at step 11017: 0
Level 0, episode reward at step 11363: 2
Level 0, episode reward at step 11676: 3
Level 0, episode reward at step 11764: -1
Level 0, episode reward at step 11843: 0
Level 0, episode reward at step 11975: 0
Level 0, episode reward at step 12187: 2
Level 0, episode reward at step 12346: 5
Level 0, episode reward at step 12574: 2
Level 0, episode reward at step 12710: 0
Level 0, episode reward at step 12854: 2
Level 0, episode reward at step 12997: -1
Level 0, episode reward at step 13292: 0
Level 0, episode reward at step 13416: 2
Level 0, episode reward at step 13436: -1
Level 0, episode reward at step 13482: -1
Level 0, episode reward at step 13530: -1
Level 0, episode reward at step 13613: 1
Level 0, episode reward at step 13934: 2
Level 0, episode reward at step 14052: 0
Level 0, episode reward at step 14221: -1
Level 0, episode reward at step 14367: -1
Level 0, episode reward at step 14648: 2
Level 0, episode reward at step 14817: 1
Level 0, episode reward at step 14925: 0
Level 0, episode reward at step 14984: -1
Level 0, episode reward at step 15105: 0
Level 0, episode reward at step 15238: 0
Level 0, episode reward at step 15395: 2
Level 0, episode reward at step 15485: -1
Level 0, episode reward at step 15574: 0
Level 0, episode reward at step 15595: -1
Level 0, episode reward at step 15727: -1
Level 0, episode reward at step 15778: 0
Level 0, episode reward at step 15807: -1
Level 0, episode reward at step 15933: -1
Level 0, episode reward at step 16115: -1
Level 0, episode reward at step 16272: 2
Level 0, episode reward at step 16329: -1
Level 0, episode reward at step 16487: 1
Level 0, episode reward at step 16547: 2
Level 0, episode reward at step 16566: -1
Level 0, episode reward at step 16657: 2
Level 0, episode reward at step 16703: -1
Level 0, episode reward at step 16776: -1
Level 0, episode reward at step 16878: 0
Level 0, episode reward at step 16913: -1
Level 0, episode reward at step 17031: -1
Level 0, episode reward at step 17205: -1
Level 0, episode reward at step 17302: 0
Level 0, episode reward at step 17319: -1
Level 0, episode reward at step 17373: -1
Level 0, episode reward at step 17457: 0
Level 0, episode reward at step 17563: -1
Level 0, episode reward at step 17673: 0
Level 0, episode reward at step 17698: -1
Level 0, episode reward at step 17738: 0
Level 0, episode reward at step 17771: -1
Level 0, episode reward at step 17916: 2
Level 0, episode reward at step 18034: 0
Level 0, episode reward at step 18286: 3
Level 0, episode reward at step 18426: -1
Level 0, episode reward at step 18594: -1
Level 0, episode reward at step 18662: -1
Level 0, episode reward at step 18828: -1
Level 0, episode reward at step 19072: -1
Level 0, episode reward at step 19277: 7
Level 0, episode reward at step 19463: 2
Level 0, episode reward at step 19762: 0
Level 0, episode reward at step 19881: 0
Level 0, episode reward at step 19973: 0
Level 0, episode reward at step 20163: -1
Level 0, episode reward at step 20276: -1
Level 0, episode reward at step 20435: 0
Level 0, episode reward at step 20766: -1
Level 0, episode reward at step 20999: -1
Level 0, episode reward at step 21450: -1
Level 0, episode reward at step 21738: 0
Level 0, episode reward at step 21796: -1
Level 0, episode reward at step 22009: -1
Level 0, episode reward at step 22279: 1
Level 0, episode reward at step 22516: -1
Level 0, episode reward at step 22749: 0
Level 0, episode reward at step 22989: -1
Level 0, episode reward at step 23224: 3
Level 0, episode reward at step 23387: -1
Level 0, episode reward at step 23707: 2
Level 0, episode reward at step 24167: 1
Level 0, episode reward at step 24389: 0
Level 0, episode reward at step 24506: -1
Level 0, episode reward at step 24678: 2
Level 0, episode reward at step 24906: 1
Level 0, episode reward at step 24980: -1
Level 0, episode reward at step 25065: -1
Level 0, episode reward at step 25278: -1
Level 0, episode reward at step 25427: -1
Level 0, episode reward at step 25494: -1
Level 0, episode reward at step 25807: 1
Level 0, episode reward at step 25962: -1
Level 0, episode reward at step 26068: -1
Level 0, episode reward at step 26300: -1
New Best Reward: -1
Level 0, episode reward at step 26408: -1
Level 0, episode reward at step 26683: 4
Level 0, episode reward at step 26775: -1
Level 0, episode reward at step 26950: -1
Level 0, episode reward at step 27256: 0
Level 0, episode reward at step 27417: -1
Level 0, episode reward at step 27755: 2
Level 0, episode reward at step 28152: 1
Level 0, episode reward at step 28315: -1
Level 0, episode reward at step 28701: 5
Level 0, episode reward at step 29015: 5
Level 0, episode reward at step 29423: 0
Level 0, episode reward at step 29531: 0
Level 0, episode reward at step 29704: 1
Level 0, episode reward at step 29753: -1
Level 0, episode reward at step 29792: -1
Level 0, episode reward at step 29893: -1
Level 0, episode reward at step 30248: -1
Level 0, episode reward at step 30326: -1
Level 0, episode reward at step 30488: -1
Level 0, episode reward at step 30526: -1
Level 0, episode reward at step 30564: -1
Level 0, episode reward at step 30658: 2
Level 0, episode reward at step 30926: 0
Level 0, episode reward at step 31195: 0
Level 0, episode reward at step 31542: 0
Level 0, episode reward at step 31973: -1
Level 0, episode reward at step 32115: -1
Level 0, episode reward at step 32307: -1
Level 0, episode reward at step 32459: 0
Level 0, episode reward at step 32548: 0
Level 0, episode reward at step 32729: -1
Level 0, episode reward at step 32769: -1
Level 0, episode reward at step 32855: -1
Level 0, episode reward at step 32955: -1
Level 0, episode reward at step 33184: 2
Level 0, episode reward at step 33282: 3
Level 0, episode reward at step 33421: 2
Level 0, episode reward at step 33598: -1
Level 0, episode reward at step 33983: 2
Level 0, episode reward at step 34118: 3
Level 0, episode reward at step 34313: -1
Level 0, episode reward at step 34645: 5
Level 0, episode reward at step 34821: 1
Level 0, episode reward at step 34894: -1
Level 0, episode reward at step 35024: 1
Level 0, episode reward at step 35199: 0
Level 0, episode reward at step 35297: -1
Level 0, episode reward at step 35417: -1
Level 0, episode reward at step 35601: 2
Level 0, episode reward at step 35762: 3
Level 0, episode reward at step 36002: 6
Level 0, episode reward at step 36612: 10
Level 0, episode reward at step 36716: -1
Level 0, episode reward at step 36734: -1
Level 0, episode reward at step 36982: -1
Level 0, episode reward at step 37115: -1
Level 0, episode reward at step 37285: 3
Level 0, episode reward at step 37526: 0
Level 0, episode reward at step 37803: 4
Level 0, episode reward at step 38056: 2
Level 0, episode reward at step 38345: 0
Level 0, episode reward at step 38770: 1
Level 0, episode reward at step 39083: 3
Level 0, episode reward at step 39377: 0
Level 0, episode reward at step 39535: 0
Level 0, episode reward at step 39788: 2
Level 0, episode reward at step 40080: 3
Level 0, episode reward at step 40234: -1
Level 0, episode reward at step 40384: 1
Level 0, episode reward at step 40495: 1
Level 0, episode reward at step 40558: 0
Level 0, episode reward at step 40835: 2
Level 0, episode reward at step 41053: 1
Level 0, episode reward at step 41298: 6
Level 0, episode reward at step 41384: -1
Level 0, episode reward at step 41527: -1
Level 0, episode reward at step 41678: 0
Level 0, episode reward at step 41820: -1
Level 0, episode reward at step 41912: -1
Level 0, episode reward at step 41968: -1
Level 0, episode reward at step 42126: 2
Level 0, episode reward at step 42232: -1
Level 0, episode reward at step 42472: 4
Level 0, episode reward at step 42541: 1
Level 0, episode reward at step 42584: -1
Level 0, episode reward at step 42658: -1
Level 0, episode reward at step 42671: -1
Level 0, episode reward at step 42879: -1
Level 0, episode reward at step 43232: 7
Level 0, episode reward at step 43407: 0
Level 0, episode reward at step 43804: 1
Level 0, episode reward at step 44219: 0
Level 0, episode reward at step 44344: 0
Level 0, episode reward at step 44581: -1
Level 0, episode reward at step 44753: 4
Level 0, episode reward at step 44843: -1
Level 0, episode reward at step 44882: -1
Level 0, episode reward at step 44997: 0
Level 0, episode reward at step 45215: 2
Level 0, episode reward at step 45254: -1
Level 0, episode reward at step 45312: 1
Level 0, episode reward at step 45369: -1
Level 0, episode reward at step 45542: 2
Level 0, episode reward at step 45804: 5
Level 0, episode reward at step 46024: 2
Level 0, episode reward at step 46182: 1
Level 0, episode reward at step 46422: 0
Level 0, episode reward at step 46510: 0
Level 0, episode reward at step 46558: -1
Level 0, episode reward at step 46775: 2
Level 0, episode reward at step 47003: 5
Level 0, episode reward at step 47093: -1
Level 0, episode reward at step 47308: -1
Level 0, episode reward at step 47386: -1
Level 0, episode reward at step 47584: 3
Level 0, episode reward at step 47754: 6
Level 0, episode reward at step 47843: -1
Level 0, episode reward at step 47902: -1
Level 0, episode reward at step 47944: -1
Level 0, episode reward at step 48134: -1
Level 0, episode reward at step 48206: -1
Level 0, episode reward at step 48348: 1
Level 0, episode reward at step 48495: 3
Level 0, episode reward at step 48702: 2
Level 0, episode reward at step 48780: 5
Level 0, episode reward at step 48958: 4
Level 0, episode reward at step 49089: 0
Level 0, episode reward at step 49148: -1
Level 0, episode reward at step 49236: -1
Level 0, episode reward at step 49504: -1
Level 0, episode reward at step 49683: 3
Level 0, episode reward at step 49916: 0
Level 0, episode reward at step 50008: 0
Level 0, episode reward at step 50296: -1
Level 0, episode reward at step 50379: -1
Level 0, episode reward at step 50585: 0
Level 0, episode reward at step 50827: 1
Level 0, episode reward at step 51015: 4
Level 0, episode reward at step 51124: 4
Level 0, episode reward at step 51201: -1
Level 0, episode reward at step 51261: -1
Level 0, episode reward at step 51433: 0
Level 0, episode reward at step 51590: 3
Level 0, episode reward at step 51927: 3
Level 0, episode reward at step 52015: -1
Level 0, episode reward at step 52115: 0
Level 0, episode reward at step 52243: 1
Level 0, episode reward at step 52363: -1
Level 0, episode reward at step 52570: 0
Level 0, episode reward at step 52741: 1
Level 0, episode reward at step 52847: 1
Level 0, episode reward at step 52872: -1
Level 0, episode reward at step 52990: -1
Level 0, episode reward at step 53128: -1
Level 0, episode reward at step 53377: 6
Level 0, episode reward at step 53644: -1
Level 0, episode reward at step 53916: 2
Level 0, episode reward at step 53994: -1
Level 0, episode reward at step 54276: 8
Level 0, episode reward at step 54489: -1
Level 0, episode reward at step 54710: -1
Level 0, episode reward at step 54852: 0
Level 0, episode reward at step 54951: -1
Level 0, episode reward at step 55243: 11
Level 0, episode reward at step 55496: 0
Level 0, episode reward at step 55734: 4
Level 0, episode reward at step 55954: -1
Level 0, episode reward at step 56191: 2
Level 0, episode reward at step 56421: 5
Level 0, episode reward at step 56887: 0
Level 0, episode reward at step 57261: -1
Level 0, episode reward at step 57449: -1
Level 0, episode reward at step 57706: 1
Level 0, episode reward at step 57974: 1
Level 0, episode reward at step 58074: 0
Level 0, episode reward at step 58516: 0
Level 0, episode reward at step 58602: -1
Level 0, episode reward at step 58922: 5
Next Level!
Level 1, episode reward at step 59056: 0
Level 1, episode reward at step 59433: 5
Level 1, episode reward at step 59614: 1
Level 1, episode reward at step 59820: 0
Level 1, episode reward at step 59951: -1
Level 1, episode reward at step 60197: 2
Level 1, episode reward at step 60246: -1
Level 1, episode reward at step 60351: -1
Level 1, episode reward at step 60571: -1
Level 1, episode reward at step 60657: -1
Level 1, episode reward at step 60755: -1
Level 1, episode reward at step 60828: 2
Level 1, episode reward at step 60916: -1
Level 1, episode reward at step 61019: 2
Level 1, episode reward at step 61311: 1
Level 1, episode reward at step 61457: 0
Level 1, episode reward at step 61886: 4
Level 1, episode reward at step 61950: 0
Level 1, episode reward at step 61992: -1
Level 1, episode reward at step 62077: -1
Level 1, episode reward at step 62243: -1
Level 1, episode reward at step 62315: -1
Level 1, episode reward at step 62436: -1
Level 1, episode reward at step 62504: -1
Level 1, episode reward at step 62580: -1
Level 1, episode reward at step 62618: 1
Level 1, episode reward at step 62876: 3
Level 1, episode reward at step 63118: -1
Level 1, episode reward at step 63289: -1
Level 1, episode reward at step 63407: -1
Level 1, episode reward at step 63491: -1
Level 1, episode reward at step 63549: 1
Level 1, episode reward at step 64012: -1
Level 1, episode reward at step 64312: -1
Level 1, episode reward at step 64445: -1
Level 1, episode reward at step 64808: 2
Level 1, episode reward at step 64994: -1
Level 1, episode reward at step 65032: 0
Level 1, episode reward at step 65083: 1
Level 1, episode reward at step 65181: -1
Level 1, episode reward at step 65425: 1
Level 1, episode reward at step 65642: -1
Level 1, episode reward at step 65716: 3
Level 1, episode reward at step 65807: 2
Level 1, episode reward at step 66232: -1
Level 1, episode reward at step 66405: 1
Level 1, episode reward at step 66515: -1
Level 1, episode reward at step 66636: 0
Level 1, episode reward at step 66739: -1
Level 1, episode reward at step 66881: -1
Level 1, episode reward at step 67199: -1
Level 1, episode reward at step 67271: 0
Level 1, episode reward at step 67356: 0
Level 1, episode reward at step 67535: 3
Level 1, episode reward at step 67653: -1
Level 1, episode reward at step 67809: 0
Level 1, episode reward at step 68000: 0
New Best Reward: 0
Level 1, episode reward at step 68299: -1
Level 1, episode reward at step 68565: 0
Level 1, episode reward at step 68824: -1
Level 1, episode reward at step 69060: -1
Level 1, episode reward at step 69311: -1
Level 1, episode reward at step 69369: -1
Level 1, episode reward at step 69667: -1
Level 1, episode reward at step 69920: -1
Level 1, episode reward at step 70021: -1
Level 1, episode reward at step 70153: -1
Level 1, episode reward at step 70312: -1
Level 1, episode reward at step 70358: -1
Level 1, episode reward at step 70549: -1
Level 1, episode reward at step 70839: -1
Level 1, episode reward at step 71011: 3
Level 1, episode reward at step 71378: 1
Level 1, episode reward at step 71726: -1
Level 1, episode reward at step 71767: -1
Level 1, episode reward at step 71844: -1
Level 1, episode reward at step 71870: -1
Level 1, episode reward at step 71902: -1
Level 1, episode reward at step 71980: -1
Level 1, episode reward at step 72191: -1
Level 1, episode reward at step 72415: -1
Level 1, episode reward at step 72554: 1
Level 1, episode reward at step 72707: 1
Level 1, episode reward at step 72908: 1
Level 1, episode reward at step 72975: -1
Level 1, episode reward at step 73052: -1
Level 1, episode reward at step 73251: -1
Level 1, episode reward at step 73332: -1
Level 1, episode reward at step 73550: 1
Level 1, episode reward at step 73937: 0
Level 1, episode reward at step 73984: -1
Level 1, episode reward at step 74153: 0
Level 1, episode reward at step 74220: -1
Level 1, episode reward at step 74442: -1
Level 1, episode reward at step 74666: -1
Level 1, episode reward at step 74834: -1
Level 1, episode reward at step 74994: -1
Level 1, episode reward at step 75462: 1
Level 1, episode reward at step 75529: -1
Level 1, episode reward at step 75609: -1
Level 1, episode reward at step 75678: 1
Level 1, episode reward at step 75765: -1
Level 1, episode reward at step 75838: -1
Level 1, episode reward at step 75879: -1
Level 1, episode reward at step 75964: -1
Level 1, episode reward at step 76191: -1
Level 1, episode reward at step 76309: -1
Level 1, episode reward at step 77127: 3
Level 1, episode reward at step 77182: -1
Level 1, episode reward at step 77194: -1
Level 1, episode reward at step 77272: -1
Level 1, episode reward at step 77354: -1
Level 1, episode reward at step 77390: -1
Level 1, episode reward at step 77644: -1
Level 1, episode reward at step 77707: -1
Level 1, episode reward at step 77767: -1
Level 1, episode reward at step 77823: -1
Level 1, episode reward at step 77865: -1
Level 1, episode reward at step 78213: -1
Level 1, episode reward at step 78531: 0
Level 1, episode reward at step 78572: -1
Level 1, episode reward at step 78615: -1
Level 1, episode reward at step 78684: -1
Level 1, episode reward at step 78703: -1
Level 1, episode reward at step 78723: -1
Level 1, episode reward at step 78887: -1
Level 1, episode reward at step 79013: -1
Level 1, episode reward at step 79238: 2
Level 1, episode reward at step 79587: -1
Level 1, episode reward at step 79849: 3
Level 1, episode reward at step 79999: -1
Level 1, episode reward at step 80175: -1
Level 1, episode reward at step 80208: -1
Level 1, episode reward at step 80267: -1
Level 1, episode reward at step 80301: -1
Level 1, episode reward at step 80324: -1
Level 1, episode reward at step 80395: -1
Level 1, episode reward at step 80507: -1
Level 1, episode reward at step 81151: -1
Level 1, episode reward at step 81328: -1
Level 1, episode reward at step 81379: -1
Level 1, episode reward at step 81404: -1
Level 1, episode reward at step 81492: -1
Level 1, episode reward at step 81503: -1
Level 1, episode reward at step 81519: -1
Level 1, episode reward at step 81537: -1
Level 1, episode reward at step 81745: -1
Level 1, episode reward at step 81786: -1
Level 1, episode reward at step 81799: -1
Level 1, episode reward at step 81813: -1
Level 1, episode reward at step 81876: -1
Level 1, episode reward at step 82174: -1
Level 1, episode reward at step 82276: -1
Level 1, episode reward at step 82409: -1
Level 1, episode reward at step 82870: -1
Level 1, episode reward at step 83103: -1
Level 1, episode reward at step 83511: -1
Level 1, episode reward at step 83810: -1
Level 1, episode reward at step 84186: -1
Level 1, episode reward at step 84330: -1
Level 1, episode reward at step 84613: -1
Level 1, episode reward at step 84775: -1
Level 1, episode reward at step 84809: -1
Level 1, episode reward at step 84838: -1
Level 1, episode reward at step 84937: -1
Level 1, episode reward at step 85167: -1
Level 1, episode reward at step 85394: -1
Level 1, episode reward at step 85637: -1
Level 1, episode reward at step 85855: 1
Level 1, episode reward at step 86203: 2
Level 1, episode reward at step 86277: -1
Level 1, episode reward at step 86603: -1
Level 1, episode reward at step 86851: -1
Level 1, episode reward at step 87095: -1
Level 1, episode reward at step 87199: -1
Level 1, episode reward at step 87391: -1
Level 1, episode reward at step 87492: -1
Level 1, episode reward at step 87646: 0
Level 1, episode reward at step 87977: -1
Level 1, episode reward at step 88282: 0
Level 1, episode reward at step 88378: -1
Level 1, episode reward at step 88404: -1
Level 1, episode reward at step 88498: -1
Level 1, episode reward at step 88814: 0
Level 1, episode reward at step 89002: -1
Level 1, episode reward at step 89049: -1
Level 1, episode reward at step 89071: -1
Level 1, episode reward at step 89380: 0
Level 1, episode reward at step 89655: -1
Level 1, episode reward at step 89733: -1
Level 1, episode reward at step 90025: -1
Level 1, episode reward at step 90315: -1
Level 1, episode reward at step 90472: -1
Level 1, episode reward at step 90828: 0
Level 1, episode reward at step 91079: -1
Level 1, episode reward at step 91372: -1
Level 1, episode reward at step 91650: -1
Level 1, episode reward at step 91806: -1
Level 1, episode reward at step 92235: 0
Level 1, episode reward at step 92628: 2
Level 1, episode reward at step 92883: -1
Level 1, episode reward at step 93236: -1
Level 1, episode reward at step 93470: -1
Level 1, episode reward at step 93730: -1
Level 1, episode reward at step 93974: -1
Level 1, episode reward at step 94186: -1
Level 1, episode reward at step 94385: -1
Level 1, episode reward at step 94641: -1
Level 1, episode reward at step 94993: 2
Level 1, episode reward at step 95229: -1
Level 1, episode reward at step 95437: -1
Level 1, episode reward at step 95669: -1
Level 1, episode reward at step 95914: -1
Level 1, episode reward at step 96175: -1
Level 1, episode reward at step 96463: -1
Level 1, episode reward at step 96762: -1
Level 1, episode reward at step 97302: 0
Level 1, episode reward at step 97564: 0
Level 1, episode reward at step 97936: 0
Level 1, episode reward at step 98177: -1
Level 1, episode reward at step 98522: 1
Level 1, episode reward at step 98803: -1
Level 1, episode reward at step 99052: -1
Level 1, episode reward at step 99348: 1
Level 1, episode reward at step 99700: -1
New Best Reward: -1
Level 1, episode reward at step 100031: -1
Level 1, episode reward at step 100242: -1
Level 1, episode reward at step 100535: -1
Level 1, episode reward at step 100872: -1
Level 1, episode reward at step 101072: 0
Level 1, episode reward at step 101384: -1
Level 1, episode reward at step 101776: 1
Level 1, episode reward at step 102033: -1
Level 1, episode reward at step 102287: 0
Level 1, episode reward at step 102592: -1
Level 1, episode reward at step 102870: -1
Level 1, episode reward at step 103217: 2
Level 1, episode reward at step 103487: -1
Level 1, episode reward at step 103738: -1
Level 1, episode reward at step 103908: -1
Level 1, episode reward at step 104256: 0
Level 1, episode reward at step 104533: 0
Level 1, episode reward at step 104851: -1
Level 1, episode reward at step 105186: -1
Level 1, episode reward at step 105595: 0
Level 1, episode reward at step 105780: -1
Level 1, episode reward at step 105983: -1
Level 1, episode reward at step 106274: -1
Level 1, episode reward at step 106729: 1
Level 1, episode reward at step 106973: -1
Level 1, episode reward at step 107313: -1
Level 1, episode reward at step 107627: -1
Level 1, episode reward at step 107676: -1
Level 1, episode reward at step 107995: 0
Level 1, episode reward at step 108174: -1
Level 1, episode reward at step 108384: -1
Level 1, episode reward at step 108877: 3
Level 1, episode reward at step 109188: -1
Level 1, episode reward at step 109429: -1
Level 1, episode reward at step 109813: -1
Level 1, episode reward at step 110084: 0
Level 1, episode reward at step 110497: -1
Level 1, episode reward at step 110720: -1
Level 1, episode reward at step 110980: -1
Level 1, episode reward at step 111326: 1
Level 1, episode reward at step 111578: -1
Level 1, episode reward at step 111785: -1
Level 1, episode reward at step 111942: -1
Level 1, episode reward at step 112311: -1
Level 1, episode reward at step 112503: -1
Level 1, episode reward at step 112892: -1
Level 1, episode reward at step 113040: -1
Level 1, episode reward at step 113271: -1
Level 1, episode reward at step 113372: -1
Level 1, episode reward at step 113547: -1
Level 1, episode reward at step 113963: -1
Level 1, episode reward at step 114332: 2
Level 1, episode reward at step 114631: -1
Level 1, episode reward at step 114868: -1
Level 1, episode reward at step 115090: -1
Level 1, episode reward at step 115394: -1
Level 1, episode reward at step 115628: -1
Level 1, episode reward at step 116030: -1
Level 1, episode reward at step 116401: -1
Level 1, episode reward at step 116643: -1
Level 1, episode reward at step 116965: -1
Level 1, episode reward at step 117222: -1
Level 1, episode reward at step 117459: -1
Level 1, episode reward at step 117690: 0
Level 1, episode reward at step 117978: -1
Level 1, episode reward at step 118287: 0
Level 1, episode reward at step 118626: -1
Level 1, episode reward at step 118941: -1
Level 1, episode reward at step 119170: -1
Level 1, episode reward at step 119520: 0
Level 1, episode reward at step 119786: -1
Level 1, episode reward at step 120021: -1
Level 1, episode reward at step 120260: -1
Level 1, episode reward at step 120517: -1
Level 1, episode reward at step 120736: -1
Level 1, episode reward at step 120924: -1
Level 1, episode reward at step 121263: -1
Level 1, episode reward at step 121452: -1
Level 1, episode reward at step 121754: -1
Level 1, episode reward at step 122017: -1
Level 1, episode reward at step 122316: -1
Level 1, episode reward at step 122583: -1
Level 1, episode reward at step 122921: -1
Level 1, episode reward at step 123174: 0
Level 1, episode reward at step 123479: -1
Level 1, episode reward at step 123797: -1
Level 1, episode reward at step 124004: -1
Level 1, episode reward at step 124192: -1
Level 1, episode reward at step 124610: 1
Level 1, episode reward at step 125042: -1
Level 1, episode reward at step 125358: 0
Level 1, episode reward at step 125498: 1
Level 1, episode reward at step 125786: -1
Level 1, episode reward at step 126132: 0
Level 1, episode reward at step 126528: -1
Level 1, episode reward at step 126808: -1
Level 1, episode reward at step 127045: -1
Level 1, episode reward at step 127288: -1
Level 1, episode reward at step 127544: 0
Level 1, episode reward at step 127972: -1
Level 1, episode reward at step 128231: -1
Level 1, episode reward at step 128426: -1
Level 1, episode reward at step 128618: -1
Level 1, episode reward at step 128879: -1
Level 1, episode reward at step 128903: -1
Level 1, episode reward at step 129118: -1
Level 1, episode reward at step 129328: -1
Level 1, episode reward at step 129679: -1
Level 1, episode reward at step 129888: -1
Level 1, episode reward at step 130137: -1
Level 1, episode reward at step 130456: 0
Level 1, episode reward at step 130791: -1
Level 1, episode reward at step 131029: -1
Level 1, episode reward at step 131239: -1
Level 1, episode reward at step 131649: -1
Level 1, episode reward at step 131908: -1
Level 1, episode reward at step 132129: -1
Level 1, episode reward at step 132529: 0
Level 1, episode reward at step 132697: -1
Level 1, episode reward at step 133122: -1
Level 1, episode reward at step 133413: -1
Level 1, episode reward at step 133657: -1
Level 1, episode reward at step 134016: -1
Level 1, episode reward at step 134244: -1
Level 1, episode reward at step 134531: -1
Level 1, episode reward at step 134734: -1
Level 1, episode reward at step 135067: -1
Level 1, episode reward at step 135225: -1
Level 1, episode reward at step 135481: -1
Level 1, episode reward at step 135724: -1
Level 1, episode reward at step 135922: -1
Level 1, episode reward at step 136249: -1
Level 1, episode reward at step 136715: 4
Level 1, episode reward at step 136900: -1
New Best Reward: -1
Level 1, episode reward at step 137283: -1
Level 1, episode reward at step 137613: 1
Level 1, episode reward at step 137813: -1
Level 1, episode reward at step 137861: -1
Level 1, episode reward at step 138250: -1
Level 1, episode reward at step 138466: -1
Level 1, episode reward at step 138729: -1
Level 1, episode reward at step 139057: 0
Level 1, episode reward at step 139337: 0
Level 1, episode reward at step 139662: 0
Level 1, episode reward at step 140050: 1
Level 1, episode reward at step 140496: 1
Level 1, episode reward at step 140788: 0
Level 1, episode reward at step 141041: -1
Level 1, episode reward at step 141374: 1
Level 1, episode reward at step 141614: 0
Level 1, episode reward at step 142009: 0
Level 1, episode reward at step 142232: 0
Level 1, episode reward at step 142514: -1
Level 1, episode reward at step 142700: -1
New Best Reward: -1
Level 1, episode reward at step 142967: -1
Level 1, episode reward at step 143405: 2
Level 1, episode reward at step 143690: 0
Level 1, episode reward at step 143989: 0
Level 1, episode reward at step 144334: 1
Level 1, episode reward at step 144616: -1
Level 1, episode reward at step 144751: -1
Level 1, episode reward at step 145028: -1
Level 1, episode reward at step 145324: 1
Level 1, episode reward at step 145436: -1
Level 1, episode reward at step 145633: -1
Level 1, episode reward at step 145904: -1
Level 1, episode reward at step 146100: -1
New Best Reward: -1
Level 1, episode reward at step 146436: -1
Level 1, episode reward at step 146839: -1
Level 1, episode reward at step 147051: -1
Level 1, episode reward at step 147259: -1
Level 1, episode reward at step 147389: -1
Level 1, episode reward at step 147622: -1
Level 1, episode reward at step 147808: -1
Level 1, episode reward at step 148084: -1
Level 1, episode reward at step 148337: -1
Level 1, episode reward at step 148615: 0
Level 1, episode reward at step 148789: -1
Level 1, episode reward at step 148974: -1
Level 1, episode reward at step 149268: -1
Level 1, episode reward at step 149526: -1
Level 1, episode reward at step 149770: -1
Level 1, episode reward at step 149988: 0
Level 1, episode reward at step 150231: -1
Level 1, episode reward at step 150339: -1
Level 1, episode reward at step 150621: -1
Level 1, episode reward at step 150837: -1
Level 1, episode reward at step 151116: -1
Level 1, episode reward at step 151336: -1
Level 1, episode reward at step 151439: -1
Level 1, episode reward at step 151674: -1
Level 1, episode reward at step 151915: -1
Level 1, episode reward at step 152197: 0
Level 1, episode reward at step 152450: -1
Level 1, episode reward at step 152670: -1
Level 1, episode reward at step 152920: -1
Level 1, episode reward at step 153170: -1
Level 1, episode reward at step 153392: -1
Level 1, episode reward at step 153648: -1
Level 1, episode reward at step 153896: -1
Level 1, episode reward at step 154067: -1
Level 1, episode reward at step 154272: -1
Level 1, episode reward at step 154429: -1
Level 1, episode reward at step 154715: -1
Level 1, episode reward at step 154908: -1
Level 1, episode reward at step 155176: -1
Level 1, episode reward at step 155424: -1
Level 1, episode reward at step 155694: -1
Level 1, episode reward at step 155959: -1
Level 1, episode reward at step 156361: 2
Level 1, episode reward at step 156544: -1
Level 1, episode reward at step 156750: -1
Level 1, episode reward at step 157058: -1
Level 1, episode reward at step 157234: -1
Level 1, episode reward at step 157452: -1
Level 1, episode reward at step 157713: -1
Level 1, episode reward at step 157935: -1
Level 1, episode reward at step 158169: -1
Level 1, episode reward at step 158322: -1
Level 1, episode reward at step 158579: -1
Level 1, episode reward at step 158883: -1
Level 1, episode reward at step 159104: -1
Level 1, episode reward at step 159304: -1
Level 1, episode reward at step 159602: -1
Level 1, episode reward at step 159848: -1
Level 1, episode reward at step 160071: -1
Level 1, episode reward at step 160309: -1
Level 1, episode reward at step 160536: -1
Level 1, episode reward at step 160666: -1
Level 1, episode reward at step 160839: -1
Level 1, episode reward at step 161089: -1
Level 1, episode reward at step 161136: -1
Level 1, episode reward at step 161397: -1
Level 1, episode reward at step 161654: -1
Level 1, episode reward at step 161966: -1
Level 1, episode reward at step 162035: -1
Level 1, episode reward at step 162193: 0
Level 1, episode reward at step 162492: -1
Level 1, episode reward at step 162731: -1
Level 1, episode reward at step 162943: -1
Level 1, episode reward at step 163206: -1
Level 1, episode reward at step 163470: -1
Level 1, episode reward at step 163653: -1
Level 1, episode reward at step 163856: -1
Level 1, episode reward at step 164160: -1
Level 1, episode reward at step 164390: -1
Level 1, episode reward at step 164571: -1
Level 1, episode reward at step 164960: -1
Level 1, episode reward at step 165209: -1
Level 1, episode reward at step 165447: -1
Level 1, episode reward at step 165657: -1
Level 1, episode reward at step 165958: -1
Level 1, episode reward at step 166217: -1
Level 1, episode reward at step 166516: -1
Level 1, episode reward at step 166800: -1
New Best Reward: -1
Level 1, episode reward at step 167315: -1
Level 1, episode reward at step 167660: -1
Level 1, episode reward at step 167981: -1
Level 1, episode reward at step 168172: -1
Level 1, episode reward at step 168380: -1
Level 1, episode reward at step 168655: -1
Level 1, episode reward at step 168851: -1
Level 1, episode reward at step 168881: -1
Level 1, episode reward at step 169094: -1
Level 1, episode reward at step 169379: -1
Level 1, episode reward at step 169639: -1
Level 1, episode reward at step 169792: -1
Level 1, episode reward at step 170015: -1
Level 1, episode reward at step 170257: -1
Level 1, episode reward at step 170286: -1
Level 1, episode reward at step 170599: -1
Level 1, episode reward at step 170742: -1
Level 1, episode reward at step 170966: -1
Level 1, episode reward at step 171222: -1
Level 1, episode reward at step 171490: -1
Level 1, episode reward at step 171748: -1
Level 1, episode reward at step 172076: -1
Level 1, episode reward at step 172387: -1
Level 1, episode reward at step 172580: -1
Level 1, episode reward at step 172838: -1
Level 1, episode reward at step 173096: -1
Level 1, episode reward at step 173320: -1
Level 1, episode reward at step 173544: -1
Level 1, episode reward at step 173793: -1
Level 1, episode reward at step 174067: -1
Level 1, episode reward at step 174258: -1
Level 1, episode reward at step 174528: -1
Level 1, episode reward at step 174714: -1
Level 1, episode reward at step 174966: -1
Level 1, episode reward at step 175317: 0
Level 1, episode reward at step 175555: -1
Level 1, episode reward at step 175790: -1
Level 1, episode reward at step 175977: -1
Level 1, episode reward at step 176184: -1
Level 1, episode reward at step 176418: -1
Level 1, episode reward at step 176651: -1
Level 1, episode reward at step 176833: -1
Level 1, episode reward at step 177057: -1
Level 1, episode reward at step 177247: -1
Level 1, episode reward at step 177428: -1
Level 1, episode reward at step 177717: -1
Level 1, episode reward at step 178001: 0
Level 1, episode reward at step 178160: -1
Level 1, episode reward at step 178413: -1
Level 1, episode reward at step 178689: 0
Level 1, episode reward at step 178959: -1
Level 1, episode reward at step 179245: 0
Level 1, episode reward at step 179468: -1
Level 1, episode reward at step 179555: -1
Level 1, episode reward at step 179864: -1
Level 1, episode reward at step 180050: -1
Level 1, episode reward at step 180311: 0
Level 1, episode reward at step 180554: -1
Level 1, episode reward at step 180696: -1
Level 1, episode reward at step 180944: 0
Level 1, episode reward at step 181204: -1
Level 1, episode reward at step 181349: -1
Level 1, episode reward at step 181566: -1
Level 1, episode reward at step 181735: -1
Level 1, episode reward at step 181985: -1
Level 1, episode reward at step 182131: -1
Level 1, episode reward at step 182333: -1
Level 1, episode reward at step 182373: -1
Level 1, episode reward at step 182552: -1
Level 1, episode reward at step 182786: -1
Level 1, episode reward at step 183034: 0
Level 1, episode reward at step 183236: -1
Level 1, episode reward at step 183495: -1
Level 1, episode reward at step 183721: -1
Level 1, episode reward at step 183980: -1
Level 1, episode reward at step 184185: -1
Level 1, episode reward at step 184406: -1
Level 1, episode reward at step 184724: -1
Level 1, episode reward at step 184797: -1
Level 1, episode reward at step 185059: -1
Level 1, episode reward at step 185242: -1
Level 1, episode reward at step 185481: -1
Level 1, episode reward at step 185640: -1
Level 1, episode reward at step 185664: -1
Level 1, episode reward at step 185905: -1
Level 1, episode reward at step 186108: -1
Level 1, episode reward at step 186313: -1
Level 1, episode reward at step 186513: -1
Level 1, episode reward at step 186721: -1
Level 1, episode reward at step 186907: -1
Level 1, episode reward at step 187148: -1
Level 1, episode reward at step 187339: -1
Level 1, episode reward at step 187648: -1
Level 1, episode reward at step 187852: -1
Level 1, episode reward at step 188244: -1
Level 1, episode reward at step 188559: -1
Level 1, episode reward at step 188770: -1
Level 1, episode reward at step 189052: -1
Level 1, episode reward at step 189086: -1
Level 1, episode reward at step 189365: -1
Level 1, episode reward at step 189520: -1
Level 1, episode reward at step 189562: -1
Level 1, episode reward at step 189812: -1
Level 1, episode reward at step 190127: -1
Level 1, episode reward at step 190421: -1
Level 1, episode reward at step 190659: -1
Level 1, episode reward at step 190859: -1
Level 1, episode reward at step 191047: -1
Level 1, episode reward at step 191253: -1
Level 1, episode reward at step 191293: -1
Level 1, episode reward at step 191533: -1
Level 1, episode reward at step 191764: -1
Level 1, episode reward at step 191988: -1
Level 1, episode reward at step 192184: -1
Level 1, episode reward at step 192330: -1
Level 1, episode reward at step 192567: -1
Level 1, episode reward at step 192686: -1
Level 1, episode reward at step 192944: -1
Level 1, episode reward at step 193220: -1
Level 1, episode reward at step 193476: -1
Level 1, episode reward at step 193677: -1
Level 1, episode reward at step 193903: -1
Level 1, episode reward at step 193927: -1
Level 1, episode reward at step 194155: -1
Level 1, episode reward at step 194383: -1
Level 1, episode reward at step 194601: -1
Level 1, episode reward at step 194784: -1
Level 1, episode reward at step 194951: -1
Level 1, episode reward at step 195131: -1
Level 1, episode reward at step 195440: -1
Level 1, episode reward at step 195672: -1
Level 1, episode reward at step 195916: -1
Level 1, episode reward at step 196146: -1
Level 1, episode reward at step 196409: -1
Level 1, episode reward at step 196430: -1
Level 1, episode reward at step 196623: -1
Level 1, episode reward at step 196840: -1
Level 1, episode reward at step 197070: -1
Level 1, episode reward at step 197212: -1
Level 1, episode reward at step 197493: -1
Level 1, episode reward at step 197719: -1
Level 1, episode reward at step 197942: -1
Level 1, episode reward at step 198161: -1
Level 1, episode reward at step 198358: -1
Level 1, episode reward at step 198627: -1
Level 1, episode reward at step 198860: -1
Level 1, episode reward at step 199091: -1
Level 1, episode reward at step 199345: -1
Level 1, episode reward at step 199502: -1
Level 1, episode reward at step 199816: -1
Level 1, episode reward at step 200086: 0
Level 1, episode reward at step 200307: -1
Level 1, episode reward at step 200582: -1
Level 1, episode reward at step 200740: -1
Level 1, episode reward at step 200791: -1
Level 1, episode reward at step 201018: -1
Level 1, episode reward at step 201356: 0
Level 1, episode reward at step 201571: -1
Level 1, episode reward at step 201774: -1
Level 1, episode reward at step 201976: -1
Level 1, episode reward at step 202342: -1
Level 1, episode reward at step 202496: -1
Level 1, episode reward at step 202868: -1
Level 1, episode reward at step 203109: -1
Level 1, episode reward at step 203301: -1
Level 1, episode reward at step 203629: -1
Level 1, episode reward at step 203927: -1
Level 1, episode reward at step 203959: -1
Level 1, episode reward at step 204184: -1
Level 1, episode reward at step 204435: -1
Level 1, episode reward at step 204701: -1
Level 1, episode reward at step 204921: -1
Level 1, episode reward at step 204955: -1
Level 1, episode reward at step 204982: -1
Level 1, episode reward at step 205212: -1
Level 1, episode reward at step 205444: -1
Level 1, episode reward at step 205693: -1
Level 1, episode reward at step 205892: -1
Level 1, episode reward at step 206200: -1
New Best Reward: -1
Level 1, episode reward at step 206417: -1
Level 1, episode reward at step 206713: -1
Level 1, episode reward at step 206748: -1
Level 1, episode reward at step 207121: 0
Level 1, episode reward at step 207179: -1
Level 1, episode reward at step 207458: -1
Level 1, episode reward at step 207511: -1
Level 1, episode reward at step 207709: -1
Level 1, episode reward at step 207982: -1
Level 1, episode reward at step 208295: -1
Level 1, episode reward at step 208501: -1
Level 1, episode reward at step 208591: -1
Level 1, episode reward at step 208848: -1
Level 1, episode reward at step 208904: -1
Level 1, episode reward at step 209132: -1
Level 1, episode reward at step 209360: -1
Level 1, episode reward at step 209636: -1
Level 1, episode reward at step 209803: -1
Level 1, episode reward at step 209992: -1
Level 1, episode reward at step 210183: -1
Level 1, episode reward at step 210435: -1
Level 1, episode reward at step 210637: -1
Level 1, episode reward at step 210675: -1
Level 1, episode reward at step 210714: -1
Level 1, episode reward at step 210952: -1
Level 1, episode reward at step 211125: -1
Level 1, episode reward at step 211379: -1
Level 1, episode reward at step 211565: -1
Level 1, episode reward at step 211766: -1
Level 1, episode reward at step 212007: -1
Level 1, episode reward at step 212204: -1
Level 1, episode reward at step 212456: -1
Level 1, episode reward at step 212740: -1
Level 1, episode reward at step 212899: -1
Level 1, episode reward at step 213310: 0
Level 1, episode reward at step 213335: -1
Level 1, episode reward at step 213587: -1
Level 1, episode reward at step 213812: -1
Level 1, episode reward at step 214054: -1
Level 1, episode reward at step 214301: -1
Level 1, episode reward at step 214512: -1
Level 1, episode reward at step 214757: -1
Level 1, episode reward at step 214769: -1
Level 1, episode reward at step 214974: -1
Level 1, episode reward at step 215217: -1
Level 1, episode reward at step 215464: -1
Level 1, episode reward at step 215706: -1
Level 1, episode reward at step 215898: -1
Level 1, episode reward at step 215957: -1
Level 1, episode reward at step 216314: -1
Level 1, episode reward at step 216546: -1
Level 1, episode reward at step 216748: -1
Level 1, episode reward at step 216762: -1
Level 1, episode reward at step 217015: -1
Level 1, episode reward at step 217039: -1
Level 1, episode reward at step 217266: -1
Level 1, episode reward at step 217568: 1
Level 1, episode reward at step 217812: -1
Level 1, episode reward at step 218042: -1
Level 1, episode reward at step 218246: -1
Level 1, episode reward at step 218505: -1
Level 1, episode reward at step 218526: -1
Level 1, episode reward at step 218800: -1
New Best Reward: -1
Level 1, episode reward at step 219014: -1
Level 1, episode reward at step 219201: -1
Level 1, episode reward at step 219449: -1
Level 1, episode reward at step 219738: -1
Level 1, episode reward at step 219966: -1
Level 1, episode reward at step 220332: -1
Level 1, episode reward at step 220570: -1
Level 1, episode reward at step 220664: -1
Level 1, episode reward at step 220872: -1
Level 1, episode reward at step 221088: -1
Level 1, episode reward at step 221286: -1
Level 1, episode reward at step 221485: -1
Level 1, episode reward at step 221523: -1
Level 1, episode reward at step 221740: -1
Level 1, episode reward at step 221939: -1
Level 1, episode reward at step 222070: -1
Level 1, episode reward at step 222285: -1
Level 1, episode reward at step 222541: -1
Level 1, episode reward at step 222739: -1
Level 1, episode reward at step 222934: -1
Level 1, episode reward at step 223135: -1
Level 1, episode reward at step 223207: -1
Level 1, episode reward at step 223421: -1
Level 1, episode reward at step 223707: -1
Level 1, episode reward at step 223954: -1
Level 1, episode reward at step 224205: -1
Level 1, episode reward at step 224262: -1
Level 1, episode reward at step 224320: -1
Level 1, episode reward at step 224525: -1
Level 1, episode reward at step 224817: -1
Level 1, episode reward at step 225057: -1
Level 1, episode reward at step 225312: -1
Level 1, episode reward at step 225570: -1
Level 1, episode reward at step 225755: -1
Level 1, episode reward at step 225963: -1
Level 1, episode reward at step 226214: -1
Level 1, episode reward at step 226464: -1
Level 1, episode reward at step 226638: -1
Level 1, episode reward at step 226654: -1
Level 1, episode reward at step 226901: -1
Level 1, episode reward at step 227138: -1
Level 1, episode reward at step 227350: -1
Level 1, episode reward at step 227377: -1
Level 1, episode reward at step 227542: -1
Level 1, episode reward at step 227719: -1
Level 1, episode reward at step 227921: -1
Level 1, episode reward at step 227984: -1
Level 1, episode reward at step 228281: -1
Level 1, episode reward at step 228501: -1
Level 1, episode reward at step 228576: -1
Level 1, episode reward at step 228825: -1
Level 1, episode reward at step 229046: -1
Level 1, episode reward at step 229209: -1
Level 1, episode reward at step 229523: -1
Level 1, episode reward at step 229717: -1
Level 1, episode reward at step 229925: -1
Level 1, episode reward at step 230166: 1
Next Level!
Level 2, episode reward at step 230424: -1
Level 2, episode reward at step 230740: -1
Level 2, episode reward at step 230997: -1
Level 2, episode reward at step 231292: -1
Level 2, episode reward at step 231565: -1
Level 2, episode reward at step 231917: -1
Level 2, episode reward at step 232180: -1
Level 2, episode reward at step 232451: -1
Level 2, episode reward at step 232756: -1
Level 2, episode reward at step 233188: -1
Level 2, episode reward at step 233476: -1
Level 2, episode reward at step 233717: -1
Level 2, episode reward at step 234020: -1
Level 2, episode reward at step 234271: -1
Level 2, episode reward at step 234603: 0
Level 2, episode reward at step 234848: 0
Level 2, episode reward at step 235119: 0
Level 2, episode reward at step 235453: -1
Level 2, episode reward at step 235817: -1
Level 2, episode reward at step 236106: 1
Level 2, episode reward at step 236407: -1
Level 2, episode reward at step 236682: -1
Level 2, episode reward at step 237000: -1
New Best Reward: -1
Level 2, episode reward at step 237289: -1
Level 2, episode reward at step 237634: -1
Level 2, episode reward at step 237903: -1
Level 2, episode reward at step 238150: 1
Level 2, episode reward at step 238421: -1
Level 2, episode reward at step 238721: -1
Level 2, episode reward at step 238982: -1
Level 2, episode reward at step 239310: -1
Level 2, episode reward at step 239577: -1
Level 2, episode reward at step 240004: -1
Level 2, episode reward at step 240307: -1
Level 2, episode reward at step 240658: -1
Level 2, episode reward at step 240960: -1
Level 2, episode reward at step 241251: -1
Level 2, episode reward at step 241522: -1
Level 2, episode reward at step 241736: -1
Level 2, episode reward at step 242007: -1
Level 2, episode reward at step 242364: -1
Level 2, episode reward at step 242639: -1
Level 2, episode reward at step 242916: -1
Level 2, episode reward at step 243322: -1
Level 2, episode reward at step 243610: -1
Level 2, episode reward at step 243879: -1
Level 2, episode reward at step 244237: -1
Level 2, episode reward at step 244599: 0
Level 2, episode reward at step 244880: -1
Level 2, episode reward at step 245140: -1
Level 2, episode reward at step 245451: -1
Level 2, episode reward at step 245775: -1
Level 2, episode reward at step 246057: -1
Level 2, episode reward at step 246372: -1
Level 2, episode reward at step 246683: -1
Level 2, episode reward at step 247026: -1
Level 2, episode reward at step 247323: -1
Level 2, episode reward at step 247624: -1
Level 2, episode reward at step 247887: -1
Level 2, episode reward at step 248149: -1
Level 2, episode reward at step 248448: -1
Level 2, episode reward at step 248720: -1
Level 2, episode reward at step 249065: -1
Level 2, episode reward at step 249389: -1
Level 2, episode reward at step 249698: -1
Level 2, episode reward at step 249970: -1
Level 2, episode reward at step 250335: -1
Level 2, episode reward at step 250624: -1
Level 2, episode reward at step 250890: -1
Level 2, episode reward at step 251318: -1
Level 2, episode reward at step 251613: -1
Level 2, episode reward at step 251886: -1
Level 2, episode reward at step 252215: -1
Level 2, episode reward at step 252518: -1
Level 2, episode reward at step 252597: -1
Level 2, episode reward at step 252636: -1
Level 2, episode reward at step 252886: -1
Level 2, episode reward at step 253124: -1
Level 2, episode reward at step 253362: -1
Level 2, episode reward at step 253641: -1
Level 2, episode reward at step 253944: -1
Level 2, episode reward at step 254003: -1
Level 2, episode reward at step 254305: -1
Level 2, episode reward at step 254618: -1
Level 2, episode reward at step 254953: -1
Level 2, episode reward at step 255208: -1
Level 2, episode reward at step 255560: -1
Level 2, episode reward at step 255887: -1
Level 2, episode reward at step 256250: 0
Level 2, episode reward at step 256598: -1
Level 2, episode reward at step 256916: 1
Level 2, episode reward at step 257244: -1
Level 2, episode reward at step 257600: -1
New Best Reward: -1
Level 2, episode reward at step 257962: -1
Level 2, episode reward at step 258260: -1
Level 2, episode reward at step 258576: -1
Level 2, episode reward at step 258916: -1
Level 2, episode reward at step 259180: -1
Level 2, episode reward at step 259669: -1
Level 2, episode reward at step 260004: 2
Level 2, episode reward at step 260270: -1
Level 2, episode reward at step 260508: -1
Level 2, episode reward at step 260743: -1
Level 2, episode reward at step 261043: -1
Level 2, episode reward at step 261335: -1
Level 2, episode reward at step 261586: -1
Level 2, episode reward at step 261891: -1
Level 2, episode reward at step 262246: -1
Level 2, episode reward at step 262549: -1
Level 2, episode reward at step 262866: -1
Level 2, episode reward at step 263197: -1
Level 2, episode reward at step 263521: -1
Level 2, episode reward at step 263900: -1
New Best Reward: -1
Level 2, episode reward at step 264196: -1
Level 2, episode reward at step 264445: -1
Level 2, episode reward at step 264786: -1
Level 2, episode reward at step 265293: -1
Level 2, episode reward at step 265593: -1
Level 2, episode reward at step 265910: -1
Level 2, episode reward at step 266194: -1
Level 2, episode reward at step 266507: -1
Level 2, episode reward at step 266899: -1
Level 2, episode reward at step 267279: -1
Level 2, episode reward at step 267574: -1
Level 2, episode reward at step 267853: 0
Level 2, episode reward at step 268141: -1
Level 2, episode reward at step 268191: -1
Level 2, episode reward at step 268444: -1
Level 2, episode reward at step 268704: 0
Level 2, episode reward at step 268979: -1
Level 2, episode reward at step 269321: -1
Level 2, episode reward at step 269580: -1
Level 2, episode reward at step 269817: -1
Level 2, episode reward at step 270084: -1
Level 2, episode reward at step 270354: -1
Level 2, episode reward at step 270653: -1
Level 2, episode reward at step 270907: -1
Level 2, episode reward at step 271321: -1
Level 2, episode reward at step 271688: -1
Level 2, episode reward at step 271752: -1
Level 2, episode reward at step 272028: -1
Level 2, episode reward at step 272285: -1
Level 2, episode reward at step 272577: -1
Level 2, episode reward at step 272834: -1
Level 2, episode reward at step 273101: -1
Level 2, episode reward at step 273385: -1
Level 2, episode reward at step 273721: -1
Level 2, episode reward at step 274002: -1
Level 2, episode reward at step 274050: -1
Level 2, episode reward at step 274293: -1
Level 2, episode reward at step 274331: -1
Level 2, episode reward at step 274645: -1
Level 2, episode reward at step 274908: -1
Level 2, episode reward at step 275232: -1
Level 2, episode reward at step 275560: -1
Level 2, episode reward at step 275804: -1
Level 2, episode reward at step 276113: -1
Level 2, episode reward at step 276387: -1
Level 2, episode reward at step 276709: -1
Level 2, episode reward at step 277080: -1
Level 2, episode reward at step 277347: -1
Level 2, episode reward at step 277669: -1
Level 2, episode reward at step 278052: -1
Level 2, episode reward at step 278335: -1
Level 2, episode reward at step 278622: -1
Level 2, episode reward at step 278906: -1
Level 2, episode reward at step 279309: -1
Level 2, episode reward at step 279537: -1
Level 2, episode reward at step 279786: -1
Level 2, episode reward at step 280002: -1
Level 2, episode reward at step 280401: 0
Level 2, episode reward at step 280740: -1
Level 2, episode reward at step 280983: -1
Level 2, episode reward at step 281242: 0
Level 2, episode reward at step 281631: -1
Level 2, episode reward at step 281943: -1
Level 2, episode reward at step 282215: -1
Level 2, episode reward at step 282474: -1
Level 2, episode reward at step 282816: -1
Level 2, episode reward at step 283108: -1
Level 2, episode reward at step 283404: -1
Level 2, episode reward at step 283572: 0
Level 2, episode reward at step 283826: -1
Level 2, episode reward at step 284090: -1
Level 2, episode reward at step 284369: 0
Level 2, episode reward at step 284714: 0
Level 2, episode reward at step 284997: -1
Level 2, episode reward at step 285307: -1
Level 2, episode reward at step 285778: -1
Level 2, episode reward at step 286067: -1
Level 2, episode reward at step 286334: 0
Level 2, episode reward at step 286642: -1
Level 2, episode reward at step 286891: -1
Level 2, episode reward at step 287137: -1
Level 2, episode reward at step 287391: -1
Level 2, episode reward at step 287648: -1
Level 2, episode reward at step 287947: -1
Level 2, episode reward at step 288235: -1
Level 2, episode reward at step 288565: -1
Level 2, episode reward at step 288942: -1
Level 2, episode reward at step 289210: -1
Level 2, episode reward at step 289525: -1
Level 2, episode reward at step 289798: -1
Level 2, episode reward at step 290086: -1
Level 2, episode reward at step 290365: -1
Level 2, episode reward at step 290629: -1
Level 2, episode reward at step 290674: -1
Level 2, episode reward at step 290953: -1
Level 2, episode reward at step 291269: -1
Level 2, episode reward at step 291587: -1
Level 2, episode reward at step 291628: -1
Level 2, episode reward at step 291662: -1
Level 2, episode reward at step 291888: 1
Level 2, episode reward at step 292225: -1
Level 2, episode reward at step 292588: -1
Level 2, episode reward at step 292890: -1
Level 2, episode reward at step 293199: -1
Level 2, episode reward at step 293440: -1
Level 2, episode reward at step 293762: -1
Level 2, episode reward at step 294048: -1
Level 2, episode reward at step 294369: -1
Level 2, episode reward at step 294660: -1
Level 2, episode reward at step 294957: -1
Level 2, episode reward at step 295240: -1
Level 2, episode reward at step 295582: -1
Level 2, episode reward at step 295844: -1
Level 2, episode reward at step 296117: -1
Level 2, episode reward at step 296389: -1
Level 2, episode reward at step 296453: -1
Level 2, episode reward at step 296801: -1
Level 2, episode reward at step 297124: -1
Level 2, episode reward at step 297360: -1
Level 2, episode reward at step 297668: 0
Level 2, episode reward at step 297976: -1
Level 2, episode reward at step 298253: -1
Level 2, episode reward at step 298566: -1
Level 2, episode reward at step 298822: -1
Level 2, episode reward at step 299105: -1
Level 2, episode reward at step 299447: -1
Level 2, episode reward at step 299807: -1
Level 2, episode reward at step 300135: -1
Level 2, episode reward at step 300441: -1
Level 2, episode reward at step 300811: 0
Level 2, episode reward at step 301067: -1
Level 2, episode reward at step 301317: -1
Level 2, episode reward at step 301631: 1
Level 2, episode reward at step 301950: -1
Level 2, episode reward at step 302195: -1
Level 2, episode reward at step 302526: -1
Level 2, episode reward at step 302860: 0
Level 2, episode reward at step 303147: -1
Level 2, episode reward at step 303411: -1
Level 2, episode reward at step 303710: -1
Level 2, episode reward at step 303989: -1
Level 2, episode reward at step 304267: -1
Level 2, episode reward at step 304543: -1
Level 2, episode reward at step 304868: 1
Level 2, episode reward at step 305119: -1
Level 2, episode reward at step 305423: -1
Level 2, episode reward at step 305635: -1
Level 2, episode reward at step 305957: -1
Level 2, episode reward at step 306091: -1
Level 2, episode reward at step 306373: -1
Level 2, episode reward at step 306651: -1
Level 2, episode reward at step 307094: 0
Level 2, episode reward at step 307366: -1
Level 2, episode reward at step 307649: -1
Level 2, episode reward at step 307918: -1
Level 2, episode reward at step 308192: 2
Level 2, episode reward at step 308502: -1
Level 2, episode reward at step 308717: -1
Level 2, episode reward at step 309075: -1
Level 2, episode reward at step 309335: -1
Level 2, episode reward at step 309656: -1
Level 2, episode reward at step 309966: -1
Level 2, episode reward at step 310218: -1
Level 2, episode reward at step 310515: -1
Level 2, episode reward at step 310785: -1
Level 2, episode reward at step 311063: -1
Level 2, episode reward at step 311362: 4
Next Level!
Level 3, episode reward at step 311620: -1
Level 3, episode reward at step 311778: 0
Level 3, episode reward at step 311937: -1
Level 3, episode reward at step 312184: -1
Level 3, episode reward at step 312482: -1
Level 3, episode reward at step 312728: -1
Level 3, episode reward at step 312976: -1
Level 3, episode reward at step 313196: 4
Level 3, episode reward at step 313436: -1
Level 3, episode reward at step 313682: -1
Level 3, episode reward at step 313898: -1
Level 3, episode reward at step 314174: -1
Level 3, episode reward at step 314433: -1
Level 3, episode reward at step 314672: -1
Level 3, episode reward at step 314909: -1
Level 3, episode reward at step 315144: -1
Level 3, episode reward at step 315379: -1
Level 3, episode reward at step 315621: -1
Level 3, episode reward at step 315910: 1
Level 3, episode reward at step 316158: -1
Level 3, episode reward at step 316410: -1
Level 3, episode reward at step 316674: -1
Level 3, episode reward at step 316954: -1
Level 3, episode reward at step 317239: 1
Level 3, episode reward at step 317506: -1
Level 3, episode reward at step 317755: -1
Level 3, episode reward at step 318024: -1
Level 3, episode reward at step 318258: 0
Level 3, episode reward at step 318542: -1
Level 3, episode reward at step 318828: -1
Level 3, episode reward at step 319103: -1
Level 3, episode reward at step 319246: -1
Level 3, episode reward at step 319472: -1
Level 3, episode reward at step 319780: -1
Level 3, episode reward at step 320077: -1
Level 3, episode reward at step 320324: -1
Level 3, episode reward at step 320376: -1
Level 3, episode reward at step 320811: -1
Level 3, episode reward at step 321111: 4
Next Level!
Level 4, episode reward at step 321363: 0
Level 4, episode reward at step 321604: 0
Level 4, episode reward at step 321902: -1
Level 4, episode reward at step 322186: 0
Level 4, episode reward at step 322486: 0
Level 4, episode reward at step 322786: -1
Level 4, episode reward at step 323090: 0
Level 4, episode reward at step 323390: -1
Level 4, episode reward at step 323685: -1
Level 4, episode reward at step 323953: -1
Level 4, episode reward at step 324219: -1
Level 4, episode reward at step 324508: -1
Level 4, episode reward at step 324850: 0
Level 4, episode reward at step 325125: -1
Level 4, episode reward at step 325386: -1
Level 4, episode reward at step 325734: -1
Level 4, episode reward at step 325870: -1
Level 4, episode reward at step 326140: -1
Level 4, episode reward at step 326188: -1
Level 4, episode reward at step 326489: -1
Level 4, episode reward at step 326742: -1
Level 4, episode reward at step 327031: -1
Level 4, episode reward at step 327098: 1
Level 4, episode reward at step 327394: -1
Level 4, episode reward at step 327679: -1
Level 4, episode reward at step 328023: -1
Level 4, episode reward at step 328182: -1
Level 4, episode reward at step 328459: 0
Level 4, episode reward at step 328770: -1
Level 4, episode reward at step 329042: -1
Level 4, episode reward at step 329346: -1
Level 4, episode reward at step 329625: -1
Level 4, episode reward at step 329902: -1
Level 4, episode reward at step 330205: 1
Level 4, episode reward at step 330470: -1
Level 4, episode reward at step 330720: -1
Level 4, episode reward at step 331057: -1
Level 4, episode reward at step 331125: -1
Level 4, episode reward at step 331434: -1
Level 4, episode reward at step 331719: -1
Level 4, episode reward at step 332032: -1
Level 4, episode reward at step 332264: -1
Level 4, episode reward at step 332547: -1
Level 4, episode reward at step 332806: -1
Level 4, episode reward at step 333078: -1
Level 4, episode reward at step 333347: 2
Level 4, episode reward at step 333588: -1
Level 4, episode reward at step 333868: -1
Level 4, episode reward at step 334152: -1
Level 4, episode reward at step 334440: -1
Level 4, episode reward at step 334750: -1
Level 4, episode reward at step 335001: -1
Level 4, episode reward at step 335254: -1
Level 4, episode reward at step 335549: -1
Level 4, episode reward at step 335814: -1
Level 4, episode reward at step 336089: 1
Level 4, episode reward at step 336394: -1
Level 4, episode reward at step 336686: -1
Level 4, episode reward at step 336937: -1
Level 4, episode reward at step 337191: 0
Level 4, episode reward at step 337493: 0
Level 4, episode reward at step 337701: 0
Level 4, episode reward at step 337985: -1
Level 4, episode reward at step 338249: -1
Level 4, episode reward at step 338536: -1
Level 4, episode reward at step 338839: -1
Level 4, episode reward at step 339202: -1
Level 4, episode reward at step 339482: -1
Level 4, episode reward at step 339792: 0
Level 4, episode reward at step 340096: -1
Level 4, episode reward at step 340425: 0
Level 4, episode reward at step 340722: -1
Level 4, episode reward at step 340953: -1
Level 4, episode reward at step 341202: -1
Level 4, episode reward at step 341541: 0
Level 4, episode reward at step 341817: 0
Level 4, episode reward at step 342100: -1
New Best Reward: -1
Level 4, episode reward at step 342381: 1
Level 4, episode reward at step 342738: 1
Level 4, episode reward at step 342859: 1
Level 4, episode reward at step 343207: -1
Level 4, episode reward at step 343553: 0
Level 4, episode reward at step 343653: 4
Level 4, episode reward at step 343963: 1
Learning Finished
Done training ALL!
