/n/home13/kevinwu/.conda/envs/pt27/lib/python2.7/site-packages/skimage/transform/_warps.py:105: UserWarning: The default mode, 'constant', will be changed to 'reflect' in skimage 0.15.
  warn("The default mode, 'constant', will be changed to 'reflect' in "
/n/home13/kevinwu/.conda/envs/pt27/lib/python2.7/site-packages/skimage/transform/_warps.py:110: UserWarning: Anti-aliasing will be enabled by default in skimage 0.15 to avoid aliasing artifacts when down-sampling images.
  warn("Anti-aliasing will be enabled by default in skimage 0.15 to "
Namespace(batch_size=32, criteria='1/1', cuda=1, doubleq=1, eps_decay=200.0, eps_end=0.1, eps_start=1, game_name='variant_watergame_1', gamma=0.999, img_size=64, level_switch='sequential', lr=0.00025, max_mem=50000, max_steps=1000000.0, model_name='DQN', model_weight_path=None, num_episodes=20000, num_trials=1, pretrain=0, random_seed=7, target_update=100, test_mode=0, timeout=2000, trial_num='1')
Game: variant_watergame_1
variant_watergame_1
Training at seed = 1
Training Starting
-------------------------
Level 0, episode reward at step 538: -1
Level 0, episode reward at step 1391: -1
Level 0, episode reward at step 1471: -1
Level 0, episode reward at step 1474: -1
Level 0, episode reward at step 1477: -1
Level 0, episode reward at step 1490: -1
Level 0, episode reward at step 3488: -1
Level 0, episode reward at step 5486: -1
Level 0, episode reward at step 7484: -1
Level 0, episode reward at step 7487: -1
Level 0, episode reward at step 7491: -1
Level 0, episode reward at step 7494: -1
Level 0, episode reward at step 7497: -1
Level 0, episode reward at step 7500: -1
New Best Reward: -1
Level 0, episode reward at step 7503: -1
Level 0, episode reward at step 7506: -1
Level 0, episode reward at step 7509: -1
Level 0, episode reward at step 7512: -1
Level 0, episode reward at step 7515: -1
Level 0, episode reward at step 8723: -1
Level 0, episode reward at step 8743: -1
Level 0, episode reward at step 8746: -1
Level 0, episode reward at step 8751: -1
Level 0, episode reward at step 8754: -1
Level 0, episode reward at step 8765: -1
Level 0, episode reward at step 10763: -1
Level 0, episode reward at step 12761: -1
Level 0, episode reward at step 14759: -1
Level 0, episode reward at step 15171: -1
Level 0, episode reward at step 16406: -1
Level 0, episode reward at step 17903: -1
Level 0, episode reward at step 19901: -1
Level 0, episode reward at step 21653: -1
Level 0, episode reward at step 23651: -1
Level 0, episode reward at step 25475: -1
Level 0, episode reward at step 26349: -1
Level 0, episode reward at step 27267: -1
Level 0, episode reward at step 29265: -1
Level 0, episode reward at step 30761: -1
Level 0, episode reward at step 32525: -1
Level 0, episode reward at step 34523: -1
Level 0, episode reward at step 36521: -1
Level 0, episode reward at step 38519: -1
Level 0, episode reward at step 40334: -1
Level 0, episode reward at step 42332: -1
Level 0, episode reward at step 44330: -1
Level 0, episode reward at step 46328: -1
Level 0, episode reward at step 48326: -1
Level 0, episode reward at step 50087: -1
Level 0, episode reward at step 52019: -1
Level 0, episode reward at step 54017: -1
Level 0, episode reward at step 56015: -1
Level 0, episode reward at step 58013: -1
Level 0, episode reward at step 59243: -1
Level 0, episode reward at step 60055: -1
Level 0, episode reward at step 62053: -1
Level 0, episode reward at step 64051: -1
Level 0, episode reward at step 65266: -1
Level 0, episode reward at step 67264: -1
Level 0, episode reward at step 69262: -1
Level 0, episode reward at step 71260: -1
Level 0, episode reward at step 72501: -1
Level 0, episode reward at step 73559: -1
Level 0, episode reward at step 74533: -1
Level 0, episode reward at step 74654: -1
Level 0, episode reward at step 75557: -1
Level 0, episode reward at step 76712: -1
Level 0, episode reward at step 78710: -1
Level 0, episode reward at step 80708: -1
Level 0, episode reward at step 82706: -1
Level 0, episode reward at step 84704: -1
Level 0, episode reward at step 86702: -1
Level 0, episode reward at step 88700: -1
New Best Reward: -1
Level 0, episode reward at step 90698: -1
Level 0, episode reward at step 92696: -1
Level 0, episode reward at step 94694: -1
Level 0, episode reward at step 96692: -1
Level 0, episode reward at step 98690: -1
Level 0, episode reward at step 100688: -1
Level 0, episode reward at step 102686: -1
Level 0, episode reward at step 104684: -1
Level 0, episode reward at step 106682: -1
Level 0, episode reward at step 108680: -1
Level 0, episode reward at step 110678: -1
Level 0, episode reward at step 112676: -1
Level 0, episode reward at step 114674: -1
Level 0, episode reward at step 116672: -1
Level 0, episode reward at step 118670: -1
Level 0, episode reward at step 120668: -1
Level 0, episode reward at step 122666: -1
Level 0, episode reward at step 124664: -1
Level 0, episode reward at step 126662: -1
Level 0, episode reward at step 128660: -1
Level 0, episode reward at step 130658: -1
Level 0, episode reward at step 132656: -1
Level 0, episode reward at step 134654: -1
Level 0, episode reward at step 136652: -1
Level 0, episode reward at step 138650: -1
Level 0, episode reward at step 140648: -1
Level 0, episode reward at step 142646: -1
Level 0, episode reward at step 144644: -1
Level 0, episode reward at step 146642: -1
Level 0, episode reward at step 148640: -1
Level 0, episode reward at step 150638: -1
Level 0, episode reward at step 152636: -1
Level 0, episode reward at step 154634: -1
Level 0, episode reward at step 156632: -1
Level 0, episode reward at step 158630: -1
Level 0, episode reward at step 160628: -1
Level 0, episode reward at step 162626: -1
Level 0, episode reward at step 164624: -1
Level 0, episode reward at step 166622: -1
Level 0, episode reward at step 168620: -1
Level 0, episode reward at step 170618: -1
Level 0, episode reward at step 172616: -1
Level 0, episode reward at step 174614: -1
Level 0, episode reward at step 176612: -1
Level 0, episode reward at step 178610: -1
Level 0, episode reward at step 180608: -1
Level 0, episode reward at step 182606: -1
Level 0, episode reward at step 184604: -1
Level 0, episode reward at step 186602: -1
Level 0, episode reward at step 188600: -1
New Best Reward: -1
Level 0, episode reward at step 190598: -1
Level 0, episode reward at step 192596: -1
Level 0, episode reward at step 194594: -1
Level 0, episode reward at step 196592: -1
Level 0, episode reward at step 198590: -1
Level 0, episode reward at step 200588: -1
Level 0, episode reward at step 202586: -1
Level 0, episode reward at step 204584: -1
Level 0, episode reward at step 206582: -1
Level 0, episode reward at step 208580: -1
Level 0, episode reward at step 210578: -1
Level 0, episode reward at step 212576: -1
Level 0, episode reward at step 214574: -1
Level 0, episode reward at step 216572: -1
Level 0, episode reward at step 218570: -1
Level 0, episode reward at step 220568: -1
Level 0, episode reward at step 222566: -1
Level 0, episode reward at step 224564: -1
Level 0, episode reward at step 226562: -1
Level 0, episode reward at step 228560: -1
Level 0, episode reward at step 230558: -1
Level 0, episode reward at step 232556: -1
Level 0, episode reward at step 234554: -1
Level 0, episode reward at step 235308: -1
Level 0, episode reward at step 237306: -1
Level 0, episode reward at step 239304: -1
Level 0, episode reward at step 241302: -1
Level 0, episode reward at step 243300: -1
New Best Reward: -1
Level 0, episode reward at step 245298: -1
Level 0, episode reward at step 247296: -1
Level 0, episode reward at step 249294: -1
Level 0, episode reward at step 251292: -1
Level 0, episode reward at step 253290: -1
Level 0, episode reward at step 255288: -1
Level 0, episode reward at step 257286: -1
Level 0, episode reward at step 259284: -1
Level 0, episode reward at step 261282: -1
Level 0, episode reward at step 263280: -1
Level 0, episode reward at step 265278: -1
Level 0, episode reward at step 267276: -1
Level 0, episode reward at step 269274: -1
Level 0, episode reward at step 271272: -1
Level 0, episode reward at step 273270: -1
Level 0, episode reward at step 275268: -1
Level 0, episode reward at step 277266: -1
Level 0, episode reward at step 279264: -1
Level 0, episode reward at step 281262: -1
Level 0, episode reward at step 283260: -1
Level 0, episode reward at step 285258: -1
Level 0, episode reward at step 287256: -1
Level 0, episode reward at step 289254: -1
Level 0, episode reward at step 291252: -1
Level 0, episode reward at step 293250: -1
Level 0, episode reward at step 295248: -1
Level 0, episode reward at step 297246: -1
Level 0, episode reward at step 299244: -1
Level 0, episode reward at step 301242: -1
Level 0, episode reward at step 303240: -1
Level 0, episode reward at step 305238: -1
Level 0, episode reward at step 307236: -1
Level 0, episode reward at step 309234: -1
Level 0, episode reward at step 311232: -1
Level 0, episode reward at step 313230: -1
Level 0, episode reward at step 315228: -1
Level 0, episode reward at step 317226: -1
Level 0, episode reward at step 319224: -1
Level 0, episode reward at step 321222: -1
Level 0, episode reward at step 323220: -1
Level 0, episode reward at step 325218: -1
Level 0, episode reward at step 327216: -1
Level 0, episode reward at step 329214: -1
Level 0, episode reward at step 331212: -1
Level 0, episode reward at step 333210: -1
Level 0, episode reward at step 335208: -1
Level 0, episode reward at step 337206: -1
Level 0, episode reward at step 339204: -1
Level 0, episode reward at step 341202: -1
Level 0, episode reward at step 343200: -1
New Best Reward: -1
Level 0, episode reward at step 345198: -1
Level 0, episode reward at step 347196: -1
Level 0, episode reward at step 349194: -1
Level 0, episode reward at step 351192: -1
Level 0, episode reward at step 353190: -1
Level 0, episode reward at step 355188: -1
Level 0, episode reward at step 357186: -1
Level 0, episode reward at step 359184: -1
Level 0, episode reward at step 361182: -1
Level 0, episode reward at step 363180: -1
Level 0, episode reward at step 365178: -1
Level 0, episode reward at step 366490: -1
Level 0, episode reward at step 367539: -1
Level 0, episode reward at step 369537: -1
Level 0, episode reward at step 370687: -1
Level 0, episode reward at step 372685: -1
Level 0, episode reward at step 374683: -1
Level 0, episode reward at step 376213: -1
Level 0, episode reward at step 378211: -1
Level 0, episode reward at step 380209: -1
Level 0, episode reward at step 382207: -1
Level 0, episode reward at step 384205: -1
Level 0, episode reward at step 385956: -1
Level 0, episode reward at step 387870: -1
Level 0, episode reward at step 389123: -1
Level 0, episode reward at step 391121: -1
Level 0, episode reward at step 393119: -1
Level 0, episode reward at step 393991: -1
Level 0, episode reward at step 395989: -1
Level 0, episode reward at step 397987: -1
Level 0, episode reward at step 399985: -1
Level 0, episode reward at step 401983: -1
Level 0, episode reward at step 403981: -1
Level 0, episode reward at step 405979: -1
Level 0, episode reward at step 407401: -1
Level 0, episode reward at step 409399: -1
Level 0, episode reward at step 410175: -1
Level 0, episode reward at step 411343: -1
Level 0, episode reward at step 413341: -1
Level 0, episode reward at step 415339: -1
Level 0, episode reward at step 417337: -1
Level 0, episode reward at step 419335: -1
Level 0, episode reward at step 421333: -1
Level 0, episode reward at step 423331: -1
Level 0, episode reward at step 425329: -1
Level 0, episode reward at step 427327: -1
Level 0, episode reward at step 429325: -1
Level 0, episode reward at step 431323: -1
Level 0, episode reward at step 433321: -1
Level 0, episode reward at step 435319: -1
Level 0, episode reward at step 437317: -1
Level 0, episode reward at step 438264: -1
Level 0, episode reward at step 440262: -1
Level 0, episode reward at step 442260: -1
Level 0, episode reward at step 444258: -1
Level 0, episode reward at step 446256: -1
Level 0, episode reward at step 448254: -1
Level 0, episode reward at step 450252: -1
Level 0, episode reward at step 451369: -1
Level 0, episode reward at step 453367: -1
Level 0, episode reward at step 455365: -1
Level 0, episode reward at step 456383: -1
Level 0, episode reward at step 458381: -1
Level 0, episode reward at step 460379: -1
Level 0, episode reward at step 461605: -1
Level 0, episode reward at step 463603: -1
Level 0, episode reward at step 465601: -1
Level 0, episode reward at step 467599: -1
Level 0, episode reward at step 469597: -1
Level 0, episode reward at step 471595: -1
Level 0, episode reward at step 473593: -1
Level 0, episode reward at step 475591: -1
Level 0, episode reward at step 477589: -1
Level 0, episode reward at step 479587: -1
Level 0, episode reward at step 481585: -1
Level 0, episode reward at step 481944: -1
Level 0, episode reward at step 483942: -1
Level 0, episode reward at step 485940: -1
Level 0, episode reward at step 487938: -1
Level 0, episode reward at step 489936: -1
Level 0, episode reward at step 491663: -1
Level 0, episode reward at step 493661: -1
Level 0, episode reward at step 495659: -1
Level 0, episode reward at step 497657: -1
Level 0, episode reward at step 499655: -1
Level 0, episode reward at step 501377: -1
Level 0, episode reward at step 503375: -1
Level 0, episode reward at step 505373: -1
Level 0, episode reward at step 506895: -1
Level 0, episode reward at step 508893: -1
Level 0, episode reward at step 510891: -1
Level 0, episode reward at step 512889: -1
Level 0, episode reward at step 514887: -1
Level 0, episode reward at step 515507: -1
Level 0, episode reward at step 516928: -1
Level 0, episode reward at step 518926: -1
Level 0, episode reward at step 520823: -1
Level 0, episode reward at step 522821: -1
Level 0, episode reward at step 524678: -1
Level 0, episode reward at step 526676: -1
Level 0, episode reward at step 528674: -1
Level 0, episode reward at step 530672: -1
Level 0, episode reward at step 532670: -1
Level 0, episode reward at step 534668: -1
Level 0, episode reward at step 536666: -1
Level 0, episode reward at step 537288: -1
Level 0, episode reward at step 539286: -1
Level 0, episode reward at step 541284: -1
Level 0, episode reward at step 543282: -1
Level 0, episode reward at step 544344: -1
Level 0, episode reward at step 546342: -1
Level 0, episode reward at step 548340: -1
Level 0, episode reward at step 550338: -1
Level 0, episode reward at step 552336: -1
Level 0, episode reward at step 554334: -1
Level 0, episode reward at step 556332: -1
Level 0, episode reward at step 558330: -1
Level 0, episode reward at step 558985: -1
Level 0, episode reward at step 560983: -1
Level 0, episode reward at step 562127: -1
Level 0, episode reward at step 564125: -1
Level 0, episode reward at step 566123: -1
Level 0, episode reward at step 568121: -1
Level 0, episode reward at step 570119: -1
Level 0, episode reward at step 572117: -1
Level 0, episode reward at step 573342: -1
Level 0, episode reward at step 574789: -1
Level 0, episode reward at step 576787: -1
Level 0, episode reward at step 578785: -1
Level 0, episode reward at step 580783: -1
Level 0, episode reward at step 582781: -1
Level 0, episode reward at step 583306: -1
Level 0, episode reward at step 584007: -1
Level 0, episode reward at step 584234: -1
Level 0, episode reward at step 584832: -1
Level 0, episode reward at step 585364: -1
Level 0, episode reward at step 586142: -1
Level 0, episode reward at step 587222: -1
Level 0, episode reward at step 589220: -1
Level 0, episode reward at step 591218: -1
Level 0, episode reward at step 593216: -1
Level 0, episode reward at step 595214: -1
Level 0, episode reward at step 597212: -1
Level 0, episode reward at step 598362: -1
Level 0, episode reward at step 600360: -1
Level 0, episode reward at step 602358: -1
Level 0, episode reward at step 604356: -1
Level 0, episode reward at step 606354: -1
Level 0, episode reward at step 608352: -1
Level 0, episode reward at step 610181: -1
Level 0, episode reward at step 612179: -1
Level 0, episode reward at step 612631: -1
Level 0, episode reward at step 614186: -1
Level 0, episode reward at step 616184: -1
Level 0, episode reward at step 618182: -1
Level 0, episode reward at step 620180: -1
Level 0, episode reward at step 622178: -1
Level 0, episode reward at step 624176: -1
Level 0, episode reward at step 626174: -1
Level 0, episode reward at step 626882: -1
Level 0, episode reward at step 628880: -1
Level 0, episode reward at step 630878: -1
Level 0, episode reward at step 632876: -1
Level 0, episode reward at step 634220: -1
Level 0, episode reward at step 635933: -1
Level 0, episode reward at step 636460: -1
Level 0, episode reward at step 638458: -1
Level 0, episode reward at step 639619: -1
Level 0, episode reward at step 640970: -1
Level 0, episode reward at step 642968: -1
Level 0, episode reward at step 644966: -1
Level 0, episode reward at step 645960: -1
Level 0, episode reward at step 647161: -1
Level 0, episode reward at step 647616: -1
Level 0, episode reward at step 649243: -1
Level 0, episode reward at step 651241: -1
Level 0, episode reward at step 653078: -1
Level 0, episode reward at step 655076: -1
Level 0, episode reward at step 656379: -1
Level 0, episode reward at step 657831: -1
Level 0, episode reward at step 659711: -1
Level 0, episode reward at step 660805: -1
Level 0, episode reward at step 661170: -1
Level 0, episode reward at step 663168: -1
Level 0, episode reward at step 665166: -1
Level 0, episode reward at step 667164: -1
Level 0, episode reward at step 669162: -1
Level 0, episode reward at step 671160: -1
Level 0, episode reward at step 673158: -1
Level 0, episode reward at step 675156: -1
Level 0, episode reward at step 677154: -1
Level 0, episode reward at step 679152: -1
Level 0, episode reward at step 681150: -1
Level 0, episode reward at step 683148: -1
Level 0, episode reward at step 683295: -1
Level 0, episode reward at step 685293: -1
Level 0, episode reward at step 687291: -1
Level 0, episode reward at step 689289: -1
Level 0, episode reward at step 691287: -1
Level 0, episode reward at step 693285: -1
Level 0, episode reward at step 695283: -1
Level 0, episode reward at step 697281: -1
Level 0, episode reward at step 699279: -1
Level 0, episode reward at step 701277: -1
Level 0, episode reward at step 703275: -1
Level 0, episode reward at step 705273: -1
Level 0, episode reward at step 706938: -1
Level 0, episode reward at step 708936: -1
Level 0, episode reward at step 710934: -1
Level 0, episode reward at step 712932: -1
Level 0, episode reward at step 714930: -1
Level 0, episode reward at step 716928: -1
Level 0, episode reward at step 717519: -1
Level 0, episode reward at step 719077: -1
Level 0, episode reward at step 720663: -1
Level 0, episode reward at step 722661: -1
Level 0, episode reward at step 724659: -1
Level 0, episode reward at step 724697: -1
Level 0, episode reward at step 726695: -1
Level 0, episode reward at step 728693: -1
Level 0, episode reward at step 728812: -1
Level 0, episode reward at step 730705: -1
Level 0, episode reward at step 732703: -1
Level 0, episode reward at step 733412: -1
Level 0, episode reward at step 735323: -1
Level 0, episode reward at step 736408: -1
Level 0, episode reward at step 738406: -1
Level 0, episode reward at step 738730: -1
Level 0, episode reward at step 740728: -1
Level 0, episode reward at step 741150: -1
Level 0, episode reward at step 743148: -1
Level 0, episode reward at step 744258: -1
Level 0, episode reward at step 745686: -1
Level 0, episode reward at step 747684: -1
Level 0, episode reward at step 749682: -1
Level 0, episode reward at step 751680: -1
Level 0, episode reward at step 753678: -1
Level 0, episode reward at step 754533: -1
Level 0, episode reward at step 756531: -1
Level 0, episode reward at step 758416: -1
Level 0, episode reward at step 760414: -1
Level 0, episode reward at step 762412: -1
Level 0, episode reward at step 764410: -1
Level 0, episode reward at step 766408: -1
Level 0, episode reward at step 767230: -1
Level 0, episode reward at step 768429: -1
Level 0, episode reward at step 770427: -1
Level 0, episode reward at step 771894: -1
Level 0, episode reward at step 773892: -1
Level 0, episode reward at step 775866: -1
Level 0, episode reward at step 777864: -1
Level 0, episode reward at step 779286: -1
Level 0, episode reward at step 781243: -1
Level 0, episode reward at step 783241: -1
Level 0, episode reward at step 785239: -1
Level 0, episode reward at step 787237: -1
Level 0, episode reward at step 789235: -1
Level 0, episode reward at step 791233: -1
Level 0, episode reward at step 793231: -1
Level 0, episode reward at step 795229: -1
Level 0, episode reward at step 795595: -1
Level 0, episode reward at step 797593: -1
Level 0, episode reward at step 797862: -1
Level 0, episode reward at step 798411: -1
Level 0, episode reward at step 799166: -1
Level 0, episode reward at step 801164: -1
Level 0, episode reward at step 803162: -1
Level 0, episode reward at step 805160: -1
Level 0, episode reward at step 807158: -1
Level 0, episode reward at step 809156: -1
Level 0, episode reward at step 811154: -1
Level 0, episode reward at step 813152: -1
Level 0, episode reward at step 815150: -1
Level 0, episode reward at step 817148: -1
Level 0, episode reward at step 819146: -1
Level 0, episode reward at step 820728: -1
Level 0, episode reward at step 822726: -1
Level 0, episode reward at step 824724: -1
Level 0, episode reward at step 826722: -1
Level 0, episode reward at step 828720: -1
Level 0, episode reward at step 830068: -1
Level 0, episode reward at step 832066: -1
Level 0, episode reward at step 834064: -1
Level 0, episode reward at step 836030: -1
Level 0, episode reward at step 838028: -1
Level 0, episode reward at step 840026: -1
Level 0, episode reward at step 840658: -1
Level 0, episode reward at step 842656: -1
Level 0, episode reward at step 843889: -1
Level 0, episode reward at step 844451: -1
Level 0, episode reward at step 846449: -1
Level 0, episode reward at step 848447: -1
Level 0, episode reward at step 849691: -1
Level 0, episode reward at step 851689: -1
Level 0, episode reward at step 852327: -1
Level 0, episode reward at step 854325: -1
Level 0, episode reward at step 856323: -1
Level 0, episode reward at step 857860: -1
Level 0, episode reward at step 858746: -1
Level 0, episode reward at step 860744: -1
Level 0, episode reward at step 862742: -1
Level 0, episode reward at step 864740: -1
Level 0, episode reward at step 866738: -1
Level 0, episode reward at step 868736: -1
Level 0, episode reward at step 869566: -1
Level 0, episode reward at step 871075: -1
Level 0, episode reward at step 873073: -1
Level 0, episode reward at step 875071: -1
Level 0, episode reward at step 877069: -1
Level 0, episode reward at step 877622: -1
Level 0, episode reward at step 877859: -1
Level 0, episode reward at step 878477: -1
Level 0, episode reward at step 880475: -1
Level 0, episode reward at step 882473: -1
Level 0, episode reward at step 884471: -1
Level 0, episode reward at step 886469: -1
Level 0, episode reward at step 888467: -1
Level 0, episode reward at step 890465: -1
Level 0, episode reward at step 891328: -1
Level 0, episode reward at step 893326: -1
Level 0, episode reward at step 894579: -1
Level 0, episode reward at step 896577: -1
Level 0, episode reward at step 898575: -1
Level 0, episode reward at step 900573: -1
Level 0, episode reward at step 902571: -1
Level 0, episode reward at step 904569: -1
Level 0, episode reward at step 906567: -1
Level 0, episode reward at step 908565: -1
Level 0, episode reward at step 910563: -1
Level 0, episode reward at step 912561: -1
Level 0, episode reward at step 914559: -1
Level 0, episode reward at step 916557: -1
Level 0, episode reward at step 918555: -1
Level 0, episode reward at step 920553: -1
Level 0, episode reward at step 921995: -1
Level 0, episode reward at step 923993: -1
Level 0, episode reward at step 925991: -1
Level 0, episode reward at step 927989: -1
Level 0, episode reward at step 929987: -1
Level 0, episode reward at step 930752: -1
Level 0, episode reward at step 932750: -1
Level 0, episode reward at step 934237: -1
Level 0, episode reward at step 935800: -1
New Best Reward: -1
Level 0, episode reward at step 937798: -1
Level 0, episode reward at step 939796: -1
Level 0, episode reward at step 939917: -1
Level 0, episode reward at step 941915: -1
Level 0, episode reward at step 943457: -1
Level 0, episode reward at step 945455: -1
Level 0, episode reward at step 947213: -1
Level 0, episode reward at step 947689: -1
Level 0, episode reward at step 949687: -1
Level 0, episode reward at step 950406: -1
Level 0, episode reward at step 952404: -1
Level 0, episode reward at step 952674: -1
Level 0, episode reward at step 954672: -1
Level 0, episode reward at step 956670: -1
Level 0, episode reward at step 958668: -1
Level 0, episode reward at step 960666: -1
Level 0, episode reward at step 962664: -1
Level 0, episode reward at step 964662: -1
Level 0, episode reward at step 966660: -1
Level 0, episode reward at step 968658: -1
Level 0, episode reward at step 970656: -1
Level 0, episode reward at step 972654: -1
Level 0, episode reward at step 974652: -1
Level 0, episode reward at step 976650: -1
Level 0, episode reward at step 978648: -1
Level 0, episode reward at step 980646: -1
Level 0, episode reward at step 982644: -1
Level 0, episode reward at step 984642: -1
Level 0, episode reward at step 986640: -1
Level 0, episode reward at step 988072: -1
Level 0, episode reward at step 990070: -1
Level 0, episode reward at step 992068: -1
Level 0, episode reward at step 994066: -1
Level 0, episode reward at step 996064: -1
Level 0, episode reward at step 998062: -1
Done training ALL!
