/n/home13/kevinwu/.conda/envs/pt27/lib/python2.7/site-packages/skimage/transform/_warps.py:105: UserWarning: The default mode, 'constant', will be changed to 'reflect' in skimage 0.15.
  warn("The default mode, 'constant', will be changed to 'reflect' in "
/n/home13/kevinwu/.conda/envs/pt27/lib/python2.7/site-packages/skimage/transform/_warps.py:110: UserWarning: Anti-aliasing will be enabled by default in skimage 0.15 to avoid aliasing artifacts when down-sampling images.
  warn("Anti-aliasing will be enabled by default in skimage 0.15 to "
Namespace(batch_size=32, criteria='1/1', cuda=1, doubleq=1, eps_decay=200.0, eps_end=0.1, eps_start=1, game_name='variant_avoidgeorge_2', gamma=0.999, img_size=64, level_switch='sequential', lr=0.00025, max_mem=50000, max_steps=1000000.0, model_name='DQN', model_weight_path=None, num_episodes=20000, num_trials=1, pretrain=0, random_seed=7, target_update=100, test_mode=0, timeout=2000, trial_num='1')
Game: variant_avoidgeorge_2
variant_avoidgeorge_2
Training at seed = 1
Training Starting
-------------------------
Level 0, episode reward at step 349: -1
Level 0, episode reward at step 699: 1
Level 0, episode reward at step 983: 0
Level 0, episode reward at step 1354: 0
Level 0, episode reward at step 1644: 0
Level 0, episode reward at step 1940: -1
Level 0, episode reward at step 2293: 0
Level 0, episode reward at step 2318: -1
Level 0, episode reward at step 2677: 0
Level 0, episode reward at step 3044: 0
Level 0, episode reward at step 3439: 0
Level 0, episode reward at step 3745: 0
Level 0, episode reward at step 4140: 0
Level 0, episode reward at step 4152: -1
Level 0, episode reward at step 4173: -1
Level 0, episode reward at step 4526: 0
Level 0, episode reward at step 4906: 2
Level 0, episode reward at step 5377: -1
Level 0, episode reward at step 5660: -1
Level 0, episode reward at step 6090: 0
Level 0, episode reward at step 6112: -1
Level 0, episode reward at step 6400: 0
New Best Reward: 0
Level 0, episode reward at step 6417: -1
Level 0, episode reward at step 6436: -1
Level 0, episode reward at step 6866: 0
Level 0, episode reward at step 7312: 0
Level 0, episode reward at step 7677: 1
Level 0, episode reward at step 8081: 0
Level 0, episode reward at step 8450: 2
Level 0, episode reward at step 8468: -1
Level 0, episode reward at step 8791: 1
Level 0, episode reward at step 8823: -1
Level 0, episode reward at step 9170: 2
Level 0, episode reward at step 9491: 0
Level 0, episode reward at step 9904: 2
Level 0, episode reward at step 10190: 1
Level 0, episode reward at step 10215: -1
Level 0, episode reward at step 10653: 2
Level 0, episode reward at step 11052: 1
Level 0, episode reward at step 11355: -1
Level 0, episode reward at step 11712: 1
Level 0, episode reward at step 12034: -1
Level 0, episode reward at step 12333: 0
Level 0, episode reward at step 12611: -1
Level 0, episode reward at step 12964: -1
Level 0, episode reward at step 12979: -1
Level 0, episode reward at step 13005: -1
Level 0, episode reward at step 13042: -1
Level 0, episode reward at step 13397: 0
Level 0, episode reward at step 13494: -1
Level 0, episode reward at step 13562: 0
Level 0, episode reward at step 13592: -1
Level 0, episode reward at step 13999: 2
Level 0, episode reward at step 14048: -1
Level 0, episode reward at step 14418: 1
Level 0, episode reward at step 14687: -1
Level 0, episode reward at step 14969: 1
Level 0, episode reward at step 15064: -1
Level 0, episode reward at step 15451: 1
Level 0, episode reward at step 15824: 1
Level 0, episode reward at step 15849: -1
Level 0, episode reward at step 15863: -1
Level 0, episode reward at step 15886: -1
Level 0, episode reward at step 15905: -1
Level 0, episode reward at step 15934: 0
Level 0, episode reward at step 15950: -1
Level 0, episode reward at step 15964: -1
Level 0, episode reward at step 15980: -1
Level 0, episode reward at step 16327: 0
Level 0, episode reward at step 16422: 1
Level 0, episode reward at step 16705: 1
Level 0, episode reward at step 16722: -1
Level 0, episode reward at step 16742: -1
Level 0, episode reward at step 16769: -1
Level 0, episode reward at step 16847: 0
Level 0, episode reward at step 17216: 2
Level 0, episode reward at step 17593: 1
Level 0, episode reward at step 17683: 1
Level 0, episode reward at step 18044: 3
Level 0, episode reward at step 18333: 2
Level 0, episode reward at step 18660: 1
Level 0, episode reward at step 18769: 1
Level 0, episode reward at step 19162: 0
Level 0, episode reward at step 19605: -1
Level 0, episode reward at step 19726: 1
Level 0, episode reward at step 20039: 0
Level 0, episode reward at step 20413: 3
Level 0, episode reward at step 20504: -1
Level 0, episode reward at step 20949: 1
Level 0, episode reward at step 20973: -1
Level 0, episode reward at step 21399: -1
Level 0, episode reward at step 21764: 1
Level 0, episode reward at step 22147: 0
Level 0, episode reward at step 22464: 0
Level 0, episode reward at step 22830: 1
Level 0, episode reward at step 22935: -1
Level 0, episode reward at step 23224: -1
Level 0, episode reward at step 23498: 0
Level 0, episode reward at step 23882: 1
Level 0, episode reward at step 24245: 0
Level 0, episode reward at step 24593: 0
Level 0, episode reward at step 24917: 2
Level 0, episode reward at step 25225: -1
Level 0, episode reward at step 25527: 1
Level 0, episode reward at step 25576: -1
Level 0, episode reward at step 25981: 2
Level 0, episode reward at step 26110: -1
Level 0, episode reward at step 26149: -1
Level 0, episode reward at step 26480: -1
Level 0, episode reward at step 26675: 0
Level 0, episode reward at step 27012: -1
Level 0, episode reward at step 27325: -1
Level 0, episode reward at step 27583: 0
Level 0, episode reward at step 27831: -1
Level 0, episode reward at step 28170: 0
Level 0, episode reward at step 28253: 0
Level 0, episode reward at step 28621: 0
Level 0, episode reward at step 28637: -1
Level 0, episode reward at step 28975: 2
Level 0, episode reward at step 29007: -1
Level 0, episode reward at step 29040: -1
Level 0, episode reward at step 29101: 0
Level 0, episode reward at step 29139: -1
Level 0, episode reward at step 29225: -1
Level 0, episode reward at step 29242: -1
Level 0, episode reward at step 29363: 0
Level 0, episode reward at step 29483: -1
Level 0, episode reward at step 29677: 1
Level 0, episode reward at step 29696: -1
Level 0, episode reward at step 29766: -1
Level 0, episode reward at step 29836: -1
Level 0, episode reward at step 29856: -1
Level 0, episode reward at step 29870: -1
Level 0, episode reward at step 30235: 0
Level 0, episode reward at step 30516: 3
Level 0, episode reward at step 30846: -1
Level 0, episode reward at step 31197: 1
Level 0, episode reward at step 31601: 1
Level 0, episode reward at step 31932: 0
Level 0, episode reward at step 32044: 0
Level 0, episode reward at step 32425: 1
Level 0, episode reward at step 32505: -1
Level 0, episode reward at step 32906: 0
Level 0, episode reward at step 33373: -1
Level 0, episode reward at step 33679: 1
Level 0, episode reward at step 34051: -1
Level 0, episode reward at step 34083: -1
Level 0, episode reward at step 34138: -1
Level 0, episode reward at step 34632: -1
Level 0, episode reward at step 34725: 0
Level 0, episode reward at step 35008: 2
Level 0, episode reward at step 35511: 0
Level 0, episode reward at step 35890: 1
Level 0, episode reward at step 35906: -1
Level 0, episode reward at step 36018: -1
Level 0, episode reward at step 36399: 1
Level 0, episode reward at step 36739: 0
Level 0, episode reward at step 37133: -1
Level 0, episode reward at step 37346: 0
Level 0, episode reward at step 37668: 3
Level 0, episode reward at step 38011: -1
Level 0, episode reward at step 38380: 0
Level 0, episode reward at step 38719: -1
Level 0, episode reward at step 39034: -1
Level 0, episode reward at step 39341: 0
Level 0, episode reward at step 39815: 4
Level 0, episode reward at step 40187: 1
Level 0, episode reward at step 40561: 2
Level 0, episode reward at step 40900: 1
New Best Reward: 1
Level 0, episode reward at step 41226: 0
Level 0, episode reward at step 41295: 0
Level 0, episode reward at step 41405: -1
Level 0, episode reward at step 41796: 2
Level 0, episode reward at step 42112: 1
Level 0, episode reward at step 42439: -1
Level 0, episode reward at step 42806: -1
Level 0, episode reward at step 43209: 1
Level 0, episode reward at step 43598: 1
Level 0, episode reward at step 43927: -1
Level 0, episode reward at step 44292: 0
Level 0, episode reward at step 44597: 0
Level 0, episode reward at step 45073: 1
Level 0, episode reward at step 45127: 0
Level 0, episode reward at step 45476: 2
Level 0, episode reward at step 45784: 0
Level 0, episode reward at step 46189: 0
Level 0, episode reward at step 46574: -1
Level 0, episode reward at step 46944: -1
Level 0, episode reward at step 47497: -1
Level 0, episode reward at step 47948: 1
Level 0, episode reward at step 48296: -1
Level 0, episode reward at step 48648: 0
Level 0, episode reward at step 48999: -1
Level 0, episode reward at step 49352: 0
Level 0, episode reward at step 49799: 0
Level 0, episode reward at step 50064: -1
Level 0, episode reward at step 50497: 1
Level 0, episode reward at step 50696: -1
Level 0, episode reward at step 51164: -1
Level 0, episode reward at step 51503: -1
Level 0, episode reward at step 51888: -1
Level 0, episode reward at step 52390: 3
Level 0, episode reward at step 52767: -1
Level 0, episode reward at step 53151: 1
Level 0, episode reward at step 53537: 2
Level 0, episode reward at step 53669: 0
Level 0, episode reward at step 53882: 0
Level 0, episode reward at step 54213: 1
Level 0, episode reward at step 54516: 0
Level 0, episode reward at step 54657: 0
Level 0, episode reward at step 54959: 3
Level 0, episode reward at step 55332: 1
Level 0, episode reward at step 55523: -1
Level 0, episode reward at step 55767: 2
Level 0, episode reward at step 56048: 1
Level 0, episode reward at step 56185: 0
Level 0, episode reward at step 56613: 0
Level 0, episode reward at step 56679: 0
Level 0, episode reward at step 56800: 0
New Best Reward: 0
Level 0, episode reward at step 57306: 1
Level 0, episode reward at step 57574: -1
Level 0, episode reward at step 57616: 0
Level 0, episode reward at step 57940: -1
Level 0, episode reward at step 58368: 0
Level 0, episode reward at step 58457: 0
Level 0, episode reward at step 58593: 1
Level 0, episode reward at step 59116: 2
Level 0, episode reward at step 59224: 0
Level 0, episode reward at step 59328: -1
Level 0, episode reward at step 59488: 0
Level 0, episode reward at step 59874: 1
Level 0, episode reward at step 60195: -1
Level 0, episode reward at step 60301: 0
Level 0, episode reward at step 60444: -1
Level 0, episode reward at step 60754: 1
Level 0, episode reward at step 60910: 0
Level 0, episode reward at step 61311: -1
Level 0, episode reward at step 61784: 1
Level 0, episode reward at step 62171: 1
Level 0, episode reward at step 62578: 1
Level 0, episode reward at step 62934: 1
Level 0, episode reward at step 63277: 1
Level 0, episode reward at step 63602: 1
Level 0, episode reward at step 63989: 0
Level 0, episode reward at step 64137: 0
Level 0, episode reward at step 64311: 0
Level 0, episode reward at step 64745: 2
Level 0, episode reward at step 64880: 0
Level 0, episode reward at step 65265: 1
Level 0, episode reward at step 65372: 0
Level 0, episode reward at step 65602: 1
Level 0, episode reward at step 65903: 1
Level 0, episode reward at step 66206: 2
Level 0, episode reward at step 66530: -1
Level 0, episode reward at step 66622: 1
Level 0, episode reward at step 66969: 2
Level 0, episode reward at step 67355: 1
Level 0, episode reward at step 67659: 2
Level 0, episode reward at step 68008: 1
Level 0, episode reward at step 68311: 1
Level 0, episode reward at step 68679: 1
Level 0, episode reward at step 68758: 2
Level 0, episode reward at step 68935: 3
Level 0, episode reward at step 69307: 0
Level 0, episode reward at step 69755: 0
Level 0, episode reward at step 69903: -1
Level 0, episode reward at step 70382: 0
Level 0, episode reward at step 70750: 0
Level 0, episode reward at step 71002: 0
Level 0, episode reward at step 71330: 1
Level 0, episode reward at step 71727: 0
Level 0, episode reward at step 71876: 0
Level 0, episode reward at step 72007: 1
Level 0, episode reward at step 72105: 1
Level 0, episode reward at step 72506: 0
Level 0, episode reward at step 72905: 1
Level 0, episode reward at step 73267: 0
Level 0, episode reward at step 73800: 0
New Best Reward: 0
Level 0, episode reward at step 73961: 0
Level 0, episode reward at step 74263: 0
Level 0, episode reward at step 74607: 1
Level 0, episode reward at step 74974: 1
Level 0, episode reward at step 75099: 0
Level 0, episode reward at step 75208: 0
Level 0, episode reward at step 75456: 0
Level 0, episode reward at step 75545: 0
Level 0, episode reward at step 75623: 0
Level 0, episode reward at step 75766: -1
Level 0, episode reward at step 76146: 1
Level 0, episode reward at step 76243: -1
Level 0, episode reward at step 76644: 1
Level 0, episode reward at step 77072: -1
Level 0, episode reward at step 77172: -1
Level 0, episode reward at step 77367: 1
Level 0, episode reward at step 77713: 0
Level 0, episode reward at step 78029: 1
Level 0, episode reward at step 78595: 1
Level 0, episode reward at step 78744: 0
Level 0, episode reward at step 79077: 1
Level 0, episode reward at step 79487: 0
Level 0, episode reward at step 79846: 1
Level 0, episode reward at step 80055: 0
Level 0, episode reward at step 80418: 1
Level 0, episode reward at step 80806: -1
Level 0, episode reward at step 81181: 0
Level 0, episode reward at step 81320: 0
Level 0, episode reward at step 81507: 0
Level 0, episode reward at step 81622: 0
Level 0, episode reward at step 82016: 1
Level 0, episode reward at step 82314: 1
Level 0, episode reward at step 82717: 1
Level 0, episode reward at step 83048: 0
Level 0, episode reward at step 83115: 0
Level 0, episode reward at step 83163: -1
Level 0, episode reward at step 83284: 0
Level 0, episode reward at step 83670: 0
Level 0, episode reward at step 83775: -1
Level 0, episode reward at step 84287: 0
Level 0, episode reward at step 84694: 1
Level 0, episode reward at step 85038: 2
Level 0, episode reward at step 85152: 0
Level 0, episode reward at step 85223: 1
Level 0, episode reward at step 85562: -1
Level 0, episode reward at step 85856: 0
Level 0, episode reward at step 86001: 0
Level 0, episode reward at step 86347: 2
Level 0, episode reward at step 86662: 0
Level 0, episode reward at step 86942: 3
Level 0, episode reward at step 87350: 1
Level 0, episode reward at step 87815: 0
Level 0, episode reward at step 88172: 2
Level 0, episode reward at step 88515: 1
Level 0, episode reward at step 88854: 0
Level 0, episode reward at step 89285: 1
Level 0, episode reward at step 89416: 0
Level 0, episode reward at step 89799: 2
Level 0, episode reward at step 90219: 4
Level 0, episode reward at step 90533: 6
Next Level!
Level 1, episode reward at step 90910: 2
Level 1, episode reward at step 91333: 1
Level 1, episode reward at step 91810: 0
Level 1, episode reward at step 92270: 4
Level 1, episode reward at step 92309: -1
Level 1, episode reward at step 92337: -1
Level 1, episode reward at step 92685: 0
Level 1, episode reward at step 93111: 2
Level 1, episode reward at step 93483: 1
Level 1, episode reward at step 93953: 3
Level 1, episode reward at step 94021: -1
Level 1, episode reward at step 94418: 1
Level 1, episode reward at step 94858: 2
Level 1, episode reward at step 95283: 2
Level 1, episode reward at step 95618: 2
Level 1, episode reward at step 96013: 1
Level 1, episode reward at step 96659: 6
Level 1, episode reward at step 97060: 1
Level 1, episode reward at step 97215: 1
Level 1, episode reward at step 97651: 3
Level 1, episode reward at step 98030: 1
Level 1, episode reward at step 98090: -1
Level 1, episode reward at step 98217: 2
Level 1, episode reward at step 98458: 0
Level 1, episode reward at step 98847: 1
Level 1, episode reward at step 99128: 1
Level 1, episode reward at step 99592: 0
Level 1, episode reward at step 100070: 2
Level 1, episode reward at step 100568: 2
Level 1, episode reward at step 101059: 1
Level 1, episode reward at step 101502: 2
Level 1, episode reward at step 101899: 2
Level 1, episode reward at step 102492: 4
Level 1, episode reward at step 103083: 3
Level 1, episode reward at step 103432: 1
Level 1, episode reward at step 103825: 2
Level 1, episode reward at step 104171: 0
Level 1, episode reward at step 104601: 2
Level 1, episode reward at step 105006: 1
Level 1, episode reward at step 105388: 0
Level 1, episode reward at step 105823: 2
Level 1, episode reward at step 105922: 0
Level 1, episode reward at step 106338: 2
Level 1, episode reward at step 106882: 1
Level 1, episode reward at step 107206: -1
Level 1, episode reward at step 107864: 0
Level 1, episode reward at step 108294: 0
Level 1, episode reward at step 108483: 1
Level 1, episode reward at step 109006: 0
Level 1, episode reward at step 109416: 1
Level 1, episode reward at step 109834: 1
Level 1, episode reward at step 109972: -1
Level 1, episode reward at step 110377: 1
Level 1, episode reward at step 110744: 0
Level 1, episode reward at step 110849: 0
Level 1, episode reward at step 111156: 2
Level 1, episode reward at step 111335: 0
Level 1, episode reward at step 111399: -1
Level 1, episode reward at step 111542: 0
Level 1, episode reward at step 111645: -1
Level 1, episode reward at step 111997: 1
Level 1, episode reward at step 112470: 2
Level 1, episode reward at step 112887: 1
Level 1, episode reward at step 113124: 1
Level 1, episode reward at step 113517: 1
Level 1, episode reward at step 114182: 1
Level 1, episode reward at step 114327: 0
Level 1, episode reward at step 114458: 1
Level 1, episode reward at step 114810: 0
Level 1, episode reward at step 115341: -1
Level 1, episode reward at step 115766: 1
Level 1, episode reward at step 116060: 2
Level 1, episode reward at step 116439: 0
Level 1, episode reward at step 116482: -1
Level 1, episode reward at step 116573: -1
Level 1, episode reward at step 116970: 1
Level 1, episode reward at step 117341: -1
Level 1, episode reward at step 117732: 3
Level 1, episode reward at step 118199: 3
Level 1, episode reward at step 118610: 0
Level 1, episode reward at step 119092: 1
Level 1, episode reward at step 119563: 0
Level 1, episode reward at step 120007: 2
Level 1, episode reward at step 120472: 2
Level 1, episode reward at step 120983: -1
Level 1, episode reward at step 121384: 2
Level 1, episode reward at step 121773: 0
Level 1, episode reward at step 122408: 3
Level 1, episode reward at step 122809: 0
Level 1, episode reward at step 122835: -1
Level 1, episode reward at step 123316: 2
Level 1, episode reward at step 123790: 2
Level 1, episode reward at step 123967: 1
Level 1, episode reward at step 124270: -1
Level 1, episode reward at step 124779: 1
Level 1, episode reward at step 124907: -1
Level 1, episode reward at step 125391: 1
Level 1, episode reward at step 125874: 0
Level 1, episode reward at step 126302: 1
Level 1, episode reward at step 126949: 2
Level 1, episode reward at step 127356: 2
Level 1, episode reward at step 127707: 0
Level 1, episode reward at step 127774: -1
Level 1, episode reward at step 128044: 4
Level 1, episode reward at step 128488: 0
Level 1, episode reward at step 128610: 0
Level 1, episode reward at step 129086: 2
Level 1, episode reward at step 129615: 1
Level 1, episode reward at step 129725: 1
Level 1, episode reward at step 130106: 1
Level 1, episode reward at step 130605: 0
Level 1, episode reward at step 131041: -1
Level 1, episode reward at step 131468: 4
Level 1, episode reward at step 131901: 1
Level 1, episode reward at step 131999: -1
Level 1, episode reward at step 132051: -1
Level 1, episode reward at step 132153: -1
Level 1, episode reward at step 132564: 1
Level 1, episode reward at step 132708: -1
Level 1, episode reward at step 132761: 0
Level 1, episode reward at step 133192: 3
Level 1, episode reward at step 133658: 1
Level 1, episode reward at step 133767: -1
Level 1, episode reward at step 134456: 0
Level 1, episode reward at step 134654: -1
Level 1, episode reward at step 135140: 1
Level 1, episode reward at step 135535: 0
Level 1, episode reward at step 136025: 4
Level 1, episode reward at step 136446: -1
Level 1, episode reward at step 136831: 1
Level 1, episode reward at step 137223: 1
Level 1, episode reward at step 137588: 2
Level 1, episode reward at step 137753: 1
Level 1, episode reward at step 138134: -1
Level 1, episode reward at step 138183: -1
Level 1, episode reward at step 138564: 2
Level 1, episode reward at step 138922: 0
Level 1, episode reward at step 139326: -1
Level 1, episode reward at step 139379: 0
Level 1, episode reward at step 139847: 1
Level 1, episode reward at step 140236: -1
Level 1, episode reward at step 140603: 3
Level 1, episode reward at step 141036: 0
Level 1, episode reward at step 141529: 1
Level 1, episode reward at step 141626: -1
Level 1, episode reward at step 142072: 2
Level 1, episode reward at step 142464: 0
Level 1, episode reward at step 142851: 1
Level 1, episode reward at step 143379: 3
Level 1, episode reward at step 143404: -1
Level 1, episode reward at step 143758: 1
Level 1, episode reward at step 144175: 1
Level 1, episode reward at step 144672: 0
Level 1, episode reward at step 145202: 1
Level 1, episode reward at step 145826: -1
Level 1, episode reward at step 146218: 0
Level 1, episode reward at step 146624: 0
Level 1, episode reward at step 147019: 0
Level 1, episode reward at step 147427: -1
Level 1, episode reward at step 147489: -1
Level 1, episode reward at step 148184: 1
Level 1, episode reward at step 148266: -1
Level 1, episode reward at step 148695: -1
Level 1, episode reward at step 149099: -1
Level 1, episode reward at step 149525: 0
Level 1, episode reward at step 149945: 1
Level 1, episode reward at step 150324: 0
Level 1, episode reward at step 150731: 0
Level 1, episode reward at step 151092: 0
Level 1, episode reward at step 151731: 3
Level 1, episode reward at step 152104: -1
Level 1, episode reward at step 152560: -1
Level 1, episode reward at step 152622: -1
Level 1, episode reward at step 153046: -1
Level 1, episode reward at step 153449: -1
Level 1, episode reward at step 153848: 1
Level 1, episode reward at step 154275: -1
Level 1, episode reward at step 154319: -1
Level 1, episode reward at step 154768: 1
Level 1, episode reward at step 155211: 1
Level 1, episode reward at step 155630: 0
Level 1, episode reward at step 156037: 1
Level 1, episode reward at step 156459: 0
Level 1, episode reward at step 156868: 0
Level 1, episode reward at step 157240: 0
Level 1, episode reward at step 157616: 1
Level 1, episode reward at step 157710: 1
Level 1, episode reward at step 158123: -1
Level 1, episode reward at step 158548: 0
Level 1, episode reward at step 158634: -1
Level 1, episode reward at step 158987: 0
Level 1, episode reward at step 159386: -1
Level 1, episode reward at step 159945: 1
Level 1, episode reward at step 159989: -1
Level 1, episode reward at step 160454: 1
Level 1, episode reward at step 160799: 1
Level 1, episode reward at step 161208: -1
Level 1, episode reward at step 161234: -1
Level 1, episode reward at step 161656: -1
Level 1, episode reward at step 162337: 0
Level 1, episode reward at step 162878: 0
Level 1, episode reward at step 163283: 0
Level 1, episode reward at step 163654: 0
Level 1, episode reward at step 163681: -1
Level 1, episode reward at step 163725: -1
Level 1, episode reward at step 164147: -1
Level 1, episode reward at step 164655: -1
Level 1, episode reward at step 165069: -1
Level 1, episode reward at step 165120: -1
Level 1, episode reward at step 165169: -1
Level 1, episode reward at step 165243: -1
Level 1, episode reward at step 165624: 0
Level 1, episode reward at step 165694: -1
Level 1, episode reward at step 165781: -1
Level 1, episode reward at step 166155: -1
Level 1, episode reward at step 166579: -1
Level 1, episode reward at step 166972: -1
Level 1, episode reward at step 167433: 1
Level 1, episode reward at step 167877: -1
Level 1, episode reward at step 168147: -1
Level 1, episode reward at step 168208: 0
Level 1, episode reward at step 168847: -1
Level 1, episode reward at step 168876: -1
Level 1, episode reward at step 169569: -1
Level 1, episode reward at step 170034: -1
Level 1, episode reward at step 170551: -1
Level 1, episode reward at step 170591: -1
Level 1, episode reward at step 171128: -1
Level 1, episode reward at step 171578: 1
Level 1, episode reward at step 171997: -1
Level 1, episode reward at step 172447: -1
Level 1, episode reward at step 172952: 0
Level 1, episode reward at step 173312: 0
Level 1, episode reward at step 173653: -1
Level 1, episode reward at step 174061: 0
Level 1, episode reward at step 174115: -1
Level 1, episode reward at step 174695: -1
Level 1, episode reward at step 175079: -1
Level 1, episode reward at step 175112: -1
Level 1, episode reward at step 175505: -1
Level 1, episode reward at step 175906: 0
Level 1, episode reward at step 176544: -1
Level 1, episode reward at step 176970: 0
Level 1, episode reward at step 177369: -1
Level 1, episode reward at step 177844: 0
Level 1, episode reward at step 178219: -1
Level 1, episode reward at step 178571: 1
Level 1, episode reward at step 178597: -1
Level 1, episode reward at step 178652: -1
Level 1, episode reward at step 179110: -1
Level 1, episode reward at step 179566: -1
Level 1, episode reward at step 179968: -1
Level 1, episode reward at step 180455: 0
Level 1, episode reward at step 180516: -1
Level 1, episode reward at step 180983: -1
Level 1, episode reward at step 181485: 1
Level 1, episode reward at step 181544: -1
Level 1, episode reward at step 182023: 0
Level 1, episode reward at step 182110: -1
Level 1, episode reward at step 182173: -1
Level 1, episode reward at step 182209: -1
Level 1, episode reward at step 182662: -1
Level 1, episode reward at step 183033: 1
Level 1, episode reward at step 183442: 0
Level 1, episode reward at step 183781: -1
Level 1, episode reward at step 184324: 1
Level 1, episode reward at step 184720: 0
Level 1, episode reward at step 185062: -1
Level 1, episode reward at step 185124: -1
Level 1, episode reward at step 185457: -1
Level 1, episode reward at step 185861: 0
Level 1, episode reward at step 186265: 0
Level 1, episode reward at step 186657: -1
Level 1, episode reward at step 187119: -1
Level 1, episode reward at step 187520: 0
Level 1, episode reward at step 187629: -1
Level 1, episode reward at step 188024: -1
Level 1, episode reward at step 188525: 1
Level 1, episode reward at step 188880: -1
Level 1, episode reward at step 189438: -1
Level 1, episode reward at step 189850: -1
Level 1, episode reward at step 190343: -1
Level 1, episode reward at step 190766: -1
Level 1, episode reward at step 191163: 0
Level 1, episode reward at step 191203: -1
Level 1, episode reward at step 191577: 0
Level 1, episode reward at step 191964: -1
Level 1, episode reward at step 192497: 0
Level 1, episode reward at step 192863: 0
Level 1, episode reward at step 193268: -1
Level 1, episode reward at step 193910: 1
Level 1, episode reward at step 194237: -1
Level 1, episode reward at step 194769: -1
Level 1, episode reward at step 195223: -1
Level 1, episode reward at step 195595: 0
Level 1, episode reward at step 195968: 0
Level 1, episode reward at step 196608: 1
Level 1, episode reward at step 196964: 0
Level 1, episode reward at step 197578: 3
Level 1, episode reward at step 198042: 1
Level 1, episode reward at step 198518: 0
Level 1, episode reward at step 198888: 0
Level 1, episode reward at step 199285: 0
Level 1, episode reward at step 199725: 0
Level 1, episode reward at step 200107: 2
Level 1, episode reward at step 200530: 0
Level 1, episode reward at step 200955: 0
Level 1, episode reward at step 201404: 1
Level 1, episode reward at step 201824: 1
Level 1, episode reward at step 202228: 0
Level 1, episode reward at step 202556: 0
Level 1, episode reward at step 202922: 0
Level 1, episode reward at step 203237: 0
Level 1, episode reward at step 203601: 0
Level 1, episode reward at step 203978: 1
Level 1, episode reward at step 204385: 1
Level 1, episode reward at step 204778: -1
Level 1, episode reward at step 205215: 0
Level 1, episode reward at step 205679: 0
Level 1, episode reward at step 206050: 0
Level 1, episode reward at step 206465: -1
Level 1, episode reward at step 207044: 2
Level 1, episode reward at step 207089: -1
Level 1, episode reward at step 207534: 0
Level 1, episode reward at step 207997: 2
Level 1, episode reward at step 208487: 0
Level 1, episode reward at step 208766: 1
Level 1, episode reward at step 209155: 0
Level 1, episode reward at step 209687: 1
Level 1, episode reward at step 210096: 2
Level 1, episode reward at step 210544: 0
Level 1, episode reward at step 210899: 0
Level 1, episode reward at step 211328: 1
Level 1, episode reward at step 211816: 1
Level 1, episode reward at step 212215: 0
Level 1, episode reward at step 212666: 1
Level 1, episode reward at step 213256: 2
Level 1, episode reward at step 213683: 1
Level 1, episode reward at step 214099: 0
Level 1, episode reward at step 214470: 0
Level 1, episode reward at step 214828: -1
Level 1, episode reward at step 215229: 0
Level 1, episode reward at step 215776: 0
Level 1, episode reward at step 216239: 0
Level 1, episode reward at step 216626: 1
Level 1, episode reward at step 216956: 0
Level 1, episode reward at step 217460: 2
Level 1, episode reward at step 217895: 1
Level 1, episode reward at step 218291: -1
Level 1, episode reward at step 218675: 0
Level 1, episode reward at step 219040: 0
Level 1, episode reward at step 219446: 0
Level 1, episode reward at step 219815: 2
Level 1, episode reward at step 220246: 1
Level 1, episode reward at step 220607: 1
Level 1, episode reward at step 220654: -1
Level 1, episode reward at step 220881: 0
Level 1, episode reward at step 221230: 1
Level 1, episode reward at step 221644: 1
Level 1, episode reward at step 221687: -1
Level 1, episode reward at step 222104: 1
Level 1, episode reward at step 222527: -1
Level 1, episode reward at step 222848: 1
Level 1, episode reward at step 223271: -1
Level 1, episode reward at step 223607: -1
Level 1, episode reward at step 223922: 1
Level 1, episode reward at step 224269: -1
Level 1, episode reward at step 224701: 1
Level 1, episode reward at step 225290: 0
Level 1, episode reward at step 225730: 0
Level 1, episode reward at step 226173: 1
Level 1, episode reward at step 226472: -1
Level 1, episode reward at step 227007: -1
Level 1, episode reward at step 227532: 0
Level 1, episode reward at step 227958: 0
Level 1, episode reward at step 228371: 0
Level 1, episode reward at step 228437: -1
Level 1, episode reward at step 228829: 0
Level 1, episode reward at step 229242: 1
Level 1, episode reward at step 229660: 0
Level 1, episode reward at step 230107: 0
Level 1, episode reward at step 230489: 0
Level 1, episode reward at step 230894: 2
Level 1, episode reward at step 231347: 1
Level 1, episode reward at step 231743: 0
Level 1, episode reward at step 232172: 0
Level 1, episode reward at step 232616: 0
Level 1, episode reward at step 232969: 0
Level 1, episode reward at step 233399: 0
Level 1, episode reward at step 233814: 0
Level 1, episode reward at step 234205: 0
Level 1, episode reward at step 234766: 0
Level 1, episode reward at step 235168: -1
Level 1, episode reward at step 235510: 0
Level 1, episode reward at step 235538: -1
Level 1, episode reward at step 235933: 0
Level 1, episode reward at step 236493: -1
Level 1, episode reward at step 237168: 2
Level 1, episode reward at step 237681: 2
Level 1, episode reward at step 238080: 0
Level 1, episode reward at step 238764: 1
Level 1, episode reward at step 239184: 0
Level 1, episode reward at step 239848: 1
Level 1, episode reward at step 240343: -1
Level 1, episode reward at step 240756: -1
Level 1, episode reward at step 240800: -1
New Best Reward: -1
Level 1, episode reward at step 241087: 0
Level 1, episode reward at step 241470: 0
Level 1, episode reward at step 241834: 0
Level 1, episode reward at step 242302: 0
Level 1, episode reward at step 242637: 0
Level 1, episode reward at step 243031: -1
Level 1, episode reward at step 243450: 0
Level 1, episode reward at step 243973: 0
Level 1, episode reward at step 244411: 0
Level 1, episode reward at step 244930: 1
Level 1, episode reward at step 245450: -1
Level 1, episode reward at step 245866: 0
Level 1, episode reward at step 246314: 1
Level 1, episode reward at step 246761: 0
Level 1, episode reward at step 247131: 1
Level 1, episode reward at step 247588: 1
Level 1, episode reward at step 248021: 0
Level 1, episode reward at step 248674: 0
Level 1, episode reward at step 249067: 0
Level 1, episode reward at step 249488: 1
Level 1, episode reward at step 249917: -1
Level 1, episode reward at step 250534: 0
Level 1, episode reward at step 251157: 0
Level 1, episode reward at step 251590: 2
Level 1, episode reward at step 252022: 0
Level 1, episode reward at step 252390: -1
Level 1, episode reward at step 252831: -1
Level 1, episode reward at step 253328: 0
Level 1, episode reward at step 253691: -1
Level 1, episode reward at step 254256: 0
Level 1, episode reward at step 254367: -1
Level 1, episode reward at step 254799: 1
Level 1, episode reward at step 255254: 0
Level 1, episode reward at step 255677: -1
Level 1, episode reward at step 256131: -1
Level 1, episode reward at step 256522: 0
Level 1, episode reward at step 256975: 0
Level 1, episode reward at step 257315: -1
Level 1, episode reward at step 257719: -1
Level 1, episode reward at step 258102: 0
Level 1, episode reward at step 258738: 0
Level 1, episode reward at step 259140: 0
Level 1, episode reward at step 259571: 0
Level 1, episode reward at step 259922: 0
Level 1, episode reward at step 260505: 0
Level 1, episode reward at step 260931: -1
Level 1, episode reward at step 261431: 1
Level 1, episode reward at step 261870: 0
Level 1, episode reward at step 262277: 0
Level 1, episode reward at step 262661: -1
Level 1, episode reward at step 263150: 1
Level 1, episode reward at step 263487: 0
Level 1, episode reward at step 263966: -1
Level 1, episode reward at step 264047: -1
Level 1, episode reward at step 264454: -1
Level 1, episode reward at step 264789: 0
Level 1, episode reward at step 265171: -1
Level 1, episode reward at step 265330: -1
Level 1, episode reward at step 265772: 1
Level 1, episode reward at step 266236: 0
Level 1, episode reward at step 266699: -1
Level 1, episode reward at step 266841: 0
Level 1, episode reward at step 267489: 3
Level 1, episode reward at step 267869: -1
Level 1, episode reward at step 268251: 0
Level 1, episode reward at step 268618: -1
Level 1, episode reward at step 269191: 3
Level 1, episode reward at step 269568: -1
Level 1, episode reward at step 269971: 1
Level 1, episode reward at step 270426: 1
Level 1, episode reward at step 270809: 2
Level 1, episode reward at step 271233: -1
Level 1, episode reward at step 271637: -1
Level 1, episode reward at step 271741: 0
Level 1, episode reward at step 272264: 0
Level 1, episode reward at step 272674: -1
Level 1, episode reward at step 273092: 0
Level 1, episode reward at step 273487: 1
Level 1, episode reward at step 273905: 3
Level 1, episode reward at step 274255: -1
Level 1, episode reward at step 274340: -1
Level 1, episode reward at step 274665: -1
Level 1, episode reward at step 275327: 1
Level 1, episode reward at step 275800: 0
New Best Reward: 0
Level 1, episode reward at step 276231: -1
Level 1, episode reward at step 276640: 1
Level 1, episode reward at step 277025: 0
Level 1, episode reward at step 277181: 0
Level 1, episode reward at step 277588: 2
Level 1, episode reward at step 277857: 4
Level 1, episode reward at step 278036: 1
Level 1, episode reward at step 278673: 4
Level 1, episode reward at step 279099: 1
Level 1, episode reward at step 279664: 1
Level 1, episode reward at step 280069: 0
Level 1, episode reward at step 280225: 0
Level 1, episode reward at step 280739: 0
Level 1, episode reward at step 280783: -1
Level 1, episode reward at step 280866: -1
Level 1, episode reward at step 281338: -1
Level 1, episode reward at step 281786: 4
Level 1, episode reward at step 282139: 2
Level 1, episode reward at step 282467: 2
Level 1, episode reward at step 282721: 0
Level 1, episode reward at step 282835: -1
Level 1, episode reward at step 283199: -1
Level 1, episode reward at step 283333: -1
Level 1, episode reward at step 283449: -1
Level 1, episode reward at step 283666: 1
Level 1, episode reward at step 284042: 3
Level 1, episode reward at step 284517: 2
Level 1, episode reward at step 284948: 1
Level 1, episode reward at step 285155: 3
Level 1, episode reward at step 285401: 0
Level 1, episode reward at step 285788: 0
Level 1, episode reward at step 285904: -1
Level 1, episode reward at step 286321: 0
Level 1, episode reward at step 286729: 5
Level 1, episode reward at step 286751: -1
Level 1, episode reward at step 286846: 0
Level 1, episode reward at step 287260: 1
Level 1, episode reward at step 287610: 0
Level 1, episode reward at step 288011: 2
Level 1, episode reward at step 288061: -1
Level 1, episode reward at step 288189: -1
Level 1, episode reward at step 288559: 0
Level 1, episode reward at step 288713: -1
Level 1, episode reward at step 289079: 0
Level 1, episode reward at step 289459: 0
Level 1, episode reward at step 289558: -1
Level 1, episode reward at step 289932: -1
Level 1, episode reward at step 290389: -1
Level 1, episode reward at step 290630: 1
Level 1, episode reward at step 290666: -1
Level 1, episode reward at step 291269: 0
Level 1, episode reward at step 291391: 0
Level 1, episode reward at step 291742: 1
Level 1, episode reward at step 292189: 0
Level 1, episode reward at step 292422: -1
Level 1, episode reward at step 292681: 2
Level 1, episode reward at step 292927: 1
Level 1, episode reward at step 293410: 2
Level 1, episode reward at step 294007: 2
Level 1, episode reward at step 294409: 1
Level 1, episode reward at step 294782: 0
Level 1, episode reward at step 295305: 0
Level 1, episode reward at step 295691: 2
Level 1, episode reward at step 296088: 4
Level 1, episode reward at step 296446: 0
Level 1, episode reward at step 296678: -1
Level 1, episode reward at step 296797: -1
Level 1, episode reward at step 297095: -1
Level 1, episode reward at step 297194: -1
Level 1, episode reward at step 297334: 0
Level 1, episode reward at step 297889: 1
Level 1, episode reward at step 297905: -1
Level 1, episode reward at step 298220: 1
Level 1, episode reward at step 298707: -1
Level 1, episode reward at step 299117: 0
Level 1, episode reward at step 299236: -1
Level 1, episode reward at step 299355: -1
Level 1, episode reward at step 299605: -1
Level 1, episode reward at step 299893: 0
Level 1, episode reward at step 300241: 0
Level 1, episode reward at step 300501: -1
Level 1, episode reward at step 300886: 0
Level 1, episode reward at step 300955: -1
Level 1, episode reward at step 301497: 2
Level 1, episode reward at step 302027: 2
Level 1, episode reward at step 302447: 0
Level 1, episode reward at step 303041: 0
Level 1, episode reward at step 303585: 0
Level 1, episode reward at step 303949: 1
Level 1, episode reward at step 304317: 0
Level 1, episode reward at step 304685: -1
Level 1, episode reward at step 305062: 1
Level 1, episode reward at step 305145: -1
Level 1, episode reward at step 305564: 0
Level 1, episode reward at step 305842: 0
Level 1, episode reward at step 306208: 1
Level 1, episode reward at step 306315: -1
Level 1, episode reward at step 306664: 1
Level 1, episode reward at step 307058: -1
Level 1, episode reward at step 307463: 1
Level 1, episode reward at step 307811: 2
Level 1, episode reward at step 308317: -1
Level 1, episode reward at step 308495: -1
Level 1, episode reward at step 308982: 2
Level 1, episode reward at step 309253: 1
Level 1, episode reward at step 309801: 2
Level 1, episode reward at step 310264: 4
Level 1, episode reward at step 310834: 2
Level 1, episode reward at step 311073: 0
Level 1, episode reward at step 311458: -1
Level 1, episode reward at step 311779: -1
Level 1, episode reward at step 312161: 0
Level 1, episode reward at step 312576: 0
Level 1, episode reward at step 312993: -1
Level 1, episode reward at step 313472: 1
Level 1, episode reward at step 313795: 0
Level 1, episode reward at step 314008: 1
Level 1, episode reward at step 314304: 0
Level 1, episode reward at step 314588: 0
Level 1, episode reward at step 315078: 0
Level 1, episode reward at step 315636: 3
Level 1, episode reward at step 316099: 0
Level 1, episode reward at step 316244: -1
Level 1, episode reward at step 316374: 0
Level 1, episode reward at step 316397: -1
Level 1, episode reward at step 316724: -1
Level 1, episode reward at step 317202: 2
Level 1, episode reward at step 317301: -1
Level 1, episode reward at step 317854: 1
Level 1, episode reward at step 317975: -1
Level 1, episode reward at step 318104: -1
Level 1, episode reward at step 318526: 0
Level 1, episode reward at step 318921: 3
Level 1, episode reward at step 319324: 0
Level 1, episode reward at step 319532: 1
Level 1, episode reward at step 319695: -1
Level 1, episode reward at step 320155: 0
Level 1, episode reward at step 320691: 2
Level 1, episode reward at step 320863: -1
Level 1, episode reward at step 321395: 2
Level 1, episode reward at step 321497: -1
Level 1, episode reward at step 321896: -1
Level 1, episode reward at step 322248: 0
Level 1, episode reward at step 322762: -1
Level 1, episode reward at step 323160: 0
Level 1, episode reward at step 323618: 0
Level 1, episode reward at step 323766: 1
Level 1, episode reward at step 324009: -1
Level 1, episode reward at step 324067: -1
Level 1, episode reward at step 324342: -1
Level 1, episode reward at step 324615: 0
Level 1, episode reward at step 324874: 0
Level 1, episode reward at step 325175: -1
Level 1, episode reward at step 325602: -1
Level 1, episode reward at step 326011: 0
Level 1, episode reward at step 326337: 2
Level 1, episode reward at step 326463: -1
Level 1, episode reward at step 326490: -1
Level 1, episode reward at step 326891: 2
Level 1, episode reward at step 327324: 0
Level 1, episode reward at step 327682: 0
Level 1, episode reward at step 328231: 0
Level 1, episode reward at step 328344: -1
Level 1, episode reward at step 328602: -1
Level 1, episode reward at step 329045: 1
Level 1, episode reward at step 329471: 2
Level 1, episode reward at step 329887: 0
Level 1, episode reward at step 330113: -1
Level 1, episode reward at step 330477: 1
Level 1, episode reward at step 330585: 0
Level 1, episode reward at step 330703: -1
Level 1, episode reward at step 331180: 1
Level 1, episode reward at step 331613: 2
Level 1, episode reward at step 331994: 0
Level 1, episode reward at step 332331: 0
Level 1, episode reward at step 332619: -1
Level 1, episode reward at step 333033: 0
Level 1, episode reward at step 333467: 2
Level 1, episode reward at step 334051: 0
Level 1, episode reward at step 334396: 0
Level 1, episode reward at step 334503: -1
Level 1, episode reward at step 334549: -1
Level 1, episode reward at step 334916: 0
Level 1, episode reward at step 334997: -1
Level 1, episode reward at step 335396: 0
Level 1, episode reward at step 335881: 2
Level 1, episode reward at step 336257: -1
Level 1, episode reward at step 336757: -1
Level 1, episode reward at step 337163: -1
Level 1, episode reward at step 337499: -1
Level 1, episode reward at step 337953: -1
Level 1, episode reward at step 338305: 1
Level 1, episode reward at step 338918: 0
Level 1, episode reward at step 339195: -1
Level 1, episode reward at step 339619: 1
Level 1, episode reward at step 339702: -1
Level 1, episode reward at step 340128: 3
Level 1, episode reward at step 340560: 0
Level 1, episode reward at step 340686: -1
Level 1, episode reward at step 341083: 1
Level 1, episode reward at step 341489: -1
Level 1, episode reward at step 342150: 1
Level 1, episode reward at step 342583: 0
Level 1, episode reward at step 343124: -1
Level 1, episode reward at step 343639: 0
Level 1, episode reward at step 344041: 1
Level 1, episode reward at step 344452: 0
Level 1, episode reward at step 344855: 0
Level 1, episode reward at step 345245: 0
Level 1, episode reward at step 345752: 0
Level 1, episode reward at step 346109: 0
Level 1, episode reward at step 346524: 0
Level 1, episode reward at step 346625: -1
Level 1, episode reward at step 347327: 0
Level 1, episode reward at step 347798: 0
Level 1, episode reward at step 347974: 1
Level 1, episode reward at step 348421: 0
Level 1, episode reward at step 348604: -1
Level 1, episode reward at step 348950: 0
Level 1, episode reward at step 349365: 1
Level 1, episode reward at step 349782: -1
Level 1, episode reward at step 349807: -1
Level 1, episode reward at step 350217: 0
Level 1, episode reward at step 350682: 3
Level 1, episode reward at step 351035: -1
Level 1, episode reward at step 351348: 0
Level 1, episode reward at step 351578: 0
Level 1, episode reward at step 352046: 0
Level 1, episode reward at step 352457: -1
Level 1, episode reward at step 352572: -1
Level 1, episode reward at step 352742: -1
Level 1, episode reward at step 352809: 0
Level 1, episode reward at step 353211: 1
Level 1, episode reward at step 353330: -1
Level 1, episode reward at step 353434: -1
Level 1, episode reward at step 353603: -1
Level 1, episode reward at step 353737: -1
Level 1, episode reward at step 354464: 3
Level 1, episode reward at step 354865: -1
Level 1, episode reward at step 355268: 1
Level 1, episode reward at step 355665: 1
Level 1, episode reward at step 356099: 1
Level 1, episode reward at step 356673: 1
Level 1, episode reward at step 357142: 2
Level 1, episode reward at step 357369: 1
Level 1, episode reward at step 357814: 0
Level 1, episode reward at step 358251: 1
Level 1, episode reward at step 358484: -1
Level 1, episode reward at step 358922: 1
Level 1, episode reward at step 359023: -1
Level 1, episode reward at step 359474: 1
Level 1, episode reward at step 359523: -1
Level 1, episode reward at step 359922: -1
Level 1, episode reward at step 359969: -1
Level 1, episode reward at step 360037: -1
Level 1, episode reward at step 360473: -1
Level 1, episode reward at step 360854: 4
Level 1, episode reward at step 361219: 1
Level 1, episode reward at step 361311: -1
Level 1, episode reward at step 361750: 2
Level 1, episode reward at step 362119: -1
Level 1, episode reward at step 362572: 1
Level 1, episode reward at step 362978: 2
Level 1, episode reward at step 363663: 3
Level 1, episode reward at step 364060: -1
Level 1, episode reward at step 364517: -1
Level 1, episode reward at step 364755: 1
Level 1, episode reward at step 365105: 0
Level 1, episode reward at step 365286: 0
Level 1, episode reward at step 365678: 1
Level 1, episode reward at step 366105: 2
Level 1, episode reward at step 366601: 1
Level 1, episode reward at step 367022: 0
Level 1, episode reward at step 367412: 0
Level 1, episode reward at step 367810: 3
Level 1, episode reward at step 368148: 2
Level 1, episode reward at step 368619: 1
Level 1, episode reward at step 368986: 1
Level 1, episode reward at step 369076: -1
Level 1, episode reward at step 369270: -1
Level 1, episode reward at step 369716: 2
Level 1, episode reward at step 370144: 1
Level 1, episode reward at step 370824: 1
Level 1, episode reward at step 371206: 1
Level 1, episode reward at step 371602: 3
Level 1, episode reward at step 371879: -1
Level 1, episode reward at step 372447: 2
Level 1, episode reward at step 372864: 0
Level 1, episode reward at step 373421: 0
Level 1, episode reward at step 373913: 1
Level 1, episode reward at step 374306: 1
Level 1, episode reward at step 374389: 0
Level 1, episode reward at step 374814: 0
Level 1, episode reward at step 375150: 0
Level 1, episode reward at step 375579: 0
Level 1, episode reward at step 375964: 1
Level 1, episode reward at step 376395: 3
Level 1, episode reward at step 376762: -1
Level 1, episode reward at step 377230: 2
Level 1, episode reward at step 377395: -1
Level 1, episode reward at step 377756: -1
Level 1, episode reward at step 377878: 0
Level 1, episode reward at step 378304: 1
Level 1, episode reward at step 378693: 2
Level 1, episode reward at step 379132: 2
Level 1, episode reward at step 379547: 5
Level 1, episode reward at step 379749: 0
Level 1, episode reward at step 380203: 0
Level 1, episode reward at step 380664: 1
Level 1, episode reward at step 380733: 0
Level 1, episode reward at step 381116: 2
Level 1, episode reward at step 381356: 1
Level 1, episode reward at step 381767: 1
Level 1, episode reward at step 382156: 0
Level 1, episode reward at step 382600: -1
New Best Reward: -1
Level 1, episode reward at step 382957: 0
Level 1, episode reward at step 383365: -1
Level 1, episode reward at step 383803: 2
Level 1, episode reward at step 384195: 2
Level 1, episode reward at step 384525: 1
Level 1, episode reward at step 384945: 1
Level 1, episode reward at step 385258: 3
Level 1, episode reward at step 385842: 1
Level 1, episode reward at step 386390: 1
Level 1, episode reward at step 386999: 4
Level 1, episode reward at step 387371: 2
Level 1, episode reward at step 387808: 2
Level 1, episode reward at step 387967: -1
Level 1, episode reward at step 388050: -1
Level 1, episode reward at step 388432: 1
Level 1, episode reward at step 388554: -1
Level 1, episode reward at step 388617: 0
Level 1, episode reward at step 389151: 5
Level 1, episode reward at step 389641: -1
Level 1, episode reward at step 389820: 2
Level 1, episode reward at step 390290: 0
Level 1, episode reward at step 390727: 0
Level 1, episode reward at step 391147: 3
Level 1, episode reward at step 391520: -1
Level 1, episode reward at step 391871: 0
Level 1, episode reward at step 392022: 0
Level 1, episode reward at step 392441: 1
Level 1, episode reward at step 393076: 1
Level 1, episode reward at step 393198: 0
Level 1, episode reward at step 393618: 1
Level 1, episode reward at step 394073: 1
Level 1, episode reward at step 394446: 5
Level 1, episode reward at step 394479: -1
Level 1, episode reward at step 394849: 1
Level 1, episode reward at step 395383: -1
Level 1, episode reward at step 395482: -1
Level 1, episode reward at step 395627: 0
Level 1, episode reward at step 395857: 2
Level 1, episode reward at step 396032: 0
Level 1, episode reward at step 396082: -1
Level 1, episode reward at step 396384: 3
Level 1, episode reward at step 396825: 3
Level 1, episode reward at step 397237: 1
Level 1, episode reward at step 397624: 1
Level 1, episode reward at step 398202: -1
Level 1, episode reward at step 398580: -1
Level 1, episode reward at step 398928: 0
Level 1, episode reward at step 399427: 0
Level 1, episode reward at step 399584: 2
Level 1, episode reward at step 399991: 1
Level 1, episode reward at step 400348: 0
Level 1, episode reward at step 400526: 4
Next Level!
Level 2, episode reward at step 400722: -1
Level 2, episode reward at step 400943: 0
Level 2, episode reward at step 401194: -1
Level 2, episode reward at step 401439: 0
Level 2, episode reward at step 401603: 2
Level 2, episode reward at step 401927: 0
Level 2, episode reward at step 402204: 0
Level 2, episode reward at step 402455: 2
Level 2, episode reward at step 402688: 2
Level 2, episode reward at step 402944: 0
Level 2, episode reward at step 403157: 0
Level 2, episode reward at step 403349: -1
Level 2, episode reward at step 403608: 1
Level 2, episode reward at step 403670: 0
Level 2, episode reward at step 403891: 0
Level 2, episode reward at step 404200: -1
New Best Reward: -1
Level 2, episode reward at step 404439: 0
Level 2, episode reward at step 404707: -1
Level 2, episode reward at step 404913: 0
Level 2, episode reward at step 405115: -1
Level 2, episode reward at step 405364: -1
Level 2, episode reward at step 405574: 0
Level 2, episode reward at step 405863: 2
Level 2, episode reward at step 406101: 0
Level 2, episode reward at step 406350: 1
Level 2, episode reward at step 406500: 1
New Best Reward: 1
Level 2, episode reward at step 406621: 0
Level 2, episode reward at step 406895: -1
Level 2, episode reward at step 407013: 0
Level 2, episode reward at step 407249: 1
Level 2, episode reward at step 407523: 2
Level 2, episode reward at step 407814: 1
Level 2, episode reward at step 408052: 1
Level 2, episode reward at step 408365: 2
Level 2, episode reward at step 408666: 0
Level 2, episode reward at step 408976: -1
Level 2, episode reward at step 409167: 0
Level 2, episode reward at step 409254: 0
Level 2, episode reward at step 409550: 1
Level 2, episode reward at step 409766: 1
Level 2, episode reward at step 409992: -1
Level 2, episode reward at step 410268: 1
Level 2, episode reward at step 410378: 0
Level 2, episode reward at step 410637: 1
Level 2, episode reward at step 410926: 3
Level 2, episode reward at step 411152: 2
Level 2, episode reward at step 411383: 5
Next Level!
Level 3, episode reward at step 411399: -1
Level 3, episode reward at step 411810: 1
Level 3, episode reward at step 412227: -1
Level 3, episode reward at step 412385: -1
Level 3, episode reward at step 412903: 1
Level 3, episode reward at step 413393: 2
Level 3, episode reward at step 413904: 2
Level 3, episode reward at step 413968: 0
Level 3, episode reward at step 414038: -1
Level 3, episode reward at step 414567: 0
Level 3, episode reward at step 414773: 1
Level 3, episode reward at step 415234: -1
Level 3, episode reward at step 415267: -1
Level 3, episode reward at step 415302: -1
Level 3, episode reward at step 415812: 3
Level 3, episode reward at step 416319: 2
Level 3, episode reward at step 416883: 2
Level 3, episode reward at step 416926: 0
Level 3, episode reward at step 417382: 1
Level 3, episode reward at step 417828: 2
Level 3, episode reward at step 418129: 1
Level 3, episode reward at step 418523: 4
Level 3, episode reward at step 419018: 1
Level 3, episode reward at step 419533: 2
Level 3, episode reward at step 420089: 4
Level 3, episode reward at step 420325: -1
Level 3, episode reward at step 420724: -1
Level 3, episode reward at step 421189: 2
Level 3, episode reward at step 421293: -1
Level 3, episode reward at step 421342: -1
Level 3, episode reward at step 421371: -1
Level 3, episode reward at step 421826: 5
Level 3, episode reward at step 422283: 1
Level 3, episode reward at step 422769: 3
Level 3, episode reward at step 423240: 3
Level 3, episode reward at step 423256: -1
Level 3, episode reward at step 423425: -1
Level 3, episode reward at step 423956: 1
Level 3, episode reward at step 424448: 0
Level 3, episode reward at step 424966: -1
Level 3, episode reward at step 425416: 0
Level 3, episode reward at step 425888: 1
Level 3, episode reward at step 426381: 3
Level 3, episode reward at step 426810: 2
Level 3, episode reward at step 427270: 1
Level 3, episode reward at step 427655: 2
Level 3, episode reward at step 428210: 2
Level 3, episode reward at step 428277: -1
Level 3, episode reward at step 428675: -1
Level 3, episode reward at step 429091: 1
Level 3, episode reward at step 429124: -1
Level 3, episode reward at step 429524: 0
Level 3, episode reward at step 429576: -1
Level 3, episode reward at step 429664: 0
Level 3, episode reward at step 429700: -1
New Best Reward: -1
Level 3, episode reward at step 429719: -1
Level 3, episode reward at step 429775: -1
Level 3, episode reward at step 429813: -1
Level 3, episode reward at step 430300: 4
New Best Reward: 4
Level 3, episode reward at step 430875: 5
Level 3, episode reward at step 430902: -1
Level 3, episode reward at step 431373: 4
Level 3, episode reward at step 431704: 0
Level 3, episode reward at step 432175: 3
Level 3, episode reward at step 432635: 0
Level 3, episode reward at step 433132: 3
Level 3, episode reward at step 433701: -1
Level 3, episode reward at step 434292: 0
Level 3, episode reward at step 434518: 0
Level 3, episode reward at step 435085: 0
Level 3, episode reward at step 435523: 0
Level 3, episode reward at step 436019: 4
Level 3, episode reward at step 436464: 4
Level 3, episode reward at step 436866: 7
Next Level!
Level 4, episode reward at step 437219: 4
Level 4, episode reward at step 437593: 0
Level 4, episode reward at step 437885: 1
Level 4, episode reward at step 438158: 1
Level 4, episode reward at step 438222: -1
Level 4, episode reward at step 438505: 1
Level 4, episode reward at step 438892: 3
Level 4, episode reward at step 438921: -1
Level 4, episode reward at step 439267: 0
Level 4, episode reward at step 439548: 0
Level 4, episode reward at step 439858: 1
Level 4, episode reward at step 439989: 0
Level 4, episode reward at step 440257: 0
Level 4, episode reward at step 440660: -1
Level 4, episode reward at step 440987: -1
Level 4, episode reward at step 441301: 1
Level 4, episode reward at step 441660: 0
Level 4, episode reward at step 441986: 0
Level 4, episode reward at step 442428: 3
Level 4, episode reward at step 442787: 0
Level 4, episode reward at step 443136: 1
Level 4, episode reward at step 443155: -1
Level 4, episode reward at step 443622: 2
Level 4, episode reward at step 443782: 0
Level 4, episode reward at step 444045: 2
Level 4, episode reward at step 444296: 2
Level 4, episode reward at step 444660: -1
Level 4, episode reward at step 444909: 0
Level 4, episode reward at step 445209: -1
Level 4, episode reward at step 445496: 0
Level 4, episode reward at step 445881: 0
Level 4, episode reward at step 446320: 1
Level 4, episode reward at step 446621: -1
Level 4, episode reward at step 446896: -1
Level 4, episode reward at step 447215: -1
Level 4, episode reward at step 447490: -1
Level 4, episode reward at step 447909: 3
Level 4, episode reward at step 448270: 1
Level 4, episode reward at step 448578: 0
Level 4, episode reward at step 448931: 0
Level 4, episode reward at step 449195: 0
Level 4, episode reward at step 449727: 2
Level 4, episode reward at step 450104: 2
Level 4, episode reward at step 450526: -1
Level 4, episode reward at step 450729: 0
Level 4, episode reward at step 450996: 2
Level 4, episode reward at step 451205: -1
Level 4, episode reward at step 451520: 0
Level 4, episode reward at step 451703: -1
Level 4, episode reward at step 452046: -1
Level 4, episode reward at step 452518: -1
Level 4, episode reward at step 452783: 0
Level 4, episode reward at step 453109: 1
Level 4, episode reward at step 453456: 1
Level 4, episode reward at step 453519: 0
Level 4, episode reward at step 453907: 2
Level 4, episode reward at step 454408: 1
Level 4, episode reward at step 454745: 0
Level 4, episode reward at step 454996: -1
Level 4, episode reward at step 455392: 0
Level 4, episode reward at step 455577: 1
Level 4, episode reward at step 455914: 2
Level 4, episode reward at step 456143: 2
Level 4, episode reward at step 456522: 3
Level 4, episode reward at step 456787: 1
Level 4, episode reward at step 456964: 4
Level 4, episode reward at step 457291: 2
Level 4, episode reward at step 457486: 4
Level 4, episode reward at step 457807: 2
Level 4, episode reward at step 458055: -1
Level 4, episode reward at step 458456: 3
Level 4, episode reward at step 458530: -1
Level 4, episode reward at step 458558: -1
Level 4, episode reward at step 458854: 5
Level 4, episode reward at step 459154: 1
Level 4, episode reward at step 459528: 2
Level 4, episode reward at step 459853: -1
Level 4, episode reward at step 460080: -1
Level 4, episode reward at step 460409: 1
Level 4, episode reward at step 460690: 0
Level 4, episode reward at step 460945: 2
Level 4, episode reward at step 461175: 4
Level 4, episode reward at step 461488: 0
Level 4, episode reward at step 461780: 0
Level 4, episode reward at step 462135: 1
Level 4, episode reward at step 462267: 2
Level 4, episode reward at step 462417: 1
Level 4, episode reward at step 462769: 6
Level 4, episode reward at step 462819: 0
Level 4, episode reward at step 463049: 0
Level 4, episode reward at step 463422: 2
Level 4, episode reward at step 463699: 1
Level 4, episode reward at step 463761: 0
Level 4, episode reward at step 463824: -1
Level 4, episode reward at step 464082: 0
Level 4, episode reward at step 464179: 1
Level 4, episode reward at step 464623: 4
Level 4, episode reward at step 464918: 4
Level 4, episode reward at step 465078: 2
Level 4, episode reward at step 465352: 3
Level 4, episode reward at step 465601: 0
Level 4, episode reward at step 465627: -1
Level 4, episode reward at step 465923: 3
Level 4, episode reward at step 466362: 0
Level 4, episode reward at step 466646: 1
Level 4, episode reward at step 466945: 2
Level 4, episode reward at step 467287: 4
Level 4, episode reward at step 467476: 1
Level 4, episode reward at step 467786: 5
Level 4, episode reward at step 467962: 0
Level 4, episode reward at step 468137: 3
Level 4, episode reward at step 468422: 3
Level 4, episode reward at step 468657: 1
Level 4, episode reward at step 468721: -1
Level 4, episode reward at step 468754: -1
Level 4, episode reward at step 469060: 0
Level 4, episode reward at step 469468: 4
Level 4, episode reward at step 469661: -1
Level 4, episode reward at step 469681: -1
Level 4, episode reward at step 470024: 1
Level 4, episode reward at step 470364: 1
Level 4, episode reward at step 470448: 0
Level 4, episode reward at step 470709: 3
Level 4, episode reward at step 470948: 2
Level 4, episode reward at step 471282: 6
Level 4, episode reward at step 471441: 1
Level 4, episode reward at step 471763: 6
Level 4, episode reward at step 472090: 5
Level 4, episode reward at step 472336: 4
Level 4, episode reward at step 472698: 4
Level 4, episode reward at step 472937: 3
Level 4, episode reward at step 473360: 2
Level 4, episode reward at step 473461: 0
Level 4, episode reward at step 473655: 0
Level 4, episode reward at step 473988: 4
Level 4, episode reward at step 474309: 2
Level 4, episode reward at step 474676: 0
Level 4, episode reward at step 474974: 3
Level 4, episode reward at step 475314: 0
Level 4, episode reward at step 475686: 1
Level 4, episode reward at step 476069: 1
Level 4, episode reward at step 476380: 6
Level 4, episode reward at step 476702: 4
Level 4, episode reward at step 476990: 3
Level 4, episode reward at step 477528: 4
Level 4, episode reward at step 477926: 4
Level 4, episode reward at step 478130: 1
Level 4, episode reward at step 478332: 2
Level 4, episode reward at step 478628: 1
Level 4, episode reward at step 478806: 1
Level 4, episode reward at step 478970: 0
Level 4, episode reward at step 479154: 2
Level 4, episode reward at step 479409: 1
Level 4, episode reward at step 479829: 4
Level 4, episode reward at step 480097: 3
Level 4, episode reward at step 480416: 2
Level 4, episode reward at step 480751: 2
Level 4, episode reward at step 481160: 4
Level 4, episode reward at step 481445: 3
Level 4, episode reward at step 481516: -1
Level 4, episode reward at step 481826: 1
Level 4, episode reward at step 481868: -1
Level 4, episode reward at step 481908: 0
Level 4, episode reward at step 482334: 2
Level 4, episode reward at step 482617: 1
Level 4, episode reward at step 482892: 0
Level 4, episode reward at step 483058: 1
Level 4, episode reward at step 483373: 2
Level 4, episode reward at step 483435: -1
Level 4, episode reward at step 483477: -1
Level 4, episode reward at step 483557: 0
Level 4, episode reward at step 483611: 0
Level 4, episode reward at step 483761: 1
Level 4, episode reward at step 483866: 2
Level 4, episode reward at step 483893: -1
Level 4, episode reward at step 484150: 2
Level 4, episode reward at step 484511: 5
Level 4, episode reward at step 484833: 3
Level 4, episode reward at step 485090: 3
Level 4, episode reward at step 485354: 2
Level 4, episode reward at step 485372: -1
Level 4, episode reward at step 485566: 2
Level 4, episode reward at step 485749: 3
Level 4, episode reward at step 485781: -1
Level 4, episode reward at step 485943: 3
Level 4, episode reward at step 486255: 1
Level 4, episode reward at step 486700: 3
New Best Reward: 3
Level 4, episode reward at step 487148: 1
Level 4, episode reward at step 487187: -1
Level 4, episode reward at step 487481: 0
Level 4, episode reward at step 487848: 0
Level 4, episode reward at step 488232: 5
Level 4, episode reward at step 488524: 0
Level 4, episode reward at step 488863: 0
Level 4, episode reward at step 489188: 0
Level 4, episode reward at step 489214: -1
Level 4, episode reward at step 489289: -1
Level 4, episode reward at step 489595: 2
Level 4, episode reward at step 490051: 4
Level 4, episode reward at step 490474: 1
Level 4, episode reward at step 490846: 1
Level 4, episode reward at step 491225: 0
Level 4, episode reward at step 491453: 2
Level 4, episode reward at step 491760: 2
Level 4, episode reward at step 492076: 2
Level 4, episode reward at step 492387: 2
Level 4, episode reward at step 492746: 2
Level 4, episode reward at step 492800: -1
New Best Reward: -1
Level 4, episode reward at step 493100: 2
New Best Reward: 2
Level 4, episode reward at step 493130: -1
Level 4, episode reward at step 493168: -1
Level 4, episode reward at step 493541: 1
Level 4, episode reward at step 493864: 0
Level 4, episode reward at step 494130: 0
Level 4, episode reward at step 494443: 1
Level 4, episode reward at step 494514: -1
Level 4, episode reward at step 494549: -1
Level 4, episode reward at step 494957: 1
Level 4, episode reward at step 495332: 2
Level 4, episode reward at step 495799: 5
Level 4, episode reward at step 496122: 4
Level 4, episode reward at step 496414: 4
Level 4, episode reward at step 496673: 1
Level 4, episode reward at step 496706: -1
Level 4, episode reward at step 497065: -1
Level 4, episode reward at step 497161: 0
Level 4, episode reward at step 497430: -1
Level 4, episode reward at step 497692: -1
Level 4, episode reward at step 497976: 1
Level 4, episode reward at step 498402: 2
Level 4, episode reward at step 498450: 0
Level 4, episode reward at step 498506: 0
Level 4, episode reward at step 498570: -1
Level 4, episode reward at step 498913: 2
Level 4, episode reward at step 499284: 0
Level 4, episode reward at step 499680: 1
Level 4, episode reward at step 500069: 3
Level 4, episode reward at step 500442: 1
Level 4, episode reward at step 500899: 0
Level 4, episode reward at step 501250: 2
Level 4, episode reward at step 501694: 2
Level 4, episode reward at step 501840: 0
Level 4, episode reward at step 501891: -1
Level 4, episode reward at step 501960: -1
Level 4, episode reward at step 502310: 0
Level 4, episode reward at step 502326: -1
Level 4, episode reward at step 502348: -1
Level 4, episode reward at step 502781: 3
Level 4, episode reward at step 503197: 1
Level 4, episode reward at step 503624: 1
Level 4, episode reward at step 503882: 0
Level 4, episode reward at step 503945: -1
Level 4, episode reward at step 504374: 4
Level 4, episode reward at step 504432: -1
Level 4, episode reward at step 504468: -1
Level 4, episode reward at step 504917: -1
Level 4, episode reward at step 505253: -1
Level 4, episode reward at step 505317: -1
Level 4, episode reward at step 505678: 2
Level 4, episode reward at step 505706: -1
Level 4, episode reward at step 505767: -1
Level 4, episode reward at step 505819: 0
Level 4, episode reward at step 506152: 4
Level 4, episode reward at step 506188: -1
Level 4, episode reward at step 506515: -1
Level 4, episode reward at step 506870: -1
Level 4, episode reward at step 506923: -1
Level 4, episode reward at step 506965: 0
Level 4, episode reward at step 507052: 1
Level 4, episode reward at step 507092: 0
Level 4, episode reward at step 507128: -1
Level 4, episode reward at step 507425: 3
Level 4, episode reward at step 507592: 2
Level 4, episode reward at step 507642: 1
Level 4, episode reward at step 507980: 4
Level 4, episode reward at step 508370: 3
Level 4, episode reward at step 508823: 6
Level 4, episode reward at step 508897: -1
Level 4, episode reward at step 509282: 3
Level 4, episode reward at step 509510: 4
Level 4, episode reward at step 509784: 1
Level 4, episode reward at step 510162: 4
Level 4, episode reward at step 510481: 4
Level 4, episode reward at step 510725: -1
Level 4, episode reward at step 510798: -1
Level 4, episode reward at step 510856: -1
Level 4, episode reward at step 510985: 1
Level 4, episode reward at step 511055: 1
Level 4, episode reward at step 511445: 6
Level 4, episode reward at step 511555: 0
Level 4, episode reward at step 511617: -1
Level 4, episode reward at step 511857: 1
Level 4, episode reward at step 512167: 2
Level 4, episode reward at step 512498: 1
Level 4, episode reward at step 512529: -1
Level 4, episode reward at step 512874: 3
Level 4, episode reward at step 512962: 0
Level 4, episode reward at step 513023: -1
Level 4, episode reward at step 513409: 2
Level 4, episode reward at step 513699: 2
Level 4, episode reward at step 514024: 0
Level 4, episode reward at step 514312: 2
Level 4, episode reward at step 514622: 3
Level 4, episode reward at step 514879: 3
Level 4, episode reward at step 514905: -1
Level 4, episode reward at step 514940: -1
Level 4, episode reward at step 515283: 7
Level 4, episode reward at step 515367: 1
Level 4, episode reward at step 515409: 0
Level 4, episode reward at step 515813: 4
Level 4, episode reward at step 515839: -1
Level 4, episode reward at step 516100: 0
New Best Reward: 0
Level 4, episode reward at step 516230: 1
Level 4, episode reward at step 516568: 2
Level 4, episode reward at step 516638: 0
Level 4, episode reward at step 516687: 0
Level 4, episode reward at step 517148: 3
Level 4, episode reward at step 517504: 3
Level 4, episode reward at step 517795: 3
Level 4, episode reward at step 517991: 2
Level 4, episode reward at step 518292: 3
Level 4, episode reward at step 518669: 0
Level 4, episode reward at step 519020: 1
Level 4, episode reward at step 519361: 4
Level 4, episode reward at step 519670: 4
Level 4, episode reward at step 519993: 2
Level 4, episode reward at step 520105: 0
Level 4, episode reward at step 520487: 2
Level 4, episode reward at step 520676: 3
Level 4, episode reward at step 520998: 3
Level 4, episode reward at step 521343: 4
Level 4, episode reward at step 521655: 6
Level 4, episode reward at step 521939: 4
Level 4, episode reward at step 522024: 1
Level 4, episode reward at step 522467: 2
Level 4, episode reward at step 522847: 6
Level 4, episode reward at step 523010: 0
Level 4, episode reward at step 523539: 3
Level 4, episode reward at step 523600: 0
New Best Reward: 0
Level 4, episode reward at step 523727: 2
Level 4, episode reward at step 524132: 5
Level 4, episode reward at step 524164: -1
Level 4, episode reward at step 524529: 2
Level 4, episode reward at step 524562: -1
Level 4, episode reward at step 524706: 1
Level 4, episode reward at step 525038: 2
Level 4, episode reward at step 525337: -1
Level 4, episode reward at step 525407: -1
Level 4, episode reward at step 525824: 4
Level 4, episode reward at step 526135: 3
Level 4, episode reward at step 526351: 2
Level 4, episode reward at step 526621: 3
Level 4, episode reward at step 526658: 0
Level 4, episode reward at step 526745: -1
Level 4, episode reward at step 527028: 2
Level 4, episode reward at step 527397: 1
Level 4, episode reward at step 527702: 3
Level 4, episode reward at step 527788: -1
Level 4, episode reward at step 528068: 2
Level 4, episode reward at step 528145: 0
Level 4, episode reward at step 528446: 3
Level 4, episode reward at step 528664: 2
Level 4, episode reward at step 528831: 1
Level 4, episode reward at step 529126: 4
Level 4, episode reward at step 529448: 4
Level 4, episode reward at step 529843: 6
Level 4, episode reward at step 529919: 0
Level 4, episode reward at step 530266: 5
Level 4, episode reward at step 530572: 2
Level 4, episode reward at step 530798: 1
Level 4, episode reward at step 530858: 0
Level 4, episode reward at step 530901: 0
Level 4, episode reward at step 531166: 3
Level 4, episode reward at step 531543: 5
Level 4, episode reward at step 531638: 0
Level 4, episode reward at step 531887: 5
Level 4, episode reward at step 532252: 5
Level 4, episode reward at step 532651: 1
Level 4, episode reward at step 532836: 3
Level 4, episode reward at step 532973: 2
Level 4, episode reward at step 533304: 3
Level 4, episode reward at step 533370: 1
Level 4, episode reward at step 533777: 1
Level 4, episode reward at step 534084: 3
Level 4, episode reward at step 534408: 0
Level 4, episode reward at step 534723: 2
Level 4, episode reward at step 535042: 2
Level 4, episode reward at step 535146: 0
Level 4, episode reward at step 535212: -1
Level 4, episode reward at step 535247: 0
Level 4, episode reward at step 535371: 1
Level 4, episode reward at step 535742: 4
Level 4, episode reward at step 536047: 3
Level 4, episode reward at step 536396: 3
Level 4, episode reward at step 536690: 1
Level 4, episode reward at step 536817: 1
Level 4, episode reward at step 537158: 3
Level 4, episode reward at step 537575: 4
Level 4, episode reward at step 537965: 5
Level 4, episode reward at step 538279: 1
Level 4, episode reward at step 538565: 4
Level 4, episode reward at step 538754: 2
Level 4, episode reward at step 539098: 5
Level 4, episode reward at step 539171: 1
Level 4, episode reward at step 539488: 0
Level 4, episode reward at step 539832: 4
Level 4, episode reward at step 539937: 1
Level 4, episode reward at step 540232: 5
Level 4, episode reward at step 540297: 0
Level 4, episode reward at step 540442: 1
Level 4, episode reward at step 540760: 3
Level 4, episode reward at step 540865: 2
Level 4, episode reward at step 540979: 0
Level 4, episode reward at step 541036: -1
Level 4, episode reward at step 541377: 5
Level 4, episode reward at step 541440: -1
Level 4, episode reward at step 541588: 1
Level 4, episode reward at step 541708: 0
Level 4, episode reward at step 541760: 0
Level 4, episode reward at step 542161: 5
Level 4, episode reward at step 542471: 4
Level 4, episode reward at step 542526: 0
Level 4, episode reward at step 542914: 3
Level 4, episode reward at step 543203: 5
Level 4, episode reward at step 543486: 3
Level 4, episode reward at step 543565: -1
Level 4, episode reward at step 543644: 0
Level 4, episode reward at step 543842: 2
Level 4, episode reward at step 544189: 1
Level 4, episode reward at step 544535: 4
Level 4, episode reward at step 544854: 1
Level 4, episode reward at step 544878: -1
Level 4, episode reward at step 545179: 0
Level 4, episode reward at step 545273: -1
Level 4, episode reward at step 545527: 1
Level 4, episode reward at step 545851: 6
Level 4, episode reward at step 546315: 3
Level 4, episode reward at step 546643: 1
Level 4, episode reward at step 546766: 1
Level 4, episode reward at step 546941: 0
Level 4, episode reward at step 547267: 3
Level 4, episode reward at step 547336: -1
Level 4, episode reward at step 547794: 5
Level 4, episode reward at step 548167: 1
Level 4, episode reward at step 548511: 0
Level 4, episode reward at step 548544: -1
Level 4, episode reward at step 548953: 1
Level 4, episode reward at step 549074: 1
Level 4, episode reward at step 549114: -1
Level 4, episode reward at step 549332: 0
Level 4, episode reward at step 549619: 2
Level 4, episode reward at step 549852: 5
Level 4, episode reward at step 549996: 1
Level 4, episode reward at step 550099: 0
Level 4, episode reward at step 550418: 3
Level 4, episode reward at step 550612: 0
Level 4, episode reward at step 550952: 2
Level 4, episode reward at step 551041: 0
Level 4, episode reward at step 551427: 0
Level 4, episode reward at step 551736: 1
Level 4, episode reward at step 551800: 0
New Best Reward: 0
Level 4, episode reward at step 552069: 0
Level 4, episode reward at step 552119: 0
Level 4, episode reward at step 552156: 1
Level 4, episode reward at step 552470: 3
Level 4, episode reward at step 552735: 1
Level 4, episode reward at step 552984: 1
Level 4, episode reward at step 553148: 3
Level 4, episode reward at step 553313: 1
Level 4, episode reward at step 553684: 3
Level 4, episode reward at step 554025: 1
Level 4, episode reward at step 554305: 4
Level 4, episode reward at step 554580: 1
Level 4, episode reward at step 554849: 4
Level 4, episode reward at step 554916: -1
Level 4, episode reward at step 555273: 1
Level 4, episode reward at step 555368: 0
Level 4, episode reward at step 555412: 0
Level 4, episode reward at step 555450: -1
Level 4, episode reward at step 555555: 1
Level 4, episode reward at step 555767: 3
Level 4, episode reward at step 556032: 2
Level 4, episode reward at step 556340: 1
Level 4, episode reward at step 556664: 3
Level 4, episode reward at step 556960: 4
Level 4, episode reward at step 557398: 4
Level 4, episode reward at step 557672: 2
Level 4, episode reward at step 558093: 5
Level 4, episode reward at step 558172: 0
Level 4, episode reward at step 558519: 6
Level 4, episode reward at step 558709: 0
Level 4, episode reward at step 558963: 4
Level 4, episode reward at step 559113: 3
Level 4, episode reward at step 559320: 4
Level 4, episode reward at step 559426: 1
Level 4, episode reward at step 559640: 6
Level 4, episode reward at step 559966: 1
Level 4, episode reward at step 560036: 0
Level 4, episode reward at step 560371: 3
Level 4, episode reward at step 560482: 1
Level 4, episode reward at step 560564: 1
Level 4, episode reward at step 560645: 0
Level 4, episode reward at step 560894: 1
Level 4, episode reward at step 561220: 3
Level 4, episode reward at step 561403: 4
Level 4, episode reward at step 561851: 3
Level 4, episode reward at step 562121: 4
Level 4, episode reward at step 562275: 1
Level 4, episode reward at step 562645: 3
Level 4, episode reward at step 562984: 2
Level 4, episode reward at step 563300: 3
New Best Reward: 3
Level 4, episode reward at step 563355: 0
Level 4, episode reward at step 563402: -1
Level 4, episode reward at step 563611: 2
Level 4, episode reward at step 563946: 5
Level 4, episode reward at step 563975: -1
Level 4, episode reward at step 564041: 0
Level 4, episode reward at step 564090: -1
Level 4, episode reward at step 564194: 1
Level 4, episode reward at step 564252: 0
Level 4, episode reward at step 564351: 1
Level 4, episode reward at step 564390: -1
Level 4, episode reward at step 564418: -1
Level 4, episode reward at step 564503: -1
Level 4, episode reward at step 564811: 3
Level 4, episode reward at step 564869: -1
Level 4, episode reward at step 565238: 7
Level 4, episode reward at step 565502: 2
Level 4, episode reward at step 565563: 1
Level 4, episode reward at step 565618: -1
Level 4, episode reward at step 565671: 1
Level 4, episode reward at step 565723: 1
Level 4, episode reward at step 566141: 1
Level 4, episode reward at step 566562: 4
Level 4, episode reward at step 566847: 5
Level 4, episode reward at step 567185: 1
Level 4, episode reward at step 567469: 7
Learning Finished
Done training ALL!
