/n/home13/kevinwu/.conda/envs/pt27/lib/python2.7/site-packages/skimage/transform/_warps.py:105: UserWarning: The default mode, 'constant', will be changed to 'reflect' in skimage 0.15.
  warn("The default mode, 'constant', will be changed to 'reflect' in "
/n/home13/kevinwu/.conda/envs/pt27/lib/python2.7/site-packages/skimage/transform/_warps.py:110: UserWarning: Anti-aliasing will be enabled by default in skimage 0.15 to avoid aliasing artifacts when down-sampling images.
  warn("Anti-aliasing will be enabled by default in skimage 0.15 to "
Namespace(batch_size=32, criteria='1/1', cuda=1, doubleq=1, eps_decay=200.0, eps_end=0.1, eps_start=1, game_name='variant_expt_relational_1', gamma=0.999, img_size=64, level_switch='sequential', lr=0.00025, max_mem=50000, max_steps=1000000.0, model_name='DQN', model_weight_path=None, num_episodes=20000, num_trials=1, pretrain=0, random_seed=7, target_update=100, test_mode=0, timeout=2000, trial_num='1')
Game: variant_expt_relational_1
variant_expt_relational_1
Training at seed = 1
Training Starting
-------------------------
Level 0, episode reward at step 212: 1
Next Level!
Level 1, episode reward at step 2210: -1
Level 1, episode reward at step 4208: -1
Level 1, episode reward at step 6206: -1
Level 1, episode reward at step 8204: -1
Level 1, episode reward at step 10202: -1
Level 1, episode reward at step 12200: -1
New Best Reward: -1
Level 1, episode reward at step 14198: -1
Level 1, episode reward at step 16196: -1
Level 1, episode reward at step 18194: -1
Level 1, episode reward at step 20192: -1
Level 1, episode reward at step 22190: -1
Level 1, episode reward at step 24188: -1
Level 1, episode reward at step 26186: -1
Level 1, episode reward at step 28184: -1
Level 1, episode reward at step 30182: -1
Level 1, episode reward at step 32180: -1
Level 1, episode reward at step 34178: -1
Level 1, episode reward at step 36176: -1
Level 1, episode reward at step 38174: -1
Level 1, episode reward at step 40172: -1
Level 1, episode reward at step 42170: -1
Level 1, episode reward at step 44168: -1
Level 1, episode reward at step 46166: -1
Level 1, episode reward at step 48164: -1
Level 1, episode reward at step 50162: -1
Level 1, episode reward at step 52160: -1
Level 1, episode reward at step 54158: -1
Level 1, episode reward at step 56156: -1
Level 1, episode reward at step 58154: -1
Level 1, episode reward at step 60152: -1
Level 1, episode reward at step 62150: -1
Level 1, episode reward at step 64148: -1
Level 1, episode reward at step 66146: -1
Level 1, episode reward at step 68144: -1
Level 1, episode reward at step 68521: 1
Next Level!
Level 2, episode reward at step 70519: -1
Level 2, episode reward at step 72517: -1
Level 2, episode reward at step 74515: -1
Level 2, episode reward at step 76513: -1
Level 2, episode reward at step 78511: -1
Level 2, episode reward at step 80509: -1
Level 2, episode reward at step 82507: -1
Level 2, episode reward at step 84505: -1
Level 2, episode reward at step 86503: -1
Level 2, episode reward at step 88501: -1
Level 2, episode reward at step 90499: -1
Level 2, episode reward at step 92497: -1
Level 2, episode reward at step 94495: -1
Level 2, episode reward at step 96493: -1
Level 2, episode reward at step 98491: -1
Level 2, episode reward at step 100489: -1
Level 2, episode reward at step 102487: -1
Level 2, episode reward at step 104485: -1
Level 2, episode reward at step 106483: -1
Level 2, episode reward at step 108481: -1
Level 2, episode reward at step 110479: -1
Level 2, episode reward at step 112477: -1
Level 2, episode reward at step 114475: -1
Level 2, episode reward at step 116473: -1
Level 2, episode reward at step 118471: -1
Level 2, episode reward at step 120469: -1
Level 2, episode reward at step 122467: -1
Level 2, episode reward at step 124465: -1
Level 2, episode reward at step 126463: -1
Level 2, episode reward at step 128461: -1
Level 2, episode reward at step 130459: -1
Level 2, episode reward at step 132457: -1
Level 2, episode reward at step 134455: -1
Level 2, episode reward at step 136453: -1
Level 2, episode reward at step 138451: -1
Level 2, episode reward at step 140449: -1
Level 2, episode reward at step 142447: -1
Level 2, episode reward at step 144445: -1
Level 2, episode reward at step 146443: -1
Level 2, episode reward at step 148441: -1
Level 2, episode reward at step 150439: -1
Level 2, episode reward at step 152437: -1
Level 2, episode reward at step 154435: -1
Level 2, episode reward at step 156433: -1
Level 2, episode reward at step 158431: -1
Level 2, episode reward at step 160429: -1
Level 2, episode reward at step 162427: -1
Level 2, episode reward at step 164425: -1
Level 2, episode reward at step 166423: -1
Level 2, episode reward at step 168421: -1
Level 2, episode reward at step 170419: -1
Level 2, episode reward at step 172417: -1
Level 2, episode reward at step 174415: -1
Level 2, episode reward at step 176413: -1
Level 2, episode reward at step 178411: -1
Level 2, episode reward at step 180409: -1
Level 2, episode reward at step 182407: -1
Level 2, episode reward at step 184405: -1
Level 2, episode reward at step 186403: -1
Level 2, episode reward at step 188401: -1
Level 2, episode reward at step 190399: -1
Level 2, episode reward at step 192397: -1
Level 2, episode reward at step 194395: -1
Level 2, episode reward at step 196393: -1
Level 2, episode reward at step 198391: -1
Level 2, episode reward at step 200389: -1
Level 2, episode reward at step 202387: -1
Level 2, episode reward at step 204385: -1
Level 2, episode reward at step 206383: -1
Level 2, episode reward at step 208381: -1
Level 2, episode reward at step 210379: -1
Level 2, episode reward at step 212377: -1
Level 2, episode reward at step 214375: -1
Level 2, episode reward at step 216373: -1
Level 2, episode reward at step 218371: -1
Level 2, episode reward at step 220369: -1
Level 2, episode reward at step 222367: -1
Level 2, episode reward at step 224365: -1
Level 2, episode reward at step 226363: -1
Level 2, episode reward at step 228361: -1
Level 2, episode reward at step 230359: -1
Level 2, episode reward at step 232357: -1
Level 2, episode reward at step 234355: -1
Level 2, episode reward at step 236353: -1
Level 2, episode reward at step 238351: -1
Level 2, episode reward at step 240349: -1
Level 2, episode reward at step 242347: -1
Level 2, episode reward at step 244345: -1
Level 2, episode reward at step 246343: -1
Level 2, episode reward at step 248341: -1
Level 2, episode reward at step 250339: -1
Level 2, episode reward at step 252337: -1
Level 2, episode reward at step 254335: -1
Level 2, episode reward at step 256333: -1
Level 2, episode reward at step 258331: -1
Level 2, episode reward at step 260329: -1
Level 2, episode reward at step 262327: -1
Level 2, episode reward at step 264325: -1
Level 2, episode reward at step 266323: -1
Level 2, episode reward at step 268321: -1
Level 2, episode reward at step 270319: -1
Level 2, episode reward at step 272317: -1
Level 2, episode reward at step 274315: -1
Level 2, episode reward at step 276313: -1
Level 2, episode reward at step 278311: -1
Level 2, episode reward at step 280309: -1
Level 2, episode reward at step 282307: -1
Level 2, episode reward at step 284305: -1
Level 2, episode reward at step 286303: -1
Level 2, episode reward at step 288301: -1
Level 2, episode reward at step 290299: -1
Level 2, episode reward at step 292297: -1
Level 2, episode reward at step 294295: -1
Level 2, episode reward at step 296293: -1
Level 2, episode reward at step 298291: -1
Level 2, episode reward at step 300289: -1
Level 2, episode reward at step 302287: -1
Level 2, episode reward at step 304285: -1
Level 2, episode reward at step 306283: -1
Level 2, episode reward at step 308281: -1
Level 2, episode reward at step 310279: -1
Level 2, episode reward at step 312277: -1
Level 2, episode reward at step 314275: -1
Level 2, episode reward at step 316273: -1
Level 2, episode reward at step 318271: -1
Level 2, episode reward at step 320269: -1
Level 2, episode reward at step 322267: -1
Level 2, episode reward at step 324265: -1
Level 2, episode reward at step 326263: -1
Level 2, episode reward at step 328261: -1
Level 2, episode reward at step 330259: -1
Level 2, episode reward at step 332257: -1
Level 2, episode reward at step 334255: -1
Level 2, episode reward at step 336253: -1
Level 2, episode reward at step 338251: -1
Level 2, episode reward at step 340249: -1
Level 2, episode reward at step 342247: -1
Level 2, episode reward at step 344245: -1
Level 2, episode reward at step 346243: -1
Level 2, episode reward at step 348241: -1
Level 2, episode reward at step 350239: -1
Level 2, episode reward at step 352237: -1
Level 2, episode reward at step 354235: -1
Level 2, episode reward at step 356233: -1
Level 2, episode reward at step 358231: -1
Level 2, episode reward at step 360229: -1
Level 2, episode reward at step 362227: -1
Level 2, episode reward at step 364225: -1
Level 2, episode reward at step 366223: -1
Level 2, episode reward at step 368221: -1
Level 2, episode reward at step 370219: -1
Level 2, episode reward at step 372217: -1
Level 2, episode reward at step 374215: -1
Level 2, episode reward at step 376213: -1
Level 2, episode reward at step 378211: -1
Level 2, episode reward at step 380209: -1
Level 2, episode reward at step 382207: -1
Level 2, episode reward at step 384205: -1
Level 2, episode reward at step 386203: -1
Level 2, episode reward at step 388201: -1
Level 2, episode reward at step 390199: -1
Level 2, episode reward at step 392197: -1
Level 2, episode reward at step 394195: -1
Level 2, episode reward at step 396193: -1
Level 2, episode reward at step 398191: -1
Level 2, episode reward at step 400189: -1
Level 2, episode reward at step 402187: -1
Level 2, episode reward at step 404185: -1
Level 2, episode reward at step 406183: -1
Level 2, episode reward at step 408181: -1
Level 2, episode reward at step 410179: -1
Level 2, episode reward at step 412177: -1
Level 2, episode reward at step 414175: -1
Level 2, episode reward at step 416173: -1
Level 2, episode reward at step 418171: -1
Level 2, episode reward at step 420169: -1
Level 2, episode reward at step 422167: -1
Level 2, episode reward at step 424165: -1
Level 2, episode reward at step 426163: -1
Level 2, episode reward at step 428161: -1
Level 2, episode reward at step 430159: -1
Level 2, episode reward at step 432157: -1
Level 2, episode reward at step 434155: -1
Level 2, episode reward at step 436153: -1
Level 2, episode reward at step 438151: -1
Level 2, episode reward at step 440149: -1
Level 2, episode reward at step 442147: -1
Level 2, episode reward at step 444145: -1
Level 2, episode reward at step 446143: -1
Level 2, episode reward at step 448141: -1
Level 2, episode reward at step 450139: -1
Level 2, episode reward at step 452137: -1
Level 2, episode reward at step 454135: -1
Level 2, episode reward at step 456133: -1
Level 2, episode reward at step 458131: -1
Level 2, episode reward at step 460129: -1
Level 2, episode reward at step 462127: -1
Level 2, episode reward at step 464125: -1
Level 2, episode reward at step 466123: -1
Level 2, episode reward at step 468121: -1
Level 2, episode reward at step 470119: -1
Level 2, episode reward at step 472117: -1
Level 2, episode reward at step 474115: -1
Level 2, episode reward at step 476113: -1
Level 2, episode reward at step 478111: -1
Level 2, episode reward at step 480109: -1
Level 2, episode reward at step 482107: -1
Level 2, episode reward at step 484105: -1
Level 2, episode reward at step 486103: -1
Level 2, episode reward at step 488101: -1
Level 2, episode reward at step 490099: -1
Level 2, episode reward at step 492097: -1
Level 2, episode reward at step 494095: -1
Level 2, episode reward at step 496093: -1
Level 2, episode reward at step 498091: -1
Level 2, episode reward at step 500089: -1
Level 2, episode reward at step 502087: -1
Level 2, episode reward at step 504085: -1
Level 2, episode reward at step 506083: -1
Level 2, episode reward at step 508081: -1
Level 2, episode reward at step 510079: -1
Level 2, episode reward at step 512077: -1
Level 2, episode reward at step 514075: -1
Level 2, episode reward at step 516073: -1
Level 2, episode reward at step 518071: -1
Level 2, episode reward at step 520069: -1
Level 2, episode reward at step 522067: -1
Level 2, episode reward at step 524065: -1
Level 2, episode reward at step 526063: -1
Level 2, episode reward at step 528061: -1
Level 2, episode reward at step 530059: -1
Level 2, episode reward at step 532057: -1
Level 2, episode reward at step 534055: -1
Level 2, episode reward at step 536053: -1
Level 2, episode reward at step 538051: -1
Level 2, episode reward at step 540049: -1
Level 2, episode reward at step 542047: -1
Level 2, episode reward at step 544045: -1
Level 2, episode reward at step 546043: -1
Level 2, episode reward at step 548041: -1
Level 2, episode reward at step 550039: -1
Level 2, episode reward at step 552037: -1
Level 2, episode reward at step 554035: -1
Level 2, episode reward at step 556033: -1
Level 2, episode reward at step 558031: -1
Level 2, episode reward at step 560029: -1
Level 2, episode reward at step 562027: -1
Level 2, episode reward at step 564025: -1
Level 2, episode reward at step 566023: -1
Level 2, episode reward at step 568021: -1
Level 2, episode reward at step 570019: -1
Level 2, episode reward at step 572017: -1
Level 2, episode reward at step 574015: -1
Level 2, episode reward at step 576013: -1
Level 2, episode reward at step 578011: -1
Level 2, episode reward at step 580009: -1
Level 2, episode reward at step 582007: -1
Level 2, episode reward at step 584005: -1
Level 2, episode reward at step 586003: -1
Level 2, episode reward at step 588001: -1
Level 2, episode reward at step 589999: -1
Level 2, episode reward at step 591997: -1
Level 2, episode reward at step 593995: -1
Level 2, episode reward at step 595993: -1
Level 2, episode reward at step 597991: -1
Level 2, episode reward at step 599989: -1
Level 2, episode reward at step 601987: -1
Level 2, episode reward at step 603985: -1
Level 2, episode reward at step 605983: -1
Level 2, episode reward at step 607981: -1
Level 2, episode reward at step 609979: -1
Level 2, episode reward at step 611977: -1
Level 2, episode reward at step 613975: -1
Level 2, episode reward at step 615973: -1
Level 2, episode reward at step 617971: -1
Level 2, episode reward at step 619969: -1
Level 2, episode reward at step 621967: -1
Level 2, episode reward at step 623965: -1
Level 2, episode reward at step 625963: -1
Level 2, episode reward at step 627961: -1
Level 2, episode reward at step 629959: -1
Level 2, episode reward at step 631957: -1
Level 2, episode reward at step 633955: -1
Level 2, episode reward at step 635953: -1
Level 2, episode reward at step 637951: -1
Level 2, episode reward at step 639949: -1
Level 2, episode reward at step 641947: -1
Level 2, episode reward at step 643945: -1
Level 2, episode reward at step 645943: -1
Level 2, episode reward at step 647941: -1
Level 2, episode reward at step 649939: -1
Level 2, episode reward at step 651937: -1
Level 2, episode reward at step 653935: -1
Level 2, episode reward at step 655933: -1
Level 2, episode reward at step 657931: -1
Level 2, episode reward at step 659929: -1
Level 2, episode reward at step 661927: -1
Level 2, episode reward at step 663925: -1
Level 2, episode reward at step 665923: -1
Level 2, episode reward at step 667921: -1
Level 2, episode reward at step 669919: -1
Level 2, episode reward at step 671917: -1
Level 2, episode reward at step 673915: -1
Level 2, episode reward at step 675913: -1
Level 2, episode reward at step 677911: -1
Level 2, episode reward at step 679909: -1
Level 2, episode reward at step 681907: -1
Level 2, episode reward at step 683905: -1
Level 2, episode reward at step 685903: -1
Level 2, episode reward at step 687901: -1
Level 2, episode reward at step 689899: -1
Level 2, episode reward at step 691897: -1
Level 2, episode reward at step 693895: -1
Level 2, episode reward at step 695893: -1
Level 2, episode reward at step 697891: -1
Level 2, episode reward at step 699889: -1
Level 2, episode reward at step 701887: -1
Level 2, episode reward at step 703885: -1
Level 2, episode reward at step 705883: -1
Level 2, episode reward at step 707881: -1
Level 2, episode reward at step 709879: -1
Level 2, episode reward at step 711877: -1
Level 2, episode reward at step 713875: -1
Level 2, episode reward at step 715873: -1
Level 2, episode reward at step 717871: -1
Level 2, episode reward at step 719869: -1
Level 2, episode reward at step 721867: -1
Level 2, episode reward at step 723865: -1
Level 2, episode reward at step 725863: -1
Level 2, episode reward at step 727861: -1
Level 2, episode reward at step 729859: -1
Level 2, episode reward at step 731857: -1
Level 2, episode reward at step 733855: -1
Level 2, episode reward at step 735853: -1
Level 2, episode reward at step 737851: -1
Level 2, episode reward at step 739849: -1
Level 2, episode reward at step 741847: -1
Level 2, episode reward at step 743845: -1
Level 2, episode reward at step 745843: -1
Level 2, episode reward at step 747841: -1
Level 2, episode reward at step 749839: -1
Level 2, episode reward at step 751837: -1
Level 2, episode reward at step 753835: -1
Level 2, episode reward at step 755833: -1
Level 2, episode reward at step 757831: -1
Level 2, episode reward at step 759829: -1
Level 2, episode reward at step 761827: -1
Level 2, episode reward at step 763825: -1
Level 2, episode reward at step 765823: -1
Level 2, episode reward at step 767821: -1
Level 2, episode reward at step 769819: -1
Level 2, episode reward at step 771817: -1
Level 2, episode reward at step 773815: -1
Level 2, episode reward at step 775813: -1
Level 2, episode reward at step 777811: -1
Level 2, episode reward at step 779809: -1
Level 2, episode reward at step 781807: -1
Level 2, episode reward at step 783805: -1
Level 2, episode reward at step 785803: -1
Level 2, episode reward at step 787801: -1
Level 2, episode reward at step 789799: -1
Level 2, episode reward at step 791797: -1
Level 2, episode reward at step 793795: -1
Level 2, episode reward at step 795793: -1
Level 2, episode reward at step 797791: -1
Level 2, episode reward at step 799789: -1
Level 2, episode reward at step 801787: -1
Level 2, episode reward at step 803785: -1
Level 2, episode reward at step 805783: -1
Level 2, episode reward at step 807781: -1
Level 2, episode reward at step 809779: -1
Level 2, episode reward at step 811777: -1
Level 2, episode reward at step 813775: -1
Level 2, episode reward at step 815773: -1
Level 2, episode reward at step 817771: -1
Level 2, episode reward at step 819769: -1
Level 2, episode reward at step 821767: -1
Level 2, episode reward at step 823765: -1
Level 2, episode reward at step 825763: -1
Level 2, episode reward at step 827761: -1
Level 2, episode reward at step 829759: -1
Level 2, episode reward at step 831757: -1
Level 2, episode reward at step 833755: -1
Level 2, episode reward at step 835753: -1
Level 2, episode reward at step 837751: -1
Level 2, episode reward at step 839749: -1
Level 2, episode reward at step 841747: -1
Level 2, episode reward at step 843745: -1
Level 2, episode reward at step 845743: -1
Level 2, episode reward at step 847741: -1
Level 2, episode reward at step 849739: -1
Level 2, episode reward at step 851737: -1
Level 2, episode reward at step 853735: -1
Level 2, episode reward at step 855733: -1
Level 2, episode reward at step 857731: -1
Level 2, episode reward at step 859729: -1
Level 2, episode reward at step 861727: -1
Level 2, episode reward at step 863725: -1
Level 2, episode reward at step 865723: -1
Level 2, episode reward at step 867721: -1
Level 2, episode reward at step 869719: -1
Level 2, episode reward at step 871717: -1
Level 2, episode reward at step 873715: -1
Level 2, episode reward at step 875713: -1
Level 2, episode reward at step 877711: -1
Level 2, episode reward at step 879709: -1
Level 2, episode reward at step 881707: -1
Level 2, episode reward at step 883705: -1
Level 2, episode reward at step 885703: -1
Level 2, episode reward at step 887701: -1
Level 2, episode reward at step 889699: -1
Level 2, episode reward at step 891697: -1
Level 2, episode reward at step 893695: -1
Level 2, episode reward at step 895693: -1
Level 2, episode reward at step 897691: -1
Level 2, episode reward at step 899689: -1
Level 2, episode reward at step 901687: -1
Level 2, episode reward at step 903685: -1
Level 2, episode reward at step 905683: -1
Level 2, episode reward at step 907681: -1
Level 2, episode reward at step 909679: -1
Level 2, episode reward at step 911677: -1
Level 2, episode reward at step 913675: -1
Level 2, episode reward at step 915673: -1
Level 2, episode reward at step 917671: -1
Level 2, episode reward at step 919669: -1
Level 2, episode reward at step 921667: -1
Level 2, episode reward at step 923665: -1
Level 2, episode reward at step 925663: -1
Level 2, episode reward at step 927661: -1
Level 2, episode reward at step 929659: -1
Level 2, episode reward at step 931657: -1
Level 2, episode reward at step 933655: -1
Level 2, episode reward at step 935653: -1
Level 2, episode reward at step 937651: -1
Level 2, episode reward at step 939649: -1
Level 2, episode reward at step 941647: -1
Level 2, episode reward at step 943645: -1
Level 2, episode reward at step 945643: -1
Level 2, episode reward at step 947641: -1
Level 2, episode reward at step 949639: -1
Level 2, episode reward at step 951637: -1
Level 2, episode reward at step 953635: -1
Level 2, episode reward at step 955633: -1
Level 2, episode reward at step 957631: -1
Level 2, episode reward at step 959629: -1
Level 2, episode reward at step 961627: -1
Level 2, episode reward at step 963625: -1
Level 2, episode reward at step 965623: -1
Level 2, episode reward at step 967621: -1
Level 2, episode reward at step 969619: -1
Level 2, episode reward at step 971617: -1
Level 2, episode reward at step 973615: -1
Level 2, episode reward at step 975613: -1
Level 2, episode reward at step 977611: -1
Level 2, episode reward at step 979609: -1
Level 2, episode reward at step 981607: -1
Level 2, episode reward at step 983605: -1
Level 2, episode reward at step 985603: -1
Level 2, episode reward at step 987601: -1
Level 2, episode reward at step 989599: -1
Level 2, episode reward at step 991597: -1
Level 2, episode reward at step 993595: -1
Level 2, episode reward at step 995593: -1
Level 2, episode reward at step 997591: -1
Level 2, episode reward at step 999589: -1
Done training ALL!
