/n/home13/kevinwu/.conda/envs/pt27/lib/python2.7/site-packages/skimage/transform/_warps.py:105: UserWarning: The default mode, 'constant', will be changed to 'reflect' in skimage 0.15.
  warn("The default mode, 'constant', will be changed to 'reflect' in "
/n/home13/kevinwu/.conda/envs/pt27/lib/python2.7/site-packages/skimage/transform/_warps.py:110: UserWarning: Anti-aliasing will be enabled by default in skimage 0.15 to avoid aliasing artifacts when down-sampling images.
  warn("Anti-aliasing will be enabled by default in skimage 0.15 to "
Namespace(batch_size=32, criteria='1/1', cuda=1, doubleq=1, eps_decay=200.0, eps_end=0.1, eps_start=1, game_name='variant_expt_helper_1', gamma=0.999, img_size=64, level_switch='sequential', lr=0.00025, max_mem=50000, max_steps=1000000.0, model_name='DQN', model_weight_path=None, num_episodes=20000, num_trials=1, pretrain=0, random_seed=7, target_update=100, test_mode=0, timeout=2000, trial_num='1')
Game: variant_expt_helper_1
variant_expt_helper_1
Training at seed = 1
Training Starting
-------------------------
Level 0, episode reward at step 1998: -1
Level 0, episode reward at step 3996: -1
Level 0, episode reward at step 5994: -1
Level 0, episode reward at step 7992: -1
Level 0, episode reward at step 9990: -1
Level 0, episode reward at step 11988: -1
Level 0, episode reward at step 13986: -1
Level 0, episode reward at step 15984: -1
Level 0, episode reward at step 17982: -1
Level 0, episode reward at step 19980: -1
Level 0, episode reward at step 21978: -1
Level 0, episode reward at step 23976: -1
Level 0, episode reward at step 25974: -1
Level 0, episode reward at step 27972: -1
Level 0, episode reward at step 29970: -1
Level 0, episode reward at step 31968: -1
Level 0, episode reward at step 33966: -1
Level 0, episode reward at step 35964: -1
Level 0, episode reward at step 37962: -1
Level 0, episode reward at step 39960: -1
Level 0, episode reward at step 41958: -1
Level 0, episode reward at step 43187: 1
Next Level!
Level 1, episode reward at step 45185: -1
Level 1, episode reward at step 47183: -1
Level 1, episode reward at step 49181: -1
Level 1, episode reward at step 51179: -1
Level 1, episode reward at step 53177: -1
Level 1, episode reward at step 55175: -1
Level 1, episode reward at step 57173: -1
Level 1, episode reward at step 59171: -1
Level 1, episode reward at step 61169: -1
Level 1, episode reward at step 63167: -1
Level 1, episode reward at step 65165: -1
Level 1, episode reward at step 67163: -1
Level 1, episode reward at step 69161: -1
Level 1, episode reward at step 71159: -1
Level 1, episode reward at step 73157: -1
Level 1, episode reward at step 75155: -1
Level 1, episode reward at step 77153: -1
Level 1, episode reward at step 79151: -1
Level 1, episode reward at step 81149: -1
Level 1, episode reward at step 83147: -1
Level 1, episode reward at step 85145: -1
Level 1, episode reward at step 87143: -1
Level 1, episode reward at step 89141: -1
Level 1, episode reward at step 91139: -1
Level 1, episode reward at step 93137: -1
Level 1, episode reward at step 95135: -1
Level 1, episode reward at step 97133: -1
Level 1, episode reward at step 99131: -1
Level 1, episode reward at step 101129: -1
Level 1, episode reward at step 103127: -1
Level 1, episode reward at step 105125: -1
Level 1, episode reward at step 107123: -1
Level 1, episode reward at step 109121: -1
Level 1, episode reward at step 111119: -1
Level 1, episode reward at step 113117: -1
Level 1, episode reward at step 115115: -1
Level 1, episode reward at step 117113: -1
Level 1, episode reward at step 119111: -1
Level 1, episode reward at step 121109: -1
Level 1, episode reward at step 123107: -1
Level 1, episode reward at step 125105: -1
Level 1, episode reward at step 127103: -1
Level 1, episode reward at step 129101: -1
Level 1, episode reward at step 131099: -1
Level 1, episode reward at step 133097: -1
Level 1, episode reward at step 135095: -1
Level 1, episode reward at step 137093: -1
Level 1, episode reward at step 139091: -1
Level 1, episode reward at step 141089: -1
Level 1, episode reward at step 143087: -1
Level 1, episode reward at step 145085: -1
Level 1, episode reward at step 147083: -1
Level 1, episode reward at step 149081: -1
Level 1, episode reward at step 151079: -1
Level 1, episode reward at step 153077: -1
Level 1, episode reward at step 155075: -1
Level 1, episode reward at step 157073: -1
Level 1, episode reward at step 159071: -1
Level 1, episode reward at step 161069: -1
Level 1, episode reward at step 163067: -1
Level 1, episode reward at step 165065: -1
Level 1, episode reward at step 167063: -1
Level 1, episode reward at step 169061: -1
Level 1, episode reward at step 171059: -1
Level 1, episode reward at step 173057: -1
Level 1, episode reward at step 175055: -1
Level 1, episode reward at step 177053: -1
Level 1, episode reward at step 179051: -1
Level 1, episode reward at step 181049: -1
Level 1, episode reward at step 183047: -1
Level 1, episode reward at step 185045: -1
Level 1, episode reward at step 187043: -1
Level 1, episode reward at step 189041: -1
Level 1, episode reward at step 191039: -1
Level 1, episode reward at step 193037: -1
Level 1, episode reward at step 195035: -1
Level 1, episode reward at step 197033: -1
Level 1, episode reward at step 199031: -1
Level 1, episode reward at step 201029: -1
Level 1, episode reward at step 203027: -1
Level 1, episode reward at step 205025: -1
Level 1, episode reward at step 207023: -1
Level 1, episode reward at step 209021: -1
Level 1, episode reward at step 211019: -1
Level 1, episode reward at step 213017: -1
Level 1, episode reward at step 215015: -1
Level 1, episode reward at step 217013: -1
Level 1, episode reward at step 219011: -1
Level 1, episode reward at step 221009: -1
Level 1, episode reward at step 223007: -1
Level 1, episode reward at step 225005: -1
Level 1, episode reward at step 227003: -1
Level 1, episode reward at step 229001: -1
Level 1, episode reward at step 230999: -1
Level 1, episode reward at step 232997: -1
Level 1, episode reward at step 234995: -1
Level 1, episode reward at step 236993: -1
Level 1, episode reward at step 238991: -1
Level 1, episode reward at step 240989: -1
Level 1, episode reward at step 242987: -1
Level 1, episode reward at step 244985: -1
Level 1, episode reward at step 246983: -1
Level 1, episode reward at step 248981: -1
Level 1, episode reward at step 250979: -1
Level 1, episode reward at step 252977: -1
Level 1, episode reward at step 254975: -1
Level 1, episode reward at step 256973: -1
Level 1, episode reward at step 258971: -1
Level 1, episode reward at step 260969: -1
Level 1, episode reward at step 262967: -1
Level 1, episode reward at step 264965: -1
Level 1, episode reward at step 266963: -1
Level 1, episode reward at step 268961: -1
Level 1, episode reward at step 270959: -1
Level 1, episode reward at step 272957: -1
Level 1, episode reward at step 274955: -1
Level 1, episode reward at step 276953: -1
Level 1, episode reward at step 278951: -1
Level 1, episode reward at step 280949: -1
Level 1, episode reward at step 282947: -1
Level 1, episode reward at step 284945: -1
Level 1, episode reward at step 286943: -1
Level 1, episode reward at step 288941: -1
Level 1, episode reward at step 290939: -1
Level 1, episode reward at step 292937: -1
Level 1, episode reward at step 294935: -1
Level 1, episode reward at step 296933: -1
Level 1, episode reward at step 298931: -1
Level 1, episode reward at step 300929: -1
Level 1, episode reward at step 302927: -1
Level 1, episode reward at step 304925: -1
Level 1, episode reward at step 306923: -1
Level 1, episode reward at step 308921: -1
Level 1, episode reward at step 310919: -1
Level 1, episode reward at step 312917: -1
Level 1, episode reward at step 314915: -1
Level 1, episode reward at step 316913: -1
Level 1, episode reward at step 318911: -1
Level 1, episode reward at step 320909: -1
Level 1, episode reward at step 322907: -1
Level 1, episode reward at step 324905: -1
Level 1, episode reward at step 326903: -1
Level 1, episode reward at step 328901: -1
Level 1, episode reward at step 330899: -1
Level 1, episode reward at step 332897: -1
Level 1, episode reward at step 334895: -1
Level 1, episode reward at step 336893: -1
Level 1, episode reward at step 338891: -1
Level 1, episode reward at step 340889: -1
Level 1, episode reward at step 342887: -1
Level 1, episode reward at step 344885: -1
Level 1, episode reward at step 346883: -1
Level 1, episode reward at step 348881: -1
Level 1, episode reward at step 350879: -1
Level 1, episode reward at step 352877: -1
Level 1, episode reward at step 354875: -1
Level 1, episode reward at step 356873: -1
Level 1, episode reward at step 358871: -1
Level 1, episode reward at step 360869: -1
Level 1, episode reward at step 362867: -1
Level 1, episode reward at step 364865: -1
Level 1, episode reward at step 366863: -1
Level 1, episode reward at step 368861: -1
Level 1, episode reward at step 370859: -1
Level 1, episode reward at step 372857: -1
Level 1, episode reward at step 374855: -1
Level 1, episode reward at step 376853: -1
Level 1, episode reward at step 378851: -1
Level 1, episode reward at step 380849: -1
Level 1, episode reward at step 382847: -1
Level 1, episode reward at step 384845: -1
Level 1, episode reward at step 386843: -1
Level 1, episode reward at step 388841: -1
Level 1, episode reward at step 390839: -1
Level 1, episode reward at step 392837: -1
Level 1, episode reward at step 394835: -1
Level 1, episode reward at step 396833: -1
Level 1, episode reward at step 398831: -1
Level 1, episode reward at step 400829: -1
Level 1, episode reward at step 402827: -1
Level 1, episode reward at step 404825: -1
Level 1, episode reward at step 406823: -1
Level 1, episode reward at step 408821: -1
Level 1, episode reward at step 410819: -1
Level 1, episode reward at step 412817: -1
Level 1, episode reward at step 414815: -1
Level 1, episode reward at step 416813: -1
Level 1, episode reward at step 418811: -1
Level 1, episode reward at step 420809: -1
Level 1, episode reward at step 422807: -1
Level 1, episode reward at step 424805: -1
Level 1, episode reward at step 426803: -1
Level 1, episode reward at step 428801: -1
Level 1, episode reward at step 430799: -1
Level 1, episode reward at step 432797: -1
Level 1, episode reward at step 434795: -1
Level 1, episode reward at step 436793: -1
Level 1, episode reward at step 438791: -1
Level 1, episode reward at step 440789: -1
Level 1, episode reward at step 442787: -1
Level 1, episode reward at step 444785: -1
Level 1, episode reward at step 446783: -1
Level 1, episode reward at step 448781: -1
Level 1, episode reward at step 450779: -1
Level 1, episode reward at step 452777: -1
Level 1, episode reward at step 454775: -1
Level 1, episode reward at step 456773: -1
Level 1, episode reward at step 458771: -1
Level 1, episode reward at step 460769: -1
Level 1, episode reward at step 462767: -1
Level 1, episode reward at step 464765: -1
Level 1, episode reward at step 466763: -1
Level 1, episode reward at step 468761: -1
Level 1, episode reward at step 470759: -1
Level 1, episode reward at step 472757: -1
Level 1, episode reward at step 474755: -1
Level 1, episode reward at step 476753: -1
Level 1, episode reward at step 478751: -1
Level 1, episode reward at step 480749: -1
Level 1, episode reward at step 482747: -1
Level 1, episode reward at step 484745: -1
Level 1, episode reward at step 486743: -1
Level 1, episode reward at step 488741: -1
Level 1, episode reward at step 490739: -1
Level 1, episode reward at step 492737: -1
Level 1, episode reward at step 494735: -1
Level 1, episode reward at step 496733: -1
Level 1, episode reward at step 498731: -1
Level 1, episode reward at step 500729: -1
Level 1, episode reward at step 502727: -1
Level 1, episode reward at step 504725: -1
Level 1, episode reward at step 506723: -1
Level 1, episode reward at step 508721: -1
Level 1, episode reward at step 510719: -1
Level 1, episode reward at step 512717: -1
Level 1, episode reward at step 514715: -1
Level 1, episode reward at step 516713: -1
Level 1, episode reward at step 518711: -1
Level 1, episode reward at step 520709: -1
Level 1, episode reward at step 522707: -1
Level 1, episode reward at step 524705: -1
Level 1, episode reward at step 526703: -1
Level 1, episode reward at step 528701: -1
Level 1, episode reward at step 530699: -1
Level 1, episode reward at step 532697: -1
Level 1, episode reward at step 534695: -1
Level 1, episode reward at step 536693: -1
Level 1, episode reward at step 538691: -1
Level 1, episode reward at step 540689: -1
Level 1, episode reward at step 542687: -1
Level 1, episode reward at step 544685: -1
Level 1, episode reward at step 546683: -1
Level 1, episode reward at step 548681: -1
Level 1, episode reward at step 550679: -1
Level 1, episode reward at step 552677: -1
Level 1, episode reward at step 554675: -1
Level 1, episode reward at step 556673: -1
Level 1, episode reward at step 558671: -1
Level 1, episode reward at step 560669: -1
Level 1, episode reward at step 562667: -1
Level 1, episode reward at step 564665: -1
Level 1, episode reward at step 566663: -1
Level 1, episode reward at step 568661: -1
Level 1, episode reward at step 570659: -1
Level 1, episode reward at step 572657: -1
Level 1, episode reward at step 574655: -1
Level 1, episode reward at step 576653: -1
Level 1, episode reward at step 578651: -1
Level 1, episode reward at step 580649: -1
Level 1, episode reward at step 582647: -1
Level 1, episode reward at step 584645: -1
Level 1, episode reward at step 586643: -1
Level 1, episode reward at step 588641: -1
Level 1, episode reward at step 590639: -1
Level 1, episode reward at step 592637: -1
Level 1, episode reward at step 594635: -1
Level 1, episode reward at step 596633: -1
Level 1, episode reward at step 598631: -1
Level 1, episode reward at step 600629: -1
Level 1, episode reward at step 602627: -1
Level 1, episode reward at step 604625: -1
Level 1, episode reward at step 606623: -1
Level 1, episode reward at step 608621: -1
Level 1, episode reward at step 610619: -1
Level 1, episode reward at step 612617: -1
Level 1, episode reward at step 614615: -1
Level 1, episode reward at step 616613: -1
Level 1, episode reward at step 618611: -1
Level 1, episode reward at step 620609: -1
Level 1, episode reward at step 622607: -1
Level 1, episode reward at step 624605: -1
Level 1, episode reward at step 626603: -1
Level 1, episode reward at step 628601: -1
Level 1, episode reward at step 630599: -1
Level 1, episode reward at step 632597: -1
Level 1, episode reward at step 634595: -1
Level 1, episode reward at step 636593: -1
Level 1, episode reward at step 638591: -1
Level 1, episode reward at step 640589: -1
Level 1, episode reward at step 642587: -1
Level 1, episode reward at step 644585: -1
Level 1, episode reward at step 646583: -1
Level 1, episode reward at step 648581: -1
Level 1, episode reward at step 650579: -1
Level 1, episode reward at step 652577: -1
Level 1, episode reward at step 654575: -1
Level 1, episode reward at step 656573: -1
Level 1, episode reward at step 658571: -1
Level 1, episode reward at step 660569: -1
Level 1, episode reward at step 662567: -1
Level 1, episode reward at step 664565: -1
Level 1, episode reward at step 666563: -1
Level 1, episode reward at step 668561: -1
Level 1, episode reward at step 670559: -1
Level 1, episode reward at step 672557: -1
Level 1, episode reward at step 674555: -1
Level 1, episode reward at step 676553: -1
Level 1, episode reward at step 678551: -1
Level 1, episode reward at step 680549: -1
Level 1, episode reward at step 682547: -1
Level 1, episode reward at step 684545: -1
Level 1, episode reward at step 686543: -1
Level 1, episode reward at step 688541: -1
Level 1, episode reward at step 690539: -1
Level 1, episode reward at step 692537: -1
Level 1, episode reward at step 694535: -1
Level 1, episode reward at step 696533: -1
Level 1, episode reward at step 698531: -1
Level 1, episode reward at step 700529: -1
Level 1, episode reward at step 702527: -1
Level 1, episode reward at step 704525: -1
Level 1, episode reward at step 706523: -1
Level 1, episode reward at step 708521: -1
Level 1, episode reward at step 710519: -1
Level 1, episode reward at step 712517: -1
Level 1, episode reward at step 714515: -1
Level 1, episode reward at step 716513: -1
Level 1, episode reward at step 718511: -1
Level 1, episode reward at step 720509: -1
Level 1, episode reward at step 722507: -1
Level 1, episode reward at step 724505: -1
Level 1, episode reward at step 726503: -1
Level 1, episode reward at step 728501: -1
Level 1, episode reward at step 730499: -1
Level 1, episode reward at step 732497: -1
Level 1, episode reward at step 734495: -1
Level 1, episode reward at step 736493: -1
Level 1, episode reward at step 738491: -1
Level 1, episode reward at step 740489: -1
Level 1, episode reward at step 742487: -1
Level 1, episode reward at step 744485: -1
Level 1, episode reward at step 746483: -1
Level 1, episode reward at step 748481: -1
Level 1, episode reward at step 750479: -1
Level 1, episode reward at step 752477: -1
Level 1, episode reward at step 754475: -1
Level 1, episode reward at step 756473: -1
Level 1, episode reward at step 758471: -1
Level 1, episode reward at step 760469: -1
Level 1, episode reward at step 762467: -1
Level 1, episode reward at step 764465: -1
Level 1, episode reward at step 766463: -1
Level 1, episode reward at step 768461: -1
Level 1, episode reward at step 770459: -1
Level 1, episode reward at step 772457: -1
Level 1, episode reward at step 774455: -1
Level 1, episode reward at step 776453: -1
Level 1, episode reward at step 778451: -1
Level 1, episode reward at step 780449: -1
Level 1, episode reward at step 782447: -1
Level 1, episode reward at step 784445: -1
Level 1, episode reward at step 786443: -1
Level 1, episode reward at step 788441: -1
Level 1, episode reward at step 790439: -1
Level 1, episode reward at step 792437: -1
Level 1, episode reward at step 794435: -1
Level 1, episode reward at step 796433: -1
Level 1, episode reward at step 798431: -1
Level 1, episode reward at step 800429: -1
Level 1, episode reward at step 802427: -1
Level 1, episode reward at step 804425: -1
Level 1, episode reward at step 806423: -1
Level 1, episode reward at step 808421: -1
Level 1, episode reward at step 810419: -1
Level 1, episode reward at step 812417: -1
Level 1, episode reward at step 814415: -1
Level 1, episode reward at step 816413: -1
Level 1, episode reward at step 818411: -1
Level 1, episode reward at step 820409: -1
Level 1, episode reward at step 822407: -1
Level 1, episode reward at step 824405: -1
Level 1, episode reward at step 826403: -1
Level 1, episode reward at step 828401: -1
Level 1, episode reward at step 830399: -1
Level 1, episode reward at step 832397: -1
Level 1, episode reward at step 834395: -1
Level 1, episode reward at step 836393: -1
Level 1, episode reward at step 838391: -1
Level 1, episode reward at step 840389: -1
Level 1, episode reward at step 842387: -1
Level 1, episode reward at step 844385: -1
Level 1, episode reward at step 846383: -1
Level 1, episode reward at step 848381: -1
Level 1, episode reward at step 850379: -1
Level 1, episode reward at step 852377: -1
Level 1, episode reward at step 854375: -1
Level 1, episode reward at step 856373: -1
Level 1, episode reward at step 858371: -1
Level 1, episode reward at step 860369: -1
Level 1, episode reward at step 862367: -1
Level 1, episode reward at step 864365: -1
Level 1, episode reward at step 866363: -1
Level 1, episode reward at step 868361: -1
Level 1, episode reward at step 870359: -1
Level 1, episode reward at step 872357: -1
Level 1, episode reward at step 874355: -1
Level 1, episode reward at step 876353: -1
Level 1, episode reward at step 878351: -1
Level 1, episode reward at step 880349: -1
Level 1, episode reward at step 882347: -1
Level 1, episode reward at step 884345: -1
Level 1, episode reward at step 886343: -1
Level 1, episode reward at step 888341: -1
Level 1, episode reward at step 890339: -1
Level 1, episode reward at step 892337: -1
Level 1, episode reward at step 894335: -1
Level 1, episode reward at step 896333: -1
Level 1, episode reward at step 898331: -1
Level 1, episode reward at step 900329: -1
Level 1, episode reward at step 902327: -1
Level 1, episode reward at step 904325: -1
Level 1, episode reward at step 906323: -1
Level 1, episode reward at step 908321: -1
Level 1, episode reward at step 910319: -1
Level 1, episode reward at step 912317: -1
Level 1, episode reward at step 914315: -1
Level 1, episode reward at step 916313: -1
Level 1, episode reward at step 918311: -1
Level 1, episode reward at step 920309: -1
Level 1, episode reward at step 922307: -1
Level 1, episode reward at step 924305: -1
Level 1, episode reward at step 926303: -1
Level 1, episode reward at step 928301: -1
Level 1, episode reward at step 930299: -1
Level 1, episode reward at step 932297: -1
Level 1, episode reward at step 934295: -1
Level 1, episode reward at step 936293: -1
Level 1, episode reward at step 938291: -1
Level 1, episode reward at step 940289: -1
Level 1, episode reward at step 942287: -1
Level 1, episode reward at step 944285: -1
Level 1, episode reward at step 946283: -1
Level 1, episode reward at step 948281: -1
Level 1, episode reward at step 950279: -1
Level 1, episode reward at step 952277: -1
Level 1, episode reward at step 954275: -1
Level 1, episode reward at step 956273: -1
Level 1, episode reward at step 958271: -1
Level 1, episode reward at step 960269: -1
Level 1, episode reward at step 962267: -1
Level 1, episode reward at step 964265: -1
Level 1, episode reward at step 966263: -1
Level 1, episode reward at step 968261: -1
Level 1, episode reward at step 970259: -1
Level 1, episode reward at step 972257: -1
Level 1, episode reward at step 974255: -1
Level 1, episode reward at step 976253: -1
Level 1, episode reward at step 978251: -1
Level 1, episode reward at step 980249: -1
Level 1, episode reward at step 982247: -1
Level 1, episode reward at step 984245: -1
Level 1, episode reward at step 986243: -1
Level 1, episode reward at step 988241: -1
Level 1, episode reward at step 990239: -1
Level 1, episode reward at step 992237: -1
Level 1, episode reward at step 994235: -1
Level 1, episode reward at step 996233: -1
Level 1, episode reward at step 998231: -1
Done training ALL!
