/n/home13/kevinwu/.conda/envs/pt27/lib/python2.7/site-packages/skimage/transform/_warps.py:105: UserWarning: The default mode, 'constant', will be changed to 'reflect' in skimage 0.15.
  warn("The default mode, 'constant', will be changed to 'reflect' in "
/n/home13/kevinwu/.conda/envs/pt27/lib/python2.7/site-packages/skimage/transform/_warps.py:110: UserWarning: Anti-aliasing will be enabled by default in skimage 0.15 to avoid aliasing artifacts when down-sampling images.
  warn("Anti-aliasing will be enabled by default in skimage 0.15 to "
Namespace(batch_size=32, criteria='1/1', cuda=1, doubleq=1, eps_decay=200.0, eps_end=0.1, eps_start=1, game_name='variant_jaws_1', gamma=0.999, img_size=64, level_switch='sequential', lr=0.00025, max_mem=50000, max_steps=1000000.0, model_name='DQN', model_weight_path=None, num_episodes=20000, num_trials=1, pretrain=0, random_seed=7, target_update=100, test_mode=0, timeout=2000, trial_num='1')
Game: variant_jaws_1
variant_jaws_1
Training at seed = 1
Training Starting
-------------------------
Level 0, episode reward at step 223: 3.44
Level 0, episode reward at step 292: 0.36
Level 0, episode reward at step 538: 3.9
Level 0, episode reward at step 587: -0.04
Level 0, episode reward at step 755: 2.34
Level 0, episode reward at step 810: 1.08
Level 0, episode reward at step 1097: 5.72
Level 0, episode reward at step 1186: 0.76
Level 0, episode reward at step 1469: 6.64
Level 0, episode reward at step 1537: 0.34
Level 0, episode reward at step 1799: 4.22
Level 0, episode reward at step 1925: 1.5
Level 0, episode reward at step 2093: 2.34
Level 0, episode reward at step 2252: 3.16
slurmstepd: error: *** JOB 59643876 ON aagk80gpu53 CANCELLED AT 2018-11-16T12:28:43 ***
