/n/home13/kevinwu/.conda/envs/pt27/lib/python2.7/site-packages/skimage/transform/_warps.py:105: UserWarning: The default mode, 'constant', will be changed to 'reflect' in skimage 0.15.
  warn("The default mode, 'constant', will be changed to 'reflect' in "
/n/home13/kevinwu/.conda/envs/pt27/lib/python2.7/site-packages/skimage/transform/_warps.py:110: UserWarning: Anti-aliasing will be enabled by default in skimage 0.15 to avoid aliasing artifacts when down-sampling images.
  warn("Anti-aliasing will be enabled by default in skimage 0.15 to "
Namespace(batch_size=32, criteria='1/1', cuda=1, doubleq=1, eps_decay=200.0, eps_end=0.1, eps_start=1, game_name='variant_watergame_2', gamma=0.999, img_size=64, level_switch='sequential', lr=0.00025, max_mem=50000, max_steps=1000000.0, model_name='DQN', model_weight_path=None, num_episodes=20000, num_trials=1, pretrain=0, random_seed=7, target_update=100, test_mode=0, timeout=2000, trial_num='1')
Game: variant_watergame_2
variant_watergame_2
Training at seed = 1
Training Starting
-------------------------
Level 0, episode reward at step 1998: -1
Level 0, episode reward at step 3444: -1
Level 0, episode reward at step 5442: -1
Level 0, episode reward at step 7440: -1
Level 0, episode reward at step 9438: -1
Level 0, episode reward at step 11436: -1
Level 0, episode reward at step 13434: -1
Level 0, episode reward at step 15432: -1
Level 0, episode reward at step 17430: -1
Level 0, episode reward at step 19428: -1
Level 0, episode reward at step 21426: -1
Level 0, episode reward at step 23424: -1
Level 0, episode reward at step 24503: -1
Level 0, episode reward at step 26501: -1
Level 0, episode reward at step 26686: -1
Level 0, episode reward at step 28684: -1
Level 0, episode reward at step 30682: -1
Level 0, episode reward at step 32680: -1
Level 0, episode reward at step 33919: -1
Level 0, episode reward at step 34049: -1
Level 0, episode reward at step 34052: -1
Level 0, episode reward at step 34055: -1
Level 0, episode reward at step 34058: -1
Level 0, episode reward at step 34061: -1
Level 0, episode reward at step 34064: -1
Level 0, episode reward at step 34068: -1
Level 0, episode reward at step 35575: -1
Level 0, episode reward at step 35643: -1
Level 0, episode reward at step 35646: -1
Level 0, episode reward at step 35649: -1
Level 0, episode reward at step 35652: -1
Level 0, episode reward at step 35655: -1
Level 0, episode reward at step 35658: -1
Level 0, episode reward at step 35661: -1
Level 0, episode reward at step 35664: -1
Level 0, episode reward at step 35668: -1
Level 0, episode reward at step 35671: -1
Level 0, episode reward at step 35674: -1
Level 0, episode reward at step 35677: -1
Level 0, episode reward at step 35680: -1
Level 0, episode reward at step 35685: -1
Level 0, episode reward at step 35688: -1
Level 0, episode reward at step 35691: -1
Level 0, episode reward at step 35694: -1
Level 0, episode reward at step 35715: -1
Level 0, episode reward at step 37713: -1
Level 0, episode reward at step 39711: -1
Level 0, episode reward at step 41709: -1
Level 0, episode reward at step 43707: -1
Level 0, episode reward at step 45705: -1
Level 0, episode reward at step 47703: -1
Level 0, episode reward at step 49701: -1
Level 0, episode reward at step 51699: -1
Level 0, episode reward at step 53697: -1
Level 0, episode reward at step 55695: -1
Level 0, episode reward at step 57693: -1
Level 0, episode reward at step 59691: -1
Level 0, episode reward at step 61689: -1
Level 0, episode reward at step 63687: -1
Level 0, episode reward at step 65685: -1
Level 0, episode reward at step 67683: -1
Level 0, episode reward at step 69681: -1
Level 0, episode reward at step 71679: -1
Level 0, episode reward at step 73677: -1
Level 0, episode reward at step 75675: -1
Level 0, episode reward at step 77673: -1
Level 0, episode reward at step 79671: -1
Level 0, episode reward at step 81669: -1
Level 0, episode reward at step 83667: -1
Level 0, episode reward at step 85665: -1
Level 0, episode reward at step 87663: -1
Level 0, episode reward at step 89661: -1
Level 0, episode reward at step 91659: -1
Level 0, episode reward at step 93657: -1
Level 0, episode reward at step 95655: -1
Level 0, episode reward at step 96629: -1
Level 0, episode reward at step 98627: -1
Level 0, episode reward at step 100406: -1
Level 0, episode reward at step 102404: -1
Level 0, episode reward at step 104402: -1
Level 0, episode reward at step 106400: -1
New Best Reward: -1
Level 0, episode reward at step 108398: -1
Level 0, episode reward at step 110396: -1
Level 0, episode reward at step 112394: -1
Level 0, episode reward at step 113913: -1
Level 0, episode reward at step 115911: -1
Level 0, episode reward at step 116467: -1
Level 0, episode reward at step 118465: -1
Level 0, episode reward at step 120463: -1
Level 0, episode reward at step 122461: -1
Level 0, episode reward at step 124459: -1
Level 0, episode reward at step 126457: -1
Level 0, episode reward at step 128455: -1
Level 0, episode reward at step 130453: -1
Level 0, episode reward at step 132451: -1
Level 0, episode reward at step 134449: -1
Level 0, episode reward at step 136447: -1
Level 0, episode reward at step 138445: -1
Level 0, episode reward at step 140443: -1
Level 0, episode reward at step 142441: -1
Level 0, episode reward at step 144439: -1
Level 0, episode reward at step 146437: -1
Level 0, episode reward at step 148435: -1
Level 0, episode reward at step 150433: -1
Level 0, episode reward at step 152431: -1
Level 0, episode reward at step 154429: -1
Level 0, episode reward at step 156427: -1
Level 0, episode reward at step 158425: -1
Level 0, episode reward at step 160423: -1
Level 0, episode reward at step 162421: -1
Level 0, episode reward at step 164419: -1
Level 0, episode reward at step 166417: -1
Level 0, episode reward at step 168415: -1
Level 0, episode reward at step 170413: -1
Level 0, episode reward at step 172411: -1
Level 0, episode reward at step 174409: -1
Level 0, episode reward at step 176407: -1
Level 0, episode reward at step 178405: -1
Level 0, episode reward at step 180403: -1
Level 0, episode reward at step 182401: -1
Level 0, episode reward at step 184399: -1
Level 0, episode reward at step 186397: -1
Level 0, episode reward at step 188395: -1
Level 0, episode reward at step 190393: -1
Level 0, episode reward at step 192391: -1
Level 0, episode reward at step 194389: -1
Level 0, episode reward at step 196387: -1
Level 0, episode reward at step 198385: -1
Level 0, episode reward at step 200383: -1
Level 0, episode reward at step 202381: -1
Level 0, episode reward at step 204379: -1
Level 0, episode reward at step 206377: -1
Level 0, episode reward at step 208375: -1
Level 0, episode reward at step 210373: -1
Level 0, episode reward at step 212371: -1
Level 0, episode reward at step 214369: -1
Level 0, episode reward at step 216367: -1
Level 0, episode reward at step 218365: -1
Level 0, episode reward at step 220363: -1
Level 0, episode reward at step 222361: -1
Level 0, episode reward at step 224359: -1
Level 0, episode reward at step 226357: -1
Level 0, episode reward at step 228355: -1
Level 0, episode reward at step 230353: -1
Level 0, episode reward at step 232351: -1
Level 0, episode reward at step 234349: -1
Level 0, episode reward at step 236347: -1
Level 0, episode reward at step 238345: -1
Level 0, episode reward at step 240343: -1
Level 0, episode reward at step 242341: -1
Level 0, episode reward at step 244339: -1
Level 0, episode reward at step 246004: -1
Level 0, episode reward at step 248002: -1
Level 0, episode reward at step 248384: -1
Level 0, episode reward at step 249326: -1
Level 0, episode reward at step 251324: -1
Level 0, episode reward at step 253322: -1
Level 0, episode reward at step 255320: -1
Level 0, episode reward at step 257318: -1
Level 0, episode reward at step 258482: -1
Level 0, episode reward at step 260480: -1
Level 0, episode reward at step 262478: -1
Level 0, episode reward at step 264476: -1
Level 0, episode reward at step 266474: -1
Level 0, episode reward at step 268472: -1
Level 0, episode reward at step 270470: -1
Level 0, episode reward at step 272468: -1
Level 0, episode reward at step 274466: -1
Level 0, episode reward at step 276464: -1
Level 0, episode reward at step 278462: -1
Level 0, episode reward at step 280460: -1
Level 0, episode reward at step 282458: -1
Level 0, episode reward at step 284456: -1
Level 0, episode reward at step 286454: -1
Level 0, episode reward at step 288452: -1
Level 0, episode reward at step 290450: -1
Level 0, episode reward at step 292448: -1
Level 0, episode reward at step 294446: -1
Level 0, episode reward at step 296444: -1
Level 0, episode reward at step 298442: -1
Level 0, episode reward at step 300440: -1
Level 0, episode reward at step 302438: -1
Level 0, episode reward at step 304436: -1
Level 0, episode reward at step 306434: -1
Level 0, episode reward at step 308432: -1
Level 0, episode reward at step 310430: -1
Level 0, episode reward at step 311076: -1
Level 0, episode reward at step 313074: -1
Level 0, episode reward at step 315072: -1
Level 0, episode reward at step 317070: -1
Level 0, episode reward at step 319068: -1
Level 0, episode reward at step 321066: -1
Level 0, episode reward at step 323064: -1
Level 0, episode reward at step 325062: -1
Level 0, episode reward at step 327060: -1
Level 0, episode reward at step 327453: -1
Level 0, episode reward at step 329451: -1
Level 0, episode reward at step 331449: -1
Level 0, episode reward at step 333447: -1
Level 0, episode reward at step 335445: -1
Level 0, episode reward at step 337443: -1
Level 0, episode reward at step 339441: -1
Level 0, episode reward at step 341439: -1
Level 0, episode reward at step 343437: -1
Level 0, episode reward at step 345435: -1
Level 0, episode reward at step 347433: -1
Level 0, episode reward at step 349431: -1
Level 0, episode reward at step 351429: -1
Level 0, episode reward at step 353427: -1
Level 0, episode reward at step 355425: -1
Level 0, episode reward at step 357423: -1
Level 0, episode reward at step 359421: -1
Level 0, episode reward at step 361419: -1
Level 0, episode reward at step 363417: -1
Level 0, episode reward at step 365415: -1
Level 0, episode reward at step 367413: -1
Level 0, episode reward at step 369411: -1
Level 0, episode reward at step 371409: -1
Level 0, episode reward at step 373407: -1
Level 0, episode reward at step 375405: -1
Level 0, episode reward at step 377403: -1
Level 0, episode reward at step 379401: -1
Level 0, episode reward at step 381399: -1
Level 0, episode reward at step 383397: -1
Level 0, episode reward at step 385395: -1
Level 0, episode reward at step 387393: -1
Level 0, episode reward at step 389391: -1
Level 0, episode reward at step 391389: -1
Level 0, episode reward at step 392649: -1
Level 0, episode reward at step 394647: -1
Level 0, episode reward at step 396645: -1
Level 0, episode reward at step 398643: -1
Level 0, episode reward at step 400641: -1
Level 0, episode reward at step 402639: -1
Level 0, episode reward at step 404637: -1
Level 0, episode reward at step 406635: -1
Level 0, episode reward at step 408633: -1
Level 0, episode reward at step 410516: -1
Level 0, episode reward at step 410687: -1
Level 0, episode reward at step 412685: -1
Level 0, episode reward at step 414683: -1
Level 0, episode reward at step 416681: -1
Level 0, episode reward at step 417199: -1
Level 0, episode reward at step 419197: -1
Level 0, episode reward at step 421195: -1
Level 0, episode reward at step 423193: -1
Level 0, episode reward at step 425191: -1
Level 0, episode reward at step 427189: -1
Level 0, episode reward at step 429187: -1
Level 0, episode reward at step 431185: -1
Level 0, episode reward at step 433183: -1
Level 0, episode reward at step 434404: -1
Level 0, episode reward at step 436402: -1
Level 0, episode reward at step 438400: -1
New Best Reward: -1
Level 0, episode reward at step 440398: -1
Level 0, episode reward at step 442396: -1
Level 0, episode reward at step 444394: -1
Level 0, episode reward at step 446392: -1
Level 0, episode reward at step 448390: -1
Level 0, episode reward at step 449105: -1
Level 0, episode reward at step 451103: -1
Level 0, episode reward at step 453101: -1
Level 0, episode reward at step 455099: -1
Level 0, episode reward at step 457097: -1
Level 0, episode reward at step 459011: -1
Level 0, episode reward at step 461009: -1
Level 0, episode reward at step 463007: -1
Level 0, episode reward at step 465005: -1
Level 0, episode reward at step 467003: -1
Level 0, episode reward at step 469001: -1
Level 0, episode reward at step 470999: -1
Level 0, episode reward at step 472997: -1
Level 0, episode reward at step 474995: -1
Level 0, episode reward at step 476993: -1
Level 0, episode reward at step 478991: -1
Level 0, episode reward at step 480989: -1
Level 0, episode reward at step 482987: -1
Level 0, episode reward at step 484985: -1
Level 0, episode reward at step 486983: -1
Level 0, episode reward at step 488981: -1
Level 0, episode reward at step 490979: -1
Level 0, episode reward at step 492977: -1
Level 0, episode reward at step 494975: -1
Level 0, episode reward at step 496973: -1
Level 0, episode reward at step 498971: -1
Level 0, episode reward at step 500969: -1
Level 0, episode reward at step 502967: -1
Level 0, episode reward at step 504965: -1
Level 0, episode reward at step 506963: -1
Level 0, episode reward at step 508961: -1
Level 0, episode reward at step 510959: -1
Level 0, episode reward at step 512957: -1
Level 0, episode reward at step 514955: -1
Level 0, episode reward at step 516953: -1
Level 0, episode reward at step 518951: -1
Level 0, episode reward at step 520949: -1
Level 0, episode reward at step 522947: -1
Level 0, episode reward at step 524945: -1
Level 0, episode reward at step 526943: -1
Level 0, episode reward at step 528941: -1
Level 0, episode reward at step 530939: -1
Level 0, episode reward at step 532937: -1
Level 0, episode reward at step 534935: -1
Level 0, episode reward at step 536933: -1
Level 0, episode reward at step 538931: -1
Level 0, episode reward at step 540929: -1
Level 0, episode reward at step 542927: -1
Level 0, episode reward at step 544710: -1
Level 0, episode reward at step 545000: -1
New Best Reward: -1
Level 0, episode reward at step 546998: -1
Level 0, episode reward at step 548996: -1
Level 0, episode reward at step 550994: -1
Level 0, episode reward at step 552992: -1
Level 0, episode reward at step 554990: -1
Level 0, episode reward at step 556988: -1
Level 0, episode reward at step 558986: -1
Level 0, episode reward at step 560984: -1
Level 0, episode reward at step 562982: -1
Level 0, episode reward at step 564980: -1
Level 0, episode reward at step 566978: -1
Level 0, episode reward at step 568976: -1
Level 0, episode reward at step 570974: -1
Level 0, episode reward at step 572972: -1
Level 0, episode reward at step 574970: -1
Level 0, episode reward at step 576968: -1
Level 0, episode reward at step 578966: -1
Level 0, episode reward at step 580964: -1
Level 0, episode reward at step 582962: -1
Level 0, episode reward at step 584960: -1
Level 0, episode reward at step 586958: -1
Level 0, episode reward at step 588956: -1
Level 0, episode reward at step 590954: -1
Level 0, episode reward at step 592952: -1
Level 0, episode reward at step 594950: -1
Level 0, episode reward at step 596948: -1
Level 0, episode reward at step 598946: -1
Level 0, episode reward at step 600944: -1
Level 0, episode reward at step 602942: -1
Level 0, episode reward at step 604940: -1
Level 0, episode reward at step 606938: -1
Level 0, episode reward at step 608936: -1
Level 0, episode reward at step 610934: -1
Level 0, episode reward at step 612932: -1
Level 0, episode reward at step 614930: -1
Level 0, episode reward at step 616928: -1
Level 0, episode reward at step 618926: -1
Level 0, episode reward at step 619999: -1
Level 0, episode reward at step 621997: -1
Level 0, episode reward at step 623995: -1
Level 0, episode reward at step 625993: -1
Level 0, episode reward at step 627991: -1
Level 0, episode reward at step 629989: -1
Level 0, episode reward at step 631987: -1
Level 0, episode reward at step 633646: -1
Level 0, episode reward at step 635596: -1
Level 0, episode reward at step 637594: -1
Level 0, episode reward at step 639592: -1
Level 0, episode reward at step 641590: -1
Level 0, episode reward at step 643588: -1
Level 0, episode reward at step 645586: -1
Level 0, episode reward at step 647584: -1
Level 0, episode reward at step 649582: -1
Level 0, episode reward at step 651580: -1
Level 0, episode reward at step 653578: -1
Level 0, episode reward at step 654296: -1
Level 0, episode reward at step 654326: -1
Level 0, episode reward at step 656324: -1
Level 0, episode reward at step 657639: -1
Level 0, episode reward at step 657829: -1
Level 0, episode reward at step 659827: -1
Level 0, episode reward at step 661825: -1
Level 0, episode reward at step 663823: -1
Level 0, episode reward at step 665821: -1
Level 0, episode reward at step 667819: -1
Level 0, episode reward at step 669817: -1
Level 0, episode reward at step 671815: -1
Level 0, episode reward at step 673813: -1
Level 0, episode reward at step 675811: -1
Level 0, episode reward at step 677809: -1
Level 0, episode reward at step 678748: -1
Level 0, episode reward at step 680746: -1
Level 0, episode reward at step 682613: -1
Level 0, episode reward at step 684611: -1
Level 0, episode reward at step 686609: -1
Level 0, episode reward at step 688607: -1
Level 0, episode reward at step 690605: -1
Level 0, episode reward at step 691626: -1
Level 0, episode reward at step 693624: -1
Level 0, episode reward at step 695622: -1
Level 0, episode reward at step 697620: -1
Level 0, episode reward at step 699618: -1
Level 0, episode reward at step 701616: -1
Level 0, episode reward at step 703614: -1
Level 0, episode reward at step 705612: -1
Level 0, episode reward at step 707610: -1
Level 0, episode reward at step 709608: -1
Level 0, episode reward at step 711606: -1
Level 0, episode reward at step 713604: -1
Level 0, episode reward at step 715602: -1
Level 0, episode reward at step 717600: -1
New Best Reward: -1
Level 0, episode reward at step 719598: -1
Level 0, episode reward at step 721596: -1
Level 0, episode reward at step 723594: -1
Level 0, episode reward at step 725592: -1
Level 0, episode reward at step 727590: -1
Level 0, episode reward at step 729588: -1
Level 0, episode reward at step 731586: -1
Level 0, episode reward at step 733584: -1
Level 0, episode reward at step 735582: -1
Level 0, episode reward at step 737580: -1
Level 0, episode reward at step 739578: -1
Level 0, episode reward at step 741576: -1
Level 0, episode reward at step 743574: -1
Level 0, episode reward at step 745572: -1
Level 0, episode reward at step 747570: -1
Level 0, episode reward at step 749568: -1
Level 0, episode reward at step 751566: -1
Level 0, episode reward at step 753564: -1
Level 0, episode reward at step 755562: -1
Level 0, episode reward at step 757560: -1
Level 0, episode reward at step 759558: -1
Level 0, episode reward at step 761556: -1
Level 0, episode reward at step 763554: -1
Level 0, episode reward at step 765552: -1
Level 0, episode reward at step 767550: -1
Level 0, episode reward at step 769548: -1
Level 0, episode reward at step 771546: -1
Level 0, episode reward at step 773544: -1
Level 0, episode reward at step 775542: -1
Level 0, episode reward at step 777540: -1
Level 0, episode reward at step 779538: -1
Level 0, episode reward at step 781536: -1
Level 0, episode reward at step 783534: -1
Level 0, episode reward at step 785532: -1
Level 0, episode reward at step 787530: -1
Level 0, episode reward at step 789528: -1
Level 0, episode reward at step 790978: -1
Level 0, episode reward at step 792976: -1
Level 0, episode reward at step 794974: -1
Level 0, episode reward at step 795378: -1
Level 0, episode reward at step 797376: -1
Level 0, episode reward at step 799177: -1
Level 0, episode reward at step 801175: -1
Level 0, episode reward at step 803173: -1
Level 0, episode reward at step 805171: -1
Level 0, episode reward at step 805653: -1
Level 0, episode reward at step 807651: -1
Level 0, episode reward at step 809649: -1
Level 0, episode reward at step 810255: -1
Level 0, episode reward at step 812253: -1
Level 0, episode reward at step 814251: -1
Level 0, episode reward at step 816249: -1
Level 0, episode reward at step 818247: -1
Level 0, episode reward at step 820245: -1
Level 0, episode reward at step 822243: -1
Level 0, episode reward at step 824241: -1
Level 0, episode reward at step 825596: -1
Level 0, episode reward at step 825981: -1
Level 0, episode reward at step 826220: -1
Level 0, episode reward at step 828218: -1
Level 0, episode reward at step 830216: -1
Level 0, episode reward at step 832214: -1
Level 0, episode reward at step 832953: -1
Level 0, episode reward at step 834790: -1
Level 0, episode reward at step 835149: -1
Level 0, episode reward at step 835296: -1
Level 0, episode reward at step 835976: -1
Level 0, episode reward at step 836686: -1
Level 0, episode reward at step 837038: -1
Level 0, episode reward at step 837612: -1
Level 0, episode reward at step 838582: 1
Next Level!
Level 1, episode reward at step 838583: -1
Level 1, episode reward at step 838584: -1
Level 1, episode reward at step 838585: -1
Level 1, episode reward at step 838586: -1
Level 1, episode reward at step 838587: -1
Level 1, episode reward at step 838588: -1
Level 1, episode reward at step 838591: -1
Level 1, episode reward at step 838592: -1
Level 1, episode reward at step 838593: -1
Level 1, episode reward at step 838594: -1
Level 1, episode reward at step 838595: -1
Level 1, episode reward at step 838596: -1
Level 1, episode reward at step 838598: -1
Level 1, episode reward at step 838599: -1
Level 1, episode reward at step 838600: -1
New Best Reward: -1
Level 1, episode reward at step 838601: -1
Level 1, episode reward at step 838602: -1
Level 1, episode reward at step 838603: -1
Level 1, episode reward at step 838604: -1
Level 1, episode reward at step 838605: -1
Level 1, episode reward at step 838606: -1
Level 1, episode reward at step 838607: -1
Level 1, episode reward at step 838608: -1
Level 1, episode reward at step 838609: -1
Level 1, episode reward at step 838610: -1
Level 1, episode reward at step 840608: -1
Level 1, episode reward at step 842606: -1
Level 1, episode reward at step 844604: -1
Level 1, episode reward at step 844885: -1
Level 1, episode reward at step 844886: -1
Level 1, episode reward at step 844887: -1
Level 1, episode reward at step 844888: -1
Level 1, episode reward at step 844889: -1
Level 1, episode reward at step 844890: -1
Level 1, episode reward at step 844891: -1
Level 1, episode reward at step 844892: -1
Level 1, episode reward at step 844893: -1
Level 1, episode reward at step 844894: -1
Level 1, episode reward at step 844895: -1
Level 1, episode reward at step 844896: -1
Level 1, episode reward at step 844897: -1
Level 1, episode reward at step 844899: -1
Level 1, episode reward at step 844900: -1
New Best Reward: -1
Level 1, episode reward at step 844902: -1
Level 1, episode reward at step 844903: -1
Level 1, episode reward at step 844904: -1
Level 1, episode reward at step 844905: -1
Level 1, episode reward at step 844906: -1
Level 1, episode reward at step 844907: -1
Level 1, episode reward at step 844908: -1
Level 1, episode reward at step 844909: -1
Level 1, episode reward at step 844910: -1
Level 1, episode reward at step 844925: -1
Level 1, episode reward at step 844926: -1
Level 1, episode reward at step 844927: -1
Level 1, episode reward at step 844928: -1
Level 1, episode reward at step 844929: -1
Level 1, episode reward at step 844930: -1
Level 1, episode reward at step 844931: -1
Level 1, episode reward at step 844932: -1
Level 1, episode reward at step 844933: -1
Level 1, episode reward at step 844934: -1
Level 1, episode reward at step 844935: -1
Level 1, episode reward at step 844936: -1
Level 1, episode reward at step 844938: -1
Level 1, episode reward at step 844939: -1
Level 1, episode reward at step 844940: -1
Level 1, episode reward at step 844941: -1
Level 1, episode reward at step 844942: -1
Level 1, episode reward at step 844943: -1
Level 1, episode reward at step 844944: -1
Level 1, episode reward at step 844945: -1
Level 1, episode reward at step 844946: -1
Level 1, episode reward at step 844947: -1
Level 1, episode reward at step 844950: -1
Level 1, episode reward at step 844951: -1
Level 1, episode reward at step 844952: -1
Level 1, episode reward at step 844953: -1
Level 1, episode reward at step 844954: -1
Level 1, episode reward at step 844955: -1
Level 1, episode reward at step 844957: -1
Level 1, episode reward at step 844958: -1
Level 1, episode reward at step 844959: -1
Level 1, episode reward at step 844960: -1
Level 1, episode reward at step 844961: -1
Level 1, episode reward at step 844962: -1
Level 1, episode reward at step 846960: -1
Level 1, episode reward at step 847136: -1
Level 1, episode reward at step 847141: -1
Level 1, episode reward at step 847144: -1
Level 1, episode reward at step 847148: -1
Level 1, episode reward at step 847151: -1
Level 1, episode reward at step 847154: -1
Level 1, episode reward at step 847157: -1
Level 1, episode reward at step 847160: -1
Level 1, episode reward at step 847163: -1
Level 1, episode reward at step 847166: -1
Level 1, episode reward at step 847394: -1
Level 1, episode reward at step 847397: -1
Level 1, episode reward at step 847400: -1
New Best Reward: -1
Level 1, episode reward at step 847403: -1
Level 1, episode reward at step 847406: -1
Level 1, episode reward at step 847409: -1
Level 1, episode reward at step 849407: -1
Level 1, episode reward at step 851405: -1
Level 1, episode reward at step 853145: -1
Level 1, episode reward at step 853356: -1
Level 1, episode reward at step 853362: -1
Level 1, episode reward at step 854178: -1
Level 1, episode reward at step 854271: -1
Level 1, episode reward at step 854568: -1
Level 1, episode reward at step 856566: -1
Level 1, episode reward at step 858564: -1
Level 1, episode reward at step 860562: -1
Level 1, episode reward at step 862560: -1
Level 1, episode reward at step 864558: -1
Level 1, episode reward at step 866556: -1
Level 1, episode reward at step 868554: -1
Level 1, episode reward at step 870552: -1
Level 1, episode reward at step 871013: -1
Level 1, episode reward at step 872190: -1
Level 1, episode reward at step 874188: -1
Level 1, episode reward at step 876186: -1
Level 1, episode reward at step 877396: -1
Level 1, episode reward at step 879394: -1
Level 1, episode reward at step 880554: -1
Level 1, episode reward at step 882552: -1
Level 1, episode reward at step 884550: -1
Level 1, episode reward at step 886548: -1
Level 1, episode reward at step 888546: -1
Level 1, episode reward at step 888798: -1
Level 1, episode reward at step 889249: -1
Level 1, episode reward at step 889451: -1
Level 1, episode reward at step 889743: -1
Level 1, episode reward at step 890033: -1
Level 1, episode reward at step 892031: -1
Level 1, episode reward at step 892147: -1
Level 1, episode reward at step 894145: -1
Level 1, episode reward at step 895035: -1
Level 1, episode reward at step 895251: -1
Level 1, episode reward at step 895407: -1
Level 1, episode reward at step 895541: -1
Level 1, episode reward at step 897539: -1
Level 1, episode reward at step 899537: -1
Level 1, episode reward at step 899908: -1
Level 1, episode reward at step 901207: -1
Level 1, episode reward at step 901615: -1
Level 1, episode reward at step 901796: -1
Level 1, episode reward at step 901878: -1
Level 1, episode reward at step 902519: -1
Level 1, episode reward at step 902650: -1
Level 1, episode reward at step 902738: -1
Level 1, episode reward at step 902804: -1
Level 1, episode reward at step 902886: -1
Level 1, episode reward at step 903846: -1
Level 1, episode reward at step 904044: -1
Level 1, episode reward at step 906042: -1
Level 1, episode reward at step 908040: -1
Level 1, episode reward at step 910038: -1
Level 1, episode reward at step 912036: -1
Level 1, episode reward at step 914034: -1
Level 1, episode reward at step 916032: -1
Level 1, episode reward at step 918030: -1
Level 1, episode reward at step 920028: -1
Level 1, episode reward at step 922026: -1
Level 1, episode reward at step 924024: -1
Level 1, episode reward at step 926022: -1
Level 1, episode reward at step 928020: -1
Level 1, episode reward at step 930018: -1
Level 1, episode reward at step 932016: -1
Level 1, episode reward at step 934014: -1
Level 1, episode reward at step 936012: -1
Level 1, episode reward at step 937370: -1
Level 1, episode reward at step 938936: -1
Level 1, episode reward at step 940934: -1
Level 1, episode reward at step 942062: -1
Level 1, episode reward at step 942295: -1
Level 1, episode reward at step 942860: -1
Level 1, episode reward at step 943559: -1
Level 1, episode reward at step 944196: -1
Level 1, episode reward at step 944543: -1
Level 1, episode reward at step 946541: -1
Level 1, episode reward at step 948539: -1
Level 1, episode reward at step 950537: -1
Level 1, episode reward at step 952535: -1
Level 1, episode reward at step 954533: -1
Level 1, episode reward at step 956531: -1
Level 1, episode reward at step 958529: -1
Level 1, episode reward at step 958531: -1
Level 1, episode reward at step 958532: -1
Level 1, episode reward at step 958533: -1
Level 1, episode reward at step 958534: -1
Level 1, episode reward at step 958535: -1
Level 1, episode reward at step 958536: -1
Level 1, episode reward at step 958537: -1
Level 1, episode reward at step 958539: -1
Level 1, episode reward at step 958540: -1
Level 1, episode reward at step 958541: -1
Level 1, episode reward at step 958542: -1
Level 1, episode reward at step 958543: -1
Level 1, episode reward at step 958544: -1
Level 1, episode reward at step 958545: -1
Level 1, episode reward at step 958546: -1
Level 1, episode reward at step 958547: -1
Level 1, episode reward at step 958548: -1
Level 1, episode reward at step 958550: -1
Level 1, episode reward at step 958551: -1
Level 1, episode reward at step 958552: -1
Level 1, episode reward at step 958553: -1
Level 1, episode reward at step 958555: -1
Level 1, episode reward at step 958556: -1
Level 1, episode reward at step 958557: -1
Level 1, episode reward at step 958558: -1
Level 1, episode reward at step 958559: -1
Level 1, episode reward at step 958560: -1
Level 1, episode reward at step 958561: -1
Level 1, episode reward at step 958562: -1
Level 1, episode reward at step 958563: -1
Level 1, episode reward at step 958565: -1
Level 1, episode reward at step 958566: -1
Level 1, episode reward at step 958567: -1
Level 1, episode reward at step 958568: -1
Level 1, episode reward at step 958569: -1
Level 1, episode reward at step 958570: -1
Level 1, episode reward at step 958572: -1
Level 1, episode reward at step 958573: -1
Level 1, episode reward at step 958574: -1
Level 1, episode reward at step 958575: -1
Level 1, episode reward at step 958576: -1
Level 1, episode reward at step 958577: -1
Level 1, episode reward at step 958578: -1
Level 1, episode reward at step 958579: -1
Level 1, episode reward at step 958580: -1
Level 1, episode reward at step 958581: -1
Level 1, episode reward at step 958582: -1
Level 1, episode reward at step 958583: -1
Level 1, episode reward at step 958584: -1
Level 1, episode reward at step 958585: -1
Level 1, episode reward at step 958586: -1
Level 1, episode reward at step 958587: -1
Level 1, episode reward at step 958588: -1
Level 1, episode reward at step 958589: -1
Level 1, episode reward at step 958590: -1
Level 1, episode reward at step 958591: -1
Level 1, episode reward at step 958592: -1
Level 1, episode reward at step 958593: -1
Level 1, episode reward at step 958594: -1
Level 1, episode reward at step 958595: -1
Level 1, episode reward at step 958596: -1
Level 1, episode reward at step 958597: -1
Level 1, episode reward at step 958598: -1
Level 1, episode reward at step 958599: -1
Level 1, episode reward at step 958600: -1
New Best Reward: -1
Level 1, episode reward at step 958601: -1
Level 1, episode reward at step 958602: -1
Level 1, episode reward at step 958603: -1
Level 1, episode reward at step 958604: -1
Level 1, episode reward at step 958605: -1
Level 1, episode reward at step 958606: -1
Level 1, episode reward at step 958607: -1
Level 1, episode reward at step 958608: -1
Level 1, episode reward at step 958609: -1
Level 1, episode reward at step 958610: -1
Level 1, episode reward at step 958611: -1
Level 1, episode reward at step 958612: -1
Level 1, episode reward at step 960610: -1
Level 1, episode reward at step 962608: -1
Level 1, episode reward at step 962969: -1
Level 1, episode reward at step 964596: -1
Level 1, episode reward at step 966594: -1
Level 1, episode reward at step 967702: -1
Level 1, episode reward at step 967824: -1
Level 1, episode reward at step 968319: -1
Level 1, episode reward at step 968422: -1
Level 1, episode reward at step 968944: -1
Level 1, episode reward at step 969078: -1
Level 1, episode reward at step 971076: -1
Level 1, episode reward at step 971081: -1
Level 1, episode reward at step 971084: -1
Level 1, episode reward at step 971087: -1
Level 1, episode reward at step 971090: -1
Level 1, episode reward at step 971093: -1
Level 1, episode reward at step 971099: -1
Level 1, episode reward at step 971112: -1
Level 1, episode reward at step 971116: -1
Level 1, episode reward at step 971119: -1
Level 1, episode reward at step 971122: -1
Level 1, episode reward at step 971125: -1
Level 1, episode reward at step 971128: -1
Level 1, episode reward at step 971131: -1
Level 1, episode reward at step 971134: -1
Level 1, episode reward at step 971137: -1
Level 1, episode reward at step 971140: -1
Level 1, episode reward at step 971143: -1
Level 1, episode reward at step 971147: -1
Level 1, episode reward at step 971151: -1
Level 1, episode reward at step 971154: -1
Level 1, episode reward at step 971190: -1
Level 1, episode reward at step 971193: -1
Level 1, episode reward at step 971196: -1
Level 1, episode reward at step 971199: -1
Level 1, episode reward at step 971205: -1
Level 1, episode reward at step 973203: -1
Level 1, episode reward at step 973327: -1
Level 1, episode reward at step 975325: -1
Level 1, episode reward at step 977323: -1
Level 1, episode reward at step 978136: -1
Level 1, episode reward at step 978454: -1
Level 1, episode reward at step 980452: -1
Level 1, episode reward at step 980628: -1
Level 1, episode reward at step 980766: -1
Level 1, episode reward at step 982097: -1
Level 1, episode reward at step 984095: -1
Level 1, episode reward at step 984410: -1
Level 1, episode reward at step 984714: -1
Level 1, episode reward at step 985008: -1
Level 1, episode reward at step 987006: -1
Level 1, episode reward at step 989004: -1
Level 1, episode reward at step 989805: -1
Level 1, episode reward at step 990140: -1
Level 1, episode reward at step 991697: -1
Level 1, episode reward at step 992264: -1
Level 1, episode reward at step 992334: -1
Level 1, episode reward at step 992416: -1
Level 1, episode reward at step 992483: -1
Level 1, episode reward at step 992923: -1
Level 1, episode reward at step 994921: -1
Level 1, episode reward at step 996919: -1
Level 1, episode reward at step 997655: -1
Level 1, episode reward at step 998326: -1
Level 1, episode reward at step 998407: -1
Done training ALL!
