variant_plaqueattack_3
/n/home13/kevinwu/.conda/envs/pt27/lib/python2.7/site-packages/skimage/transform/_warps.py:105: UserWarning: The default mode, 'constant', will be changed to 'reflect' in skimage 0.15.
  warn("The default mode, 'constant', will be changed to 'reflect' in "
/n/home13/kevinwu/.conda/envs/pt27/lib/python2.7/site-packages/skimage/transform/_warps.py:110: UserWarning: Anti-aliasing will be enabled by default in skimage 0.15 to avoid aliasing artifacts when down-sampling images.
  warn("Anti-aliasing will be enabled by default in skimage 0.15 to "
Namespace(batch_size=32, criteria='1/1', cuda=1, doubleq=1, eps_decay=200.0, eps_end=0.1, eps_start=1, game_name='variant_plaqueattack_3', gamma=0.999, img_size=64, level_switch='sequential', lr=0.00025, max_mem=50000, max_steps=1000000.0, model_name='DQN', model_weight_path=None, num_episodes=20000, num_trials=1, pretrain=0, random_seed=7, target_update=100, test_mode=0, timeout=2000, trial_num='1')
Game: variant_plaqueattack_3
variant_plaqueattack_3
Training at seed = 1
Training Starting
-------------------------
Level 0, episode reward at step 255: -13
Level 0, episode reward at step 276: -1
Level 0, episode reward at step 474: -2
Next Level!
Level 1, episode reward at step 651: -4
Level 1, episode reward at step 676: -1
Level 1, episode reward at step 1053: -13
Level 1, episode reward at step 1074: -1
Level 1, episode reward at step 1095: -1
Level 1, episode reward at step 1184: -1
Level 1, episode reward at step 1193: -1
Level 1, episode reward at step 1220: -1
Level 1, episode reward at step 1229: -1
Level 1, episode reward at step 1254: -1
Level 1, episode reward at step 1265: -1
Level 1, episode reward at step 1295: -1
Level 1, episode reward at step 1384: -1
Level 1, episode reward at step 1473: -1
Level 1, episode reward at step 1588: -1
Level 1, episode reward at step 1685: -1
Level 1, episode reward at step 1700: -1
New Best Reward: -1
Level 1, episode reward at step 1709: -1
Level 1, episode reward at step 1724: -1
Level 1, episode reward at step 1991: -4
Level 1, episode reward at step 2012: -1
Level 1, episode reward at step 2019: -1
Level 1, episode reward at step 2196: -1
Level 1, episode reward at step 2229: -1
Level 1, episode reward at step 2408: -1
Level 1, episode reward at step 2425: -1
Level 1, episode reward at step 2748: -13
Level 1, episode reward at step 2755: -1
Level 1, episode reward at step 2788: -1
Level 1, episode reward at step 2887: -1
Level 1, episode reward at step 2894: -1
Level 1, episode reward at step 2914: -1
Level 1, episode reward at step 2919: -1
Level 1, episode reward at step 2924: -1
Level 1, episode reward at step 2934: -1
Level 1, episode reward at step 2939: -1
Level 1, episode reward at step 2944: -1
Level 1, episode reward at step 2955: -1
Level 1, episode reward at step 3158: -4
Level 1, episode reward at step 3167: -1
Level 1, episode reward at step 3205: -1
Level 1, episode reward at step 3224: -1
Level 1, episode reward at step 3337: -1
Level 1, episode reward at step 3410: -1
Level 1, episode reward at step 3443: -1
Level 1, episode reward at step 3716: -10
Level 1, episode reward at step 3733: -1
Level 1, episode reward at step 3861: -1
Level 1, episode reward at step 3892: -1
Level 1, episode reward at step 4183: -10
Level 1, episode reward at step 4186: -1
Level 1, episode reward at step 4189: -1
Level 1, episode reward at step 4374: -4
Level 1, episode reward at step 4379: -1
Level 1, episode reward at step 4384: -1
Level 1, episode reward at step 4389: -1
Level 1, episode reward at step 4394: -1
Level 1, episode reward at step 4491: -1
Level 1, episode reward at step 4588: -1
Level 1, episode reward at step 4963: -13
Level 1, episode reward at step 5002: -1
Level 1, episode reward at step 5090: -1
Level 1, episode reward at step 5177: -1
Level 1, episode reward at step 5212: -1
Level 1, episode reward at step 5217: -1
Level 1, episode reward at step 5222: -1
Level 1, episode reward at step 5231: -1
Level 1, episode reward at step 5236: -1
Level 1, episode reward at step 5241: -1
Level 1, episode reward at step 5426: -4
Level 1, episode reward at step 5771: -13
Level 1, episode reward at step 5863: -1
Level 1, episode reward at step 5878: -1
Level 1, episode reward at step 5975: -1
Level 1, episode reward at step 5997: -1
Level 1, episode reward at step 6022: -1
Level 1, episode reward at step 6427: -13
Level 1, episode reward at step 6540: -1
Level 1, episode reward at step 6547: -1
Level 1, episode reward at step 6556: -1
Level 1, episode reward at step 6583: 1
Level 1, episode reward at step 6618: -1
Level 1, episode reward at step 6631: -1
Level 1, episode reward at step 6642: -1
Level 1, episode reward at step 6673: -1
Level 1, episode reward at step 6962: -8
Level 1, episode reward at step 6973: -1
Level 1, episode reward at step 7086: -1
Level 1, episode reward at step 7517: -9
Level 1, episode reward at step 7530: -1
Level 1, episode reward at step 7731: -4
Level 1, episode reward at step 8174: -13
Level 1, episode reward at step 8189: -1
Level 1, episode reward at step 8498: -13
Level 1, episode reward at step 8785: -4
Level 1, episode reward at step 8797: -1
Level 1, episode reward at step 8834: -1
Level 1, episode reward at step 8849: -1
Level 1, episode reward at step 8876: -1
Level 1, episode reward at step 8901: -1
Level 1, episode reward at step 8912: -1
Level 1, episode reward at step 8923: -1
Level 1, episode reward at step 8948: -1
Level 1, episode reward at step 9237: -2
Level 1, episode reward at step 9257: -1
Level 1, episode reward at step 9282: -1
Level 1, episode reward at step 9495: -4
Level 1, episode reward at step 9592: -1
Level 1, episode reward at step 9619: -1
Level 1, episode reward at step 9626: -1
Level 1, episode reward at step 9633: -1
Level 1, episode reward at step 9652: -1
Level 1, episode reward at step 9767: -1
Level 1, episode reward at step 9784: -1
Level 1, episode reward at step 9815: -1
Level 1, episode reward at step 9833: -1
Level 1, episode reward at step 9862: -1
Level 1, episode reward at step 10203: -13
Level 1, episode reward at step 10238: -1
Level 1, episode reward at step 10353: -1
Level 1, episode reward at step 10372: -1
Level 1, episode reward at step 10385: -1
Level 1, episode reward at step 10672: -5
Level 1, episode reward at step 10873: -4
Level 1, episode reward at step 11058: -1
Level 1, episode reward at step 11235: -1
Level 1, episode reward at step 11266: -1
Level 1, episode reward at step 11715: -13
Level 1, episode reward at step 11718: -1
Level 1, episode reward at step 11807: -1
Level 1, episode reward at step 11836: -1
Level 1, episode reward at step 11847: -1
Level 1, episode reward at step 11860: -1
Level 1, episode reward at step 12125: -10
Level 1, episode reward at step 12140: -1
Level 1, episode reward at step 12253: -1
Level 1, episode reward at step 12350: -1
Level 1, episode reward at step 12527: -4
Level 1, episode reward at step 12543: -1
Level 1, episode reward at step 12630: -1
Level 1, episode reward at step 13103: -11
Level 1, episode reward at step 13128: -1
Level 1, episode reward at step 13241: -1
Level 1, episode reward at step 13256: -1
Level 1, episode reward at step 13265: -1
Level 1, episode reward at step 13378: -1
Level 1, episode reward at step 13579: -4
Level 1, episode reward at step 13598: -1
Level 1, episode reward at step 13615: -1
Level 1, episode reward at step 13638: -1
Level 1, episode reward at step 13749: -1
Level 1, episode reward at step 13862: -1
Level 1, episode reward at step 13901: -1
Level 1, episode reward at step 14288: -13
Level 1, episode reward at step 14489: -4
Level 1, episode reward at step 14782: 0
Level 1, episode reward at step 14798: -1
Level 1, episode reward at step 14827: -1
Level 1, episode reward at step 15012: -4
Level 1, episode reward at step 15391: -11
Level 1, episode reward at step 15404: -1
Level 1, episode reward at step 15421: -1
Level 1, episode reward at step 15510: -1
Level 1, episode reward at step 15695: -1
Level 1, episode reward at step 16086: -3
Level 1, episode reward at step 16103: -1
Level 1, episode reward at step 16120: -1
Level 1, episode reward at step 16131: -1
Level 1, episode reward at step 16152: -1
Level 1, episode reward at step 16265: -1
Level 1, episode reward at step 16354: -1
Level 1, episode reward at step 16385: -1
Level 1, episode reward at step 16598: -1
Level 1, episode reward at step 16687: -1
Level 1, episode reward at step 16802: -1
Level 1, episode reward at step 16823: -1
Level 1, episode reward at step 16841: -1
Level 1, episode reward at step 16866: -1
Level 1, episode reward at step 16887: -1
Level 1, episode reward at step 16904: -1
Level 1, episode reward at step 16920: -1
Level 1, episode reward at step 16935: -1
Level 1, episode reward at step 16948: -1
Level 1, episode reward at step 16968: -1
Level 1, episode reward at step 17295: -13
Level 1, episode reward at step 17496: -4
Level 1, episode reward at step 17863: -13
Level 1, episode reward at step 17886: -1
Level 1, episode reward at step 17893: -1
Level 1, episode reward at step 17918: -1
Level 1, episode reward at step 18031: -1
Level 1, episode reward at step 18126: -1
Level 1, episode reward at step 18143: -1
Level 1, episode reward at step 18158: -1
Level 1, episode reward at step 18169: -1
Level 1, episode reward at step 18530: -13
Level 1, episode reward at step 18547: -1
Level 1, episode reward at step 18563: -1
Level 1, episode reward at step 18676: -1
Level 1, episode reward at step 18789: -1
Level 1, episode reward at step 18832: -1
Level 1, episode reward at step 18869: -1
Level 1, episode reward at step 18903: -1
Level 1, episode reward at step 18943: -1
Level 1, episode reward at step 18978: -1
Level 1, episode reward at step 18992: -1
Level 1, episode reward at step 19007: -1
Level 1, episode reward at step 19034: -1
Level 1, episode reward at step 19055: -1
Level 1, episode reward at step 19180: -1
Level 1, episode reward at step 19211: -1
Level 1, episode reward at step 19324: -1
Level 1, episode reward at step 19425: -1
Level 1, episode reward at step 19538: -1
Level 1, episode reward at step 19572: -1
Level 1, episode reward at step 19581: -1
Level 1, episode reward at step 19602: -1
Level 1, episode reward at step 20069: -9
Level 1, episode reward at step 20080: -1
Level 1, episode reward at step 20177: -1
Level 1, episode reward at step 20214: -1
Level 1, episode reward at step 20235: -1
Level 1, episode reward at step 20254: -1
Level 1, episode reward at step 20343: 1
Level 1, episode reward at step 20364: -1
Level 1, episode reward at step 20387: -1
Level 1, episode reward at step 20512: -1
Level 1, episode reward at step 20545: -1
Level 1, episode reward at step 20746: -2
Level 1, episode reward at step 20859: -1
Level 1, episode reward at step 20876: -1
Level 1, episode reward at step 21165: -7
Level 1, episode reward at step 21454: -4
Level 1, episode reward at step 21567: -1
Level 1, episode reward at step 21586: -1
Level 1, episode reward at step 21683: -1
Level 1, episode reward at step 21708: -1
Level 1, episode reward at step 21821: -1
Level 1, episode reward at step 21918: -1
Level 1, episode reward at step 21941: -1
Level 1, episode reward at step 22030: -1
Level 1, episode reward at step 22435: -11
Level 1, episode reward at step 22470: -1
Level 1, episode reward at step 22483: -1
Level 1, episode reward at step 22748: 2
Level 1, episode reward at step 22759: -1
Level 1, episode reward at step 22772: -1
Level 1, episode reward at step 22883: -1
Level 1, episode reward at step 22896: -1
Level 1, episode reward at step 23273: -7
Level 1, episode reward at step 23474: -1
Level 1, episode reward at step 23589: -1
Level 1, episode reward at step 23594: -1
Level 1, episode reward at step 23605: -1
Level 1, episode reward at step 23718: -1
Level 1, episode reward at step 24183: -2
Level 1, episode reward at step 24220: -1
Level 1, episode reward at step 24331: -1
Level 1, episode reward at step 24350: -1
Level 1, episode reward at step 24384: -1
Level 1, episode reward at step 24509: -1
Level 1, episode reward at step 24610: -1
Level 1, episode reward at step 24616: -1
Level 1, episode reward at step 25079: -7
slurmstepd: error: *** JOB 59641278 ON aagk80gpu32 CANCELLED AT 2018-11-16T11:56:31 ***
