/n/home13/kevinwu/.conda/envs/pt27/lib/python2.7/site-packages/skimage/transform/_warps.py:105: UserWarning: The default mode, 'constant', will be changed to 'reflect' in skimage 0.15.
  warn("The default mode, 'constant', will be changed to 'reflect' in "
/n/home13/kevinwu/.conda/envs/pt27/lib/python2.7/site-packages/skimage/transform/_warps.py:110: UserWarning: Anti-aliasing will be enabled by default in skimage 0.15 to avoid aliasing artifacts when down-sampling images.
  warn("Anti-aliasing will be enabled by default in skimage 0.15 to "
Namespace(batch_size=32, criteria='1/1', cuda=1, doubleq=1, eps_decay=200.0, eps_end=0.1, eps_start=1, game_name='variant_expt_preconditions_2', gamma=0.999, img_size=64, level_switch='sequential', lr=0.00025, max_mem=50000, max_steps=1000000.0, model_name='DQN', model_weight_path=None, num_episodes=20000, num_trials=1, pretrain=0, random_seed=7, target_update=100, test_mode=0, timeout=2000, trial_num='1')
Game: variant_expt_preconditions_2
variant_expt_preconditions_2
Training at seed = 1
Training Starting
-------------------------
Level 0, episode reward at step 1998: -1
Level 0, episode reward at step 3996: -1
Level 0, episode reward at step 5260: 1
Next Level!
Level 1, episode reward at step 5341: -1
Level 1, episode reward at step 7339: -1
Level 1, episode reward at step 9337: -1
Level 1, episode reward at step 11335: -1
Level 1, episode reward at step 11484: -1
Level 1, episode reward at step 11550: -1
Level 1, episode reward at step 11613: -1
Level 1, episode reward at step 11662: -1
Level 1, episode reward at step 11776: -1
Level 1, episode reward at step 11850: -1
Level 1, episode reward at step 12114: -1
Level 1, episode reward at step 12234: -1
Level 1, episode reward at step 14232: -1
Level 1, episode reward at step 15141: -1
Level 1, episode reward at step 15202: -1
Level 1, episode reward at step 15262: -1
Level 1, episode reward at step 15395: -1
Level 1, episode reward at step 15659: -1
Level 1, episode reward at step 15775: -1
Level 1, episode reward at step 15784: -1
Level 1, episode reward at step 15923: -1
Level 1, episode reward at step 17921: -1
Level 1, episode reward at step 18079: -1
Level 1, episode reward at step 18148: -1
Level 1, episode reward at step 18204: -1
Level 1, episode reward at step 20202: -1
Level 1, episode reward at step 20207: -1
Level 1, episode reward at step 20285: -1
Level 1, episode reward at step 20516: -1
Level 1, episode reward at step 21842: -1
Level 1, episode reward at step 21976: -1
Level 1, episode reward at step 21998: -1
Level 1, episode reward at step 22017: -1
Level 1, episode reward at step 22034: -1
Level 1, episode reward at step 22053: -1
Level 1, episode reward at step 23403: -1
Level 1, episode reward at step 23558: -1
Level 1, episode reward at step 25556: -1
Level 1, episode reward at step 25692: -1
Level 1, episode reward at step 26707: -1
Level 1, episode reward at step 26824: -1
Level 1, episode reward at step 26899: -1
Level 1, episode reward at step 26904: -1
Level 1, episode reward at step 26921: -1
Level 1, episode reward at step 26926: -1
Level 1, episode reward at step 26931: -1
Level 1, episode reward at step 26936: -1
Level 1, episode reward at step 26942: -1
Level 1, episode reward at step 26969: -1
Level 1, episode reward at step 26974: -1
Level 1, episode reward at step 26979: -1
Level 1, episode reward at step 26984: -1
Level 1, episode reward at step 26989: -1
Level 1, episode reward at step 26994: -1
Level 1, episode reward at step 26999: -1
Level 1, episode reward at step 27004: -1
Level 1, episode reward at step 27232: -1
Level 1, episode reward at step 27305: -1
Level 1, episode reward at step 27330: -1
Level 1, episode reward at step 27366: -1
Level 1, episode reward at step 27501: -1
Level 1, episode reward at step 27638: -1
Level 1, episode reward at step 27694: -1
Level 1, episode reward at step 27911: -1
Level 1, episode reward at step 28368: -1
Level 1, episode reward at step 28386: -1
Level 1, episode reward at step 28478: -1
Level 1, episode reward at step 28836: -1
Level 1, episode reward at step 30834: -1
Level 1, episode reward at step 32832: -1
Level 1, episode reward at step 32888: -1
Level 1, episode reward at step 32963: -1
Level 1, episode reward at step 33054: -1
Level 1, episode reward at step 33236: -1
Level 1, episode reward at step 33963: -1
Level 1, episode reward at step 34057: -1
Level 1, episode reward at step 34088: -1
Level 1, episode reward at step 34133: -1
Level 1, episode reward at step 34201: -1
Level 1, episode reward at step 34288: -1
Level 1, episode reward at step 34380: -1
Level 1, episode reward at step 34641: -1
Level 1, episode reward at step 36639: -1
Level 1, episode reward at step 38637: -1
Level 1, episode reward at step 38733: -1
Level 1, episode reward at step 40731: -1
Level 1, episode reward at step 42729: -1
Level 1, episode reward at step 44727: -1
Level 1, episode reward at step 46725: -1
Level 1, episode reward at step 47120: -1
Level 1, episode reward at step 47193: -1
Level 1, episode reward at step 49191: -1
Level 1, episode reward at step 49298: -1
Level 1, episode reward at step 49437: -1
Level 1, episode reward at step 51435: -1
Level 1, episode reward at step 51616: -1
Level 1, episode reward at step 52053: -1
Level 1, episode reward at step 52417: -1
Level 1, episode reward at step 54415: -1
Level 1, episode reward at step 56413: -1
Level 1, episode reward at step 58411: -1
Level 1, episode reward at step 60409: -1
Level 1, episode reward at step 62407: -1
Level 1, episode reward at step 64405: -1
Level 1, episode reward at step 66403: -1
Level 1, episode reward at step 68401: -1
Level 1, episode reward at step 68411: -1
Level 1, episode reward at step 68420: -1
Level 1, episode reward at step 68430: -1
Level 1, episode reward at step 68444: -1
Level 1, episode reward at step 68493: -1
Level 1, episode reward at step 68551: -1
Level 1, episode reward at step 70549: -1
Level 1, episode reward at step 70646: -1
Level 1, episode reward at step 70697: -1
Level 1, episode reward at step 70750: -1
Level 1, episode reward at step 70864: -1
Level 1, episode reward at step 70983: -1
Level 1, episode reward at step 71068: -1
Level 1, episode reward at step 71075: -1
Level 1, episode reward at step 71084: -1
Level 1, episode reward at step 71093: -1
Level 1, episode reward at step 71101: -1
Level 1, episode reward at step 71108: -1
Level 1, episode reward at step 71137: -1
Level 1, episode reward at step 71227: -1
Level 1, episode reward at step 71326: -1
Level 1, episode reward at step 71492: -1
Level 1, episode reward at step 73490: -1
Level 1, episode reward at step 75488: -1
Level 1, episode reward at step 75573: -1
Level 1, episode reward at step 75700: -1
New Best Reward: -1
Level 1, episode reward at step 75745: -1
Level 1, episode reward at step 75790: -1
Level 1, episode reward at step 75844: -1
Level 1, episode reward at step 75997: -1
Level 1, episode reward at step 76502: -1
Level 1, episode reward at step 76541: -1
Level 1, episode reward at step 76557: -1
Level 1, episode reward at step 76591: -1
Level 1, episode reward at step 76913: -1
Level 1, episode reward at step 76940: -1
Level 1, episode reward at step 78192: -1
Level 1, episode reward at step 78313: -1
Level 1, episode reward at step 80311: -1
Level 1, episode reward at step 80737: -1
Level 1, episode reward at step 80787: -1
Level 1, episode reward at step 80850: -1
Level 1, episode reward at step 80965: -1
Level 1, episode reward at step 82963: -1
Level 1, episode reward at step 84961: -1
Level 1, episode reward at step 86959: -1
Level 1, episode reward at step 88957: -1
Level 1, episode reward at step 90955: -1
Level 1, episode reward at step 91111: -1
Level 1, episode reward at step 91206: -1
Level 1, episode reward at step 93204: -1
Level 1, episode reward at step 93273: -1
Level 1, episode reward at step 93349: -1
Level 1, episode reward at step 93394: -1
Level 1, episode reward at step 93429: -1
Level 1, episode reward at step 93462: -1
Level 1, episode reward at step 93489: -1
Level 1, episode reward at step 93513: -1
Level 1, episode reward at step 93529: -1
Level 1, episode reward at step 93611: -1
Level 1, episode reward at step 95609: -1
Level 1, episode reward at step 97607: -1
Level 1, episode reward at step 99605: -1
Level 1, episode reward at step 101603: -1
Level 1, episode reward at step 103601: -1
Level 1, episode reward at step 103653: -1
Level 1, episode reward at step 103721: -1
Level 1, episode reward at step 103788: -1
Level 1, episode reward at step 105786: -1
Level 1, episode reward at step 105843: -1
Level 1, episode reward at step 105925: -1
Level 1, episode reward at step 105998: -1
Level 1, episode reward at step 106092: -1
Level 1, episode reward at step 106202: -1
Level 1, episode reward at step 106260: -1
Level 1, episode reward at step 106286: -1
Level 1, episode reward at step 106383: -1
Level 1, episode reward at step 106436: -1
Level 1, episode reward at step 106507: -1
Level 1, episode reward at step 106560: -1
Level 1, episode reward at step 106665: -1
Level 1, episode reward at step 106737: -1
Level 1, episode reward at step 106832: -1
Level 1, episode reward at step 106886: -1
Level 1, episode reward at step 106971: -1
Level 1, episode reward at step 107142: -1
Level 1, episode reward at step 107537: -1
Level 1, episode reward at step 107657: -1
Level 1, episode reward at step 107742: -1
Level 1, episode reward at step 107804: -1
Level 1, episode reward at step 107960: -1
Level 1, episode reward at step 109958: -1
Level 1, episode reward at step 111956: -1
Level 1, episode reward at step 113954: -1
Level 1, episode reward at step 115952: -1
Level 1, episode reward at step 116679: -1
Level 1, episode reward at step 118677: -1
Level 1, episode reward at step 120675: -1
Level 1, episode reward at step 120749: -1
Level 1, episode reward at step 122747: -1
Level 1, episode reward at step 124745: -1
Level 1, episode reward at step 126743: -1
Level 1, episode reward at step 126782: -1
Level 1, episode reward at step 126862: -1
Level 1, episode reward at step 126984: -1
Level 1, episode reward at step 127226: -1
Level 1, episode reward at step 127355: -1
Level 1, episode reward at step 127493: -1
Level 1, episode reward at step 127543: -1
Level 1, episode reward at step 127622: -1
Level 1, episode reward at step 129620: -1
Level 1, episode reward at step 131618: -1
Level 1, episode reward at step 132929: -1
Level 1, episode reward at step 133294: -1
Level 1, episode reward at step 135292: -1
Level 1, episode reward at step 135429: -1
Level 1, episode reward at step 135783: -1
Level 1, episode reward at step 137437: -1
Level 1, episode reward at step 137535: -1
Level 1, episode reward at step 137568: -1
Level 1, episode reward at step 137732: -1
Level 1, episode reward at step 137793: -1
Level 1, episode reward at step 137986: -1
Level 1, episode reward at step 138070: -1
Level 1, episode reward at step 138152: -1
Level 1, episode reward at step 138291: -1
Level 1, episode reward at step 138402: -1
Level 1, episode reward at step 138507: -1
Level 1, episode reward at step 138574: -1
Level 1, episode reward at step 138618: -1
Level 1, episode reward at step 138654: -1
Level 1, episode reward at step 138705: -1
Level 1, episode reward at step 138806: -1
Level 1, episode reward at step 138893: -1
Level 1, episode reward at step 138986: -1
Level 1, episode reward at step 139115: -1
Level 1, episode reward at step 139247: -1
Level 1, episode reward at step 139337: -1
Level 1, episode reward at step 139515: -1
Level 1, episode reward at step 139584: -1
Level 1, episode reward at step 140112: -1
Level 1, episode reward at step 140202: -1
Level 1, episode reward at step 140319: -1
Level 1, episode reward at step 140389: -1
Level 1, episode reward at step 140663: -1
Level 1, episode reward at step 140763: -1
Level 1, episode reward at step 140810: -1
Level 1, episode reward at step 140914: -1
Level 1, episode reward at step 140979: -1
Level 1, episode reward at step 141033: -1
Level 1, episode reward at step 141087: -1
Level 1, episode reward at step 141162: -1
Level 1, episode reward at step 141190: -1
Level 1, episode reward at step 143188: -1
Level 1, episode reward at step 143261: -1
Level 1, episode reward at step 143350: -1
Level 1, episode reward at step 143383: -1
Level 1, episode reward at step 143432: -1
Level 1, episode reward at step 143471: -1
Level 1, episode reward at step 145469: -1
Level 1, episode reward at step 146351: -1
Level 1, episode reward at step 146538: -1
Level 1, episode reward at step 146583: -1
Level 1, episode reward at step 146725: -1
Level 1, episode reward at step 146813: -1
Level 1, episode reward at step 146947: -1
Level 1, episode reward at step 147008: -1
Level 1, episode reward at step 147114: -1
Level 1, episode reward at step 147152: -1
Level 1, episode reward at step 147206: -1
Level 1, episode reward at step 147254: -1
Level 1, episode reward at step 149252: -1
Level 1, episode reward at step 151250: -1
Level 1, episode reward at step 151556: -1
Level 1, episode reward at step 152359: -1
Level 1, episode reward at step 154357: -1
Level 1, episode reward at step 156355: -1
Level 1, episode reward at step 156674: -1
Level 1, episode reward at step 156692: -1
Level 1, episode reward at step 156739: -1
Level 1, episode reward at step 157393: -1
Level 1, episode reward at step 157489: -1
Level 1, episode reward at step 159487: -1
Level 1, episode reward at step 161485: -1
Level 1, episode reward at step 163483: -1
Level 1, episode reward at step 165481: -1
Level 1, episode reward at step 165532: -1
Level 1, episode reward at step 165547: -1
Level 1, episode reward at step 166176: -1
Level 1, episode reward at step 166254: -1
Level 1, episode reward at step 166432: -1
Level 1, episode reward at step 166489: -1
Level 1, episode reward at step 166585: -1
Level 1, episode reward at step 166627: -1
Level 1, episode reward at step 166701: -1
Level 1, episode reward at step 166750: -1
Level 1, episode reward at step 166799: -1
Level 1, episode reward at step 166843: -1
Level 1, episode reward at step 168841: -1
Level 1, episode reward at step 169110: -1
Level 1, episode reward at step 169116: -1
Level 1, episode reward at step 169121: -1
Level 1, episode reward at step 169126: -1
Level 1, episode reward at step 169131: -1
Level 1, episode reward at step 170081: -1
Level 1, episode reward at step 170095: -1
Level 1, episode reward at step 170100: -1
New Best Reward: -1
Level 1, episode reward at step 170105: -1
Level 1, episode reward at step 170110: -1
Level 1, episode reward at step 170115: -1
Level 1, episode reward at step 170120: -1
Level 1, episode reward at step 170125: -1
Level 1, episode reward at step 170131: -1
Level 1, episode reward at step 170136: -1
Level 1, episode reward at step 170141: -1
Level 1, episode reward at step 170146: -1
Level 1, episode reward at step 170151: -1
Level 1, episode reward at step 170156: -1
Level 1, episode reward at step 170162: -1
Level 1, episode reward at step 170180: -1
Level 1, episode reward at step 170185: -1
Level 1, episode reward at step 172183: -1
Level 1, episode reward at step 172681: -1
Level 1, episode reward at step 172879: -1
Level 1, episode reward at step 172970: -1
Level 1, episode reward at step 173646: -1
Level 1, episode reward at step 175644: -1
Level 1, episode reward at step 177642: -1
Level 1, episode reward at step 177732: -1
Level 1, episode reward at step 177849: -1
Level 1, episode reward at step 177875: -1
Level 1, episode reward at step 177889: -1
Level 1, episode reward at step 177923: -1
Level 1, episode reward at step 177934: -1
Level 1, episode reward at step 177975: -1
Level 1, episode reward at step 178031: -1
Level 1, episode reward at step 178096: -1
Level 1, episode reward at step 178122: -1
Level 1, episode reward at step 178159: -1
Level 1, episode reward at step 178232: -1
Level 1, episode reward at step 178316: -1
Level 1, episode reward at step 178443: -1
Level 1, episode reward at step 178960: -1
Level 1, episode reward at step 180958: -1
Level 1, episode reward at step 181015: -1
Level 1, episode reward at step 181122: -1
Level 1, episode reward at step 181154: -1
Level 1, episode reward at step 181189: -1
Level 1, episode reward at step 181236: -1
Level 1, episode reward at step 181303: -1
Level 1, episode reward at step 181399: -1
Level 1, episode reward at step 181497: -1
Level 1, episode reward at step 181550: -1
Level 1, episode reward at step 181616: -1
Level 1, episode reward at step 181650: -1
Level 1, episode reward at step 181684: -1
Level 1, episode reward at step 181818: -1
Level 1, episode reward at step 181881: -1
Level 1, episode reward at step 181909: -1
Level 1, episode reward at step 181968: -1
Level 1, episode reward at step 182029: -1
Level 1, episode reward at step 182147: -1
Level 1, episode reward at step 182240: -1
Level 1, episode reward at step 182348: -1
Level 1, episode reward at step 182392: -1
Level 1, episode reward at step 182520: -1
Level 1, episode reward at step 182560: -1
Level 1, episode reward at step 182711: -1
Level 1, episode reward at step 182754: -1
Level 1, episode reward at step 182791: -1
Level 1, episode reward at step 182941: -1
Level 1, episode reward at step 183140: -1
Level 1, episode reward at step 183170: -1
Level 1, episode reward at step 183296: -1
Level 1, episode reward at step 183409: -1
Level 1, episode reward at step 183464: -1
Level 1, episode reward at step 183591: -1
Level 1, episode reward at step 183711: -1
Level 1, episode reward at step 183748: -1
Level 1, episode reward at step 183857: -1
Level 1, episode reward at step 185855: -1
Level 1, episode reward at step 187853: -1
Level 1, episode reward at step 189851: -1
Level 1, episode reward at step 191849: -1
Level 1, episode reward at step 193847: -1
Level 1, episode reward at step 195845: -1
Level 1, episode reward at step 195877: -1
Level 1, episode reward at step 195882: -1
Level 1, episode reward at step 195899: -1
Level 1, episode reward at step 195907: -1
Level 1, episode reward at step 195989: -1
Level 1, episode reward at step 196098: -1
Level 1, episode reward at step 196196: -1
Level 1, episode reward at step 198194: -1
Level 1, episode reward at step 200192: -1
Level 1, episode reward at step 200459: -1
Level 1, episode reward at step 202457: -1
Level 1, episode reward at step 204455: -1
Level 1, episode reward at step 206453: -1
Level 1, episode reward at step 208451: -1
Level 1, episode reward at step 208630: -1
Level 1, episode reward at step 209776: -1
Level 1, episode reward at step 211774: -1
Level 1, episode reward at step 213772: -1
Level 1, episode reward at step 213805: -1
Level 1, episode reward at step 213873: -1
Level 1, episode reward at step 213921: -1
Level 1, episode reward at step 213937: -1
Level 1, episode reward at step 213952: -1
Level 1, episode reward at step 215950: -1
Level 1, episode reward at step 216114: -1
Level 1, episode reward at step 218112: -1
Level 1, episode reward at step 218231: -1
Level 1, episode reward at step 218246: -1
Level 1, episode reward at step 218259: -1
Level 1, episode reward at step 218264: -1
Level 1, episode reward at step 218323: -1
Level 1, episode reward at step 218335: -1
Level 1, episode reward at step 218343: -1
Level 1, episode reward at step 218440: -1
Level 1, episode reward at step 218494: -1
Level 1, episode reward at step 218517: -1
Level 1, episode reward at step 218572: -1
Level 1, episode reward at step 218577: -1
Level 1, episode reward at step 218582: -1
Level 1, episode reward at step 218587: -1
Level 1, episode reward at step 218592: -1
Level 1, episode reward at step 218597: -1
Level 1, episode reward at step 218602: -1
Level 1, episode reward at step 218607: -1
Level 1, episode reward at step 218616: -1
Level 1, episode reward at step 218631: -1
Level 1, episode reward at step 218636: -1
Level 1, episode reward at step 218641: -1
Level 1, episode reward at step 218646: -1
Level 1, episode reward at step 218651: -1
Level 1, episode reward at step 218667: -1
Level 1, episode reward at step 218672: -1
Level 1, episode reward at step 218679: -1
Level 1, episode reward at step 218684: -1
Level 1, episode reward at step 218689: -1
Level 1, episode reward at step 218694: -1
Level 1, episode reward at step 220692: -1
Level 1, episode reward at step 222690: -1
Level 1, episode reward at step 222733: -1
Level 1, episode reward at step 222754: -1
Level 1, episode reward at step 222823: -1
Level 1, episode reward at step 222891: -1
Level 1, episode reward at step 222962: -1
Level 1, episode reward at step 223020: -1
Level 1, episode reward at step 223077: -1
Level 1, episode reward at step 223190: -1
Level 1, episode reward at step 223259: -1
Level 1, episode reward at step 225257: -1
Level 1, episode reward at step 227255: -1
Level 1, episode reward at step 229253: -1
Level 1, episode reward at step 231251: -1
Level 1, episode reward at step 231532: -1
Level 1, episode reward at step 231552: -1
Level 1, episode reward at step 232039: -1
Level 1, episode reward at step 232066: -1
Level 1, episode reward at step 232084: -1
Level 1, episode reward at step 232120: -1
Level 1, episode reward at step 232222: -1
Level 1, episode reward at step 232385: -1
Level 1, episode reward at step 232452: -1
Level 1, episode reward at step 232926: -1
Level 1, episode reward at step 233007: -1
Level 1, episode reward at step 233402: -1
Level 1, episode reward at step 235400: -1
New Best Reward: -1
Level 1, episode reward at step 237398: -1
Level 1, episode reward at step 239396: -1
Level 1, episode reward at step 241394: -1
Level 1, episode reward at step 243392: -1
Level 1, episode reward at step 245390: -1
Level 1, episode reward at step 247388: -1
Level 1, episode reward at step 249386: -1
Level 1, episode reward at step 251384: -1
Level 1, episode reward at step 251399: -1
Level 1, episode reward at step 251493: -1
Level 1, episode reward at step 251519: -1
Level 1, episode reward at step 251535: -1
Level 1, episode reward at step 251582: -1
Level 1, episode reward at step 251592: -1
Level 1, episode reward at step 253590: -1
Level 1, episode reward at step 255588: -1
Level 1, episode reward at step 257586: -1
Level 1, episode reward at step 259584: -1
Level 1, episode reward at step 260574: -1
Level 1, episode reward at step 260583: -1
Level 1, episode reward at step 260588: -1
Level 1, episode reward at step 260633: -1
Level 1, episode reward at step 260638: -1
Level 1, episode reward at step 260644: -1
Level 1, episode reward at step 260649: -1
Level 1, episode reward at step 260654: -1
Level 1, episode reward at step 260659: -1
Level 1, episode reward at step 260795: -1
Level 1, episode reward at step 260800: -1
New Best Reward: -1
Level 1, episode reward at step 260820: -1
Level 1, episode reward at step 260883: -1
Level 1, episode reward at step 260983: -1
Level 1, episode reward at step 261033: -1
Level 1, episode reward at step 261186: -1
Level 1, episode reward at step 261191: -1
Level 1, episode reward at step 261196: -1
Level 1, episode reward at step 261202: -1
Level 1, episode reward at step 261274: -1
Level 1, episode reward at step 261279: -1
Level 1, episode reward at step 261284: -1
Level 1, episode reward at step 261289: -1
Level 1, episode reward at step 261313: -1
Level 1, episode reward at step 261318: -1
Level 1, episode reward at step 263316: -1
Level 1, episode reward at step 263384: -1
Level 1, episode reward at step 263499: -1
Level 1, episode reward at step 263558: -1
Level 1, episode reward at step 264245: -1
Level 1, episode reward at step 264333: -1
Level 1, episode reward at step 266331: -1
Level 1, episode reward at step 268329: -1
Level 1, episode reward at step 270327: -1
Level 1, episode reward at step 272325: -1
Level 1, episode reward at step 274323: -1
Level 1, episode reward at step 276321: -1
Level 1, episode reward at step 278319: -1
Level 1, episode reward at step 278348: -1
Level 1, episode reward at step 278424: -1
Level 1, episode reward at step 278481: -1
Level 1, episode reward at step 278591: -1
Level 1, episode reward at step 278647: -1
Level 1, episode reward at step 278732: -1
Level 1, episode reward at step 280730: -1
Level 1, episode reward at step 282728: -1
Level 1, episode reward at step 284726: -1
Level 1, episode reward at step 286724: -1
Level 1, episode reward at step 286734: -1
Level 1, episode reward at step 286740: -1
Level 1, episode reward at step 286807: -1
Level 1, episode reward at step 286826: -1
Level 1, episode reward at step 286871: -1
Level 1, episode reward at step 286916: -1
Level 1, episode reward at step 288914: -1
Level 1, episode reward at step 290912: -1
Level 1, episode reward at step 290974: -1
Level 1, episode reward at step 290979: -1
Level 1, episode reward at step 292977: -1
Level 1, episode reward at step 293014: -1
Level 1, episode reward at step 293039: -1
Level 1, episode reward at step 293044: -1
Level 1, episode reward at step 293049: -1
Level 1, episode reward at step 293062: -1
Level 1, episode reward at step 293067: -1
Level 1, episode reward at step 293074: -1
Level 1, episode reward at step 293079: -1
Level 1, episode reward at step 293084: -1
Level 1, episode reward at step 293089: -1
Level 1, episode reward at step 293094: -1
Level 1, episode reward at step 293099: -1
Level 1, episode reward at step 293104: -1
Level 1, episode reward at step 293137: -1
Level 1, episode reward at step 293142: -1
Level 1, episode reward at step 293168: -1
Level 1, episode reward at step 293213: -1
Level 1, episode reward at step 293220: -1
Level 1, episode reward at step 293225: -1
Level 1, episode reward at step 293230: -1
Level 1, episode reward at step 293261: -1
Level 1, episode reward at step 293429: -1
Level 1, episode reward at step 295427: -1
Level 1, episode reward at step 295462: -1
Level 1, episode reward at step 297460: -1
Level 1, episode reward at step 299458: -1
Level 1, episode reward at step 301456: -1
Level 1, episode reward at step 303454: -1
Level 1, episode reward at step 305452: -1
Level 1, episode reward at step 305661: -1
Level 1, episode reward at step 305709: -1
Level 1, episode reward at step 307707: -1
Level 1, episode reward at step 309705: -1
Level 1, episode reward at step 309756: -1
Level 1, episode reward at step 310212: -1
Level 1, episode reward at step 310383: -1
Level 1, episode reward at step 310389: -1
Level 1, episode reward at step 310422: -1
Level 1, episode reward at step 310481: -1
Level 1, episode reward at step 310667: -1
Level 1, episode reward at step 310761: -1
Level 1, episode reward at step 312759: -1
Level 1, episode reward at step 312827: -1
Level 1, episode reward at step 314825: -1
Level 1, episode reward at step 314960: -1
Level 1, episode reward at step 316958: -1
Level 1, episode reward at step 318956: -1
Level 1, episode reward at step 320954: -1
Level 1, episode reward at step 322952: -1
Level 1, episode reward at step 324950: -1
Level 1, episode reward at step 326948: -1
Level 1, episode reward at step 328946: -1
Level 1, episode reward at step 328984: -1
Level 1, episode reward at step 330982: -1
Level 1, episode reward at step 331128: -1
Level 1, episode reward at step 331134: -1
Level 1, episode reward at step 333132: -1
Level 1, episode reward at step 333179: -1
Level 1, episode reward at step 335177: -1
Level 1, episode reward at step 336964: -1
Level 1, episode reward at step 338962: -1
Level 1, episode reward at step 340960: -1
Level 1, episode reward at step 342958: -1
Level 1, episode reward at step 344956: -1
Level 1, episode reward at step 346954: -1
Level 1, episode reward at step 347059: -1
Level 1, episode reward at step 349057: -1
Level 1, episode reward at step 349093: -1
Level 1, episode reward at step 349102: -1
Level 1, episode reward at step 349119: -1
Level 1, episode reward at step 349127: -1
Level 1, episode reward at step 349166: -1
Level 1, episode reward at step 351164: -1
Level 1, episode reward at step 353162: -1
Level 1, episode reward at step 353183: -1
Level 1, episode reward at step 355181: -1
Level 1, episode reward at step 357179: -1
Level 1, episode reward at step 359177: -1
Level 1, episode reward at step 359238: -1
Level 1, episode reward at step 359243: -1
Level 1, episode reward at step 359248: -1
Level 1, episode reward at step 359253: -1
Level 1, episode reward at step 359258: -1
Level 1, episode reward at step 359263: -1
Level 1, episode reward at step 359268: -1
Level 1, episode reward at step 359273: -1
Level 1, episode reward at step 359303: -1
Level 1, episode reward at step 359332: -1
Level 1, episode reward at step 359337: -1
Level 1, episode reward at step 359342: -1
Level 1, episode reward at step 359347: -1
Level 1, episode reward at step 359352: -1
Level 1, episode reward at step 359357: -1
Level 1, episode reward at step 359365: -1
Level 1, episode reward at step 359371: -1
Level 1, episode reward at step 359376: -1
Level 1, episode reward at step 359381: -1
Level 1, episode reward at step 359386: -1
Level 1, episode reward at step 359391: -1
Level 1, episode reward at step 359478: -1
Level 1, episode reward at step 359483: -1
Level 1, episode reward at step 359489: -1
Level 1, episode reward at step 359494: -1
Level 1, episode reward at step 359506: -1
Level 1, episode reward at step 359639: -1
Level 1, episode reward at step 359650: -1
Level 1, episode reward at step 359655: -1
Level 1, episode reward at step 359660: -1
Level 1, episode reward at step 359934: -1
Level 1, episode reward at step 359939: -1
Level 1, episode reward at step 361937: -1
Level 1, episode reward at step 363935: -1
Level 1, episode reward at step 365933: -1
Level 1, episode reward at step 367931: -1
Level 1, episode reward at step 367979: -1
Level 1, episode reward at step 367992: -1
Level 1, episode reward at step 368120: -1
Level 1, episode reward at step 368218: -1
Level 1, episode reward at step 370216: -1
Level 1, episode reward at step 372172: -1
Level 1, episode reward at step 374170: -1
Level 1, episode reward at step 376168: -1
Level 1, episode reward at step 376220: -1
Level 1, episode reward at step 376242: -1
Level 1, episode reward at step 376268: -1
Level 1, episode reward at step 378266: -1
Level 1, episode reward at step 380264: -1
Level 1, episode reward at step 380395: -1
Level 1, episode reward at step 380566: -1
Level 1, episode reward at step 382564: -1
Level 1, episode reward at step 384562: -1
Level 1, episode reward at step 386560: -1
Level 1, episode reward at step 388558: -1
Level 1, episode reward at step 390556: -1
Level 1, episode reward at step 392554: -1
Level 1, episode reward at step 392630: -1
Level 1, episode reward at step 392727: -1
Level 1, episode reward at step 392857: -1
Level 1, episode reward at step 392922: -1
Level 1, episode reward at step 394920: -1
Level 1, episode reward at step 395240: -1
Level 1, episode reward at step 397238: -1
Level 1, episode reward at step 397836: -1
Level 1, episode reward at step 399834: -1
Level 1, episode reward at step 399846: -1
Level 1, episode reward at step 399851: -1
Level 1, episode reward at step 399868: -1
Level 1, episode reward at step 400149: -1
Level 1, episode reward at step 400252: -1
Level 1, episode reward at step 402250: -1
Level 1, episode reward at step 404248: -1
Level 1, episode reward at step 406246: -1
Level 1, episode reward at step 408244: -1
Level 1, episode reward at step 410242: -1
Level 1, episode reward at step 411290: -1
Level 1, episode reward at step 413288: -1
Level 1, episode reward at step 413386: -1
Level 1, episode reward at step 413685: -1
Level 1, episode reward at step 415683: -1
Level 1, episode reward at step 417681: -1
Level 1, episode reward at step 418029: -1
Level 1, episode reward at step 418035: -1
Level 1, episode reward at step 420033: -1
Level 1, episode reward at step 420481: -1
Level 1, episode reward at step 420499: -1
Level 1, episode reward at step 420551: -1
Level 1, episode reward at step 422549: -1
Level 1, episode reward at step 422587: -1
Level 1, episode reward at step 424585: -1
Level 1, episode reward at step 424862: -1
Level 1, episode reward at step 424872: -1
Level 1, episode reward at step 424877: -1
Level 1, episode reward at step 424887: -1
Level 1, episode reward at step 424957: -1
Level 1, episode reward at step 426955: -1
Level 1, episode reward at step 428953: -1
Level 1, episode reward at step 430951: -1
Level 1, episode reward at step 432949: -1
Level 1, episode reward at step 434947: -1
Level 1, episode reward at step 436945: -1
Level 1, episode reward at step 438943: -1
Level 1, episode reward at step 440941: -1
Level 1, episode reward at step 442939: -1
Level 1, episode reward at step 444937: -1
Level 1, episode reward at step 446935: -1
Level 1, episode reward at step 448933: -1
Level 1, episode reward at step 450931: -1
Level 1, episode reward at step 452929: -1
Level 1, episode reward at step 454927: -1
Level 1, episode reward at step 456925: -1
Level 1, episode reward at step 456988: -1
Level 1, episode reward at step 457004: -1
Level 1, episode reward at step 457020: -1
Level 1, episode reward at step 459018: -1
Level 1, episode reward at step 461016: -1
Level 1, episode reward at step 463014: -1
Level 1, episode reward at step 463092: -1
Level 1, episode reward at step 465090: -1
Level 1, episode reward at step 467088: -1
Level 1, episode reward at step 469086: -1
Level 1, episode reward at step 471084: -1
Level 1, episode reward at step 473082: -1
Level 1, episode reward at step 474165: -1
Level 1, episode reward at step 476163: -1
Level 1, episode reward at step 478161: -1
Level 1, episode reward at step 480159: -1
Level 1, episode reward at step 482157: -1
Level 1, episode reward at step 484155: -1
Level 1, episode reward at step 484707: -1
Level 1, episode reward at step 484769: -1
Level 1, episode reward at step 484774: -1
Level 1, episode reward at step 484779: -1
Level 1, episode reward at step 484786: -1
Level 1, episode reward at step 484828: -1
Level 1, episode reward at step 484855: -1
Level 1, episode reward at step 484861: -1
Level 1, episode reward at step 484867: -1
Level 1, episode reward at step 484886: -1
Level 1, episode reward at step 484983: -1
Level 1, episode reward at step 485202: -1
Level 1, episode reward at step 485500: -1
New Best Reward: -1
Level 1, episode reward at step 485657: -1
Level 1, episode reward at step 487655: -1
Level 1, episode reward at step 487824: -1
Level 1, episode reward at step 487885: -1
Level 1, episode reward at step 487890: -1
Level 1, episode reward at step 487899: -1
Level 1, episode reward at step 487906: -1
Level 1, episode reward at step 487955: -1
Level 1, episode reward at step 487965: -1
Level 1, episode reward at step 487998: -1
Level 1, episode reward at step 488237: -1
Level 1, episode reward at step 488370: -1
Level 1, episode reward at step 488375: -1
Level 1, episode reward at step 488380: -1
Level 1, episode reward at step 488386: -1
Level 1, episode reward at step 488391: -1
Level 1, episode reward at step 488396: -1
Level 1, episode reward at step 488401: -1
Level 1, episode reward at step 488429: -1
Level 1, episode reward at step 488434: -1
Level 1, episode reward at step 488482: -1
Level 1, episode reward at step 488507: -1
Level 1, episode reward at step 488512: -1
Level 1, episode reward at step 490510: -1
Level 1, episode reward at step 490626: -1
Level 1, episode reward at step 491079: -1
Level 1, episode reward at step 491658: -1
Level 1, episode reward at step 491867: -1
Level 1, episode reward at step 492318: -1
Level 1, episode reward at step 492373: -1
Level 1, episode reward at step 492380: -1
Level 1, episode reward at step 492422: -1
Level 1, episode reward at step 494420: -1
Level 1, episode reward at step 496418: -1
Level 1, episode reward at step 498416: -1
Level 1, episode reward at step 499209: -1
Level 1, episode reward at step 499729: -1
Level 1, episode reward at step 499848: -1
Level 1, episode reward at step 501846: -1
Level 1, episode reward at step 502046: -1
Level 1, episode reward at step 503300: -1
New Best Reward: -1
Level 1, episode reward at step 503627: -1
Level 1, episode reward at step 503672: -1
Level 1, episode reward at step 503889: -1
Level 1, episode reward at step 505004: -1
Level 1, episode reward at step 505105: -1
Level 1, episode reward at step 507103: -1
Level 1, episode reward at step 509101: -1
Level 1, episode reward at step 509161: -1
Level 1, episode reward at step 509328: -1
Level 1, episode reward at step 509414: -1
Level 1, episode reward at step 509429: -1
Level 1, episode reward at step 509490: -1
Level 1, episode reward at step 509540: -1
Level 1, episode reward at step 509770: -1
Level 1, episode reward at step 510609: -1
Level 1, episode reward at step 511147: -1
Level 1, episode reward at step 511161: -1
Level 1, episode reward at step 511359: -1
Level 1, episode reward at step 512150: -1
Level 1, episode reward at step 512249: -1
Level 1, episode reward at step 512414: -1
Level 1, episode reward at step 514412: -1
Level 1, episode reward at step 516410: -1
Level 1, episode reward at step 518408: -1
Level 1, episode reward at step 518476: -1
Level 1, episode reward at step 518548: -1
Level 1, episode reward at step 518657: -1
Level 1, episode reward at step 518702: -1
Level 1, episode reward at step 518814: -1
Level 1, episode reward at step 518901: -1
Level 1, episode reward at step 520899: -1
Level 1, episode reward at step 520972: -1
Level 1, episode reward at step 522970: -1
Level 1, episode reward at step 524968: -1
Level 1, episode reward at step 525006: -1
Level 1, episode reward at step 525034: -1
Level 1, episode reward at step 525130: -1
Level 1, episode reward at step 525146: -1
Level 1, episode reward at step 525186: -1
Level 1, episode reward at step 525291: -1
Level 1, episode reward at step 525335: -1
Level 1, episode reward at step 525450: -1
Level 1, episode reward at step 525549: -1
Level 1, episode reward at step 525611: -1
Level 1, episode reward at step 527609: -1
Level 1, episode reward at step 527676: -1
Level 1, episode reward at step 527711: -1
Level 1, episode reward at step 527720: -1
Level 1, episode reward at step 527752: -1
Level 1, episode reward at step 527867: -1
Level 1, episode reward at step 528161: -1
Level 1, episode reward at step 528238: -1
Level 1, episode reward at step 528281: -1
Level 1, episode reward at step 528303: -1
Level 1, episode reward at step 528388: -1
Level 1, episode reward at step 528554: -1
Level 1, episode reward at step 528648: -1
Level 1, episode reward at step 528904: -1
Level 1, episode reward at step 528986: -1
Level 1, episode reward at step 529247: -1
Level 1, episode reward at step 529346: -1
Level 1, episode reward at step 529669: -1
Level 1, episode reward at step 531667: -1
Level 1, episode reward at step 532081: -1
Level 1, episode reward at step 532169: -1
Level 1, episode reward at step 532264: -1
Level 1, episode reward at step 534262: -1
Level 1, episode reward at step 534324: -1
Level 1, episode reward at step 534459: -1
Level 1, episode reward at step 535358: 1
Next Level!
Level 2, episode reward at step 535373: -1
Level 2, episode reward at step 535390: -1
Level 2, episode reward at step 535414: -1
Level 2, episode reward at step 535554: -1
Level 2, episode reward at step 537552: -1
Level 2, episode reward at step 539550: -1
Level 2, episode reward at step 540026: -1
Level 2, episode reward at step 542024: -1
Level 2, episode reward at step 544022: -1
Level 2, episode reward at step 545161: -1
Level 2, episode reward at step 547159: -1
Level 2, episode reward at step 548002: -1
Level 2, episode reward at step 548977: -1
Level 2, episode reward at step 549916: -1
Level 2, episode reward at step 551365: -1
Level 2, episode reward at step 553363: -1
Level 2, episode reward at step 555361: -1
Level 2, episode reward at step 556115: -1
Level 2, episode reward at step 556141: -1
Level 2, episode reward at step 557887: -1
Level 2, episode reward at step 557890: -1
Level 2, episode reward at step 559168: -1
Level 2, episode reward at step 561166: -1
Level 2, episode reward at step 563164: -1
Level 2, episode reward at step 565162: -1
Level 2, episode reward at step 567160: -1
Level 2, episode reward at step 567246: -1
Level 2, episode reward at step 567381: -1
Level 2, episode reward at step 567474: -1
Level 2, episode reward at step 567554: -1
Level 2, episode reward at step 567732: -1
Level 2, episode reward at step 568452: -1
Level 2, episode reward at step 570247: -1
Level 2, episode reward at step 570488: -1
Level 2, episode reward at step 570901: -1
Level 2, episode reward at step 572323: -1
Level 2, episode reward at step 573003: -1
Level 2, episode reward at step 573310: -1
Level 2, episode reward at step 573316: -1
Level 2, episode reward at step 573422: -1
Level 2, episode reward at step 573424: -1
Level 2, episode reward at step 573426: -1
Level 2, episode reward at step 573430: -1
Level 2, episode reward at step 573432: -1
Level 2, episode reward at step 573434: -1
Level 2, episode reward at step 573436: -1
Level 2, episode reward at step 573438: -1
Level 2, episode reward at step 573440: -1
Level 2, episode reward at step 573504: -1
Level 2, episode reward at step 573950: -1
Level 2, episode reward at step 575948: -1
Level 2, episode reward at step 577946: -1
Level 2, episode reward at step 578291: -1
Level 2, episode reward at step 578670: -1
Level 2, episode reward at step 578729: -1
Level 2, episode reward at step 578732: -1
Level 2, episode reward at step 578735: -1
Level 2, episode reward at step 578738: -1
Level 2, episode reward at step 578741: -1
Level 2, episode reward at step 578744: -1
Level 2, episode reward at step 578985: -1
Level 2, episode reward at step 579058: -1
Level 2, episode reward at step 580023: -1
Level 2, episode reward at step 582021: -1
Level 2, episode reward at step 584019: -1
Level 2, episode reward at step 585988: -1
Level 2, episode reward at step 586072: -1
Level 2, episode reward at step 588070: -1
Level 2, episode reward at step 590068: -1
Level 2, episode reward at step 592066: -1
Level 2, episode reward at step 594064: -1
Level 2, episode reward at step 596062: -1
Level 2, episode reward at step 596698: -1
Level 2, episode reward at step 596834: -1
Level 2, episode reward at step 598832: -1
Level 2, episode reward at step 600830: -1
Level 2, episode reward at step 602828: -1
Level 2, episode reward at step 604826: -1
Level 2, episode reward at step 606824: -1
Level 2, episode reward at step 606962: -1
Level 2, episode reward at step 608960: -1
Level 2, episode reward at step 610958: -1
Level 2, episode reward at step 612956: -1
Level 2, episode reward at step 614954: -1
Level 2, episode reward at step 615103: -1
Level 2, episode reward at step 617101: -1
Level 2, episode reward at step 618358: -1
Level 2, episode reward at step 620356: -1
Level 2, episode reward at step 622354: -1
Level 2, episode reward at step 624352: -1
Level 2, episode reward at step 625132: -1
Level 2, episode reward at step 625136: -1
Level 2, episode reward at step 625140: -1
Level 2, episode reward at step 625144: -1
Level 2, episode reward at step 625148: -1
Level 2, episode reward at step 625152: -1
Level 2, episode reward at step 627150: -1
Level 2, episode reward at step 627191: -1
Level 2, episode reward at step 627289: -1
Level 2, episode reward at step 627526: -1
Level 2, episode reward at step 627701: -1
Level 2, episode reward at step 627732: -1
Level 2, episode reward at step 627747: -1
Level 2, episode reward at step 627751: -1
Level 2, episode reward at step 627772: -1
Level 2, episode reward at step 627787: -1
Level 2, episode reward at step 629181: -1
Level 2, episode reward at step 629257: -1
Level 2, episode reward at step 629434: -1
Level 2, episode reward at step 629490: -1
Level 2, episode reward at step 629609: -1
Level 2, episode reward at step 629779: -1
Level 2, episode reward at step 629921: -1
Level 2, episode reward at step 629935: -1
Level 2, episode reward at step 629970: -1
Level 2, episode reward at step 630158: -1
Level 2, episode reward at step 632156: -1
Level 2, episode reward at step 632405: -1
Level 2, episode reward at step 634403: -1
Level 2, episode reward at step 636401: -1
Level 2, episode reward at step 638399: -1
Level 2, episode reward at step 638402: -1
Level 2, episode reward at step 638406: -1
Level 2, episode reward at step 638504: -1
Level 2, episode reward at step 638589: -1
Level 2, episode reward at step 638603: -1
Level 2, episode reward at step 638617: -1
Level 2, episode reward at step 638621: -1
Level 2, episode reward at step 638628: -1
Level 2, episode reward at step 638644: -1
Level 2, episode reward at step 638656: -1
Level 2, episode reward at step 638724: -1
Level 2, episode reward at step 638842: -1
Level 2, episode reward at step 640840: -1
Level 2, episode reward at step 641350: -1
Level 2, episode reward at step 641697: -1
Level 2, episode reward at step 642048: -1
Level 2, episode reward at step 642052: -1
Level 2, episode reward at step 642061: -1
Level 2, episode reward at step 642094: -1
Level 2, episode reward at step 642193: -1
Level 2, episode reward at step 642272: -1
Level 2, episode reward at step 642592: -1
Level 2, episode reward at step 643659: -1
Level 2, episode reward at step 643812: -1
Level 2, episode reward at step 645810: -1
Level 2, episode reward at step 645897: -1
Level 2, episode reward at step 645928: -1
Level 2, episode reward at step 646273: -1
Level 2, episode reward at step 648271: -1
Level 2, episode reward at step 650269: -1
Level 2, episode reward at step 652267: -1
Level 2, episode reward at step 652384: -1
Level 2, episode reward at step 652430: -1
Level 2, episode reward at step 652531: -1
Level 2, episode reward at step 652665: -1
Level 2, episode reward at step 652669: -1
Level 2, episode reward at step 652705: -1
Level 2, episode reward at step 652771: -1
Level 2, episode reward at step 652803: -1
Level 2, episode reward at step 654801: -1
Level 2, episode reward at step 655128: -1
Level 2, episode reward at step 657126: -1
Level 2, episode reward at step 659124: -1
Level 2, episode reward at step 659549: -1
Level 2, episode reward at step 659737: -1
Level 2, episode reward at step 659813: -1
Level 2, episode reward at step 659816: -1
Level 2, episode reward at step 659819: -1
Level 2, episode reward at step 659822: -1
Level 2, episode reward at step 659825: -1
Level 2, episode reward at step 659828: -1
Level 2, episode reward at step 659831: -1
Level 2, episode reward at step 659834: -1
Level 2, episode reward at step 659873: -1
Level 2, episode reward at step 661102: -1
Level 2, episode reward at step 661155: -1
Level 2, episode reward at step 663153: -1
Level 2, episode reward at step 663228: -1
Level 2, episode reward at step 663289: -1
Level 2, episode reward at step 663432: -1
Level 2, episode reward at step 663665: -1
Level 2, episode reward at step 665663: -1
Level 2, episode reward at step 667661: -1
Level 2, episode reward at step 668170: -1
Level 2, episode reward at step 668524: -1
Level 2, episode reward at step 668987: -1
Level 2, episode reward at step 669097: -1
Level 2, episode reward at step 669256: -1
Level 2, episode reward at step 669323: -1
Level 2, episode reward at step 669551: -1
Level 2, episode reward at step 669833: -1
Level 2, episode reward at step 671831: -1
Level 2, episode reward at step 672223: -1
Level 2, episode reward at step 672302: -1
Level 2, episode reward at step 672824: -1
Level 2, episode reward at step 673266: -1
Level 2, episode reward at step 674508: -1
Level 2, episode reward at step 674740: -1
Level 2, episode reward at step 676738: -1
Level 2, episode reward at step 678736: -1
Level 2, episode reward at step 679587: -1
Level 2, episode reward at step 681585: -1
Level 2, episode reward at step 683583: -1
Level 2, episode reward at step 684505: -1
Level 2, episode reward at step 686503: -1
Level 2, episode reward at step 688501: -1
Level 2, episode reward at step 690499: -1
Level 2, episode reward at step 692497: -1
Level 2, episode reward at step 692572: -1
Level 2, episode reward at step 692999: -1
Level 2, episode reward at step 693087: -1
Level 2, episode reward at step 693741: -1
Level 2, episode reward at step 695739: -1
Level 2, episode reward at step 695946: -1
Level 2, episode reward at step 697944: -1
Level 2, episode reward at step 699942: -1
Level 2, episode reward at step 701940: -1
Level 2, episode reward at step 703938: -1
Level 2, episode reward at step 705936: -1
Level 2, episode reward at step 707934: -1
Level 2, episode reward at step 709563: -1
Level 2, episode reward at step 711561: -1
Level 2, episode reward at step 713559: -1
Level 2, episode reward at step 715073: -1
Level 2, episode reward at step 716259: -1
Level 2, episode reward at step 718257: -1
Level 2, episode reward at step 720255: -1
Level 2, episode reward at step 722253: -1
Level 2, episode reward at step 724251: -1
Level 2, episode reward at step 726249: -1
Level 2, episode reward at step 728247: -1
Level 2, episode reward at step 730245: -1
Level 2, episode reward at step 732243: -1
Level 2, episode reward at step 734241: -1
Level 2, episode reward at step 736239: -1
Level 2, episode reward at step 738237: -1
Level 2, episode reward at step 740235: -1
Level 2, episode reward at step 742233: -1
Level 2, episode reward at step 744231: -1
Level 2, episode reward at step 746229: -1
Level 2, episode reward at step 748227: -1
Level 2, episode reward at step 750225: -1
Level 2, episode reward at step 752223: -1
Level 2, episode reward at step 754221: -1
Level 2, episode reward at step 756219: -1
Level 2, episode reward at step 758217: -1
Level 2, episode reward at step 760215: -1
Level 2, episode reward at step 762213: -1
Level 2, episode reward at step 762292: -1
Level 2, episode reward at step 764067: -1
Level 2, episode reward at step 766065: -1
Level 2, episode reward at step 768063: -1
Level 2, episode reward at step 770061: -1
Level 2, episode reward at step 771987: -1
Level 2, episode reward at step 773985: -1
Level 2, episode reward at step 775983: -1
Level 2, episode reward at step 777981: -1
Level 2, episode reward at step 778200: -1
New Best Reward: -1
Level 2, episode reward at step 778209: -1
Level 2, episode reward at step 778247: -1
Level 2, episode reward at step 778298: -1
Level 2, episode reward at step 778433: -1
Level 2, episode reward at step 778438: -1
Level 2, episode reward at step 778443: -1
Level 2, episode reward at step 778448: -1
Level 2, episode reward at step 778461: -1
Level 2, episode reward at step 778470: -1
Level 2, episode reward at step 778479: -1
Level 2, episode reward at step 778488: -1
Level 2, episode reward at step 778497: -1
Level 2, episode reward at step 778741: -1
Level 2, episode reward at step 780131: -1
Level 2, episode reward at step 781066: -1
Level 2, episode reward at step 781842: -1
Level 2, episode reward at step 781846: -1
Level 2, episode reward at step 782089: -1
Level 2, episode reward at step 782483: -1
Level 2, episode reward at step 782487: -1
Level 2, episode reward at step 782491: -1
Level 2, episode reward at step 782495: -1
Level 2, episode reward at step 782500: -1
New Best Reward: -1
Level 2, episode reward at step 782504: -1
Level 2, episode reward at step 782508: -1
Level 2, episode reward at step 782512: -1
Level 2, episode reward at step 782517: -1
Level 2, episode reward at step 782523: -1
Level 2, episode reward at step 782540: -1
Level 2, episode reward at step 782544: -1
Level 2, episode reward at step 782588: -1
Level 2, episode reward at step 782605: -1
Level 2, episode reward at step 782621: -1
Level 2, episode reward at step 782638: -1
Level 2, episode reward at step 782657: -1
Level 2, episode reward at step 782672: -1
Level 2, episode reward at step 782677: -1
Level 2, episode reward at step 782682: -1
Level 2, episode reward at step 782686: -1
Level 2, episode reward at step 782704: -1
Level 2, episode reward at step 782708: -1
Level 2, episode reward at step 782715: -1
Level 2, episode reward at step 782732: -1
Level 2, episode reward at step 784730: -1
Level 2, episode reward at step 785143: -1
Level 2, episode reward at step 787141: -1
Level 2, episode reward at step 787589: -1
Level 2, episode reward at step 789004: -1
Level 2, episode reward at step 791002: -1
Level 2, episode reward at step 793000: -1
New Best Reward: -1
Level 2, episode reward at step 794998: -1
Level 2, episode reward at step 796996: -1
Level 2, episode reward at step 797119: -1
Level 2, episode reward at step 799117: -1
Level 2, episode reward at step 799211: -1
Level 2, episode reward at step 801209: -1
Level 2, episode reward at step 803207: -1
Level 2, episode reward at step 805205: -1
Level 2, episode reward at step 805479: -1
Level 2, episode reward at step 807477: -1
Level 2, episode reward at step 807598: -1
Level 2, episode reward at step 807667: -1
Level 2, episode reward at step 809665: -1
Level 2, episode reward at step 811663: -1
Level 2, episode reward at step 811793: -1
Level 2, episode reward at step 811997: -1
Level 2, episode reward at step 813995: -1
Level 2, episode reward at step 814477: -1
Level 2, episode reward at step 816475: -1
Level 2, episode reward at step 816689: -1
Level 2, episode reward at step 816822: -1
Level 2, episode reward at step 818820: -1
Level 2, episode reward at step 820818: -1
Level 2, episode reward at step 820902: -1
Level 2, episode reward at step 822900: -1
New Best Reward: -1
Level 2, episode reward at step 822965: -1
Level 2, episode reward at step 823061: -1
Level 2, episode reward at step 823200: -1
New Best Reward: -1
Level 2, episode reward at step 823390: -1
Level 2, episode reward at step 823567: -1
Level 2, episode reward at step 823857: -1
Level 2, episode reward at step 824116: -1
Level 2, episode reward at step 824342: -1
Level 2, episode reward at step 824601: -1
Level 2, episode reward at step 824668: -1
Level 2, episode reward at step 824937: -1
Level 2, episode reward at step 825067: -1
Level 2, episode reward at step 825160: -1
Level 2, episode reward at step 825230: -1
Level 2, episode reward at step 825339: -1
Level 2, episode reward at step 825420: -1
Level 2, episode reward at step 825528: -1
Level 2, episode reward at step 825778: -1
Level 2, episode reward at step 826074: -1
Level 2, episode reward at step 826188: -1
Level 2, episode reward at step 826247: -1
Level 2, episode reward at step 826266: -1
Level 2, episode reward at step 828264: -1
Level 2, episode reward at step 828354: -1
Level 2, episode reward at step 828391: -1
Level 2, episode reward at step 828394: -1
Level 2, episode reward at step 828417: -1
Level 2, episode reward at step 828514: -1
Level 2, episode reward at step 828898: -1
Level 2, episode reward at step 828994: -1
Level 2, episode reward at step 829157: -1
Level 2, episode reward at step 829252: -1
Level 2, episode reward at step 829390: -1
Level 2, episode reward at step 831388: -1
Level 2, episode reward at step 831427: -1
Level 2, episode reward at step 831433: -1
Level 2, episode reward at step 831439: -1
Level 2, episode reward at step 831536: -1
Level 2, episode reward at step 831623: -1
Level 2, episode reward at step 831760: -1
Level 2, episode reward at step 833758: -1
Level 2, episode reward at step 833819: -1
Level 2, episode reward at step 835817: -1
Level 2, episode reward at step 836044: -1
Level 2, episode reward at step 838042: -1
Level 2, episode reward at step 838176: -1
Level 2, episode reward at step 839551: -1
Level 2, episode reward at step 841549: -1
Level 2, episode reward at step 843547: -1
Level 2, episode reward at step 843558: -1
Level 2, episode reward at step 845556: -1
Level 2, episode reward at step 847348: -1
Level 2, episode reward at step 849346: -1
Level 2, episode reward at step 851344: -1
Level 2, episode reward at step 853342: -1
Level 2, episode reward at step 855340: -1
Level 2, episode reward at step 857338: -1
Level 2, episode reward at step 859336: -1
Level 2, episode reward at step 861334: -1
Level 2, episode reward at step 863332: -1
Level 2, episode reward at step 864330: -1
Level 2, episode reward at step 864467: -1
Level 2, episode reward at step 865011: -1
Level 2, episode reward at step 867009: -1
Level 2, episode reward at step 867097: -1
Level 2, episode reward at step 867144: -1
Level 2, episode reward at step 869142: -1
Level 2, episode reward at step 869268: -1
Level 2, episode reward at step 869356: -1
Level 2, episode reward at step 871354: -1
Level 2, episode reward at step 873352: -1
Level 2, episode reward at step 874349: -1
Level 2, episode reward at step 876347: -1
Level 2, episode reward at step 877147: -1
Level 2, episode reward at step 877239: -1
Level 2, episode reward at step 879101: -1
Level 2, episode reward at step 880365: -1
Level 2, episode reward at step 882363: -1
Level 2, episode reward at step 883253: -1
Level 2, episode reward at step 883855: -1
Level 2, episode reward at step 884334: -1
Level 2, episode reward at step 885021: -1
Level 2, episode reward at step 885355: -1
Level 2, episode reward at step 885982: -1
Level 2, episode reward at step 887980: -1
Level 2, episode reward at step 888756: -1
Level 2, episode reward at step 890165: -1
Level 2, episode reward at step 892163: -1
Level 2, episode reward at step 894161: -1
Level 2, episode reward at step 895387: -1
Level 2, episode reward at step 897385: -1
Level 2, episode reward at step 899383: -1
Level 2, episode reward at step 901381: -1
Level 2, episode reward at step 903379: -1
Level 2, episode reward at step 904289: -1
Level 2, episode reward at step 906287: -1
Level 2, episode reward at step 908285: -1
Level 2, episode reward at step 910283: -1
Level 2, episode reward at step 912281: -1
Level 2, episode reward at step 914279: -1
Level 2, episode reward at step 916277: -1
Level 2, episode reward at step 918202: -1
Level 2, episode reward at step 918222: -1
Level 2, episode reward at step 920220: -1
Level 2, episode reward at step 920389: -1
Level 2, episode reward at step 922387: -1
Level 2, episode reward at step 924385: -1
Level 2, episode reward at step 926383: -1
Level 2, episode reward at step 928381: -1
Level 2, episode reward at step 930379: -1
Level 2, episode reward at step 932377: -1
Level 2, episode reward at step 934375: -1
Level 2, episode reward at step 934441: -1
Level 2, episode reward at step 934485: -1
Level 2, episode reward at step 936483: -1
Level 2, episode reward at step 938002: -1
Level 2, episode reward at step 940000: -1
New Best Reward: -1
Level 2, episode reward at step 940107: -1
Level 2, episode reward at step 940134: -1
Level 2, episode reward at step 941261: -1
Level 2, episode reward at step 943259: -1
Level 2, episode reward at step 943308: -1
Level 2, episode reward at step 943400: -1
New Best Reward: -1
Level 2, episode reward at step 943438: -1
Level 2, episode reward at step 943493: -1
Level 2, episode reward at step 945491: -1
Level 2, episode reward at step 945584: -1
Level 2, episode reward at step 945708: -1
Level 2, episode reward at step 945812: -1
Level 2, episode reward at step 945941: -1
Level 2, episode reward at step 946058: -1
Level 2, episode reward at step 946395: -1
Level 2, episode reward at step 946407: -1
Level 2, episode reward at step 946409: -1
Level 2, episode reward at step 946411: -1
Level 2, episode reward at step 946413: -1
Level 2, episode reward at step 946453: -1
Level 2, episode reward at step 946555: -1
Level 2, episode reward at step 946624: -1
Level 2, episode reward at step 946712: -1
Level 2, episode reward at step 948710: -1
Level 2, episode reward at step 948806: -1
Level 2, episode reward at step 948907: -1
Level 2, episode reward at step 950905: -1
Level 2, episode reward at step 951368: -1
Level 2, episode reward at step 951606: -1
Level 2, episode reward at step 951609: -1
Level 2, episode reward at step 952579: -1
Level 2, episode reward at step 953615: -1
Level 2, episode reward at step 954386: -1
Level 2, episode reward at step 956384: -1
Level 2, episode reward at step 958382: -1
Level 2, episode reward at step 960380: -1
Level 2, episode reward at step 962378: -1
Level 2, episode reward at step 964376: -1
Level 2, episode reward at step 966374: -1
Level 2, episode reward at step 968372: -1
Level 2, episode reward at step 970370: -1
Level 2, episode reward at step 972368: -1
Level 2, episode reward at step 974366: -1
Level 2, episode reward at step 976364: -1
Level 2, episode reward at step 978362: -1
Level 2, episode reward at step 980360: -1
Level 2, episode reward at step 982358: -1
Level 2, episode reward at step 984356: -1
Level 2, episode reward at step 986354: -1
Level 2, episode reward at step 988352: -1
Level 2, episode reward at step 990350: -1
Level 2, episode reward at step 992348: -1
Level 2, episode reward at step 994346: -1
Level 2, episode reward at step 996120: -1
Level 2, episode reward at step 998118: -1
Done training ALL!
